============================================================
   Tang Dynasty, V5.6.59063
   Copyright (c) 2012-2022 Anlogic
   Executable = D:/XILINX_EXE/TD_5.6/bin/td.exe
   Built at =   12:45:13 Sep  6 2022
   Run by =     13456
   Run Date =   Mon Nov 13 22:51:49 2023

   Run on =     DESKTOP-1HJPLU7
============================================================
RUN-1002 : start command "open_project pwm_demo.prj"
RUN-1001 : Print Global Property
RUN-1001 : ---------------------------------------------------------------
RUN-1001 :        Parameters        |  Settings  |  Default Values  |  Note  
RUN-1001 : ---------------------------------------------------------------
RUN-1001 :          message         |  standard  |     standard     |        
RUN-1001 :   mixed_pack_place_flow  |     on     |        on        |        
RUN-1001 :        qor_monitor       |    off     |       off        |        
RUN-1001 :        syn_ip_flow       |    off     |       off        |        
RUN-1001 :          thread          |    auto    |       auto       |        
RUN-1001 : ---------------------------------------------------------------
RUN-1001 : Print Design Property
RUN-1001 : --------------------------------------------------------------
RUN-1001 :        Parameters       |  Settings  |  Default Values  |  Note  
RUN-1001 : --------------------------------------------------------------
RUN-1001 :   default_reg_initial   |    auto    |       auto       |        
RUN-1001 :        infer_add        |     on     |        on        |        
RUN-1001 :        infer_fsm        |    off     |       off        |        
RUN-1001 :        infer_mult       |     on     |        on        |        
RUN-1001 :        infer_ram        |     on     |        on        |        
RUN-1001 :        infer_reg        |     on     |        on        |        
RUN-1001 :   infer_reg_init_value  |     on     |        on        |        
RUN-1001 :        infer_rom        |     on     |        on        |        
RUN-1001 :      infer_shifter      |     on     |        on        |        
RUN-1001 : --------------------------------------------------------------
RUN-1001 : Print Rtl Property
RUN-1001 : --------------------------------------------------------------
RUN-1001 :        Parameters       |  Settings  |  Default Values  |  Note  
RUN-1001 : --------------------------------------------------------------
RUN-1001 :       compress_add      |   ripple   |      ripple      |        
RUN-1001 :        elf_sload        |    off     |       off        |        
RUN-1001 :       fix_undriven      |     0      |        0         |        
RUN-1001 :         flatten         |    off     |       off        |        
RUN-1001 :       gate_sharing      |     on     |        on        |        
RUN-1001 :    hdl_warning_level    |   normal   |      normal      |        
RUN-1001 :   impl_internal_tribuf  |     on     |        on        |        
RUN-1001 :      impl_set_reset     |     on     |        on        |        
RUN-1001 :        infer_gsr        |    off     |       off        |        
RUN-1001 :      keep_hierarchy     |    auto    |       auto       |        
RUN-1001 :        max_fanout       |    9999    |       9999       |        
RUN-1001 :      max_oh2bin_len     |     10     |        10        |        
RUN-1001 :       merge_equal       |     on     |        on        |        
RUN-1001 :       merge_equiv       |     on     |        on        |        
RUN-1001 :        merge_mux        |    off     |       off        |        
RUN-1001 :     min_control_set     |     8      |        8         |        
RUN-1001 :      min_ripple_len     |    auto    |       auto       |        
RUN-1001 :       oh2bin_ratio      |    0.08    |       0.08       |        
RUN-1001 :     opt_adder_fanout    |     on     |        on        |        
RUN-1001 :        opt_arith        |     on     |        on        |        
RUN-1001 :       opt_big_gate      |    off     |       off        |        
RUN-1001 :        opt_const        |     on     |        on        |        
RUN-1001 :      opt_const_mult     |     on     |        on        |        
RUN-1001 :       opt_lessthan      |     on     |        on        |        
RUN-1001 :         opt_mux         |    off     |       off        |        
RUN-1001 :         opt_ram         |    high    |       high       |        
RUN-1001 :      rtl_sim_model      |    off     |       off        |        
RUN-1001 :         seq_syn         |     on     |        on        |        
RUN-1001 : --------------------------------------------------------------
HDL-1007 : analyze verilog file ../../al_ip/SF1_MCU.v
HDL-1007 : analyze verilog file ../../al_ip/pll.v
HDL-1007 : undeclared symbol 'open', assumed default net type 'wire' in ../../al_ip/pll.v(98)
HDL-1007 : analyze verilog file ../../al_ip/rom_weight.v
HDL-1007 : analyze verilog file ../../al_ip/ROM.v
HDL-1007 : analyze verilog file ../../SF1_SOC.v
HDL-1007 : analyze verilog file ../../ahb_pwm.v
HDL-5007 WARNING: identifier 'weight' is used before its declaration in ../../ahb_pwm.v(874)
HDL-5007 WARNING: identifier 'c' is used before its declaration in ../../ahb_pwm.v(875)
HDL-1007 : analyze verilog file ../../gpio_controler.v
HDL-1007 : analyze verilog file ../../vga_show.v
RUN-1001 : Project manager successfully analyzed 8 source files.
RUN-1002 : start command "import_device sf1_6.db -package SF1S60CG121I"
ARC-1001 : Device Initialization.
ARC-1001 : -------------------------------------------------
ARC-1001 :       OPTION       |      IO       |   SETTING   
ARC-1001 : -------------------------------------------------
ARC-1001 :        done        |      B4       |    gpio    
ARC-1001 :        initn       |      A5       |    gpio    
ARC-1001 :       jtagen       |      B7       |    gpio    
ARC-1001 :      programn      |      B5       |  dedicate  
ARC-1001 :   tdi/tms/tck/tdo  |  C4/A6/A7/C5  |  dedicate  
ARC-1001 : -------------------------------------------------
ARC-1004 : Device setting, marked 5 dedicate IOs in total.
RUN-1002 : start command "import_db ../syn_1/pwm_demo_gate.db"
RUN-1001 : Importing database generated by Tang Dynasty, V5.6.59063.
RUN-1001 : Database version number 46140.
RUN-1001 : Import flow parameters
RUN-1001 : Import timing constraints
RUN-1001 : Import IO constraints
RUN-1001 : Import Inst constraints
RUN-1001 : Import design success TD_VERSION=5.6.59063 , DB_VERSION=46140
RUN-1002 : start command "read_sdc"
USR-1002 : read_sdc file_name -help -h -eco
USR-1009 : NO module with IP_SDC ...
RUN-1104 : Import SDC file  finished, there are 0 nets kept by constraints.
RUN-1002 : start command "place"
RUN-1001 : Open license file D:/XILINX_EXE/TD_5.6/license/Anlogic.lic
RUN-1001 : Print Global Property
RUN-1001 : ---------------------------------------------------------------
RUN-1001 :        Parameters        |  Settings  |  Default Values  |  Note  
RUN-1001 : ---------------------------------------------------------------
RUN-1001 :          message         |  standard  |     standard     |        
RUN-1001 :   mixed_pack_place_flow  |     on     |        on        |        
RUN-1001 :        qor_monitor       |    off     |       off        |        
RUN-1001 :        syn_ip_flow       |    off     |       off        |        
RUN-1001 :          thread          |    auto    |       auto       |        
RUN-1001 : ---------------------------------------------------------------
RUN-1001 : Print Place Property
RUN-1001 : --------------------------------------------------------------
RUN-1001 :        Parameters       |  Settings  |  Default Values  |  Note  
RUN-1001 : --------------------------------------------------------------
RUN-1001 :      detailed_place     |     on     |        on        |        
RUN-1001 :          effort         |   medium   |      medium      |        
RUN-1001 :         fix_hold        |    off     |       off        |        
RUN-1001 :       legalization      |    ori     |       ori        |        
RUN-1001 :      new_spreading      |     on     |        on        |        
RUN-1001 :        opt_timing       |   medium   |      medium      |        
RUN-1001 :   post_clock_route_opt  |    off     |       off        |        
RUN-1001 :       pr_strategy       |     1      |        1         |        
RUN-1001 :        relaxation       |    1.00    |       1.00       |        
RUN-1001 :         retiming        |    off     |       off        |        
RUN-1001 : --------------------------------------------------------------
PHY-3001 : Placer runs in 8 thread(s).
RUN-1002 : start command "legalize_phy_inst"
SYN-1011 : Flatten model SF1_SOC
RUN-1002 : start command "phys_opt -simplify_lut"
SYN-4016 : Net u_ahb_pwm/I_ahb_clk driven by BUFG (587 clock/control pins, 1 other pins).
SYN-4027 : Net vga_show_inst/vga_clk is clkc1 of pll u_pll/pll_inst.
SYN-4019 : Net I_clk_25m_dup_1 is refclk of pll u_pll/pll_inst.
SYN-4020 : Net I_clk_25m_dup_1 is fbclk of pll u_pll/pll_inst.
SYN-4025 : Tag rtl::Net I_clk_25m_dup_1 as clock net
SYN-4025 : Tag rtl::Net u_ahb_pwm/I_ahb_clk as clock net
SYN-4025 : Tag rtl::Net vga_show_inst/vga_clk as clock net
SYN-4026 : Tagged 3 rtl::Net as clock net
PHY-1001 : Populate physical database on model SF1_SOC.
RUN-1001 : There are total 1221 instances
RUN-0007 : 516 luts, 633 seqs, 17 mslices, 10 lslices, 35 pads, 2 brams, 2 dsps
RUN-1001 : There are total 1368 nets
RUN-6004 WARNING: There are 3 nets with only 1 pin.
RUN-1001 : 1167 nets have 2 pins
RUN-1001 : 96 nets have [3 - 5] pins
RUN-1001 : 31 nets have [6 - 10] pins
RUN-1001 : 40 nets have [11 - 20] pins
RUN-1001 : 26 nets have [21 - 99] pins
RUN-1001 : 5 nets have 100+ pins
RUN-1001 : Report Control nets information:
RUN-1001 : DFF Distribution
RUN-1001 : ----------------------------------
RUN-1001 :   CE   |  SSR  |  ASR  |  DFF Count  
RUN-1001 : ----------------------------------
RUN-1001 :   No   |  No   |  No   |     27      
RUN-1001 :   No   |  No   |  Yes  |     61      
RUN-1001 :   No   |  Yes  |  No   |      0      
RUN-1001 :   Yes  |  No   |  No   |      0      
RUN-1001 :   Yes  |  No   |  Yes  |     545     
RUN-1001 :   Yes  |  Yes  |  No   |      0      
RUN-1001 : ----------------------------------
RUN-0007 : Control Group Statistic
RUN-0007 : ---------------------------
RUN-0007 :   #CLK  |  #CE  |  #SSR/ASR  
RUN-0007 : ---------------------------
RUN-0007 :    2    |  20   |     2      
RUN-0007 : ---------------------------
RUN-0007 : Control Set = 23
PHY-3001 : Initial placement ...
PHY-3001 : design contains 1219 instances, 516 luts, 633 seqs, 27 slices, 6 macros(27 instances: 17 mslices 10 lslices)
PHY-0007 : Cell area utilization is 10%
PHY-3001 : Start timing update ...
RUN-1002 : start command "start_timer -report"
TMR-2505 : Start building timing graph for model SF1_SOC.
TMR-2506 : Build timing graph completely. Port num: 16, tpin num: 6067, tnet num: 1366, tinst num: 1219, tnode num: 8501, tedge num: 9916.
TMR-2508 : Levelizing timing graph completed, there are 23 levels in total.
TMR-2501 : Timing graph initialized successfully.
TMR-2503 : Start to update net delay, extr mode = 2.
TMR-2504 : Update delay of 1366 nets completely.
TMR-2502 : Annotate delay completely, extr mode = 2.
TMR-3001 : Initiate 0 clocks from SDC.
TMR-3004 : Map sdc constraints, there are 0 constraints in total.
TMR-3003 : Constraints initiated successfully.
TMR-3501 : Forward propagation: start to calculate arrival time...
TMR-3502 : Backward propagation: start to calculate required time...
TMR-3503 : Timing propagation completes.
PHY-3001 : End timing update;  0.256178s wall, 0.265625s user + 0.000000s system = 0.265625s CPU (103.7%)

PHY-3001 : Global placement ...
PHY-3001 : Initial: Len = 189961
PHY-3001 : Run with size of 3
PHY-3001 : Cell area utilization is 10%
PHY-3001 : :::0::: Try harder cell spreading with beta_ = 0
PHY-3002 : Step(1): len = 140596, overlap = 8.5
PHY-3002 : Step(2): len = 124854, overlap = 8.5
PHY-3002 : Step(3): len = 82459.9, overlap = 8.5
PHY-3002 : Step(4): len = 80282.4, overlap = 8.5
PHY-3002 : Step(5): len = 64153, overlap = 6.5
PHY-3002 : Step(6): len = 59688.7, overlap = 6.25
PHY-3002 : Step(7): len = 56332.2, overlap = 6.5
PHY-3002 : Step(8): len = 53140.7, overlap = 8.5
PHY-3002 : Step(9): len = 48822.2, overlap = 7.9375
PHY-3002 : Step(10): len = 46246.2, overlap = 11.5938
PHY-3002 : Step(11): len = 43171.8, overlap = 10.375
PHY-3002 : Step(12): len = 40985.5, overlap = 13.875
PHY-3002 : Step(13): len = 39555.2, overlap = 10.875
PHY-3002 : Step(14): len = 38249.8, overlap = 12.375
PHY-3001 : :::1::: Try harder cell spreading with beta_ = 0.000129012
PHY-3002 : Step(15): len = 38203.1, overlap = 14.4688
PHY-3002 : Step(16): len = 38284.4, overlap = 14.4688
PHY-3002 : Step(17): len = 38009.8, overlap = 10.1562
PHY-3002 : Step(18): len = 37592, overlap = 10.1562
PHY-3002 : Step(19): len = 37399.2, overlap = 10.2812
PHY-3002 : Step(20): len = 37380.5, overlap = 10.3125
PHY-3002 : Step(21): len = 37304.4, overlap = 10.2812
PHY-3002 : Step(22): len = 37330.8, overlap = 12.3438
PHY-3002 : Step(23): len = 37333, overlap = 14.4375
PHY-3001 : :::2::: Try harder cell spreading with beta_ = 0.000258024
PHY-3002 : Step(24): len = 37230.7, overlap = 8.1875
PHY-3002 : Step(25): len = 37278.2, overlap = 7.875
PHY-3002 : Step(26): len = 37292.4, overlap = 7.5625
PHY-3001 : :::3::: Try harder cell spreading with beta_ = 0.000486656
PHY-3002 : Step(27): len = 37369, overlap = 7.59375
PHY-3002 : Step(28): len = 37481.4, overlap = 9.40625
PHY-3002 : Step(29): len = 37526.2, overlap = 11.2812
PHY-3001 : Legalization ...
PHY-3001 : End legalization;  0.003595s wall, 0.000000s user + 0.000000s system = 0.000000s CPU (n/a%)

PHY-3001 : Run with size of 3
PHY-3001 : Cell area utilization is 13%
PHY-3001 : Update timing in Manhattan mode ...
TMR-2503 : Start to update net delay, extr mode = 3.
TMR-2504 : Update delay of 1366 nets completely.
TMR-2502 : Annotate delay completely, extr mode = 3.
TMR-3501 : Forward propagation: start to calculate arrival time...
TMR-3502 : Backward propagation: start to calculate required time...
TMR-3503 : Timing propagation completes.
PHY-3001 : End timing update;  0.026506s wall, 0.015625s user + 0.000000s system = 0.015625s CPU (58.9%)

PHY-3001 : :::0::: Try harder cell spreading with beta_ = 3.27226e-06
PHY-3002 : Step(30): len = 36997.2, overlap = 24.2812
PHY-3002 : Step(31): len = 37044.9, overlap = 28.0938
PHY-3002 : Step(32): len = 35109.3, overlap = 34.125
PHY-3002 : Step(33): len = 35211.8, overlap = 39.125
PHY-3002 : Step(34): len = 33041.8, overlap = 44.6562
PHY-3002 : Step(35): len = 33204.7, overlap = 45.9062
PHY-3002 : Step(36): len = 33287.5, overlap = 44.4688
PHY-3002 : Step(37): len = 32235.7, overlap = 45.4375
PHY-3002 : Step(38): len = 32689.1, overlap = 45.7812
PHY-3002 : Step(39): len = 33511.7, overlap = 42.6562
PHY-3002 : Step(40): len = 31884.6, overlap = 40.5938
PHY-3002 : Step(41): len = 30892.4, overlap = 41.4062
PHY-3002 : Step(42): len = 31016.4, overlap = 40.4062
PHY-3002 : Step(43): len = 30170.8, overlap = 39.1562
PHY-3002 : Step(44): len = 30376.5, overlap = 39
PHY-3002 : Step(45): len = 30873.7, overlap = 38.5938
PHY-3001 : :::1::: Try harder cell spreading with beta_ = 6.54452e-06
PHY-3002 : Step(46): len = 29516.8, overlap = 39.125
PHY-3002 : Step(47): len = 29593.6, overlap = 39.125
PHY-3002 : Step(48): len = 29928.2, overlap = 41.4375
PHY-3001 : :::2::: Try harder cell spreading with beta_ = 1.3089e-05
PHY-3002 : Step(49): len = 29983.8, overlap = 40.5938
PHY-3002 : Step(50): len = 30274.1, overlap = 41.5312
PHY-3002 : Step(51): len = 30839.9, overlap = 38
PHY-3002 : Step(52): len = 30589.2, overlap = 30.125
PHY-3002 : Step(53): len = 30249.5, overlap = 30.9062
PHY-3002 : Step(54): len = 30373.2, overlap = 31.125
PHY-3002 : Step(55): len = 30643.6, overlap = 32.9062
PHY-3002 : Step(56): len = 30836.2, overlap = 33.625
PHY-3002 : Step(57): len = 30112, overlap = 33.7812
PHY-3002 : Step(58): len = 29735.7, overlap = 32.25
PHY-3002 : Step(59): len = 29898.8, overlap = 32.5625
PHY-3002 : Step(60): len = 30167, overlap = 31.5938
PHY-3002 : Step(61): len = 30151.9, overlap = 30.5312
PHY-3002 : Step(62): len = 29756.6, overlap = 30.375
PHY-3002 : Step(63): len = 29630.8, overlap = 29.875
PHY-3002 : Step(64): len = 29418.5, overlap = 30.4688
PHY-3001 : :::3::: Try harder cell spreading with beta_ = 2.61781e-05
PHY-3002 : Step(65): len = 29047.2, overlap = 29.8438
PHY-3002 : Step(66): len = 29102.9, overlap = 29.4375
PHY-3002 : Step(67): len = 29260.1, overlap = 30.1562
PHY-3001 : :::4::: Try harder cell spreading with beta_ = 5.23561e-05
PHY-3002 : Step(68): len = 28952.6, overlap = 31.1875
PHY-3002 : Step(69): len = 29156.7, overlap = 30.5625
PHY-3002 : Step(70): len = 29251.5, overlap = 30.4688
PHY-3001 : Run with size of 1
PHY-3001 : Cell area utilization is 13%
PHY-3001 : Update timing in Manhattan mode ...
TMR-2503 : Start to update net delay, extr mode = 3.
TMR-2504 : Update delay of 1366 nets completely.
TMR-2502 : Annotate delay completely, extr mode = 3.
TMR-3501 : Forward propagation: start to calculate arrival time...
TMR-3502 : Backward propagation: start to calculate required time...
TMR-3503 : Timing propagation completes.
PHY-3001 : End timing update;  0.025410s wall, 0.015625s user + 0.000000s system = 0.015625s CPU (61.5%)

PHY-3001 : :::0::: Try harder cell spreading with beta_ = 1.56466e-05
PHY-3002 : Step(71): len = 29192, overlap = 48.2812
PHY-3002 : Step(72): len = 29768.2, overlap = 46.9688
PHY-3002 : Step(73): len = 30678.5, overlap = 45.9688
PHY-3001 : :::1::: Try harder cell spreading with beta_ = 3.12932e-05
PHY-3002 : Step(74): len = 29694.5, overlap = 43.0312
PHY-3002 : Step(75): len = 29726.1, overlap = 41.1875
PHY-3002 : Step(76): len = 29954.2, overlap = 39.7812
PHY-3001 : :::2::: Try harder cell spreading with beta_ = 6.25864e-05
PHY-3002 : Step(77): len = 29572.8, overlap = 37.625
PHY-3002 : Step(78): len = 29889.9, overlap = 36.0625
PHY-3002 : Step(79): len = 30093.1, overlap = 32.5938
PHY-3001 : :::3::: Try harder cell spreading with beta_ = 0.000125173
PHY-3002 : Step(80): len = 29905.4, overlap = 30.9375
PHY-3002 : Step(81): len = 29948.6, overlap = 30.9688
PHY-3002 : Step(82): len = 30237.3, overlap = 29.625
PHY-3002 : Step(83): len = 30289.2, overlap = 29.2812
PHY-3002 : Step(84): len = 29843, overlap = 28.1875
PHY-3001 : :::4::: Try harder cell spreading with beta_ = 0.000250346
PHY-3002 : Step(85): len = 30040.1, overlap = 26.4062
PHY-3002 : Step(86): len = 30040.1, overlap = 26.4062
PHY-3001 : :::5::: Try harder cell spreading with beta_ = 0.000405059
PHY-3002 : Step(87): len = 30235.2, overlap = 26.5938
PHY-3002 : Step(88): len = 30300.8, overlap = 27.9688
PHY-3002 : Step(89): len = 30539.1, overlap = 24.7188
PHY-3001 : :::6::: Try harder cell spreading with beta_ = 0.000810118
PHY-3002 : Step(90): len = 30603.8, overlap = 23.8125
PHY-3002 : Step(91): len = 30622, overlap = 23.5625
PHY-3001 : :::7::: Try harder cell spreading with beta_ = 0.00131077
PHY-3002 : Step(92): len = 30683.1, overlap = 23.2188
PHY-3002 : Step(93): len = 30810.7, overlap = 22.6562
PHY-3002 : Step(94): len = 30810.7, overlap = 22.6562
OPT-1001 : Start physical optimization ...
RUN-1002 : start command "start_timer -report"
TMR-2505 : Start building timing graph for model SF1_SOC.
TMR-2506 : Build timing graph completely. Port num: 16, tpin num: 6067, tnet num: 1366, tinst num: 1219, tnode num: 8501, tedge num: 9916.
TMR-2508 : Levelizing timing graph completed, there are 23 levels in total.
TMR-2501 : Timing graph initialized successfully.
OPT-1001 : Total overflow 22.66 peak overflow 0.91
OPT-1001 : Start high-fanout net optimization ...
OPT-1001 : Update timing in global mode
PHY-1001 : Start incremental global routing, caller is place ...
RUN-1001 : Generating global routing grids ...
RUN-1001 : Building simple global routing graph ...
PHY-1001 : Generate routing nets ...
PHY-1001 : Reuse net number 0/1368.
PHY-1001 : Global iterations in 8 thread ...
PHY-1002 : len = 39392, over cnt = 163(1%), over = 505, worst = 17
PHY-1001 : End global iterations;  0.080699s wall, 0.078125s user + 0.015625s system = 0.093750s CPU (116.2%)

PHY-1001 : Congestion index: top1 = 42.99, top5 = 33.70, top10 = 27.91, top15 = 23.26.
PHY-1001 : End incremental global routing;  0.106897s wall, 0.093750s user + 0.031250s system = 0.125000s CPU (116.9%)

TMR-2503 : Start to update net delay, extr mode = 5.
TMR-2504 : Update delay of 1366 nets completely.
TMR-2502 : Annotate delay completely, extr mode = 5.
TMR-3001 : Initiate 0 clocks from SDC.
TMR-3004 : Map sdc constraints, there are 0 constraints in total.
TMR-3003 : Constraints initiated successfully.
TMR-3501 : Forward propagation: start to calculate arrival time...
TMR-3502 : Backward propagation: start to calculate required time...
TMR-3503 : Timing propagation completes.
OPT-1001 : End timing update;  0.034939s wall, 0.031250s user + 0.000000s system = 0.031250s CPU (89.4%)

OPT-1001 : 0 high-fanout net processed.
OPT-1001 : End high-fanout net optimization;  0.160108s wall, 0.140625s user + 0.031250s system = 0.171875s CPU (107.3%)

OPT-1001 : Current memory(MB): used = 150, reserve = 123, peak = 150.
OPT-1001 : Start global optimization ...
OPT-1001 : Start congestion update ...
RUN-1001 : Generating global routing grids ...
PHY-1001 : Generate routing nets ...
PHY-1001 : Reuse net number 867/1368.
PHY-1001 : Global iterations in 8 thread ...
PHY-1002 : len = 39392, over cnt = 163(1%), over = 505, worst = 17
PHY-1002 : len = 43016, over cnt = 58(0%), over = 108, worst = 7
PHY-1002 : len = 44056, over cnt = 6(0%), over = 6, worst = 1
PHY-1002 : len = 44112, over cnt = 1(0%), over = 1, worst = 1
PHY-1002 : len = 44144, over cnt = 0(0%), over = 0, worst = 0
PHY-1001 : End global iterations;  0.082867s wall, 0.093750s user + 0.000000s system = 0.093750s CPU (113.1%)

PHY-1001 : Congestion index: top1 = 39.38, top5 = 32.81, top10 = 28.08, top15 = 23.88.
OPT-1001 : End congestion update;  0.101532s wall, 0.125000s user + 0.000000s system = 0.125000s CPU (123.1%)

OPT-1001 : Update timing in Manhattan mode
TMR-2503 : Start to update net delay, extr mode = 3.
TMR-2504 : Update delay of 1366 nets completely.
TMR-2502 : Annotate delay completely, extr mode = 3.
TMR-3501 : Forward propagation: start to calculate arrival time...
TMR-3502 : Backward propagation: start to calculate required time...
TMR-3503 : Timing propagation completes.
OPT-1001 : End timing update;  0.022998s wall, 0.015625s user + 0.000000s system = 0.015625s CPU (67.9%)

OPT-0007 : Start: WNS 2147483647 TNS 0 NUM_FEPS 0
OPT-1001 : End global optimization;  0.124602s wall, 0.140625s user + 0.000000s system = 0.140625s CPU (112.9%)

OPT-1001 : Current memory(MB): used = 152, reserve = 124, peak = 152.
OPT-1001 : End physical optimization;  0.541887s wall, 0.546875s user + 0.031250s system = 0.578125s CPU (106.7%)

PHY-3001 : Start packing ...
SYN-4007 : Packing 0 MUX to BLE ...
SYN-4008 : Packed 0 MUX and 0 SEQ to BLE.
SYN-4007 : Packing 516 LUT to BLE ...
SYN-4008 : Packed 516 LUT and 79 SEQ to BLE.
SYN-4003 : Packing 554 remaining SEQ's ...
SYN-4005 : Packed 402 SEQ with LUT/SLICE
SYN-4006 : 38 single LUT's are left
SYN-4006 : 152 single SEQ's are left
SYN-4011 : Packing model "SF1_SOC" (AL_USER_NORMAL) with 668/810 primitive instances ...
PHY-3001 : End packing;  0.055960s wall, 0.046875s user + 0.000000s system = 0.046875s CPU (83.8%)

PHY-1001 : Populate physical database on model SF1_SOC.
RUN-1001 : There are total 456 instances
RUN-1001 : 205 mslices, 206 lslices, 35 pads, 2 brams, 2 dsps
RUN-1001 : There are total 1289 nets
RUN-6004 WARNING: There are 3 nets with only 1 pin.
RUN-1001 : 1087 nets have 2 pins
RUN-1001 : 97 nets have [3 - 5] pins
RUN-1001 : 31 nets have [6 - 10] pins
RUN-1001 : 50 nets have [11 - 20] pins
RUN-1001 : 16 nets have [21 - 99] pins
RUN-1001 : 5 nets have 100+ pins
PHY-3001 : design contains 454 instances, 411 slices, 6 macros(27 instances: 17 mslices 10 lslices)
PHY-3001 : Cell area utilization is 17%
PHY-3001 : After packing: Len = 32177.8, Over = 40.25
PHY-3001 : Run with size of 1
PHY-3001 : Cell area utilization is 17%
PHY-3001 : Update timing in Manhattan mode ...
RUN-1002 : start command "start_timer -report"
TMR-2505 : Start building timing graph for model SF1_SOC.
TMR-2506 : Build timing graph completely. Port num: 16, tpin num: 5183, tnet num: 1287, tinst num: 454, tnode num: 6875, tedge num: 8567.
TMR-2508 : Levelizing timing graph completed, there are 21 levels in total.
TMR-2501 : Timing graph initialized successfully.
TMR-2503 : Start to update net delay, extr mode = 3.
TMR-2504 : Update delay of 1287 nets completely.
TMR-2502 : Annotate delay completely, extr mode = 3.
TMR-3001 : Initiate 0 clocks from SDC.
TMR-3004 : Map sdc constraints, there are 0 constraints in total.
TMR-3003 : Constraints initiated successfully.
TMR-3501 : Forward propagation: start to calculate arrival time...
TMR-3502 : Backward propagation: start to calculate required time...
TMR-3503 : Timing propagation completes.
PHY-3001 : End timing update;  0.263922s wall, 0.265625s user + 0.000000s system = 0.265625s CPU (100.6%)

PHY-3001 : :::0::: Try harder cell spreading with beta_ = 2.91735e-05
PHY-3002 : Step(95): len = 31311, overlap = 39.25
PHY-3002 : Step(96): len = 31298.1, overlap = 40.75
PHY-3002 : Step(97): len = 30980.2, overlap = 38.5
PHY-3002 : Step(98): len = 30443.2, overlap = 40.5
PHY-3002 : Step(99): len = 30404.2, overlap = 41
PHY-3001 : :::1::: Try harder cell spreading with beta_ = 5.8347e-05
PHY-3002 : Step(100): len = 30859.4, overlap = 38.25
PHY-3002 : Step(101): len = 30987.5, overlap = 36.75
PHY-3002 : Step(102): len = 30989.1, overlap = 37
PHY-3001 : :::2::: Try harder cell spreading with beta_ = 0.000111263
PHY-3002 : Step(103): len = 31446.1, overlap = 35.75
PHY-3002 : Step(104): len = 31769, overlap = 36.25
PHY-3002 : Step(105): len = 31963.6, overlap = 34
PHY-3001 : Legalization ...
PHY-3001 : End legalization;  0.079458s wall, 0.093750s user + 0.031250s system = 0.125000s CPU (157.3%)

PHY-3001 : Trial Legalized: Len = 36535.8
PHY-3001 : Run with size of 1
PHY-3001 : Cell area utilization is 17%
PHY-3001 : Update timing in Manhattan mode ...
TMR-2503 : Start to update net delay, extr mode = 3.
TMR-2504 : Update delay of 1287 nets completely.
TMR-2502 : Annotate delay completely, extr mode = 3.
TMR-3501 : Forward propagation: start to calculate arrival time...
TMR-3502 : Backward propagation: start to calculate required time...
TMR-3503 : Timing propagation completes.
PHY-3001 : End timing update;  0.020028s wall, 0.031250s user + 0.000000s system = 0.031250s CPU (156.0%)

PHY-3001 : :::0::: Try harder cell spreading with beta_ = 0.000134598
PHY-3002 : Step(106): len = 33754.1, overlap = 14.25
PHY-3002 : Step(107): len = 33044.2, overlap = 25
PHY-3002 : Step(108): len = 32862.7, overlap = 25.5
PHY-3002 : Step(109): len = 32772.5, overlap = 26
PHY-3002 : Step(110): len = 32732.8, overlap = 28.25
PHY-3001 : :::1::: Try harder cell spreading with beta_ = 0.000268176
PHY-3002 : Step(111): len = 32820.7, overlap = 28
PHY-3002 : Step(112): len = 33014.9, overlap = 27
PHY-3002 : Step(113): len = 33226.5, overlap = 25.75
PHY-3001 : :::2::: Try harder cell spreading with beta_ = 0.000502747
PHY-3002 : Step(114): len = 33311.7, overlap = 25.5
PHY-3002 : Step(115): len = 33402.1, overlap = 24.75
PHY-3002 : Step(116): len = 33504.1, overlap = 27
PHY-3001 : Legalization ...
PHY-3001 : End legalization;  0.002979s wall, 0.000000s user + 0.000000s system = 0.000000s CPU (n/a%)

PHY-3001 : Legalized: Len = 35115.8, Over = 0
PHY-3001 : End spreading;  0.002645s wall, 0.000000s user + 0.000000s system = 0.000000s CPU (n/a%)

PHY-3001 : Final: Len = 35115.8, Over = 0
RUN-1003 : finish command "place" in  3.143597s wall, 5.421875s user + 2.187500s system = 7.609375s CPU (242.1%)

RUN-1004 : used memory is 139 MB, reserved memory is 113 MB, peak memory is 154 MB
RUN-1002 : start command "export_db pwm_demo_place.db"
RUN-1001 : Exported /
RUN-1001 : Exported flow parameters
RUN-1001 : Exported libs
RUN-1001 : Exported entities
RUN-1001 : Exported ports
RUN-1001 : Exported pins
RUN-1001 : Exported instances
RUN-1001 : Exported nets
RUN-1001 : Exported buses
RUN-1001 : Exported models
RUN-1001 : Exported congestions
RUN-1001 : Exported violations
RUN-1001 : Exported timing constraints
RUN-1001 : Exported IO constraints
RUN-1001 : Exported Inst constraints
RUN-1002 : start command "route"
RUN-1001 : Open license file D:/XILINX_EXE/TD_5.6/license/Anlogic.lic
RUN-1001 : Print Global Property
RUN-1001 : ---------------------------------------------------------------
RUN-1001 :        Parameters        |  Settings  |  Default Values  |  Note  
RUN-1001 : ---------------------------------------------------------------
RUN-1001 :          message         |  standard  |     standard     |        
RUN-1001 :   mixed_pack_place_flow  |     on     |        on        |        
RUN-1001 :        qor_monitor       |    off     |       off        |        
RUN-1001 :        syn_ip_flow       |    off     |       off        |        
RUN-1001 :          thread          |    auto    |       auto       |        
RUN-1001 : ---------------------------------------------------------------
RUN-1001 : Print Route Property
RUN-1001 : -------------------------------------------------------
RUN-1001 :    Parameters    |  Settings  |  Default Values  |  Note  
RUN-1001 : -------------------------------------------------------
RUN-1001 :      effort      |   medium   |      medium      |        
RUN-1001 :     fix_hold     |    off     |       off        |        
RUN-1001 :    opt_timing    |   medium   |      medium      |        
RUN-1001 :   phy_sim_model  |    off     |       off        |        
RUN-1001 :     priority     |   timing   |      timing      |        
RUN-1001 :     swap_pin     |     on     |        on        |        
RUN-1001 : -------------------------------------------------------
PHY-1001 : Route runs in 8 thread(s)
RUN-1001 : There are total 456 instances
RUN-1001 : 205 mslices, 206 lslices, 35 pads, 2 brams, 2 dsps
RUN-1001 : There are total 1289 nets
RUN-6004 WARNING: There are 3 nets with only 1 pin.
RUN-1001 : 1087 nets have 2 pins
RUN-1001 : 97 nets have [3 - 5] pins
RUN-1001 : 31 nets have [6 - 10] pins
RUN-1001 : 50 nets have [11 - 20] pins
RUN-1001 : 16 nets have [21 - 99] pins
RUN-1001 : 5 nets have 100+ pins
RUN-1002 : start command "start_timer -report"
TMR-2505 : Start building timing graph for model SF1_SOC.
TMR-2506 : Build timing graph completely. Port num: 16, tpin num: 5183, tnet num: 1287, tinst num: 454, tnode num: 6875, tedge num: 8567.
TMR-2508 : Levelizing timing graph completed, there are 21 levels in total.
TMR-2501 : Timing graph initialized successfully.
PHY-1001 : 205 mslices, 206 lslices, 35 pads, 2 brams, 2 dsps
TMR-2503 : Start to update net delay, extr mode = 3.
TMR-2504 : Update delay of 1287 nets completely.
TMR-2502 : Annotate delay completely, extr mode = 3.
TMR-3001 : Initiate 0 clocks from SDC.
TMR-3004 : Map sdc constraints, there are 0 constraints in total.
TMR-3003 : Constraints initiated successfully.
TMR-3501 : Forward propagation: start to calculate arrival time...
TMR-3502 : Backward propagation: start to calculate required time...
TMR-3503 : Timing propagation completes.
PHY-1001 : Start global routing, caller is route ...
RUN-1001 : Generating global routing grids ...
PHY-1001 : Generate routing nets ...
PHY-1001 : Global iterations in 8 thread ...
PHY-1002 : len = 44224, over cnt = 159(1%), over = 263, worst = 6
PHY-1002 : len = 45936, over cnt = 55(0%), over = 75, worst = 4
PHY-1002 : len = 46720, over cnt = 4(0%), over = 4, worst = 1
PHY-1002 : len = 46736, over cnt = 1(0%), over = 1, worst = 1
PHY-1002 : len = 46768, over cnt = 0(0%), over = 0, worst = 0
PHY-1001 : End global iterations;  0.143500s wall, 0.171875s user + 0.031250s system = 0.203125s CPU (141.6%)

PHY-1001 : Congestion index: top1 = 41.18, top5 = 34.23, top10 = 29.55, top15 = 25.20.
PHY-1001 : End global routing;  0.168133s wall, 0.187500s user + 0.031250s system = 0.218750s CPU (130.1%)

PHY-1001 : Start detail routing ...
PHY-1001 : Current memory(MB): used = 167, reserve = 140, peak = 170.
PHY-1001 : Detailed router is running in normal mode.
PHY-1001 : Generate detailed routing grids ...
PHY-1001 : Generate nets ...
PHY-1001 : net I_clk_25m_dup_1 will be routed on clock mesh
PHY-5010 WARNING: Net u_ahb_pwm/I_ahb_hsize[2] is skipped due to 0 input or output
PHY-5010 WARNING: Net u_ahb_pwm/I_ahb_hsize[1] is skipped due to 0 input or output
PHY-5010 WARNING: Net u_ahb_pwm/I_ahb_hsize[0] is skipped due to 0 input or output
PHY-1001 : net vga_show_inst/vga_clk will be routed on clock mesh
PHY-1001 : clock net u_ahb_pwm/I_ahb_clk will be merged with clock u_pll/clk0_buf
PHY-5010 WARNING: Net u_ahb_pwm/I_ahb_hsize[2] is skipped due to 0 input or output
PHY-5010 WARNING: Net u_ahb_pwm/I_ahb_hsize[1] is skipped due to 0 input or output
PHY-5010 WARNING: Net u_ahb_pwm/I_ahb_hsize[0] is skipped due to 0 input or output
PHY-1001 : Current memory(MB): used = 258, reserve = 232, peak = 258.
PHY-1001 : End build detailed router design. 1.437022s wall, 1.421875s user + 0.015625s system = 1.437500s CPU (100.0%)

PHY-1001 : Detail Route ...
PHY-1001 : ===== Detail Route Phase 1 =====
PHY-1001 : Clock net routing.....
PHY-1001 : Routed 0% nets.
PHY-1022 : len = 13440, over cnt = 0(0%), over = 0, worst = 0, crit = 0
PHY-1001 : End initial clock net routed; 0.225351s wall, 0.218750s user + 0.000000s system = 0.218750s CPU (97.1%)

PHY-1001 : Current memory(MB): used = 269, reserve = 243, peak = 269.
PHY-1001 : End phase 1; 0.228685s wall, 0.234375s user + 0.000000s system = 0.234375s CPU (102.5%)

PHY-1001 : ===== Detail Route Phase 2 =====
PHY-1001 : Initial routing.....
PHY-1001 : Routed 13% nets.
PHY-1001 : Routed 24% nets.
PHY-1001 : Routed 31% nets.
PHY-1001 : Routed 31% nets.
PHY-1001 : Patch 829 net; 0.750105s wall, 0.750000s user + 0.000000s system = 0.750000s CPU (100.0%)

PHY-1022 : len = 86312, over cnt = 282(0%), over = 289, worst = 2, crit = 0
PHY-1001 : Current memory(MB): used = 271, reserve = 244, peak = 271.
PHY-1001 : End initial routed; 0.865224s wall, 0.875000s user + 0.031250s system = 0.906250s CPU (104.7%)

PHY-1001 : Update timing.....
PHY-1001 : 0/1234(0%) critical/total net(s).
RUN-1001 : ------------------------------------------
RUN-1001 :   Type   |    WNS(ns)    |  TNS(ns)  |  FEP  
RUN-1001 : ------------------------------------------
RUN-1001 :   Setup  |  2147483.647  |   0.000   |   0   
RUN-1001 :   Hold   |  2147483.647  |   0.000   |   0   
RUN-1001 : ------------------------------------------
PHY-1001 : End update timing; 0.307940s wall, 0.312500s user + 0.000000s system = 0.312500s CPU (101.5%)

PHY-1001 : Current memory(MB): used = 273, reserve = 247, peak = 273.
PHY-1001 : End phase 2; 1.173219s wall, 1.187500s user + 0.031250s system = 1.218750s CPU (103.9%)

PHY-1001 : ===== Detail Route Phase 3 =====
PHY-1001 : Optimize timing.....
PHY-1022 : len = 86312, over cnt = 282(0%), over = 289, worst = 2, crit = 0
PHY-1001 : End optimize timing; 0.003628s wall, 0.000000s user + 0.000000s system = 0.000000s CPU (n/a%)

PHY-1001 : Ripup-reroute.....
PHY-1001 : ===== DR Iter 1 =====
PHY-1022 : len = 86992, over cnt = 39(0%), over = 39, worst = 1, crit = 0
PHY-1001 : End DR Iter 1; 0.390863s wall, 0.390625s user + 0.000000s system = 0.390625s CPU (99.9%)

PHY-1001 : ===== DR Iter 2 =====
PHY-1022 : len = 87320, over cnt = 7(0%), over = 7, worst = 1, crit = 0
PHY-1001 : End DR Iter 2; 0.052479s wall, 0.046875s user + 0.000000s system = 0.046875s CPU (89.3%)

PHY-1001 : ===== DR Iter 3 =====
PHY-1022 : len = 87352, over cnt = 1(0%), over = 1, worst = 1, crit = 0
PHY-1001 : End DR Iter 3; 0.025172s wall, 0.031250s user + 0.000000s system = 0.031250s CPU (124.1%)

PHY-1001 : ===== DR Iter 4 =====
PHY-1022 : len = 87352, over cnt = 1(0%), over = 1, worst = 1, crit = 0
PHY-1001 : End DR Iter 4; 0.023164s wall, 0.015625s user + 0.000000s system = 0.015625s CPU (67.5%)

PHY-1001 : ===== DR Iter 5 =====
PHY-1022 : len = 87384, over cnt = 0(0%), over = 0, worst = 0, crit = 0
PHY-1001 : End DR Iter 5; 0.042094s wall, 0.046875s user + 0.000000s system = 0.046875s CPU (111.4%)

PHY-1001 : Update timing.....
PHY-1001 : 0/1234(0%) critical/total net(s).
RUN-1001 : ------------------------------------------
RUN-1001 :   Type   |    WNS(ns)    |  TNS(ns)  |  FEP  
RUN-1001 : ------------------------------------------
RUN-1001 :   Setup  |  2147483.647  |   0.000   |   0   
RUN-1001 :   Hold   |  2147483.647  |   0.000   |   0   
RUN-1001 : ------------------------------------------
PHY-1001 : End update timing; 0.322847s wall, 0.312500s user + 0.015625s system = 0.328125s CPU (101.6%)

PHY-1001 : Commit to database.....
PHY-5014 WARNING: Detail route doesn't find pib for u_pll/pll_inst.dsm_refclk[0]
PHY-5014 WARNING: Detail route doesn't find pib for u_pll/pll_inst.dsm_rst[0]
PHY-5014 WARNING: Detail route doesn't find pib for u_pll/pll_inst.frac_offset_valid[0]
PHY-5014 WARNING: Detail route doesn't find pib for u_pll/pll_inst.ssc_en[0]
PHY-1001 : 107 feed throughs used by 54 nets
PHY-1001 : End commit to database; 0.130962s wall, 0.140625s user + 0.000000s system = 0.140625s CPU (107.4%)

PHY-1001 : Current memory(MB): used = 285, reserve = 259, peak = 285.
PHY-1001 : End phase 3; 1.028152s wall, 1.015625s user + 0.015625s system = 1.031250s CPU (100.3%)

PHY-1003 : Routed, final wirelength = 87384
PHY-1001 : Current memory(MB): used = 285, reserve = 259, peak = 285.
PHY-1001 : End export database. 0.004957s wall, 0.000000s user + 0.000000s system = 0.000000s CPU (n/a%)

PHY-1001 : End detail routing;  3.952622s wall, 3.921875s user + 0.078125s system = 4.000000s CPU (101.2%)

RUN-1003 : finish command "route" in  4.431221s wall, 4.406250s user + 0.125000s system = 4.531250s CPU (102.3%)

RUN-1004 : used memory is 257 MB, reserved memory is 231 MB, peak memory is 285 MB
RUN-1002 : start command "report_area -io_info -file pwm_demo_phy.area"
RUN-1001 : standard
***Report Model: SF1_SOC Device: SF1S60CG121I***

IO Statistics
#IO                        29
  #input                    6
  #output                  23
  #inout                    0

Utilization Statistics
#lut                      574   out of   5824    9.86%
#reg                      633   out of   5824   10.87%
#le                       726
  #lut only                93   out of    726   12.81%
  #reg only               152   out of    726   20.94%
  #lut&reg                481   out of    726   66.25%
#dsp                        2   out of     10   20.00%
#bram                       2   out of     26    7.69%
  #bram9k                   2
  #fifo9k                   0
#hard-ip                    1
  #mcu                      1   out of      1  100.00%
  #dsc                      0   out of      1    0.00%
  #dsi                      0   out of      2    0.00%
  #psram controller         0   out of      2    0.00%
#pad                       29   out of     55   52.73%
  #ireg                     0
  #oreg                     0
  #treg                     0
#pll                        1   out of      2   50.00%
#gclk                       4   out of     16   25.00%

Clock Resource Statistics
Index     ClockNet                 Type               DriverType         Driver                  Fanout
#1        u_pll/clk0_buf           GCLK               pll                u_pll/pll_inst.clkc0    345
#2        vga_show_inst/vga_clk    GCLK               pll                u_pll/pll_inst.clkc1    34
#3        I_clk_25m_dup_1          GCLK               io                 I_clk_25m_syn_2.di      1


Detailed IO Report

      Name        Direction    Location    IOStandard    DriveStrength    PullType    PackReg  
   I_clk_25m        INPUT         D7        LVCMOS18          N/A          PULLUP      NONE    
   I_jtag_tck       INPUT         C7        LVCMOS18          N/A          PULLUP      NONE    
   I_jtag_tdi       INPUT         D5        LVCMOS18          N/A          PULLUP      NONE    
   I_jtag_tms       INPUT         D6        LVCMOS18          N/A          PULLUP      NONE    
    I_rst_n         INPUT         J2        LVCMOS18          N/A          PULLUP      NONE    
   I_uart_rx        INPUT         E4        LVCMOS18          N/A          PULLUP      NONE    
   O_jtag_tdo      OUTPUT         C6        LVCMOS18           8            NONE       NONE    
     O_led0        OUTPUT         J5        LVCMOS18           8            NONE       NONE    
     O_led1        OUTPUT         H5        LVCMOS18           8            NONE       NONE    
     O_led2        OUTPUT         G4        LVCMOS18           8            NONE       NONE    
   O_uart_tx       OUTPUT         A4        LVCMOS18           8            NONE       NONE    
  vga_blue[4]      OUTPUT         A9        LVCMOS18           8            NONE       NONE    
  vga_blue[3]      OUTPUT        A11        LVCMOS18           8            NONE       NONE    
  vga_blue[2]      OUTPUT         B8        LVCMOS18           8            NONE       NONE    
  vga_blue[1]      OUTPUT        A10        LVCMOS18           8            NONE       NONE    
  vga_blue[0]      OUTPUT         B9        LVCMOS18           8            NONE       NONE    
  vga_green[5]     OUTPUT         L1        LVCMOS18           8            NONE       NONE    
  vga_green[4]     OUTPUT        E10        LVCMOS18           8            NONE       NONE    
  vga_green[3]     OUTPUT         K1        LVCMOS18           8            NONE       NONE    
  vga_green[2]     OUTPUT        B11        LVCMOS18           8            NONE       NONE    
  vga_green[1]     OUTPUT         A8        LVCMOS18           8            NONE       NONE    
  vga_green[0]     OUTPUT        B10        LVCMOS18           8            NONE       NONE    
   vga_hsync       OUTPUT         G3        LVCMOS18           8            NONE       NONE    
   vga_red[4]      OUTPUT         F9        LVCMOS18           8            NONE       NONE    
   vga_red[3]      OUTPUT         L2        LVCMOS18           8            NONE       NONE    
   vga_red[2]      OUTPUT         E9        LVCMOS18           8            NONE       NONE    
   vga_red[1]      OUTPUT         K2        LVCMOS18           8            NONE       NONE    
   vga_red[0]      OUTPUT        F10        LVCMOS18           8            NONE       NONE    
   vga_vsync       OUTPUT        C10        LVCMOS18           8            NONE       NONE    

Report Hierarchy Area:
+---------------------------------------------------------------------------------+
|Instance        |Module     |le     |lut     |ripple  |seq     |bram    |dsp     |
+---------------------------------------------------------------------------------+
|top             |SF1_SOC    |726    |547     |27      |633     |2       |2       |
|  u_SF1_MCU     |SF1_MCU    |6      |3       |3       |0       |0       |0       |
|  u_ahb_pwm     |ahb_pwm    |593    |437     |4       |582     |1       |2       |
|    uut         |rom_weight |0      |0       |0       |0       |1       |0       |
|  u_pll         |pll        |0      |0       |0       |0       |0       |0       |
|  vga_show_inst |vga_show   |111    |91      |20      |51      |1       |0       |
|    u5          |ROM        |0      |0       |0       |0       |1       |0       |
+---------------------------------------------------------------------------------+


DataNet Average Fanout:

   Index     Fanout     Nets  
    #1          1       1058  
    #2          2        25   
    #3          3        51   
    #4          4        20   
    #5        5-10       31   
    #6        11-50      62   
    #7       51-100      2    
    #8       101-500     3    
  Average     2.78            

RUN-1002 : start command "export_db pwm_demo_pr.db"
RUN-1001 : Exported /
RUN-1001 : Exported flow parameters
RUN-1001 : Exported libs
RUN-1001 : Exported entities
RUN-1001 : Exported ports
RUN-1001 : Exported pins
RUN-1001 : Exported instances
RUN-1001 : Exported nets
RUN-1001 : Exported buses
RUN-1001 : Exported models
RUN-1001 : Exported congestions
RUN-1001 : Exported violations
RUN-1001 : Exported timing constraints
RUN-1001 : Exported IO constraints
RUN-1001 : Exported Inst constraints
RUN-1002 : start command "export_bid pwm_demo_inst.bid"
RUN-1002 : start command "bitgen -bit pwm_demo.bit"
BIT-1003 : Start to generate bitstream. 
BIT-1002 : Init instances with 8 threads.
BIT-1002 : Init instances completely, inst num: 454
BIT-1002 : Init pips with 8 threads.
BIT-1002 : Init pips completely, net num: 1289, pip num: 10740
BIT-1002 : Init feedthrough with 8 threads.
BIT-1002 : Init feedthrough completely, num: 107
BIT-1003 : Multithreading accelaration with 8 threads.
BIT-1003 : Generate bitstream completely, there are 536 valid insts, and 27718 bits set as '1'.
BIT-1004 : the usercode register value: 00000000110101000000000000000000
BIT-1004 : Generate bits file pwm_demo.bit.
RUN-1003 : finish command "bitgen -bit pwm_demo.bit" in  1.646551s wall, 7.828125s user + 0.046875s system = 7.875000s CPU (478.3%)

RUN-1004 : used memory is 257 MB, reserved memory is 233 MB, peak memory is 421 MB
RUN-1002 : start command "backup_run_log run.log ../.logs/phy_1/td_20231113_225149.log"
RUN-1001 : Backing up run's log file succeed.
