============================================================
   Tang Dynasty, V5.6.59063
   Copyright (c) 2012-2022 Anlogic
   Executable = D:/XILINX_EXE/TD_5.6/bin/td.exe
   Built at =   12:45:13 Sep  6 2022
   Run by =     13456
   Run Date =   Wed Nov 15 03:58:06 2023

   Run on =     DESKTOP-1HJPLU7
============================================================
RUN-1001 : open_run phy_1.
RUN-1002 : start command "import_db F:/al/sf1_-project-master/sf1_-project-master/src/PWM/td_project/pwm_demo_Runs/phy_1/pwm_demo_pr.db"
RUN-1001 : Importing database generated by Tang Dynasty, V5.6.59063.
RUN-1001 : Database version number 46140.
RUN-1001 : Import flow parameters
PHY-1001 : Generate detailed routing grids ...
PHY-1001 : Generate nets ...
PHY-1001 : net I_clk_25m_dup_1 will be routed on clock mesh
PHY-5010 WARNING: Net u_ahb_pwm/I_ahb_hsize[2] is skipped due to 0 input or output
PHY-5010 WARNING: Net u_ahb_pwm/I_ahb_hsize[1] is skipped due to 0 input or output
PHY-5010 WARNING: Net u_ahb_pwm/I_ahb_hsize[0] is skipped due to 0 input or output
PHY-1001 : net vga_show_inst/vga_clk will be routed on clock mesh
PHY-1001 : clock net u_ahb_pwm/I_ahb_clk will be merged with clock u_pll/clk0_buf
PHY-5010 WARNING: Net u_ahb_pwm/I_ahb_hsize[2] is skipped due to 0 input or output
PHY-5010 WARNING: Net u_ahb_pwm/I_ahb_hsize[1] is skipped due to 0 input or output
PHY-5010 WARNING: Net u_ahb_pwm/I_ahb_hsize[0] is skipped due to 0 input or output
PHY-1001 : eco open net = 0
PHY-5014 WARNING: Detail route doesn't find pib for u_pll/pll_inst.dsm_refclk[0]
PHY-5014 WARNING: Detail route doesn't find pib for u_pll/pll_inst.dsm_rst[0]
PHY-5014 WARNING: Detail route doesn't find pib for u_pll/pll_inst.frac_offset_valid[0]
PHY-5014 WARNING: Detail route doesn't find pib for u_pll/pll_inst.ssc_en[0]
PHY-1001 : 107 feed throughs used by 54 nets
RUN-1001 : Import timing constraints
RUN-1001 : Import IO constraints
RUN-1001 : Import Inst constraints
RUN-1001 : Import design success TD_VERSION=5.6.59063 , DB_VERSION=46140
RUN-1003 : finish command "import_db F:/al/sf1_-project-master/sf1_-project-master/src/PWM/td_project/pwm_demo_Runs/phy_1/pwm_demo_pr.db" in  1.911199s wall, 1.843750s user + 0.046875s system = 1.890625s CPU (98.9%)

RUN-1004 : used memory is 323 MB, reserved memory is 275 MB, peak memory is 487 MB
RUN-1002 : start command "report_timing"
RUN-1002 : start command "start_timer"
RUN-1002 : start command "end_timer"
RUN-1002 : start command "download -bit pwm_demo_Runs\phy_1\pwm_demo.bit -mode program_riscv -hex2 F:\al\sf1_-project-master\sf1_-project-master\src\GPIO_LED\riscv_project\pwm\Debug\pwm.hex -spd 6 -sec 64 -cable 0"
PRG-2014 : Chip validation success: SF1S60
PRG-2505 : ProgramSvf:  program pwm_demo_Runs/phy_1/pwm_demo.svf successfully
RUN-1003 : finish command "program_svf -svf pwm_demo_Runs/phy_1/pwm_demo.svf -spd 6" in  13.721215s wall, 0.531250s user + 0.343750s system = 0.875000s CPU (6.4%)

RUN-1004 : used memory is 352 MB, reserved memory is 300 MB, peak memory is 487 MB
RUN-1003 : finish command "download -bit pwm_demo_Runs\phy_1\pwm_demo.bit -mode program_riscv -hex2 F:\al\sf1_-project-master\sf1_-project-master\src\GPIO_LED\riscv_project\pwm\Debug\pwm.hex -spd 6 -sec 64 -cable 0" in  13.916989s wall, 0.625000s user + 0.359375s system = 0.984375s CPU (7.1%)

RUN-1004 : used memory is 352 MB, reserved memory is 300 MB, peak memory is 487 MB
GUI-1001 : Download success!
RUN-1002 : start command "download -bit pwm_demo_Runs\phy_1\pwm_demo.bit -mode program_riscv -hex2 F:\al\sf1_-project-master\sf1_-project-master\src\GPIO_LED\riscv_project\pwm\Debug\pwm.hex -spd 6 -sec 64 -cable 0"
PRG-2014 : Chip validation success: SF1S60
PRG-2505 : ProgramSvf:  program pwm_demo_Runs/phy_1/pwm_demo.svf successfully
RUN-1003 : finish command "program_svf -svf pwm_demo_Runs/phy_1/pwm_demo.svf -spd 6" in  13.351520s wall, 0.421875s user + 0.156250s system = 0.578125s CPU (4.3%)

RUN-1004 : used memory is 350 MB, reserved memory is 298 MB, peak memory is 487 MB
RUN-1003 : finish command "download -bit pwm_demo_Runs\phy_1\pwm_demo.bit -mode program_riscv -hex2 F:\al\sf1_-project-master\sf1_-project-master\src\GPIO_LED\riscv_project\pwm\Debug\pwm.hex -spd 6 -sec 64 -cable 0" in  13.545979s wall, 0.515625s user + 0.171875s system = 0.687500s CPU (5.1%)

RUN-1004 : used memory is 350 MB, reserved memory is 298 MB, peak memory is 487 MB
GUI-1001 : Download success!
RUN-1002 : start command "download -bit pwm_demo_Runs\phy_1\pwm_demo.bit -mode program_riscv -hex2 F:\al\sf1_-project-master\sf1_-project-master\src\GPIO_LED\riscv_project\pwm\Debug\pwm.hex -spd 6 -sec 64 -cable 0"
PRG-2014 : Chip validation success: SF1S60
PRG-2505 : ProgramSvf:  program pwm_demo_Runs/phy_1/pwm_demo.svf successfully
RUN-1003 : finish command "program_svf -svf pwm_demo_Runs/phy_1/pwm_demo.svf -spd 6" in  13.742711s wall, 0.468750s user + 0.343750s system = 0.812500s CPU (5.9%)

RUN-1004 : used memory is 346 MB, reserved memory is 294 MB, peak memory is 487 MB
RUN-1003 : finish command "download -bit pwm_demo_Runs\phy_1\pwm_demo.bit -mode program_riscv -hex2 F:\al\sf1_-project-master\sf1_-project-master\src\GPIO_LED\riscv_project\pwm\Debug\pwm.hex -spd 6 -sec 64 -cable 0" in  13.950853s wall, 0.546875s user + 0.375000s system = 0.921875s CPU (6.6%)

RUN-1004 : used memory is 346 MB, reserved memory is 294 MB, peak memory is 487 MB
GUI-1001 : Download success!
RUN-1002 : start command "download -bit pwm_demo_Runs\phy_1\pwm_demo.bit -mode program_riscv -hex2 F:\al\sf1_-project-master\sf1_-project-master\src\GPIO_LED\riscv_project\pwm\Debug\pwm.hex -spd 6 -sec 64 -cable 0"
PRG-2014 : Chip validation success: SF1S60
PRG-2505 : ProgramSvf:  program pwm_demo_Runs/phy_1/pwm_demo.svf successfully
RUN-1003 : finish command "program_svf -svf pwm_demo_Runs/phy_1/pwm_demo.svf -spd 6" in  13.656269s wall, 0.453125s user + 0.328125s system = 0.781250s CPU (5.7%)

RUN-1004 : used memory is 347 MB, reserved memory is 297 MB, peak memory is 487 MB
RUN-1003 : finish command "download -bit pwm_demo_Runs\phy_1\pwm_demo.bit -mode program_riscv -hex2 F:\al\sf1_-project-master\sf1_-project-master\src\GPIO_LED\riscv_project\pwm\Debug\pwm.hex -spd 6 -sec 64 -cable 0" in  13.848508s wall, 0.562500s user + 0.328125s system = 0.890625s CPU (6.4%)

RUN-1004 : used memory is 347 MB, reserved memory is 297 MB, peak memory is 487 MB
GUI-1001 : Download success!
RUN-1002 : start command "download -bit pwm_demo_Runs\phy_1\pwm_demo.bit -mode program_riscv -hex2 F:\al\sf1_-project-master\sf1_-project-master\src\GPIO_LED\riscv_project\pwm\Debug\pwm.hex -spd 6 -sec 64 -cable 0"
PRG-2014 : Chip validation success: SF1S60
PRG-2505 : ProgramSvf:  program pwm_demo_Runs/phy_1/pwm_demo.svf successfully
RUN-1003 : finish command "program_svf -svf pwm_demo_Runs/phy_1/pwm_demo.svf -spd 6" in  13.684794s wall, 0.546875s user + 0.296875s system = 0.843750s CPU (6.2%)

RUN-1004 : used memory is 346 MB, reserved memory is 294 MB, peak memory is 487 MB
RUN-1003 : finish command "download -bit pwm_demo_Runs\phy_1\pwm_demo.bit -mode program_riscv -hex2 F:\al\sf1_-project-master\sf1_-project-master\src\GPIO_LED\riscv_project\pwm\Debug\pwm.hex -spd 6 -sec 64 -cable 0" in  13.874234s wall, 0.640625s user + 0.328125s system = 0.968750s CPU (7.0%)

RUN-1004 : used memory is 346 MB, reserved memory is 294 MB, peak memory is 487 MB
GUI-1001 : Download success!
RUN-1002 : start command "download -bit ..\..\GPIO_LED\riscv_project\pwm\Debug\pwm.hex -mode jtag -spd 7 -sec 64 -cable 0"
PRG-2014 : Chip validation success: SF1S60
PRG-8003 ERROR: Download: the bit file(..\..\GPIO_LED\riscv_project\pwm\Debug\pwm.hex) is invalid
GUI-8702 ERROR: Downloading failed!
RUN-1002 : start command "download -bit pwm_demo_Runs\phy_1\pwm_demo.bit -mode jtag -spd 7 -sec 64 -cable 0"
PRG-2014 : Chip validation success: SF1S60
RUN-1002 : start command "bit_to_vec -chip SF1S60 -m jtag_burst -freq 4 -bit pwm_demo_Runs/phy_1/pwm_demo.bit"
RUN-1002 : start command "program -cable 0 -mode svf -spd 7 -p"
RUN-1003 : finish command "program -cable 0 -mode svf -spd 7 -p" in  2.392529s wall, 0.140625s user + 0.187500s system = 0.328125s CPU (13.7%)

RUN-1004 : used memory is 338 MB, reserved memory is 303 MB, peak memory is 487 MB
RUN-1003 : finish command "download -bit pwm_demo_Runs\phy_1\pwm_demo.bit -mode jtag -spd 7 -sec 64 -cable 0" in  2.522411s wall, 0.187500s user + 0.218750s system = 0.406250s CPU (16.1%)

RUN-1004 : used memory is 338 MB, reserved memory is 303 MB, peak memory is 487 MB
GUI-1001 : Download success!
RUN-1002 : start command "download -bit pwm_demo_Runs\phy_1\pwm_demo.bit -mode program_riscv -hex2 F:\al\sf1_-project-master\sf1_-project-master\src\GPIO_LED\riscv_project\pwm\Debug\pwm.hex -spd 6 -sec 64 -cable 0"
PRG-2014 : Chip validation success: SF1S60
PRG-2505 : ProgramSvf:  program pwm_demo_Runs/phy_1/pwm_demo.svf successfully
RUN-1003 : finish command "program_svf -svf pwm_demo_Runs/phy_1/pwm_demo.svf -spd 6" in  48.675313s wall, 0.765625s user + 0.609375s system = 1.375000s CPU (2.8%)

RUN-1004 : used memory is 352 MB, reserved memory is 316 MB, peak memory is 487 MB
RUN-1003 : finish command "download -bit pwm_demo_Runs\phy_1\pwm_demo.bit -mode program_riscv -hex2 F:\al\sf1_-project-master\sf1_-project-master\src\GPIO_LED\riscv_project\pwm\Debug\pwm.hex -spd 6 -sec 64 -cable 0" in  49.080023s wall, 0.843750s user + 0.656250s system = 1.500000s CPU (3.1%)

RUN-1004 : used memory is 352 MB, reserved memory is 316 MB, peak memory is 487 MB
GUI-1001 : Download success!
RUN-1002 : start command "download -bit pwm_demo_Runs\phy_1\pwm_demo.bit -mode program_riscv -hex2 F:\al\sf1_-project-master\sf1_-project-master\src\GPIO_LED\riscv_project\pwm\Debug\pwm.hex -spd 6 -sec 64 -cable 0"
PRG-2014 : Chip validation success: SF1S60
PRG-2505 : ProgramSvf:  program pwm_demo_Runs/phy_1/pwm_demo.svf successfully
RUN-1003 : finish command "program_svf -svf pwm_demo_Runs/phy_1/pwm_demo.svf -spd 6" in  13.654634s wall, 0.500000s user + 0.390625s system = 0.890625s CPU (6.5%)

RUN-1004 : used memory is 353 MB, reserved memory is 317 MB, peak memory is 487 MB
RUN-1003 : finish command "download -bit pwm_demo_Runs\phy_1\pwm_demo.bit -mode program_riscv -hex2 F:\al\sf1_-project-master\sf1_-project-master\src\GPIO_LED\riscv_project\pwm\Debug\pwm.hex -spd 6 -sec 64 -cable 0" in  13.849381s wall, 0.593750s user + 0.406250s system = 1.000000s CPU (7.2%)

RUN-1004 : used memory is 353 MB, reserved memory is 317 MB, peak memory is 487 MB
GUI-1001 : Download success!
RUN-1002 : start command "download -bit pwm_demo_Runs\phy_1\pwm_demo.bit -mode program_riscv -hex2 F:\al\sf1_-project-master\sf1_-project-master\src\GPIO_LED\riscv_project\pwm\Debug\pwm.hex -spd 6 -sec 64 -cable 0"
PRG-2014 : Chip validation success: SF1S60
PRG-2505 : ProgramSvf:  program pwm_demo_Runs/phy_1/pwm_demo.svf successfully
RUN-1003 : finish command "program_svf -svf pwm_demo_Runs/phy_1/pwm_demo.svf -spd 6" in  13.593918s wall, 0.375000s user + 0.281250s system = 0.656250s CPU (4.8%)

RUN-1004 : used memory is 347 MB, reserved memory is 317 MB, peak memory is 487 MB
RUN-1003 : finish command "download -bit pwm_demo_Runs\phy_1\pwm_demo.bit -mode program_riscv -hex2 F:\al\sf1_-project-master\sf1_-project-master\src\GPIO_LED\riscv_project\pwm\Debug\pwm.hex -spd 6 -sec 64 -cable 0" in  13.784693s wall, 0.484375s user + 0.296875s system = 0.781250s CPU (5.7%)

RUN-1004 : used memory is 347 MB, reserved memory is 317 MB, peak memory is 487 MB
GUI-1001 : Download success!
RUN-1002 : start command "download -bit pwm_demo_Runs\phy_1\pwm_demo.bit -mode program_riscv -hex2 F:\al\sf1_-project-master\sf1_-project-master\src\GPIO_LED\riscv_project\pwm\Debug\pwm.hex -spd 6 -sec 64 -cable 0"
PRG-2014 : Chip validation success: SF1S60
PRG-2505 : ProgramSvf:  program pwm_demo_Runs/phy_1/pwm_demo.svf successfully
RUN-1003 : finish command "program_svf -svf pwm_demo_Runs/phy_1/pwm_demo.svf -spd 6" in  13.617846s wall, 0.421875s user + 0.421875s system = 0.843750s CPU (6.2%)

RUN-1004 : used memory is 347 MB, reserved memory is 318 MB, peak memory is 487 MB
RUN-1003 : finish command "download -bit pwm_demo_Runs\phy_1\pwm_demo.bit -mode program_riscv -hex2 F:\al\sf1_-project-master\sf1_-project-master\src\GPIO_LED\riscv_project\pwm\Debug\pwm.hex -spd 6 -sec 64 -cable 0" in  13.815499s wall, 0.531250s user + 0.453125s system = 0.984375s CPU (7.1%)

RUN-1004 : used memory is 347 MB, reserved memory is 318 MB, peak memory is 487 MB
GUI-1001 : Download success!
RUN-1002 : start command "download -bit pwm_demo_Runs\phy_1\pwm_demo.bit -mode program_riscv -hex2 F:\al\sf1_-project-master\sf1_-project-master\src\GPIO_LED\riscv_project\pwm\Debug\pwm.hex -spd 6 -sec 64 -cable 0"
PRG-2014 : Chip validation success: SF1S60
PRG-2505 : ProgramSvf:  program pwm_demo_Runs/phy_1/pwm_demo.svf successfully
RUN-1003 : finish command "program_svf -svf pwm_demo_Runs/phy_1/pwm_demo.svf -spd 6" in  13.633909s wall, 0.437500s user + 0.265625s system = 0.703125s CPU (5.2%)

RUN-1004 : used memory is 347 MB, reserved memory is 317 MB, peak memory is 487 MB
RUN-1003 : finish command "download -bit pwm_demo_Runs\phy_1\pwm_demo.bit -mode program_riscv -hex2 F:\al\sf1_-project-master\sf1_-project-master\src\GPIO_LED\riscv_project\pwm\Debug\pwm.hex -spd 6 -sec 64 -cable 0" in  13.827301s wall, 0.531250s user + 0.265625s system = 0.796875s CPU (5.8%)

RUN-1004 : used memory is 347 MB, reserved memory is 317 MB, peak memory is 487 MB
GUI-1001 : Download success!
RUN-1002 : start command "download -bit ..\..\DSI_DISP\td_project\mipi_dsi_Runs\phy_1\mipi_dsi.bit -mode program_riscv -hex2 F:\al\sf1_-project-master\sf1_-project-master\src\GPIO_LED\riscv_project\pwm\Debug\pwm.hex -spd 6 -sec 64 -cable 0"
PRG-2014 : Chip validation success: SF1S60
PRG-2505 : ProgramSvf:  program ../../DSI_DISP/td_project/mipi_dsi_Runs/phy_1/mipi_dsi.svf successfully
RUN-1003 : finish command "program_svf -svf ../../DSI_DISP/td_project/mipi_dsi_Runs/phy_1/mipi_dsi.svf -spd 6" in  13.501793s wall, 0.375000s user + 0.250000s system = 0.625000s CPU (4.6%)

RUN-1004 : used memory is 196 MB, reserved memory is 316 MB, peak memory is 487 MB
RUN-1003 : finish command "download -bit ..\..\DSI_DISP\td_project\mipi_dsi_Runs\phy_1\mipi_dsi.bit -mode program_riscv -hex2 F:\al\sf1_-project-master\sf1_-project-master\src\GPIO_LED\riscv_project\pwm\Debug\pwm.hex -spd 6 -sec 64 -cable 0" in  13.715941s wall, 0.468750s user + 0.281250s system = 0.750000s CPU (5.5%)

RUN-1004 : used memory is 196 MB, reserved memory is 316 MB, peak memory is 487 MB
GUI-1001 : Download success!
RUN-1002 : start command "download -bit pwm_demo_Runs\phy_1\pwm_demo.bit -mode program_riscv -hex2 F:\al\sf1_-project-master\sf1_-project-master\src\GPIO_LED\riscv_project\pwm\Debug\pwm.hex -spd 6 -sec 64 -cable 0"
PRG-2014 : Chip validation success: SF1S60
PRG-2505 : ProgramSvf:  program pwm_demo_Runs/phy_1/pwm_demo.svf successfully
RUN-1003 : finish command "program_svf -svf pwm_demo_Runs/phy_1/pwm_demo.svf -spd 6" in  13.664306s wall, 0.390625s user + 0.281250s system = 0.671875s CPU (4.9%)

RUN-1004 : used memory is 198 MB, reserved memory is 318 MB, peak memory is 487 MB
RUN-1003 : finish command "download -bit pwm_demo_Runs\phy_1\pwm_demo.bit -mode program_riscv -hex2 F:\al\sf1_-project-master\sf1_-project-master\src\GPIO_LED\riscv_project\pwm\Debug\pwm.hex -spd 6 -sec 64 -cable 0" in  13.859005s wall, 0.500000s user + 0.296875s system = 0.796875s CPU (5.7%)

RUN-1004 : used memory is 198 MB, reserved memory is 318 MB, peak memory is 487 MB
GUI-1001 : Download success!
RUN-1002 : start command "download -bit pwm_demo_Runs\phy_1\pwm_demo.bit -mode program_riscv -hex2 F:\al\sf1_-project-master\sf1_-project-master\src\GPIO_LED\riscv_project\pwm\Debug\pwm.hex -spd 6 -sec 64 -cable 0"
PRG-2014 : Chip validation success: SF1S60
PRG-2505 : ProgramSvf:  program pwm_demo_Runs/phy_1/pwm_demo.svf successfully
RUN-1003 : finish command "program_svf -svf pwm_demo_Runs/phy_1/pwm_demo.svf -spd 6" in  14.436876s wall, 0.281250s user + 0.312500s system = 0.593750s CPU (4.1%)

RUN-1004 : used memory is 151 MB, reserved memory is 318 MB, peak memory is 487 MB
RUN-1003 : finish command "download -bit pwm_demo_Runs\phy_1\pwm_demo.bit -mode program_riscv -hex2 F:\al\sf1_-project-master\sf1_-project-master\src\GPIO_LED\riscv_project\pwm\Debug\pwm.hex -spd 6 -sec 64 -cable 0" in  14.663597s wall, 0.375000s user + 0.343750s system = 0.718750s CPU (4.9%)

RUN-1004 : used memory is 151 MB, reserved memory is 318 MB, peak memory is 487 MB
GUI-1001 : Download success!
RUN-1002 : start command "download -bit pwm_demo_Runs\phy_1\pwm_demo.bit -mode program_riscv -hex2 F:\al\sf1_-project-master\sf1_-project-master\src\GPIO_LED\riscv_project\pwm\Debug\pwm.hex -spd 6 -sec 64 -cable 0"
PRG-2014 : Chip validation success: SF1S60
PRG-2505 : ProgramSvf:  program pwm_demo_Runs/phy_1/pwm_demo.svf successfully
RUN-1003 : finish command "program_svf -svf pwm_demo_Runs/phy_1/pwm_demo.svf -spd 6" in  13.469406s wall, 0.281250s user + 0.281250s system = 0.562500s CPU (4.2%)

RUN-1004 : used memory is 151 MB, reserved memory is 318 MB, peak memory is 487 MB
RUN-1003 : finish command "download -bit pwm_demo_Runs\phy_1\pwm_demo.bit -mode program_riscv -hex2 F:\al\sf1_-project-master\sf1_-project-master\src\GPIO_LED\riscv_project\pwm\Debug\pwm.hex -spd 6 -sec 64 -cable 0" in  13.659549s wall, 0.328125s user + 0.343750s system = 0.671875s CPU (4.9%)

RUN-1004 : used memory is 151 MB, reserved memory is 318 MB, peak memory is 487 MB
GUI-1001 : Download success!
RUN-1002 : start command "download -bit ..\..\DSI_DISP\td_project\mipi_dsi_Runs\phy_1\mipi_dsi.bit -mode program_riscv -hex2 F:\al\sf1_-project-master\sf1_-project-master\src\GPIO_LED\riscv_project\pwm\Debug\pwm.hex -spd 6 -sec 64 -cable 0"
PRG-2014 : Chip validation success: SF1S60
PRG-2505 : ProgramSvf:  program ../../DSI_DISP/td_project/mipi_dsi_Runs/phy_1/mipi_dsi.svf successfully
RUN-1003 : finish command "program_svf -svf ../../DSI_DISP/td_project/mipi_dsi_Runs/phy_1/mipi_dsi.svf -spd 6" in  13.525809s wall, 0.484375s user + 0.281250s system = 0.765625s CPU (5.7%)

RUN-1004 : used memory is 167 MB, reserved memory is 317 MB, peak memory is 487 MB
RUN-1003 : finish command "download -bit ..\..\DSI_DISP\td_project\mipi_dsi_Runs\phy_1\mipi_dsi.bit -mode program_riscv -hex2 F:\al\sf1_-project-master\sf1_-project-master\src\GPIO_LED\riscv_project\pwm\Debug\pwm.hex -spd 6 -sec 64 -cable 0" in  13.722957s wall, 0.593750s user + 0.281250s system = 0.875000s CPU (6.4%)

RUN-1004 : used memory is 167 MB, reserved memory is 317 MB, peak memory is 487 MB
GUI-1001 : Download success!
RUN-1002 : start command "download -bit pwm_demo_Runs\phy_1\pwm_demo.bit -mode program_riscv -hex2 F:\al\sf1_-project-master\sf1_-project-master\src\GPIO_LED\riscv_project\pwm\Debug\pwm.hex -spd 6 -sec 64 -cable 0"
PRG-2014 : Chip validation success: SF1S60
PRG-2505 : ProgramSvf:  program pwm_demo_Runs/phy_1/pwm_demo.svf successfully
RUN-1003 : finish command "program_svf -svf pwm_demo_Runs/phy_1/pwm_demo.svf -spd 6" in  13.473817s wall, 0.484375s user + 0.390625s system = 0.875000s CPU (6.5%)

RUN-1004 : used memory is 156 MB, reserved memory is 324 MB, peak memory is 487 MB
RUN-1003 : finish command "download -bit pwm_demo_Runs\phy_1\pwm_demo.bit -mode program_riscv -hex2 F:\al\sf1_-project-master\sf1_-project-master\src\GPIO_LED\riscv_project\pwm\Debug\pwm.hex -spd 6 -sec 64 -cable 0" in  13.676454s wall, 0.578125s user + 0.406250s system = 0.984375s CPU (7.2%)

RUN-1004 : used memory is 156 MB, reserved memory is 324 MB, peak memory is 487 MB
GUI-1001 : Download success!
RUN-1002 : start command "download -bit pwm_demo_Runs\phy_1\pwm_demo.bit -mode program_riscv -hex2 F:\al\sf1_-project-master\sf1_-project-master\src\GPIO_LED\riscv_project\pwm\Debug\pwm.hex -spd 6 -sec 64 -cable 0"
PRG-2014 : Chip validation success: SF1S60
PRG-2505 : ProgramSvf:  program pwm_demo_Runs/phy_1/pwm_demo.svf successfully
RUN-1003 : finish command "program_svf -svf pwm_demo_Runs/phy_1/pwm_demo.svf -spd 6" in  13.557003s wall, 0.453125s user + 0.375000s system = 0.828125s CPU (6.1%)

RUN-1004 : used memory is 152 MB, reserved memory is 321 MB, peak memory is 487 MB
RUN-1003 : finish command "download -bit pwm_demo_Runs\phy_1\pwm_demo.bit -mode program_riscv -hex2 F:\al\sf1_-project-master\sf1_-project-master\src\GPIO_LED\riscv_project\pwm\Debug\pwm.hex -spd 6 -sec 64 -cable 0" in  13.751803s wall, 0.562500s user + 0.375000s system = 0.937500s CPU (6.8%)

RUN-1004 : used memory is 152 MB, reserved memory is 321 MB, peak memory is 487 MB
GUI-1001 : Download success!
RUN-1002 : start command "download -bit pwm_demo_Runs\phy_1\pwm_demo.bit -mode program_riscv -hex2 F:\al\sf1_-project-master\sf1_-project-master\src\GPIO_LED\riscv_project\pwm\Debug\pwm.hex -spd 6 -sec 64 -cable 0"
PRG-2014 : Chip validation success: SF1S60
PRG-2505 : ProgramSvf:  program pwm_demo_Runs/phy_1/pwm_demo.svf successfully
RUN-1003 : finish command "program_svf -svf pwm_demo_Runs/phy_1/pwm_demo.svf -spd 6" in  13.443776s wall, 0.375000s user + 0.140625s system = 0.515625s CPU (3.8%)

RUN-1004 : used memory is 136 MB, reserved memory is 320 MB, peak memory is 487 MB
RUN-1003 : finish command "download -bit pwm_demo_Runs\phy_1\pwm_demo.bit -mode program_riscv -hex2 F:\al\sf1_-project-master\sf1_-project-master\src\GPIO_LED\riscv_project\pwm\Debug\pwm.hex -spd 6 -sec 64 -cable 0" in  13.696864s wall, 0.453125s user + 0.203125s system = 0.656250s CPU (4.8%)

RUN-1004 : used memory is 136 MB, reserved memory is 320 MB, peak memory is 487 MB
GUI-1001 : Download success!
RUN-1002 : start command "download -bit pwm_demo_Runs\phy_1\pwm_demo.bit -mode program_riscv -hex2 F:\al\sf1_-project-master\sf1_-project-master\src\GPIO_LED\riscv_project\pwm\Debug\pwm.hex -spd 6 -sec 64 -cable 0"
PRG-2014 : Chip validation success: SF1S60
PRG-2505 : ProgramSvf:  program pwm_demo_Runs/phy_1/pwm_demo.svf successfully
RUN-1003 : finish command "program_svf -svf pwm_demo_Runs/phy_1/pwm_demo.svf -spd 6" in  13.708694s wall, 0.281250s user + 0.187500s system = 0.468750s CPU (3.4%)

RUN-1004 : used memory is 144 MB, reserved memory is 323 MB, peak memory is 487 MB
RUN-1003 : finish command "download -bit pwm_demo_Runs\phy_1\pwm_demo.bit -mode program_riscv -hex2 F:\al\sf1_-project-master\sf1_-project-master\src\GPIO_LED\riscv_project\pwm\Debug\pwm.hex -spd 6 -sec 64 -cable 0" in  13.916409s wall, 0.359375s user + 0.218750s system = 0.578125s CPU (4.2%)

RUN-1004 : used memory is 144 MB, reserved memory is 323 MB, peak memory is 487 MB
GUI-1001 : Download success!
RUN-1002 : start command "download -bit pwm_demo_Runs\phy_1\pwm_demo.bit -mode program_riscv -hex2 F:\al\sf1_-project-master\sf1_-project-master\src\GPIO_LED\riscv_project\pwm\Debug\pwm.hex -spd 6 -sec 64 -cable 0"
PRG-2014 : Chip validation success: SF1S60
PRG-2505 : ProgramSvf:  program pwm_demo_Runs/phy_1/pwm_demo.svf successfully
RUN-1003 : finish command "program_svf -svf pwm_demo_Runs/phy_1/pwm_demo.svf -spd 6" in  13.713632s wall, 0.312500s user + 0.484375s system = 0.796875s CPU (5.8%)

RUN-1004 : used memory is 138 MB, reserved memory is 319 MB, peak memory is 487 MB
RUN-1003 : finish command "download -bit pwm_demo_Runs\phy_1\pwm_demo.bit -mode program_riscv -hex2 F:\al\sf1_-project-master\sf1_-project-master\src\GPIO_LED\riscv_project\pwm\Debug\pwm.hex -spd 6 -sec 64 -cable 0" in  13.906250s wall, 0.390625s user + 0.515625s system = 0.906250s CPU (6.5%)

RUN-1004 : used memory is 138 MB, reserved memory is 319 MB, peak memory is 487 MB
GUI-1001 : Download success!
