============================================================
   Tang Dynasty, V5.6.59063
   Copyright (c) 2012-2022 Anlogic
   Executable = D:/XILINX_EXE/TD_5.6/bin/td.exe
   Built at =   12:45:13 Sep  6 2022
   Run by =     13456
   Run Date =   Sat Nov 11 21:35:25 2023

   Run on =     DESKTOP-1HJPLU7
============================================================
RUN-1001 : open_run phy_1.
RUN-1002 : start command "import_db F:/al/sf1_-project-master/sf1_-project-master/src/PWM/td_project/pwm_demo_Runs/phy_1/pwm_demo_pr.db"
RUN-1001 : Importing database generated by Tang Dynasty, V5.6.59063.
RUN-1001 : Database version number 46140.
RUN-1001 : Import flow parameters
PHY-1001 : Generate detailed routing grids ...
PHY-1001 : Generate nets ...
PHY-1001 : net I_clk_25m_dup_1 will be routed on clock mesh
PHY-5010 WARNING: Net u_ahb_pwm/I_ahb_hsize[2] is skipped due to 0 input or output
PHY-5010 WARNING: Net u_ahb_pwm/I_ahb_hsize[1] is skipped due to 0 input or output
PHY-5010 WARNING: Net u_ahb_pwm/I_ahb_hsize[0] is skipped due to 0 input or output
PHY-1001 : clock net u_ahb_pwm/pwm7/clk_div_syn_3 will be merged with clock u_ahb_pwm/pwm7/clk_div
PHY-1001 : clock net u_ahb_pwm/I_ahb_clk will be merged with clock u_pll/clk0_buf
PHY-1001 : clock net u_ahb_pwm/pwm0/clk_div_syn_3 will be merged with clock u_ahb_pwm/pwm0/clk_div
PHY-1001 : clock net u_ahb_pwm/pwm1/clk_div_syn_3 will be merged with clock u_ahb_pwm/pwm1/clk_div
PHY-1001 : clock net u_ahb_pwm/pwm2/clk_div_syn_3 will be merged with clock u_ahb_pwm/pwm2/clk_div
PHY-1001 : clock net u_ahb_pwm/pwm3/clk_div_syn_3 will be merged with clock u_ahb_pwm/pwm3/clk_div
PHY-1001 : clock net u_ahb_pwm/pwm6/clk_div_syn_3 will be merged with clock u_ahb_pwm/pwm6/clk_div
PHY-1001 : clock net u_ahb_pwm/pwm4/clk_div_syn_3 will be merged with clock u_ahb_pwm/pwm4/clk_div
PHY-1001 : clock net u_ahb_pwm/pwm5/clk_div_syn_3 will be merged with clock u_ahb_pwm/pwm5/clk_div
PHY-5010 WARNING: Net u_ahb_pwm/I_ahb_hsize[2] is skipped due to 0 input or output
PHY-5010 WARNING: Net u_ahb_pwm/I_ahb_hsize[1] is skipped due to 0 input or output
PHY-5010 WARNING: Net u_ahb_pwm/I_ahb_hsize[0] is skipped due to 0 input or output
PHY-1001 : eco open net = 0
PHY-5014 WARNING: Detail route doesn't find pib for u_pll/pll_inst.dsm_rst[0]
PHY-5014 WARNING: Detail route doesn't find pib for u_pll/pll_inst.ssc_en[0]
PHY-5014 WARNING: Detail route doesn't find pib for u_pll/pll_inst.dsm_refclk[0]
PHY-5014 WARNING: Detail route doesn't find pib for u_pll/pll_inst.frac_offset_valid[0]
PHY-1001 : 53 feed throughs used by 27 nets
RUN-1001 : Import timing constraints
RUN-1001 : Import IO constraints
RUN-1001 : Import Inst constraints
RUN-1001 : Import design success TD_VERSION=5.6.59063 , DB_VERSION=46140
RUN-1003 : finish command "import_db F:/al/sf1_-project-master/sf1_-project-master/src/PWM/td_project/pwm_demo_Runs/phy_1/pwm_demo_pr.db" in  2.517756s wall, 2.453125s user + 0.062500s system = 2.515625s CPU (99.9%)

RUN-1004 : used memory is 396 MB, reserved memory is 420 MB, peak memory is 548 MB
RUN-1002 : start command "report_timing"
RUN-1002 : start command "start_timer"
RUN-1002 : start command "end_timer"
RUN-1001 : reset_run syn_1 -step read_design.
RUN-1001 : reset_run phy_1.
RUN-1001 : launch_runs syn_1 -step opt_gate.
RUN-1001 : reset_run phy_1.
RUN-1001 : syn_1: run complete.
RUN-1001 : open_run syn_1.
RUN-1002 : start command "import_db F:/al/sf1_-project-master/sf1_-project-master/src/PWM/td_project/pwm_demo_Runs/syn_1/pwm_demo_gate.db"
RUN-1001 : Importing database generated by Tang Dynasty, V5.6.59063.
RUN-1001 : Database version number 46140.
RUN-1001 : Import flow parameters
RUN-1001 : Import timing constraints
RUN-1001 : Import IO constraints
RUN-1001 : Import Inst constraints
RUN-1001 : Import design success TD_VERSION=5.6.59063 , DB_VERSION=46140
RUN-1002 : start command "report_timing -mode ideal"
RUN-1002 : start command "start_timer"
RUN-1002 : start command "end_timer"
RUN-1001 : launch_runs phy_1 -step bitgen.
RUN-1001 : phy_1: run complete.
RUN-1001 : open_run phy_1.
RUN-1002 : start command "import_db F:/al/sf1_-project-master/sf1_-project-master/src/PWM/td_project/pwm_demo_Runs/phy_1/pwm_demo_pr.db"
RUN-1001 : Importing database generated by Tang Dynasty, V5.6.59063.
RUN-1001 : Database version number 46140.
RUN-1001 : Import flow parameters
PHY-1001 : Generate detailed routing grids ...
PHY-1001 : Generate nets ...
PHY-1001 : net I_clk_25m_dup_1 will be routed on clock mesh
PHY-5010 WARNING: Net u_ahb_pwm/I_ahb_hsize[2] is skipped due to 0 input or output
PHY-5010 WARNING: Net u_ahb_pwm/I_ahb_hsize[1] is skipped due to 0 input or output
PHY-5010 WARNING: Net u_ahb_pwm/I_ahb_hsize[0] is skipped due to 0 input or output
PHY-1001 : clock net u_ahb_pwm/I_ahb_clk will be merged with clock u_pll/clk0_buf
PHY-5010 WARNING: Net u_ahb_pwm/I_ahb_hsize[2] is skipped due to 0 input or output
PHY-5010 WARNING: Net u_ahb_pwm/I_ahb_hsize[1] is skipped due to 0 input or output
PHY-5010 WARNING: Net u_ahb_pwm/I_ahb_hsize[0] is skipped due to 0 input or output
PHY-1001 : eco open net = 0
PHY-5014 WARNING: Detail route doesn't find pib for u_pll/pll_inst.dsm_refclk[0]
PHY-5014 WARNING: Detail route doesn't find pib for u_pll/pll_inst.dsm_rst[0]
PHY-5014 WARNING: Detail route doesn't find pib for u_pll/pll_inst.ssc_en[0]
PHY-5014 WARNING: Detail route doesn't find pib for u_pll/pll_inst.frac_offset_valid[0]
PHY-1001 : 173 feed throughs used by 77 nets
RUN-1001 : Import timing constraints
RUN-1001 : Import IO constraints
RUN-1001 : Import Inst constraints
RUN-1001 : Import design success TD_VERSION=5.6.59063 , DB_VERSION=46140
RUN-1002 : start command "report_timing"
RUN-1002 : start command "start_timer"
RUN-1002 : start command "end_timer"
RUN-1002 : start command "download -bit pwm_demo_Runs\phy_1\pwm_demo.bit -mode program_riscv -hex2 F:\al\sf1_-project-master\sf1_-project-master\src\GPIO_LED\riscv_project\pwm\Debug\pwm.hex -spd 6 -sec 64 -cable 0"
PRG-2014 : Chip validation success: SF1S60
PRG-2505 : ProgramSvf:  program pwm_demo_Runs/phy_1/pwm_demo.svf successfully
RUN-1003 : finish command "program_svf -svf pwm_demo_Runs/phy_1/pwm_demo.svf -spd 6" in  13.253577s wall, 0.343750s user + 0.093750s system = 0.437500s CPU (3.3%)

RUN-1004 : used memory is 419 MB, reserved memory is 428 MB, peak memory is 548 MB
RUN-1003 : finish command "download -bit pwm_demo_Runs\phy_1\pwm_demo.bit -mode program_riscv -hex2 F:\al\sf1_-project-master\sf1_-project-master\src\GPIO_LED\riscv_project\pwm\Debug\pwm.hex -spd 6 -sec 64 -cable 0" in  13.465828s wall, 0.437500s user + 0.125000s system = 0.562500s CPU (4.2%)

RUN-1004 : used memory is 419 MB, reserved memory is 428 MB, peak memory is 548 MB
GUI-1001 : Download success!
RUN-1002 : start command "download -bit ..\..\GPIO_LED\riscv_project\pwm\Debug\pwm.hex -mode program_riscv -hex2 F:\al\sf1_-project-master\sf1_-project-master\src\GPIO_LED\riscv_project\pwm\Debug\pwm.hex -spd 6 -sec 64 -cable 0"
PRG-2014 : Chip validation success: SF1S60
PRG-8003 ERROR: Download: the bit file(..\..\GPIO_LED\riscv_project\pwm\Debug\pwm.hex) is invalid
GUI-8702 ERROR: Downloading failed!
RUN-1002 : start command "download -bit pwm_demo_Runs\phy_1\pwm_demo.bit -mode program_riscv -hex2 F:\al\sf1_-project-master\sf1_-project-master\src\GPIO_LED\riscv_project\pwm\Debug\pwm.hex -spd 6 -sec 64 -cable 0"
PRG-2014 : Chip validation success: SF1S60
PRG-2505 : ProgramSvf:  program pwm_demo_Runs/phy_1/pwm_demo.svf successfully
RUN-1003 : finish command "program_svf -svf pwm_demo_Runs/phy_1/pwm_demo.svf -spd 6" in  13.242592s wall, 0.218750s user + 0.187500s system = 0.406250s CPU (3.1%)

RUN-1004 : used memory is 421 MB, reserved memory is 429 MB, peak memory is 548 MB
RUN-1003 : finish command "download -bit pwm_demo_Runs\phy_1\pwm_demo.bit -mode program_riscv -hex2 F:\al\sf1_-project-master\sf1_-project-master\src\GPIO_LED\riscv_project\pwm\Debug\pwm.hex -spd 6 -sec 64 -cable 0" in  13.440237s wall, 0.312500s user + 0.203125s system = 0.515625s CPU (3.8%)

RUN-1004 : used memory is 421 MB, reserved memory is 429 MB, peak memory is 548 MB
GUI-1001 : Download success!
RUN-1002 : start command "download -bit pwm_demo_Runs\phy_1\pwm_demo.bit -mode program_riscv -hex2 F:\al\sf1_-project-master\sf1_-project-master\src\GPIO_LED\riscv_project\pwm\Debug\pwm.hex -spd 6 -sec 64 -cable 0"
PRG-2014 : Chip validation success: SF1S60
PRG-2505 : ProgramSvf:  program pwm_demo_Runs/phy_1/pwm_demo.svf successfully
RUN-1003 : finish command "program_svf -svf pwm_demo_Runs/phy_1/pwm_demo.svf -spd 6" in  13.093042s wall, 0.265625s user + 0.234375s system = 0.500000s CPU (3.8%)

RUN-1004 : used memory is 421 MB, reserved memory is 429 MB, peak memory is 548 MB
RUN-1003 : finish command "download -bit pwm_demo_Runs\phy_1\pwm_demo.bit -mode program_riscv -hex2 F:\al\sf1_-project-master\sf1_-project-master\src\GPIO_LED\riscv_project\pwm\Debug\pwm.hex -spd 6 -sec 64 -cable 0" in  13.294601s wall, 0.390625s user + 0.250000s system = 0.640625s CPU (4.8%)

RUN-1004 : used memory is 421 MB, reserved memory is 429 MB, peak memory is 548 MB
GUI-1001 : Download success!
RUN-1002 : start command "download -bit pwm_demo_Runs\phy_1\pwm_demo.bit -mode program_riscv -hex2 F:\al\sf1_-project-master\sf1_-project-master\src\GPIO_LED\riscv_project\pwm\Debug\pwm.hex -spd 6 -sec 64 -cable 0"
PRG-2014 : Chip validation success: SF1S60
PRG-2505 : ProgramSvf:  program pwm_demo_Runs/phy_1/pwm_demo.svf successfully
RUN-1003 : finish command "program_svf -svf pwm_demo_Runs/phy_1/pwm_demo.svf -spd 6" in  13.181709s wall, 0.343750s user + 0.171875s system = 0.515625s CPU (3.9%)

RUN-1004 : used memory is 426 MB, reserved memory is 433 MB, peak memory is 548 MB
RUN-1003 : finish command "download -bit pwm_demo_Runs\phy_1\pwm_demo.bit -mode program_riscv -hex2 F:\al\sf1_-project-master\sf1_-project-master\src\GPIO_LED\riscv_project\pwm\Debug\pwm.hex -spd 6 -sec 64 -cable 0" in  13.380640s wall, 0.437500s user + 0.187500s system = 0.625000s CPU (4.7%)

RUN-1004 : used memory is 426 MB, reserved memory is 433 MB, peak memory is 548 MB
GUI-1001 : Download success!
RUN-1002 : start command "download -bit pwm_demo_Runs\phy_1\pwm_demo.bit -mode program_riscv -hex2 F:\al\sf1_-project-master\sf1_-project-master\src\GPIO_LED\riscv_project\pwm\Debug\pwm.hex -spd 6 -sec 64 -cable 0"
PRG-2014 : Chip validation success: SF1S60
PRG-2505 : ProgramSvf:  program pwm_demo_Runs/phy_1/pwm_demo.svf successfully
RUN-1003 : finish command "program_svf -svf pwm_demo_Runs/phy_1/pwm_demo.svf -spd 6" in  13.290264s wall, 0.375000s user + 0.171875s system = 0.546875s CPU (4.1%)

RUN-1004 : used memory is 433 MB, reserved memory is 439 MB, peak memory is 548 MB
RUN-1003 : finish command "download -bit pwm_demo_Runs\phy_1\pwm_demo.bit -mode program_riscv -hex2 F:\al\sf1_-project-master\sf1_-project-master\src\GPIO_LED\riscv_project\pwm\Debug\pwm.hex -spd 6 -sec 64 -cable 0" in  13.487436s wall, 0.484375s user + 0.171875s system = 0.656250s CPU (4.9%)

RUN-1004 : used memory is 433 MB, reserved memory is 439 MB, peak memory is 548 MB
GUI-1001 : Download success!
RUN-1002 : start command "download -bit pwm_demo_Runs\phy_1\pwm_demo.bit -mode program_riscv -hex2 F:\al\sf1_-project-master\sf1_-project-master\src\GPIO_LED\riscv_project\pwm\Debug\pwm.hex -spd 6 -sec 64 -cable 0"
PRG-2014 : Chip validation success: SF1S60
PRG-2505 : ProgramSvf:  program pwm_demo_Runs/phy_1/pwm_demo.svf successfully
RUN-1003 : finish command "program_svf -svf pwm_demo_Runs/phy_1/pwm_demo.svf -spd 6" in  13.299498s wall, 0.390625s user + 0.296875s system = 0.687500s CPU (5.2%)

RUN-1004 : used memory is 431 MB, reserved memory is 439 MB, peak memory is 548 MB
RUN-1003 : finish command "download -bit pwm_demo_Runs\phy_1\pwm_demo.bit -mode program_riscv -hex2 F:\al\sf1_-project-master\sf1_-project-master\src\GPIO_LED\riscv_project\pwm\Debug\pwm.hex -spd 6 -sec 64 -cable 0" in  13.487234s wall, 0.484375s user + 0.312500s system = 0.796875s CPU (5.9%)

RUN-1004 : used memory is 431 MB, reserved memory is 439 MB, peak memory is 548 MB
GUI-1001 : Download success!
RUN-1002 : start command "download -bit pwm_demo_Runs\phy_1\pwm_demo.bit -mode program_riscv -hex2 F:\al\sf1_-project-master\sf1_-project-master\src\GPIO_LED\riscv_project\pwm\Debug\pwm.hex -spd 6 -sec 64 -cable 0"
PRG-2014 : Chip validation success: SF1S60
PRG-2505 : ProgramSvf:  program pwm_demo_Runs/phy_1/pwm_demo.svf successfully
RUN-1003 : finish command "program_svf -svf pwm_demo_Runs/phy_1/pwm_demo.svf -spd 6" in  13.265245s wall, 0.343750s user + 0.281250s system = 0.625000s CPU (4.7%)

RUN-1004 : used memory is 431 MB, reserved memory is 439 MB, peak memory is 548 MB
RUN-1003 : finish command "download -bit pwm_demo_Runs\phy_1\pwm_demo.bit -mode program_riscv -hex2 F:\al\sf1_-project-master\sf1_-project-master\src\GPIO_LED\riscv_project\pwm\Debug\pwm.hex -spd 6 -sec 64 -cable 0" in  13.456851s wall, 0.437500s user + 0.281250s system = 0.718750s CPU (5.3%)

RUN-1004 : used memory is 431 MB, reserved memory is 439 MB, peak memory is 548 MB
GUI-1001 : Download success!
RUN-1002 : start command "download -bit pwm_demo_Runs\phy_1\pwm_demo.bit -mode program_riscv -hex2 F:\al\sf1_-project-master\sf1_-project-master\src\GPIO_LED\riscv_project\pwm\Debug\pwm.hex -spd 6 -sec 64 -cable 0"
PRG-2014 : Chip validation success: SF1S60
PRG-2505 : ProgramSvf:  program pwm_demo_Runs/phy_1/pwm_demo.svf successfully
RUN-1003 : finish command "program_svf -svf pwm_demo_Runs/phy_1/pwm_demo.svf -spd 6" in  13.393576s wall, 0.343750s user + 0.187500s system = 0.531250s CPU (4.0%)

RUN-1004 : used memory is 432 MB, reserved memory is 439 MB, peak memory is 548 MB
RUN-1003 : finish command "download -bit pwm_demo_Runs\phy_1\pwm_demo.bit -mode program_riscv -hex2 F:\al\sf1_-project-master\sf1_-project-master\src\GPIO_LED\riscv_project\pwm\Debug\pwm.hex -spd 6 -sec 64 -cable 0" in  13.598393s wall, 0.468750s user + 0.203125s system = 0.671875s CPU (4.9%)

RUN-1004 : used memory is 432 MB, reserved memory is 439 MB, peak memory is 548 MB
GUI-1001 : Download success!
HDL-1007 : analyze verilog file ahb_pwm.v
RUN-1001 : reset_run syn_1 -step read_design.
RUN-1001 : reset_run phy_1.
RUN-1001 : launch_runs syn_1 -step opt_gate.
RUN-1001 : reset_run phy_1.
GUI-6001 WARNING: File F:/al/sf1_-project-master/sf1_-project-master/src/PWM/td_project/pwm_demo_Runs/phy_1/pwm_demo.bit does not exist!
RUN-1001 : syn_1: run complete.
RUN-1001 : open_run syn_1.
RUN-1002 : start command "import_db F:/al/sf1_-project-master/sf1_-project-master/src/PWM/td_project/pwm_demo_Runs/syn_1/pwm_demo_gate.db"
RUN-1001 : Importing database generated by Tang Dynasty, V5.6.59063.
RUN-1001 : Database version number 46140.
RUN-1001 : Import flow parameters
RUN-1001 : Import timing constraints
RUN-1001 : Import IO constraints
RUN-1001 : Import Inst constraints
RUN-1001 : Import design success TD_VERSION=5.6.59063 , DB_VERSION=46140
RUN-1002 : start command "report_timing -mode ideal"
RUN-1002 : start command "start_timer"
RUN-1002 : start command "end_timer"
RUN-1001 : launch_runs phy_1 -step bitgen.
RUN-1001 : phy_1: run complete.
RUN-1001 : open_run phy_1.
RUN-1002 : start command "import_db F:/al/sf1_-project-master/sf1_-project-master/src/PWM/td_project/pwm_demo_Runs/phy_1/pwm_demo_pr.db"
RUN-1001 : Importing database generated by Tang Dynasty, V5.6.59063.
RUN-1001 : Database version number 46140.
RUN-1001 : Import flow parameters
PHY-1001 : Generate detailed routing grids ...
PHY-1001 : Generate nets ...
PHY-1001 : net I_clk_25m_dup_1 will be routed on clock mesh
PHY-5010 WARNING: Net u_ahb_pwm/I_ahb_hsize[2] is skipped due to 0 input or output
PHY-5010 WARNING: Net u_ahb_pwm/I_ahb_hsize[1] is skipped due to 0 input or output
PHY-5010 WARNING: Net u_ahb_pwm/I_ahb_hsize[0] is skipped due to 0 input or output
PHY-1001 : clock net u_ahb_pwm/I_ahb_clk will be merged with clock u_pll/clk0_buf
PHY-5010 WARNING: Net u_ahb_pwm/I_ahb_hsize[2] is skipped due to 0 input or output
PHY-5010 WARNING: Net u_ahb_pwm/I_ahb_hsize[1] is skipped due to 0 input or output
PHY-5010 WARNING: Net u_ahb_pwm/I_ahb_hsize[0] is skipped due to 0 input or output
PHY-1001 : eco open net = 0
PHY-5014 WARNING: Detail route doesn't find pib for u_pll/pll_inst.frac_offset_valid[0]
PHY-5014 WARNING: Detail route doesn't find pib for u_pll/pll_inst.dsm_refclk[0]
PHY-5014 WARNING: Detail route doesn't find pib for u_pll/pll_inst.dsm_rst[0]
PHY-5014 WARNING: Detail route doesn't find pib for u_pll/pll_inst.ssc_en[0]
PHY-1001 : 180 feed throughs used by 75 nets
RUN-1001 : Import timing constraints
RUN-1001 : Import IO constraints
RUN-1001 : Import Inst constraints
RUN-1001 : Import design success TD_VERSION=5.6.59063 , DB_VERSION=46140
RUN-1002 : start command "report_timing"
RUN-1002 : start command "start_timer"
RUN-1002 : start command "end_timer"
RUN-1002 : start command "download -bit pwm_demo_Runs\phy_1\pwm_demo.bit -mode program_riscv -hex2 F:\al\sf1_-project-master\sf1_-project-master\src\GPIO_LED\riscv_project\pwm\Debug\pwm.hex -spd 6 -sec 64 -cable 0"
PRG-2014 : Chip validation success: SF1S60
PRG-2505 : ProgramSvf:  program pwm_demo_Runs/phy_1/pwm_demo.svf successfully
RUN-1003 : finish command "program_svf -svf pwm_demo_Runs/phy_1/pwm_demo.svf -spd 6" in  13.334948s wall, 0.234375s user + 0.296875s system = 0.531250s CPU (4.0%)

RUN-1004 : used memory is 359 MB, reserved memory is 432 MB, peak memory is 548 MB
RUN-1003 : finish command "download -bit pwm_demo_Runs\phy_1\pwm_demo.bit -mode program_riscv -hex2 F:\al\sf1_-project-master\sf1_-project-master\src\GPIO_LED\riscv_project\pwm\Debug\pwm.hex -spd 6 -sec 64 -cable 0" in  13.539521s wall, 0.343750s user + 0.312500s system = 0.656250s CPU (4.8%)

RUN-1004 : used memory is 359 MB, reserved memory is 432 MB, peak memory is 548 MB
GUI-1001 : Download success!
HDL-1007 : analyze verilog file ahb_pwm.v
RUN-1001 : reset_run syn_1 -step read_design.
RUN-1001 : reset_run phy_1.
RUN-1001 : launch_runs syn_1 -step opt_gate.
RUN-1001 : reset_run phy_1.
GUI-6001 WARNING: File F:/al/sf1_-project-master/sf1_-project-master/src/PWM/td_project/pwm_demo_Runs/phy_1/pwm_demo.bit does not exist!
RUN-1001 : syn_1: run complete.
RUN-1001 : open_run syn_1.
RUN-1002 : start command "import_db F:/al/sf1_-project-master/sf1_-project-master/src/PWM/td_project/pwm_demo_Runs/syn_1/pwm_demo_gate.db"
RUN-1001 : Importing database generated by Tang Dynasty, V5.6.59063.
RUN-1001 : Database version number 46140.
RUN-1001 : Import flow parameters
RUN-1001 : Import timing constraints
RUN-1001 : Import IO constraints
RUN-1001 : Import Inst constraints
RUN-1001 : Import design success TD_VERSION=5.6.59063 , DB_VERSION=46140
RUN-1002 : start command "report_timing -mode ideal"
RUN-1002 : start command "start_timer"
RUN-1002 : start command "end_timer"
RUN-1001 : launch_runs phy_1 -step bitgen.
RUN-1001 : phy_1: run complete.
RUN-1001 : open_run phy_1.
RUN-1002 : start command "import_db F:/al/sf1_-project-master/sf1_-project-master/src/PWM/td_project/pwm_demo_Runs/phy_1/pwm_demo_pr.db"
RUN-1001 : Importing database generated by Tang Dynasty, V5.6.59063.
RUN-1001 : Database version number 46140.
RUN-1001 : Import flow parameters
PHY-1001 : Generate detailed routing grids ...
PHY-1001 : Generate nets ...
PHY-1001 : net I_clk_25m_dup_1 will be routed on clock mesh
PHY-5010 WARNING: Net u_ahb_pwm/I_ahb_hsize[2] is skipped due to 0 input or output
PHY-5010 WARNING: Net u_ahb_pwm/I_ahb_hsize[1] is skipped due to 0 input or output
PHY-5010 WARNING: Net u_ahb_pwm/I_ahb_hsize[0] is skipped due to 0 input or output
PHY-1001 : clock net u_ahb_pwm/I_ahb_clk will be merged with clock u_pll/clk0_buf
PHY-5010 WARNING: Net u_ahb_pwm/I_ahb_hsize[2] is skipped due to 0 input or output
PHY-5010 WARNING: Net u_ahb_pwm/I_ahb_hsize[1] is skipped due to 0 input or output
PHY-5010 WARNING: Net u_ahb_pwm/I_ahb_hsize[0] is skipped due to 0 input or output
PHY-1001 : eco open net = 0
PHY-5014 WARNING: Detail route doesn't find pib for u_pll/pll_inst.frac_offset_valid[0]
PHY-5014 WARNING: Detail route doesn't find pib for u_pll/pll_inst.ssc_en[0]
PHY-5014 WARNING: Detail route doesn't find pib for u_pll/pll_inst.dsm_refclk[0]
PHY-5014 WARNING: Detail route doesn't find pib for u_pll/pll_inst.dsm_rst[0]
PHY-1001 : 131 feed throughs used by 66 nets
RUN-1001 : Import timing constraints
RUN-1001 : Import IO constraints
RUN-1001 : Import Inst constraints
RUN-1001 : Import design success TD_VERSION=5.6.59063 , DB_VERSION=46140
RUN-1002 : start command "report_timing"
RUN-1002 : start command "start_timer"
RUN-1002 : start command "end_timer"
RUN-1002 : start command "download -bit pwm_demo_Runs\phy_1\pwm_demo.bit -mode program_riscv -hex2 F:\al\sf1_-project-master\sf1_-project-master\src\GPIO_LED\riscv_project\pwm\Debug\pwm.hex -spd 6 -sec 64 -cable 0"
PRG-2014 : Chip validation success: SF1S60
PRG-2505 : ProgramSvf:  program pwm_demo_Runs/phy_1/pwm_demo.svf successfully
RUN-1003 : finish command "program_svf -svf pwm_demo_Runs/phy_1/pwm_demo.svf -spd 6" in  13.355896s wall, 0.250000s user + 0.250000s system = 0.500000s CPU (3.7%)

RUN-1004 : used memory is 360 MB, reserved memory is 435 MB, peak memory is 548 MB
RUN-1003 : finish command "download -bit pwm_demo_Runs\phy_1\pwm_demo.bit -mode program_riscv -hex2 F:\al\sf1_-project-master\sf1_-project-master\src\GPIO_LED\riscv_project\pwm\Debug\pwm.hex -spd 6 -sec 64 -cable 0" in  13.552453s wall, 0.343750s user + 0.265625s system = 0.609375s CPU (4.5%)

RUN-1004 : used memory is 360 MB, reserved memory is 435 MB, peak memory is 548 MB
GUI-1001 : Download success!
HDL-1007 : analyze verilog file ahb_pwm.v
RUN-1001 : reset_run syn_1 -step read_design.
RUN-1001 : reset_run phy_1.
RUN-1001 : launch_runs syn_1 -step opt_gate.
RUN-1001 : reset_run phy_1.
GUI-6001 WARNING: File F:/al/sf1_-project-master/sf1_-project-master/src/PWM/td_project/pwm_demo_Runs/phy_1/pwm_demo.bit does not exist!
RUN-1001 : syn_1: run complete.
RUN-1001 : open_run syn_1.
RUN-1002 : start command "import_db F:/al/sf1_-project-master/sf1_-project-master/src/PWM/td_project/pwm_demo_Runs/syn_1/pwm_demo_gate.db"
RUN-1001 : Importing database generated by Tang Dynasty, V5.6.59063.
RUN-1001 : Database version number 46140.
RUN-1001 : Import flow parameters
RUN-1001 : Import timing constraints
RUN-1001 : Import IO constraints
RUN-1001 : Import Inst constraints
RUN-1001 : Import design success TD_VERSION=5.6.59063 , DB_VERSION=46140
RUN-1002 : start command "report_timing -mode ideal"
RUN-1002 : start command "start_timer"
RUN-1002 : start command "end_timer"
RUN-1001 : launch_runs phy_1 -step bitgen.
RUN-1001 : phy_1: run complete.
RUN-1001 : open_run phy_1.
RUN-1002 : start command "import_db F:/al/sf1_-project-master/sf1_-project-master/src/PWM/td_project/pwm_demo_Runs/phy_1/pwm_demo_pr.db"
RUN-1001 : Importing database generated by Tang Dynasty, V5.6.59063.
RUN-1001 : Database version number 46140.
RUN-1001 : Import flow parameters
PHY-1001 : Generate detailed routing grids ...
PHY-1001 : Generate nets ...
PHY-1001 : net I_clk_25m_dup_1 will be routed on clock mesh
PHY-5010 WARNING: Net u_ahb_pwm/I_ahb_hsize[2] is skipped due to 0 input or output
PHY-5010 WARNING: Net u_ahb_pwm/I_ahb_hsize[1] is skipped due to 0 input or output
PHY-5010 WARNING: Net u_ahb_pwm/I_ahb_hsize[0] is skipped due to 0 input or output
PHY-1001 : clock net u_ahb_pwm/I_ahb_clk will be merged with clock u_pll/clk0_buf
PHY-5010 WARNING: Net u_ahb_pwm/I_ahb_hsize[2] is skipped due to 0 input or output
PHY-5010 WARNING: Net u_ahb_pwm/I_ahb_hsize[1] is skipped due to 0 input or output
PHY-5010 WARNING: Net u_ahb_pwm/I_ahb_hsize[0] is skipped due to 0 input or output
PHY-1001 : eco open net = 0
PHY-5014 WARNING: Detail route doesn't find pib for u_pll/pll_inst.dsm_refclk[0]
PHY-5014 WARNING: Detail route doesn't find pib for u_pll/pll_inst.ssc_en[0]
PHY-5014 WARNING: Detail route doesn't find pib for u_pll/pll_inst.frac_offset_valid[0]
PHY-5014 WARNING: Detail route doesn't find pib for u_pll/pll_inst.dsm_rst[0]
PHY-1001 : 1 feed throughs used by 1 nets
RUN-1001 : Import timing constraints
RUN-1001 : Import IO constraints
RUN-1001 : Import Inst constraints
RUN-1001 : Import design success TD_VERSION=5.6.59063 , DB_VERSION=46140
RUN-1002 : start command "report_timing"
RUN-1002 : start command "start_timer"
RUN-1002 : start command "end_timer"
RUN-1002 : start command "download -bit pwm_demo_Runs\phy_1\pwm_demo.bit -mode program_riscv -hex2 F:\al\sf1_-project-master\sf1_-project-master\src\GPIO_LED\riscv_project\pwm\Debug\pwm.hex -spd 6 -sec 64 -cable 0"
PRG-2014 : Chip validation success: SF1S60
PRG-2505 : ProgramSvf:  program pwm_demo_Runs/phy_1/pwm_demo.svf successfully
RUN-1003 : finish command "program_svf -svf pwm_demo_Runs/phy_1/pwm_demo.svf -spd 6" in  13.319027s wall, 0.234375s user + 0.234375s system = 0.468750s CPU (3.5%)

RUN-1004 : used memory is 368 MB, reserved memory is 444 MB, peak memory is 548 MB
RUN-1003 : finish command "download -bit pwm_demo_Runs\phy_1\pwm_demo.bit -mode program_riscv -hex2 F:\al\sf1_-project-master\sf1_-project-master\src\GPIO_LED\riscv_project\pwm\Debug\pwm.hex -spd 6 -sec 64 -cable 0" in  13.524356s wall, 0.343750s user + 0.265625s system = 0.609375s CPU (4.5%)

RUN-1004 : used memory is 368 MB, reserved memory is 444 MB, peak memory is 548 MB
GUI-1001 : Download success!
HDL-1007 : analyze verilog file ahb_pwm.v
RUN-1001 : reset_run syn_1.
RUN-1001 : launch_runs syn_1 -step opt_gate.
RUN-1001 : reset_run phy_1.
GUI-6001 WARNING: File F:/al/sf1_-project-master/sf1_-project-master/src/PWM/td_project/pwm_demo_Runs/phy_1/pwm_demo.bit does not exist!
RUN-1001 : syn_1: run complete.
RUN-1001 : open_run syn_1.
RUN-1002 : start command "import_db F:/al/sf1_-project-master/sf1_-project-master/src/PWM/td_project/pwm_demo_Runs/syn_1/pwm_demo_gate.db"
RUN-1001 : Importing database generated by Tang Dynasty, V5.6.59063.
RUN-1001 : Database version number 46140.
RUN-1001 : Import flow parameters
RUN-1001 : Import timing constraints
RUN-1001 : Import IO constraints
RUN-1001 : Import Inst constraints
RUN-1001 : Import design success TD_VERSION=5.6.59063 , DB_VERSION=46140
RUN-1002 : start command "report_timing -mode ideal"
RUN-1002 : start command "start_timer"
RUN-1002 : start command "end_timer"
RUN-1001 : launch_runs phy_1 -step bitgen.
RUN-1001 : phy_1: run complete.
RUN-1001 : open_run phy_1.
RUN-1002 : start command "import_db F:/al/sf1_-project-master/sf1_-project-master/src/PWM/td_project/pwm_demo_Runs/phy_1/pwm_demo_pr.db"
RUN-1001 : Importing database generated by Tang Dynasty, V5.6.59063.
RUN-1001 : Database version number 46140.
RUN-1001 : Import flow parameters
PHY-1001 : Generate detailed routing grids ...
PHY-1001 : Generate nets ...
PHY-1001 : net I_clk_25m_dup_1 will be routed on clock mesh
PHY-5010 WARNING: Net u_ahb_pwm/I_ahb_hsize[2] is skipped due to 0 input or output
PHY-5010 WARNING: Net u_ahb_pwm/I_ahb_hsize[1] is skipped due to 0 input or output
PHY-5010 WARNING: Net u_ahb_pwm/I_ahb_hsize[0] is skipped due to 0 input or output
PHY-1001 : clock net u_ahb_pwm/I_ahb_clk will be merged with clock u_pll/clk0_buf
PHY-5010 WARNING: Net u_ahb_pwm/I_ahb_hsize[2] is skipped due to 0 input or output
PHY-5010 WARNING: Net u_ahb_pwm/I_ahb_hsize[1] is skipped due to 0 input or output
PHY-5010 WARNING: Net u_ahb_pwm/I_ahb_hsize[0] is skipped due to 0 input or output
PHY-1001 : eco open net = 0
PHY-5014 WARNING: Detail route doesn't find pib for u_pll/pll_inst.frac_offset_valid[0]
PHY-5014 WARNING: Detail route doesn't find pib for u_pll/pll_inst.dsm_rst[0]
PHY-5014 WARNING: Detail route doesn't find pib for u_pll/pll_inst.dsm_refclk[0]
PHY-5014 WARNING: Detail route doesn't find pib for u_pll/pll_inst.ssc_en[0]
PHY-1001 : 1 feed throughs used by 1 nets
RUN-1001 : Import timing constraints
RUN-1001 : Import IO constraints
RUN-1001 : Import Inst constraints
RUN-1001 : Import design success TD_VERSION=5.6.59063 , DB_VERSION=46140
RUN-1002 : start command "report_timing"
RUN-1002 : start command "start_timer"
RUN-1002 : start command "end_timer"
RUN-1002 : start command "download -bit pwm_demo_Runs\phy_1\pwm_demo.bit -mode program_riscv -hex2 F:\al\sf1_-project-master\sf1_-project-master\src\GPIO_LED\riscv_project\pwm\Debug\pwm.hex -spd 6 -sec 64 -cable 0"
PRG-2014 : Chip validation success: SF1S60
PRG-2505 : ProgramSvf:  program pwm_demo_Runs/phy_1/pwm_demo.svf successfully
RUN-1003 : finish command "program_svf -svf pwm_demo_Runs/phy_1/pwm_demo.svf -spd 6" in  13.359466s wall, 0.281250s user + 0.203125s system = 0.484375s CPU (3.6%)

RUN-1004 : used memory is 372 MB, reserved memory is 444 MB, peak memory is 548 MB
RUN-1003 : finish command "download -bit pwm_demo_Runs\phy_1\pwm_demo.bit -mode program_riscv -hex2 F:\al\sf1_-project-master\sf1_-project-master\src\GPIO_LED\riscv_project\pwm\Debug\pwm.hex -spd 6 -sec 64 -cable 0" in  13.552838s wall, 0.390625s user + 0.203125s system = 0.593750s CPU (4.4%)

RUN-1004 : used memory is 372 MB, reserved memory is 444 MB, peak memory is 548 MB
GUI-1001 : Download success!
RUN-1002 : start command "download -bit pwm_demo_Runs\phy_1\pwm_demo.bit -mode program_riscv -hex2 F:\al\sf1_-project-master\sf1_-project-master\src\GPIO_LED\riscv_project\pwm\Debug\pwm.hex -spd 6 -sec 64 -cable 0"
PRG-2014 : Chip validation success: SF1S60
PRG-2505 : ProgramSvf:  program pwm_demo_Runs/phy_1/pwm_demo.svf successfully
RUN-1003 : finish command "program_svf -svf pwm_demo_Runs/phy_1/pwm_demo.svf -spd 6" in  13.346133s wall, 0.218750s user + 0.296875s system = 0.515625s CPU (3.9%)

RUN-1004 : used memory is 370 MB, reserved memory is 443 MB, peak memory is 548 MB
RUN-1003 : finish command "download -bit pwm_demo_Runs\phy_1\pwm_demo.bit -mode program_riscv -hex2 F:\al\sf1_-project-master\sf1_-project-master\src\GPIO_LED\riscv_project\pwm\Debug\pwm.hex -spd 6 -sec 64 -cable 0" in  13.538088s wall, 0.296875s user + 0.328125s system = 0.625000s CPU (4.6%)

RUN-1004 : used memory is 370 MB, reserved memory is 443 MB, peak memory is 548 MB
GUI-1001 : Download success!
HDL-1007 : analyze verilog file ahb_pwm.v
RUN-1001 : reset_run syn_1.
RUN-1001 : launch_runs syn_1 -step opt_gate.
RUN-1001 : reset_run phy_1.
GUI-6001 WARNING: File F:/al/sf1_-project-master/sf1_-project-master/src/PWM/td_project/pwm_demo_Runs/phy_1/pwm_demo.bit does not exist!
RUN-1001 : syn_1: run complete.
RUN-1001 : open_run syn_1.
RUN-1002 : start command "import_db F:/al/sf1_-project-master/sf1_-project-master/src/PWM/td_project/pwm_demo_Runs/syn_1/pwm_demo_gate.db"
RUN-1001 : Importing database generated by Tang Dynasty, V5.6.59063.
RUN-1001 : Database version number 46140.
RUN-1001 : Import flow parameters
RUN-1001 : Import timing constraints
RUN-1001 : Import IO constraints
RUN-1001 : Import Inst constraints
RUN-1001 : Import design success TD_VERSION=5.6.59063 , DB_VERSION=46140
RUN-1002 : start command "report_timing -mode ideal"
RUN-1002 : start command "start_timer"
RUN-1002 : start command "end_timer"
RUN-1001 : launch_runs phy_1 -step bitgen.
RUN-1001 : phy_1: run complete.
RUN-1001 : open_run phy_1.
RUN-1002 : start command "import_db F:/al/sf1_-project-master/sf1_-project-master/src/PWM/td_project/pwm_demo_Runs/phy_1/pwm_demo_pr.db"
RUN-1001 : Importing database generated by Tang Dynasty, V5.6.59063.
RUN-1001 : Database version number 46140.
RUN-1001 : Import flow parameters
PHY-1001 : Generate detailed routing grids ...
PHY-1001 : Generate nets ...
PHY-1001 : net I_clk_25m_dup_1 will be routed on clock mesh
PHY-5010 WARNING: Net u_ahb_pwm/I_ahb_hsize[2] is skipped due to 0 input or output
PHY-5010 WARNING: Net u_ahb_pwm/I_ahb_hsize[1] is skipped due to 0 input or output
PHY-5010 WARNING: Net u_ahb_pwm/I_ahb_hsize[0] is skipped due to 0 input or output
PHY-1001 : clock net u_ahb_pwm/I_ahb_clk will be merged with clock u_pll/clk0_buf
PHY-5010 WARNING: Net u_ahb_pwm/I_ahb_hsize[2] is skipped due to 0 input or output
PHY-5010 WARNING: Net u_ahb_pwm/I_ahb_hsize[1] is skipped due to 0 input or output
PHY-5010 WARNING: Net u_ahb_pwm/I_ahb_hsize[0] is skipped due to 0 input or output
PHY-1001 : eco open net = 0
PHY-5014 WARNING: Detail route doesn't find pib for u_pll/pll_inst.frac_offset_valid[0]
PHY-5014 WARNING: Detail route doesn't find pib for u_pll/pll_inst.ssc_en[0]
PHY-5014 WARNING: Detail route doesn't find pib for u_pll/pll_inst.dsm_refclk[0]
PHY-5014 WARNING: Detail route doesn't find pib for u_pll/pll_inst.dsm_rst[0]
PHY-1001 : 1 feed throughs used by 1 nets
RUN-1001 : Import timing constraints
RUN-1001 : Import IO constraints
RUN-1001 : Import Inst constraints
RUN-1001 : Import design success TD_VERSION=5.6.59063 , DB_VERSION=46140
RUN-1002 : start command "report_timing"
RUN-1002 : start command "start_timer"
RUN-1002 : start command "end_timer"
RUN-1002 : start command "download -bit pwm_demo_Runs\phy_1\pwm_demo.bit -mode program_riscv -hex2 F:\al\sf1_-project-master\sf1_-project-master\src\GPIO_LED\riscv_project\pwm\Debug\pwm.hex -spd 6 -sec 64 -cable 0"
PRG-2014 : Chip validation success: SF1S60
PRG-2505 : ProgramSvf:  program pwm_demo_Runs/phy_1/pwm_demo.svf successfully
RUN-1003 : finish command "program_svf -svf pwm_demo_Runs/phy_1/pwm_demo.svf -spd 6" in  13.224988s wall, 0.343750s user + 0.453125s system = 0.796875s CPU (6.0%)

RUN-1004 : used memory is 375 MB, reserved memory is 446 MB, peak memory is 548 MB
RUN-1003 : finish command "download -bit pwm_demo_Runs\phy_1\pwm_demo.bit -mode program_riscv -hex2 F:\al\sf1_-project-master\sf1_-project-master\src\GPIO_LED\riscv_project\pwm\Debug\pwm.hex -spd 6 -sec 64 -cable 0" in  13.424982s wall, 0.453125s user + 0.484375s system = 0.937500s CPU (7.0%)

RUN-1004 : used memory is 375 MB, reserved memory is 446 MB, peak memory is 548 MB
GUI-1001 : Download success!
HDL-1007 : analyze verilog file ahb_pwm.v
RUN-1001 : reset_run syn_1.
RUN-1001 : launch_runs syn_1 -step opt_gate.
RUN-1001 : reset_run phy_1.
GUI-6001 WARNING: File F:/al/sf1_-project-master/sf1_-project-master/src/PWM/td_project/pwm_demo_Runs/phy_1/pwm_demo.bit does not exist!
RUN-1001 : syn_1: run complete.
RUN-1001 : open_run syn_1.
RUN-1002 : start command "import_db F:/al/sf1_-project-master/sf1_-project-master/src/PWM/td_project/pwm_demo_Runs/syn_1/pwm_demo_gate.db"
RUN-1001 : Importing database generated by Tang Dynasty, V5.6.59063.
RUN-1001 : Database version number 46140.
RUN-1001 : Import flow parameters
RUN-1001 : Import timing constraints
RUN-1001 : Import IO constraints
RUN-1001 : Import Inst constraints
RUN-1001 : Import design success TD_VERSION=5.6.59063 , DB_VERSION=46140
RUN-1002 : start command "report_timing -mode ideal"
RUN-1002 : start command "start_timer"
RUN-1002 : start command "end_timer"
RUN-1001 : launch_runs phy_1 -step bitgen.
RUN-1001 : phy_1: run complete.
RUN-1001 : open_run phy_1.
RUN-1002 : start command "import_db F:/al/sf1_-project-master/sf1_-project-master/src/PWM/td_project/pwm_demo_Runs/phy_1/pwm_demo_pr.db"
RUN-1001 : Importing database generated by Tang Dynasty, V5.6.59063.
RUN-1001 : Database version number 46140.
RUN-1001 : Import flow parameters
PHY-1001 : Generate detailed routing grids ...
PHY-1001 : Generate nets ...
PHY-1001 : net I_clk_25m_dup_1 will be routed on clock mesh
PHY-5010 WARNING: Net u_ahb_pwm/I_ahb_hsize[2] is skipped due to 0 input or output
PHY-5010 WARNING: Net u_ahb_pwm/I_ahb_hsize[1] is skipped due to 0 input or output
PHY-5010 WARNING: Net u_ahb_pwm/I_ahb_hsize[0] is skipped due to 0 input or output
PHY-1001 : clock net u_ahb_pwm/I_ahb_clk will be merged with clock u_pll/clk0_buf
PHY-5010 WARNING: Net u_ahb_pwm/I_ahb_hsize[2] is skipped due to 0 input or output
PHY-5010 WARNING: Net u_ahb_pwm/I_ahb_hsize[1] is skipped due to 0 input or output
PHY-5010 WARNING: Net u_ahb_pwm/I_ahb_hsize[0] is skipped due to 0 input or output
PHY-1001 : eco open net = 0
PHY-5014 WARNING: Detail route doesn't find pib for u_pll/pll_inst.dsm_rst[0]
PHY-5014 WARNING: Detail route doesn't find pib for u_pll/pll_inst.frac_offset_valid[0]
PHY-5014 WARNING: Detail route doesn't find pib for u_pll/pll_inst.dsm_refclk[0]
PHY-5014 WARNING: Detail route doesn't find pib for u_pll/pll_inst.ssc_en[0]
PHY-1001 : 212 feed throughs used by 78 nets
RUN-1001 : Import timing constraints
RUN-1001 : Import IO constraints
RUN-1001 : Import Inst constraints
RUN-1001 : Import design success TD_VERSION=5.6.59063 , DB_VERSION=46140
RUN-1003 : finish command "import_db F:/al/sf1_-project-master/sf1_-project-master/src/PWM/td_project/pwm_demo_Runs/phy_1/pwm_demo_pr.db" in  1.209868s wall, 1.171875s user + 0.078125s system = 1.250000s CPU (103.3%)

RUN-1004 : used memory is 398 MB, reserved memory is 459 MB, peak memory is 548 MB
RUN-1002 : start command "report_timing"
RUN-1002 : start command "start_timer"
RUN-1002 : start command "end_timer"
RUN-1002 : start command "download -bit pwm_demo_Runs\phy_1\pwm_demo.bit -mode program_riscv -hex2 F:\al\sf1_-project-master\sf1_-project-master\src\GPIO_LED\riscv_project\pwm\Debug\pwm.hex -spd 6 -sec 64 -cable 0"
PRG-2014 : Chip validation success: SF1S60
PRG-2505 : ProgramSvf:  program pwm_demo_Runs/phy_1/pwm_demo.svf successfully
RUN-1003 : finish command "program_svf -svf pwm_demo_Runs/phy_1/pwm_demo.svf -spd 6" in  13.360373s wall, 0.328125s user + 0.187500s system = 0.515625s CPU (3.9%)

RUN-1004 : used memory is 405 MB, reserved memory is 464 MB, peak memory is 548 MB
RUN-1003 : finish command "download -bit pwm_demo_Runs\phy_1\pwm_demo.bit -mode program_riscv -hex2 F:\al\sf1_-project-master\sf1_-project-master\src\GPIO_LED\riscv_project\pwm\Debug\pwm.hex -spd 6 -sec 64 -cable 0" in  13.564818s wall, 0.437500s user + 0.187500s system = 0.625000s CPU (4.6%)

RUN-1004 : used memory is 405 MB, reserved memory is 464 MB, peak memory is 548 MB
GUI-1001 : Download success!
RUN-1002 : start command "download -bit pwm_demo_Runs\phy_1\pwm_demo.bit -mode program_riscv -hex2 F:\al\sf1_-project-master\sf1_-project-master\src\GPIO_LED\riscv_project\pwm\Debug\pwm.hex -spd 6 -sec 64 -cable 0"
PRG-2014 : Chip validation success: SF1S60
PRG-2505 : ProgramSvf:  program pwm_demo_Runs/phy_1/pwm_demo.svf successfully
RUN-1003 : finish command "program_svf -svf pwm_demo_Runs/phy_1/pwm_demo.svf -spd 6" in  13.366824s wall, 0.265625s user + 0.203125s system = 0.468750s CPU (3.5%)

RUN-1004 : used memory is 405 MB, reserved memory is 464 MB, peak memory is 548 MB
RUN-1003 : finish command "download -bit pwm_demo_Runs\phy_1\pwm_demo.bit -mode program_riscv -hex2 F:\al\sf1_-project-master\sf1_-project-master\src\GPIO_LED\riscv_project\pwm\Debug\pwm.hex -spd 6 -sec 64 -cable 0" in  13.573424s wall, 0.390625s user + 0.203125s system = 0.593750s CPU (4.4%)

RUN-1004 : used memory is 405 MB, reserved memory is 464 MB, peak memory is 548 MB
GUI-1001 : Download success!
RUN-1002 : start command "download -bit pwm_demo_Runs\phy_1\pwm_demo.bit -mode program_riscv -hex2 F:\al\sf1_-project-master\sf1_-project-master\src\GPIO_LED\riscv_project\pwm\Debug\pwm.hex -spd 6 -sec 64 -cable 0"
PRG-2014 : Chip validation success: SF1S60
PRG-2505 : ProgramSvf:  program pwm_demo_Runs/phy_1/pwm_demo.svf successfully
RUN-1003 : finish command "program_svf -svf pwm_demo_Runs/phy_1/pwm_demo.svf -spd 6" in  13.303007s wall, 0.328125s user + 0.250000s system = 0.578125s CPU (4.3%)

RUN-1004 : used memory is 406 MB, reserved memory is 465 MB, peak memory is 548 MB
RUN-1003 : finish command "download -bit pwm_demo_Runs\phy_1\pwm_demo.bit -mode program_riscv -hex2 F:\al\sf1_-project-master\sf1_-project-master\src\GPIO_LED\riscv_project\pwm\Debug\pwm.hex -spd 6 -sec 64 -cable 0" in  13.496438s wall, 0.437500s user + 0.265625s system = 0.703125s CPU (5.2%)

RUN-1004 : used memory is 406 MB, reserved memory is 465 MB, peak memory is 548 MB
GUI-1001 : Download success!
RUN-1002 : start command "download -bit pwm_demo_Runs\phy_1\pwm_demo.bit -mode program_riscv -hex2 F:\al\sf1_-project-master\sf1_-project-master\src\GPIO_LED\riscv_project\pwm\Debug\pwm.hex -spd 6 -sec 64 -cable 0"
PRG-2014 : Chip validation success: SF1S60
PRG-2505 : ProgramSvf:  program pwm_demo_Runs/phy_1/pwm_demo.svf successfully
RUN-1003 : finish command "program_svf -svf pwm_demo_Runs/phy_1/pwm_demo.svf -spd 6" in  13.386763s wall, 0.312500s user + 0.140625s system = 0.453125s CPU (3.4%)

RUN-1004 : used memory is 406 MB, reserved memory is 465 MB, peak memory is 548 MB
RUN-1003 : finish command "download -bit pwm_demo_Runs\phy_1\pwm_demo.bit -mode program_riscv -hex2 F:\al\sf1_-project-master\sf1_-project-master\src\GPIO_LED\riscv_project\pwm\Debug\pwm.hex -spd 6 -sec 64 -cable 0" in  13.578031s wall, 0.421875s user + 0.140625s system = 0.562500s CPU (4.1%)

RUN-1004 : used memory is 406 MB, reserved memory is 465 MB, peak memory is 548 MB
GUI-1001 : Download success!
RUN-1001 : Print Global Property
RUN-1001 : ---------------------------------------------------------------
RUN-1001 :        Parameters        |  Settings  |  Default Values  |  Note  
RUN-1001 : ---------------------------------------------------------------
RUN-1001 :          message         |  standard  |     standard     |        
RUN-1001 :   mixed_pack_place_flow  |     on     |        on        |        
RUN-1001 :        qor_monitor       |    off     |       off        |        
RUN-1001 :        syn_ip_flow       |    off     |       off        |        
RUN-1001 :          thread          |    auto    |       auto       |        
RUN-1001 : ---------------------------------------------------------------
RUN-1001 : Print Design Property
RUN-1001 : --------------------------------------------------------------
RUN-1001 :        Parameters       |  Settings  |  Default Values  |  Note  
RUN-1001 : --------------------------------------------------------------
RUN-1001 :   default_reg_initial   |    auto    |       auto       |        
RUN-1001 :        infer_add        |     on     |        on        |        
RUN-1001 :        infer_fsm        |    off     |       off        |        
RUN-1001 :        infer_mult       |     on     |        on        |        
RUN-1001 :        infer_ram        |     on     |        on        |        
RUN-1001 :        infer_reg        |     on     |        on        |        
RUN-1001 :   infer_reg_init_value  |     on     |        on        |        
RUN-1001 :        infer_rom        |     on     |        on        |        
RUN-1001 :      infer_shifter      |     on     |        on        |        
RUN-1001 : --------------------------------------------------------------
RUN-1001 : Print Rtl Property
RUN-1001 : --------------------------------------------------------------
RUN-1001 :        Parameters       |  Settings  |  Default Values  |  Note  
RUN-1001 : --------------------------------------------------------------
RUN-1001 :       compress_add      |   ripple   |      ripple      |        
RUN-1001 :        elf_sload        |    off     |       off        |        
RUN-1001 :       fix_undriven      |     0      |        0         |        
RUN-1001 :         flatten         |    off     |       off        |        
RUN-1001 :       gate_sharing      |     on     |        on        |        
RUN-1001 :    hdl_warning_level    |   normal   |      normal      |        
RUN-1001 :   impl_internal_tribuf  |     on     |        on        |        
RUN-1001 :      impl_set_reset     |     on     |        on        |        
RUN-1001 :        infer_gsr        |    off     |       off        |        
RUN-1001 :      keep_hierarchy     |    auto    |       auto       |        
RUN-1001 :        max_fanout       |    9999    |       9999       |        
RUN-1001 :      max_oh2bin_len     |     10     |        10        |        
RUN-1001 :       merge_equal       |     on     |        on        |        
RUN-1001 :       merge_equiv       |     on     |        on        |        
RUN-1001 :        merge_mux        |    off     |       off        |        
RUN-1001 :     min_control_set     |     8      |        8         |        
RUN-1001 :      min_ripple_len     |    auto    |       auto       |        
RUN-1001 :       oh2bin_ratio      |    0.08    |       0.08       |        
RUN-1001 :     opt_adder_fanout    |     on     |        on        |        
RUN-1001 :        opt_arith        |     on     |        on        |        
RUN-1001 :       opt_big_gate      |    off     |       off        |        
RUN-1001 :        opt_const        |     on     |        on        |        
RUN-1001 :      opt_const_mult     |     on     |        on        |        
RUN-1001 :       opt_lessthan      |     on     |        on        |        
RUN-1001 :         opt_mux         |    off     |       off        |        
RUN-1001 :         opt_ram         |    high    |       high       |        
RUN-1001 :      rtl_sim_model      |    off     |       off        |        
RUN-1001 :         seq_syn         |     on     |        on        |        
RUN-1001 : --------------------------------------------------------------
HDL-1007 : analyze verilog file al_ip/SF1_MCU.v
HDL-1007 : analyze verilog file al_ip/pll.v
HDL-1007 : undeclared symbol 'open', assumed default net type 'wire' in al_ip/pll.v(88)
HDL-1007 : analyze verilog file al_ip/rom_weight.v
HDL-1007 : analyze verilog file SF1_SOC.v
HDL-1007 : analyze verilog file ahb_pwm.v
HDL-1007 : analyze verilog file gpio_controler.v
HDL-1007 : analyze verilog file ahb_pwm.v
HDL-8007 ERROR: syntax error near 'uut' in ahb_pwm.v(457)
HDL-1007 : Verilog file 'ahb_pwm.v' ignored due to errors
HDL-1007 : analyze verilog file ahb_pwm.v
HDL-8007 ERROR: syntax error near 'endmodule' in ahb_pwm.v(463)
HDL-8007 ERROR: Verilog 2000 keyword 'endmodule' used in incorrect context in ahb_pwm.v(463)
HDL-1007 : Verilog file 'ahb_pwm.v' ignored due to errors
HDL-1007 : analyze verilog file ahb_pwm.v
HDL-8007 ERROR: syntax error near 'addra' in ahb_pwm.v(459)
HDL-8007 ERROR: port 'doa' is not defined in ahb_pwm.v(450)
HDL-8007 ERROR: port declaration not allowed in 'ahb_pwm' with formal port declaration list in ahb_pwm.v(450)
HDL-8007 ERROR: port 'addra' is not defined in ahb_pwm.v(452)
HDL-8007 ERROR: port declaration not allowed in 'ahb_pwm' with formal port declaration list in ahb_pwm.v(452)
HDL-8007 ERROR: port 'clka' is not defined in ahb_pwm.v(453)
HDL-8007 ERROR: port declaration not allowed in 'ahb_pwm' with formal port declaration list in ahb_pwm.v(453)
HDL-8007 ERROR: port 'rsta' is not defined in ahb_pwm.v(454)
HDL-8007 ERROR: port declaration not allowed in 'ahb_pwm' with formal port declaration list in ahb_pwm.v(454)
HDL-8007 ERROR: ignore module module due to previous errors in ahb_pwm.v(3)
HDL-1007 : Verilog file 'ahb_pwm.v' ignored due to errors
HDL-1007 : analyze verilog file ahb_pwm.v
HDL-8007 ERROR: syntax error near 'addra' in ahb_pwm.v(455)
HDL-8007 ERROR: ignore module module due to previous errors in ahb_pwm.v(3)
HDL-1007 : Verilog file 'ahb_pwm.v' ignored due to errors
HDL-1007 : analyze verilog file ahb_pwm.v
HDL-5007 WARNING: 'doa' is not declared in ahb_pwm.v(454)
HDL-5007 WARNING: 'addra' is not declared in ahb_pwm.v(455)
HDL-5007 WARNING: 'clka' is not declared in ahb_pwm.v(456)
HDL-5007 WARNING: 'rsta' is not declared in ahb_pwm.v(457)
RUN-1001 : reset_run syn_1.
RUN-1001 : reset_run phy_1.
RUN-1001 : launch_runs syn_1 -step read_design.
RUN-1001 : reset_run phy_1.
GUI-6001 WARNING: File F:/al/sf1_-project-master/sf1_-project-master/src/PWM/td_project/pwm_demo_Runs/phy_1/pwm_demo.bit does not exist!
RUN-6001 WARNING: syn_1: run failed.
HDL-1007 : analyze verilog file ahb_pwm.v
RUN-1001 : reset_run syn_1.
RUN-1001 : reset_run phy_1.
RUN-1001 : launch_runs syn_1 -step read_design.
RUN-1001 : reset_run phy_1.
RUN-1001 : syn_1: run complete.
RUN-1001 : open_run syn_1.
RUN-1002 : start command "import_db F:/al/sf1_-project-master/sf1_-project-master/src/PWM/td_project/pwm_demo_Runs/syn_1/pwm_demo_elaborate.db"
RUN-1001 : Importing database generated by Tang Dynasty, V5.6.59063.
RUN-1001 : Database version number 46140.
RUN-1001 : Import flow parameters
RUN-1001 : Import IO constraints
RUN-1001 : Import Inst constraints
RUN-1001 : Import design success TD_VERSION=5.6.59063 , DB_VERSION=46140
RUN-1002 : start command "report_timing"
RUN-1002 : start command "start_timer"
RUN-1002 : start command "end_timer"
RUN-1003 : finish command "report_timing" in  1.254759s wall, 1.218750s user + 0.031250s system = 1.250000s CPU (99.6%)

RUN-1004 : used memory is 457 MB, reserved memory is 530 MB, peak memory is 548 MB
HDL-1007 : analyze verilog file ahb_pwm.v
HDL-8007 ERROR: syntax error near 'wire' in ahb_pwm.v(459)
HDL-8007 ERROR: Verilog 2000 keyword 'wire' used in incorrect context in ahb_pwm.v(459)
HDL-8007 ERROR: ignore module module due to previous errors in ahb_pwm.v(3)
HDL-1007 : Verilog file 'ahb_pwm.v' ignored due to errors
HDL-1007 : analyze verilog file ahb_pwm.v
HDL-8007 ERROR: syntax error near 'signed' in ahb_pwm.v(459)
HDL-8007 ERROR: Verilog 2000 keyword 'signed' used in incorrect context in ahb_pwm.v(459)
HDL-8007 ERROR: ignore module module due to previous errors in ahb_pwm.v(3)
HDL-1007 : Verilog file 'ahb_pwm.v' ignored due to errors
HDL-1007 : analyze verilog file ahb_pwm.v
HDL-1007 : analyze verilog file ahb_pwm.v
HDL-1007 : analyze verilog file ahb_pwm.v
HDL-8007 ERROR: syntax error near ';' in ahb_pwm.v(461)
HDL-8007 ERROR: ignore module module due to previous errors in ahb_pwm.v(3)
HDL-1007 : Verilog file 'ahb_pwm.v' ignored due to errors
HDL-1007 : analyze verilog file ahb_pwm.v
HDL-1007 : analyze verilog file ahb_pwm.v
HDL-1007 : analyze verilog file ahb_pwm.v
RUN-1001 : reset_run phy_1.
RUN-8001 ERROR: Run syn_1 should be up to date.
RUN-1001 : reset_run phy_1.
RUN-8001 ERROR: Run syn_1 should be up to date.
RUN-1001 : reset_run syn_1.
RUN-1001 : launch_runs syn_1 -step opt_gate.
RUN-1001 : reset_run phy_1.
RUN-1001 : syn_1: run complete.
RUN-1001 : open_run syn_1.
RUN-1002 : start command "import_db F:/al/sf1_-project-master/sf1_-project-master/src/PWM/td_project/pwm_demo_Runs/syn_1/pwm_demo_gate.db"
RUN-1001 : Importing database generated by Tang Dynasty, V5.6.59063.
RUN-1001 : Database version number 46140.
RUN-1001 : Import flow parameters
RUN-1001 : Import timing constraints
RUN-1001 : Import IO constraints
RUN-1001 : Import Inst constraints
RUN-1001 : Import design success TD_VERSION=5.6.59063 , DB_VERSION=46140
RUN-1002 : start command "report_timing -mode ideal"
RUN-1002 : start command "start_timer"
RUN-1002 : start command "end_timer"
RUN-1001 : launch_runs phy_1 -step bitgen.
RUN-1001 : phy_1: run complete.
RUN-1001 : open_run phy_1.
RUN-1002 : start command "import_db F:/al/sf1_-project-master/sf1_-project-master/src/PWM/td_project/pwm_demo_Runs/phy_1/pwm_demo_pr.db"
RUN-1001 : Importing database generated by Tang Dynasty, V5.6.59063.
RUN-1001 : Database version number 46140.
RUN-1001 : Import flow parameters
PHY-1001 : Generate detailed routing grids ...
PHY-1001 : Generate nets ...
PHY-1001 : net I_clk_25m_dup_1 will be routed on clock mesh
PHY-5010 WARNING: Net u_ahb_pwm/I_ahb_hsize[2] is skipped due to 0 input or output
PHY-5010 WARNING: Net u_ahb_pwm/I_ahb_hsize[1] is skipped due to 0 input or output
PHY-5010 WARNING: Net u_ahb_pwm/I_ahb_hsize[0] is skipped due to 0 input or output
PHY-1001 : clock net u_ahb_pwm/I_ahb_clk will be merged with clock u_pll/clk0_buf
PHY-5010 WARNING: Net u_ahb_pwm/I_ahb_hsize[2] is skipped due to 0 input or output
PHY-5010 WARNING: Net u_ahb_pwm/I_ahb_hsize[1] is skipped due to 0 input or output
PHY-5010 WARNING: Net u_ahb_pwm/I_ahb_hsize[0] is skipped due to 0 input or output
PHY-1001 : eco open net = 0
PHY-5014 WARNING: Detail route doesn't find pib for u_pll/pll_inst.frac_offset_valid[0]
PHY-5014 WARNING: Detail route doesn't find pib for u_pll/pll_inst.ssc_en[0]
PHY-5014 WARNING: Detail route doesn't find pib for u_pll/pll_inst.dsm_rst[0]
PHY-5014 WARNING: Detail route doesn't find pib for u_pll/pll_inst.dsm_refclk[0]
PHY-1001 : 184 feed throughs used by 74 nets
RUN-1001 : Import timing constraints
RUN-1001 : Import IO constraints
RUN-1001 : Import Inst constraints
RUN-1001 : Import design success TD_VERSION=5.6.59063 , DB_VERSION=46140
RUN-1003 : finish command "import_db F:/al/sf1_-project-master/sf1_-project-master/src/PWM/td_project/pwm_demo_Runs/phy_1/pwm_demo_pr.db" in  1.110643s wall, 1.109375s user + 0.015625s system = 1.125000s CPU (101.3%)

RUN-1004 : used memory is 504 MB, reserved memory is 578 MB, peak memory is 548 MB
RUN-1002 : start command "report_timing"
RUN-1002 : start command "start_timer"
RUN-1002 : start command "end_timer"
RUN-1002 : start command "download -bit pwm_demo_Runs\phy_1\pwm_demo.bit -mode program_riscv -hex2 F:\al\sf1_-project-master\sf1_-project-master\src\GPIO_LED\riscv_project\pwm\Debug\pwm.hex -spd 6 -sec 64 -cable 0"
PRG-2014 : Chip validation success: SF1S60
PRG-2505 : ProgramSvf:  program pwm_demo_Runs/phy_1/pwm_demo.svf successfully
RUN-1003 : finish command "program_svf -svf pwm_demo_Runs/phy_1/pwm_demo.svf -spd 6" in  13.389772s wall, 0.421875s user + 0.218750s system = 0.640625s CPU (4.8%)

RUN-1004 : used memory is 507 MB, reserved memory is 579 MB, peak memory is 548 MB
RUN-1003 : finish command "download -bit pwm_demo_Runs\phy_1\pwm_demo.bit -mode program_riscv -hex2 F:\al\sf1_-project-master\sf1_-project-master\src\GPIO_LED\riscv_project\pwm\Debug\pwm.hex -spd 6 -sec 64 -cable 0" in  13.596745s wall, 0.484375s user + 0.281250s system = 0.765625s CPU (5.6%)

RUN-1004 : used memory is 507 MB, reserved memory is 579 MB, peak memory is 548 MB
GUI-1001 : Download success!
HDL-1007 : analyze verilog file ahb_pwm.v
RUN-1001 : reset_run syn_1.
RUN-1001 : launch_runs syn_1 -step opt_gate.
RUN-1001 : reset_run phy_1.
GUI-6001 WARNING: File F:/al/sf1_-project-master/sf1_-project-master/src/PWM/td_project/pwm_demo_Runs/phy_1/pwm_demo.bit does not exist!
RUN-6001 WARNING: syn_1: run failed.
HDL-1007 : analyze verilog file ahb_pwm.v
RUN-1001 : reset_run syn_1.
RUN-1001 : launch_runs syn_1 -step opt_gate.
RUN-1001 : reset_run phy_1.
RUN-6001 WARNING: syn_1: run failed.
HDL-1007 : analyze verilog file ahb_pwm.v
RUN-1001 : reset_run phy_1.
RUN-8001 ERROR: Run syn_1 should be up to date.
RUN-1001 : reset_run syn_1.
RUN-1001 : launch_runs syn_1 -step opt_gate.
RUN-1001 : reset_run phy_1.
RUN-1001 : syn_1: run complete.
RUN-1001 : open_run syn_1.
RUN-1002 : start command "import_db F:/al/sf1_-project-master/sf1_-project-master/src/PWM/td_project/pwm_demo_Runs/syn_1/pwm_demo_gate.db"
RUN-1001 : Importing database generated by Tang Dynasty, V5.6.59063.
RUN-1001 : Database version number 46140.
RUN-1001 : Import flow parameters
RUN-1001 : Import timing constraints
RUN-1001 : Import IO constraints
RUN-1001 : Import Inst constraints
RUN-1001 : Import design success TD_VERSION=5.6.59063 , DB_VERSION=46140
RUN-1002 : start command "report_timing -mode ideal"
RUN-1002 : start command "start_timer"
RUN-1002 : start command "end_timer"
RUN-1001 : launch_runs phy_1 -step bitgen.
RUN-1001 : phy_1: run complete.
RUN-1001 : open_run phy_1.
RUN-1002 : start command "import_db F:/al/sf1_-project-master/sf1_-project-master/src/PWM/td_project/pwm_demo_Runs/phy_1/pwm_demo_pr.db"
RUN-1001 : Importing database generated by Tang Dynasty, V5.6.59063.
RUN-1001 : Database version number 46140.
RUN-1001 : Import flow parameters
PHY-1001 : Generate detailed routing grids ...
PHY-1001 : Generate nets ...
PHY-1001 : net I_clk_25m_dup_1 will be routed on clock mesh
PHY-5010 WARNING: Net u_ahb_pwm/I_ahb_hsize[2] is skipped due to 0 input or output
PHY-5010 WARNING: Net u_ahb_pwm/I_ahb_hsize[1] is skipped due to 0 input or output
PHY-5010 WARNING: Net u_ahb_pwm/I_ahb_hsize[0] is skipped due to 0 input or output
PHY-1001 : clock net u_ahb_pwm/I_ahb_clk will be merged with clock u_pll/clk0_buf
PHY-5010 WARNING: Net u_ahb_pwm/I_ahb_hsize[2] is skipped due to 0 input or output
PHY-5010 WARNING: Net u_ahb_pwm/I_ahb_hsize[1] is skipped due to 0 input or output
PHY-5010 WARNING: Net u_ahb_pwm/I_ahb_hsize[0] is skipped due to 0 input or output
PHY-1001 : eco open net = 0
PHY-5014 WARNING: Detail route doesn't find pib for u_pll/pll_inst.frac_offset_valid[0]
PHY-5014 WARNING: Detail route doesn't find pib for u_pll/pll_inst.ssc_en[0]
PHY-5014 WARNING: Detail route doesn't find pib for u_pll/pll_inst.dsm_rst[0]
PHY-5014 WARNING: Detail route doesn't find pib for u_pll/pll_inst.dsm_refclk[0]
PHY-1001 : 184 feed throughs used by 74 nets
RUN-1001 : Import timing constraints
RUN-1001 : Import IO constraints
RUN-1001 : Import Inst constraints
RUN-1001 : Import design success TD_VERSION=5.6.59063 , DB_VERSION=46140
RUN-1003 : finish command "import_db F:/al/sf1_-project-master/sf1_-project-master/src/PWM/td_project/pwm_demo_Runs/phy_1/pwm_demo_pr.db" in  1.126064s wall, 1.171875s user + 0.046875s system = 1.218750s CPU (108.2%)

RUN-1004 : used memory is 431 MB, reserved memory is 499 MB, peak memory is 548 MB
RUN-1002 : start command "report_timing"
RUN-1002 : start command "start_timer"
RUN-1002 : start command "end_timer"
RUN-1002 : start command "download -bit pwm_demo_Runs\phy_1\pwm_demo.bit -mode program_riscv -hex2 F:\al\sf1_-project-master\sf1_-project-master\src\GPIO_LED\riscv_project\pwm\Debug\pwm.hex -spd 6 -sec 64 -cable 0"
PRG-2014 : Chip validation success: SF1S60
PRG-2505 : ProgramSvf:  program pwm_demo_Runs/phy_1/pwm_demo.svf successfully
RUN-1003 : finish command "program_svf -svf pwm_demo_Runs/phy_1/pwm_demo.svf -spd 6" in  13.369918s wall, 0.296875s user + 0.140625s system = 0.437500s CPU (3.3%)

RUN-1004 : used memory is 458 MB, reserved memory is 529 MB, peak memory is 548 MB
RUN-1003 : finish command "download -bit pwm_demo_Runs\phy_1\pwm_demo.bit -mode program_riscv -hex2 F:\al\sf1_-project-master\sf1_-project-master\src\GPIO_LED\riscv_project\pwm\Debug\pwm.hex -spd 6 -sec 64 -cable 0" in  13.573859s wall, 0.406250s user + 0.156250s system = 0.562500s CPU (4.1%)

RUN-1004 : used memory is 458 MB, reserved memory is 529 MB, peak memory is 548 MB
GUI-1001 : Download success!
