============================================================
   Tang Dynasty, V5.6.59063
   Copyright (c) 2012-2022 Anlogic
   Executable = D:/XILINX_EXE/TD_5.6/bin/td.exe
   Built at =   12:45:13 Sep  6 2022
   Run by =     13456
   Run Date =   Sat Nov 11 15:37:46 2023

   Run on =     DESKTOP-1HJPLU7
============================================================
RUN-1001 : open_run phy_1.
RUN-1002 : start command "import_db F:/al/sf1_-project-master/sf1_-project-master/src/PWM/td_project/pwm_demo_Runs/phy_1/pwm_demo_pr.db"
RUN-1001 : Importing database generated by Tang Dynasty, V5.6.59063.
RUN-1001 : Database version number 46140.
RUN-1001 : Import flow parameters
PHY-1001 : Generate detailed routing grids ...
PHY-1001 : Generate nets ...
PHY-1001 : net I_clk_25m_dup_1 will be routed on clock mesh
PHY-5010 WARNING: Net u_ahb_pwm/I_ahb_hsize[2] is skipped due to 0 input or output
PHY-5010 WARNING: Net u_ahb_pwm/I_ahb_hsize[1] is skipped due to 0 input or output
PHY-5010 WARNING: Net u_ahb_pwm/I_ahb_hsize[0] is skipped due to 0 input or output
PHY-1001 : clock net u_ahb_pwm/pwm7/clk_div_syn_3 will be merged with clock u_ahb_pwm/pwm7/clk_div
PHY-1001 : clock net u_ahb_pwm/I_ahb_clk will be merged with clock u_pll/clk0_buf
PHY-1001 : clock net u_ahb_pwm/pwm0/clk_div_syn_3 will be merged with clock u_ahb_pwm/pwm0/clk_div
PHY-1001 : clock net u_ahb_pwm/pwm1/clk_div_syn_3 will be merged with clock u_ahb_pwm/pwm1/clk_div
PHY-1001 : clock net u_ahb_pwm/pwm2/clk_div_syn_3 will be merged with clock u_ahb_pwm/pwm2/clk_div
PHY-1001 : clock net u_ahb_pwm/pwm3/clk_div_syn_3 will be merged with clock u_ahb_pwm/pwm3/clk_div
PHY-1001 : clock net u_ahb_pwm/pwm6/clk_div_syn_3 will be merged with clock u_ahb_pwm/pwm6/clk_div
PHY-1001 : clock net u_ahb_pwm/pwm4/clk_div_syn_3 will be merged with clock u_ahb_pwm/pwm4/clk_div
PHY-1001 : clock net u_ahb_pwm/pwm5/clk_div_syn_3 will be merged with clock u_ahb_pwm/pwm5/clk_div
PHY-5010 WARNING: Net u_ahb_pwm/I_ahb_hsize[2] is skipped due to 0 input or output
PHY-5010 WARNING: Net u_ahb_pwm/I_ahb_hsize[1] is skipped due to 0 input or output
PHY-5010 WARNING: Net u_ahb_pwm/I_ahb_hsize[0] is skipped due to 0 input or output
PHY-1001 : eco open net = 0
PHY-5014 WARNING: Detail route doesn't find pib for u_pll/pll_inst.dsm_rst[0]
PHY-5014 WARNING: Detail route doesn't find pib for u_pll/pll_inst.ssc_en[0]
PHY-5014 WARNING: Detail route doesn't find pib for u_pll/pll_inst.dsm_refclk[0]
PHY-5014 WARNING: Detail route doesn't find pib for u_pll/pll_inst.frac_offset_valid[0]
PHY-1001 : 53 feed throughs used by 27 nets
RUN-1001 : Import timing constraints
RUN-1001 : Import IO constraints
RUN-1001 : Import Inst constraints
RUN-1001 : Import design success TD_VERSION=5.6.59063 , DB_VERSION=46140
RUN-1003 : finish command "import_db F:/al/sf1_-project-master/sf1_-project-master/src/PWM/td_project/pwm_demo_Runs/phy_1/pwm_demo_pr.db" in  2.242318s wall, 2.140625s user + 0.031250s system = 2.171875s CPU (96.9%)

RUN-1004 : used memory is 358 MB, reserved memory is 334 MB, peak memory is 358 MB
RUN-1002 : start command "report_timing"
RUN-1002 : start command "start_timer"
RUN-1002 : start command "end_timer"
RUN-1001 : reset_run syn_1 -step read_design.
RUN-1001 : reset_run phy_1.
RUN-1001 : launch_runs syn_1 -step opt_gate.
RUN-1001 : reset_run phy_1.
RUN-1001 : syn_1: run complete.
RUN-1001 : open_run syn_1.
RUN-1002 : start command "import_db F:/al/sf1_-project-master/sf1_-project-master/src/PWM/td_project/pwm_demo_Runs/syn_1/pwm_demo_gate.db"
RUN-1001 : Importing database generated by Tang Dynasty, V5.6.59063.
RUN-1001 : Database version number 46140.
RUN-1001 : Import flow parameters
RUN-1001 : Import timing constraints
RUN-1001 : Import IO constraints
RUN-1001 : Import Inst constraints
RUN-1001 : Import design success TD_VERSION=5.6.59063 , DB_VERSION=46140
RUN-1002 : start command "report_timing -mode ideal"
RUN-1002 : start command "start_timer"
RUN-1002 : start command "end_timer"
RUN-1001 : launch_runs phy_1 -step bitgen.
RUN-1001 : phy_1: run complete.
RUN-1001 : open_run phy_1.
RUN-1002 : start command "import_db F:/al/sf1_-project-master/sf1_-project-master/src/PWM/td_project/pwm_demo_Runs/phy_1/pwm_demo_pr.db"
RUN-1001 : Importing database generated by Tang Dynasty, V5.6.59063.
RUN-1001 : Database version number 46140.
RUN-1001 : Import flow parameters
PHY-1001 : Generate detailed routing grids ...
PHY-1001 : Generate nets ...
PHY-1001 : net I_clk_25m_dup_1 will be routed on clock mesh
PHY-5010 WARNING: Net u_ahb_pwm/I_ahb_hsize[2] is skipped due to 0 input or output
PHY-5010 WARNING: Net u_ahb_pwm/I_ahb_hsize[1] is skipped due to 0 input or output
PHY-5010 WARNING: Net u_ahb_pwm/I_ahb_hsize[0] is skipped due to 0 input or output
PHY-1001 : clock net u_ahb_pwm/pwm7/clk_div_syn_3 will be merged with clock u_ahb_pwm/pwm7/clk_div
PHY-1001 : clock net u_ahb_pwm/I_ahb_clk will be merged with clock u_pll/clk0_buf
PHY-1001 : clock net u_ahb_pwm/pwm0/clk_div_syn_3 will be merged with clock u_ahb_pwm/pwm0/clk_div
PHY-1001 : clock net u_ahb_pwm/pwm1/clk_div_syn_3 will be merged with clock u_ahb_pwm/pwm1/clk_div
PHY-1001 : clock net u_ahb_pwm/pwm2/clk_div_syn_3 will be merged with clock u_ahb_pwm/pwm2/clk_div
PHY-1001 : clock net u_ahb_pwm/pwm3/clk_div_syn_3 will be merged with clock u_ahb_pwm/pwm3/clk_div
PHY-1001 : clock net u_ahb_pwm/pwm6/clk_div_syn_3 will be merged with clock u_ahb_pwm/pwm6/clk_div
PHY-1001 : clock net u_ahb_pwm/pwm4/clk_div_syn_3 will be merged with clock u_ahb_pwm/pwm4/clk_div
PHY-1001 : clock net u_ahb_pwm/pwm5/clk_div_syn_3 will be merged with clock u_ahb_pwm/pwm5/clk_div
PHY-5010 WARNING: Net u_ahb_pwm/I_ahb_hsize[2] is skipped due to 0 input or output
PHY-5010 WARNING: Net u_ahb_pwm/I_ahb_hsize[1] is skipped due to 0 input or output
PHY-5010 WARNING: Net u_ahb_pwm/I_ahb_hsize[0] is skipped due to 0 input or output
PHY-1001 : eco open net = 0
PHY-5014 WARNING: Detail route doesn't find pib for u_pll/pll_inst.dsm_rst[0]
PHY-5014 WARNING: Detail route doesn't find pib for u_pll/pll_inst.ssc_en[0]
PHY-5014 WARNING: Detail route doesn't find pib for u_pll/pll_inst.dsm_refclk[0]
PHY-5014 WARNING: Detail route doesn't find pib for u_pll/pll_inst.frac_offset_valid[0]
PHY-1001 : 53 feed throughs used by 27 nets
RUN-1001 : Import timing constraints
RUN-1001 : Import IO constraints
RUN-1001 : Import Inst constraints
RUN-1001 : Import design success TD_VERSION=5.6.59063 , DB_VERSION=46140
RUN-1003 : finish command "import_db F:/al/sf1_-project-master/sf1_-project-master/src/PWM/td_project/pwm_demo_Runs/phy_1/pwm_demo_pr.db" in  1.042210s wall, 1.000000s user + 0.125000s system = 1.125000s CPU (107.9%)

RUN-1004 : used memory is 383 MB, reserved memory is 359 MB, peak memory is 383 MB
RUN-1002 : start command "report_timing"
RUN-1002 : start command "start_timer"
RUN-1002 : start command "end_timer"
RUN-1002 : start command "download -bit pwm_demo_Runs\phy_1\pwm_demo.bit -mode program_riscv -hex2 F:\al\sf1_-project-master\sf1_-project-master\src\GPIO_LED\riscv_project\T1\Debug\T1.hex -spd 6 -sec 64 -cable 0"
PRG-2014 : Chip validation success: SF1S60
PRG-2505 : ProgramSvf:  program pwm_demo_Runs/phy_1/pwm_demo.svf successfully
RUN-1003 : finish command "program_svf -svf pwm_demo_Runs/phy_1/pwm_demo.svf -spd 6" in  14.013884s wall, 0.312500s user + 0.234375s system = 0.546875s CPU (3.9%)

RUN-1004 : used memory is 391 MB, reserved memory is 367 MB, peak memory is 404 MB
RUN-1003 : finish command "download -bit pwm_demo_Runs\phy_1\pwm_demo.bit -mode program_riscv -hex2 F:\al\sf1_-project-master\sf1_-project-master\src\GPIO_LED\riscv_project\T1\Debug\T1.hex -spd 6 -sec 64 -cable 0" in  14.235065s wall, 0.406250s user + 0.281250s system = 0.687500s CPU (4.8%)

RUN-1004 : used memory is 391 MB, reserved memory is 367 MB, peak memory is 404 MB
GUI-1001 : Download success!
RUN-1002 : start command "download -bit pwm_demo_Runs\phy_1\pwm_demo.bit -mode program_riscv -hex2 F:\al\sf1_-project-master\sf1_-project-master\src\GPIO_LED\riscv_project\pwm\Debug\pwm.hex -spd 6 -sec 64 -cable 0"
PRG-2014 : Chip validation success: SF1S60
PRG-2505 : ProgramSvf:  program pwm_demo_Runs/phy_1/pwm_demo.svf successfully
RUN-1003 : finish command "program_svf -svf pwm_demo_Runs/phy_1/pwm_demo.svf -spd 6" in  13.064359s wall, 0.359375s user + 0.187500s system = 0.546875s CPU (4.2%)

RUN-1004 : used memory is 393 MB, reserved memory is 369 MB, peak memory is 408 MB
RUN-1003 : finish command "download -bit pwm_demo_Runs\phy_1\pwm_demo.bit -mode program_riscv -hex2 F:\al\sf1_-project-master\sf1_-project-master\src\GPIO_LED\riscv_project\pwm\Debug\pwm.hex -spd 6 -sec 64 -cable 0" in  13.254088s wall, 0.453125s user + 0.187500s system = 0.640625s CPU (4.8%)

RUN-1004 : used memory is 393 MB, reserved memory is 369 MB, peak memory is 408 MB
GUI-1001 : Download success!
RUN-1002 : start command "download -bit pwm_demo_Runs\phy_1\pwm_demo.bit -mode program_riscv -hex2 F:\al\sf1_-project-master\sf1_-project-master\src\GPIO_LED\riscv_project\pwm\Debug\pwm.hex -spd 6 -sec 64 -cable 0"
PRG-2014 : Chip validation success: SF1S60
PRG-2505 : ProgramSvf:  program pwm_demo_Runs/phy_1/pwm_demo.svf successfully
RUN-1003 : finish command "program_svf -svf pwm_demo_Runs/phy_1/pwm_demo.svf -spd 6" in  13.074418s wall, 0.343750s user + 0.171875s system = 0.515625s CPU (3.9%)

RUN-1004 : used memory is 386 MB, reserved memory is 367 MB, peak memory is 408 MB
RUN-1003 : finish command "download -bit pwm_demo_Runs\phy_1\pwm_demo.bit -mode program_riscv -hex2 F:\al\sf1_-project-master\sf1_-project-master\src\GPIO_LED\riscv_project\pwm\Debug\pwm.hex -spd 6 -sec 64 -cable 0" in  13.273472s wall, 0.453125s user + 0.171875s system = 0.625000s CPU (4.7%)

RUN-1004 : used memory is 386 MB, reserved memory is 367 MB, peak memory is 408 MB
GUI-1001 : Download success!
RUN-1002 : start command "download -bit pwm_demo_Runs\phy_1\pwm_demo.bit -mode program_riscv -hex2 F:\al\sf1_-project-master\sf1_-project-master\src\GPIO_LED\riscv_project\pwm\Debug\pwm.hex -spd 6 -sec 64 -cable 0"
PRG-2014 : Chip validation success: SF1S60
PRG-2505 : ProgramSvf:  program pwm_demo_Runs/phy_1/pwm_demo.svf successfully
RUN-1003 : finish command "program_svf -svf pwm_demo_Runs/phy_1/pwm_demo.svf -spd 6" in  12.924051s wall, 0.484375s user + 0.250000s system = 0.734375s CPU (5.7%)

RUN-1004 : used memory is 392 MB, reserved memory is 377 MB, peak memory is 408 MB
RUN-1003 : finish command "download -bit pwm_demo_Runs\phy_1\pwm_demo.bit -mode program_riscv -hex2 F:\al\sf1_-project-master\sf1_-project-master\src\GPIO_LED\riscv_project\pwm\Debug\pwm.hex -spd 6 -sec 64 -cable 0" in  13.111096s wall, 0.593750s user + 0.250000s system = 0.843750s CPU (6.4%)

RUN-1004 : used memory is 392 MB, reserved memory is 377 MB, peak memory is 408 MB
GUI-1001 : Download success!
RUN-1002 : start command "download -bit pwm_demo_Runs\phy_1\pwm_demo.bit -mode program_riscv -hex2 F:\al\sf1_-project-master\sf1_-project-master\src\GPIO_LED\riscv_project\pwm\Debug\pwm.hex -spd 6 -sec 64 -cable 0"
PRG-2014 : Chip validation success: SF1S60
PRG-2505 : ProgramSvf:  program pwm_demo_Runs/phy_1/pwm_demo.svf successfully
RUN-1003 : finish command "program_svf -svf pwm_demo_Runs/phy_1/pwm_demo.svf -spd 6" in  13.038856s wall, 0.343750s user + 0.250000s system = 0.593750s CPU (4.6%)

RUN-1004 : used memory is 392 MB, reserved memory is 377 MB, peak memory is 408 MB
RUN-1003 : finish command "download -bit pwm_demo_Runs\phy_1\pwm_demo.bit -mode program_riscv -hex2 F:\al\sf1_-project-master\sf1_-project-master\src\GPIO_LED\riscv_project\pwm\Debug\pwm.hex -spd 6 -sec 64 -cable 0" in  13.223387s wall, 0.437500s user + 0.250000s system = 0.687500s CPU (5.2%)

RUN-1004 : used memory is 392 MB, reserved memory is 377 MB, peak memory is 408 MB
GUI-1001 : Download success!
RUN-1002 : start command "download -bit pwm_demo_Runs\phy_1\pwm_demo.bit -mode program_riscv -hex2 F:\al\sf1_-project-master\sf1_-project-master\src\GPIO_LED\riscv_project\pwm\Debug\pwm.hex -spd 6 -sec 64 -cable 0"
PRG-2014 : Chip validation success: SF1S60
PRG-2505 : ProgramSvf:  program pwm_demo_Runs/phy_1/pwm_demo.svf successfully
RUN-1003 : finish command "program_svf -svf pwm_demo_Runs/phy_1/pwm_demo.svf -spd 6" in  13.125581s wall, 0.421875s user + 0.437500s system = 0.859375s CPU (6.5%)

RUN-1004 : used memory is 392 MB, reserved memory is 377 MB, peak memory is 408 MB
RUN-1003 : finish command "download -bit pwm_demo_Runs\phy_1\pwm_demo.bit -mode program_riscv -hex2 F:\al\sf1_-project-master\sf1_-project-master\src\GPIO_LED\riscv_project\pwm\Debug\pwm.hex -spd 6 -sec 64 -cable 0" in  13.309474s wall, 0.515625s user + 0.437500s system = 0.953125s CPU (7.2%)

RUN-1004 : used memory is 392 MB, reserved memory is 377 MB, peak memory is 408 MB
GUI-1001 : Download success!
RUN-1002 : start command "download -bit pwm_demo_Runs\phy_1\pwm_demo.bit -mode program_riscv -hex2 F:\al\sf1_-project-master\sf1_-project-master\src\GPIO_LED\riscv_project\pwm\Debug\pwm.hex -spd 6 -sec 64 -cable 0"
PRG-2014 : Chip validation success: SF1S60
PRG-2505 : ProgramSvf:  program pwm_demo_Runs/phy_1/pwm_demo.svf successfully
RUN-1003 : finish command "program_svf -svf pwm_demo_Runs/phy_1/pwm_demo.svf -spd 6" in  13.060806s wall, 0.296875s user + 0.187500s system = 0.484375s CPU (3.7%)

RUN-1004 : used memory is 228 MB, reserved memory is 377 MB, peak memory is 408 MB
RUN-1003 : finish command "download -bit pwm_demo_Runs\phy_1\pwm_demo.bit -mode program_riscv -hex2 F:\al\sf1_-project-master\sf1_-project-master\src\GPIO_LED\riscv_project\pwm\Debug\pwm.hex -spd 6 -sec 64 -cable 0" in  13.244660s wall, 0.390625s user + 0.187500s system = 0.578125s CPU (4.4%)

RUN-1004 : used memory is 228 MB, reserved memory is 377 MB, peak memory is 408 MB
GUI-1001 : Download success!
RUN-1002 : start command "download -bit pwm_demo_Runs\phy_1\pwm_demo.bit -mode program_riscv -hex2 F:\al\sf1_-project-master\sf1_-project-master\src\GPIO_LED\riscv_project\pwm\Debug\pwm.hex -spd 6 -sec 64 -cable 0"
PRG-2014 : Chip validation success: SF1S60
PRG-2505 : ProgramSvf:  program pwm_demo_Runs/phy_1/pwm_demo.svf successfully
RUN-1003 : finish command "program_svf -svf pwm_demo_Runs/phy_1/pwm_demo.svf -spd 6" in  13.044196s wall, 0.312500s user + 0.187500s system = 0.500000s CPU (3.8%)

RUN-1004 : used memory is 228 MB, reserved memory is 377 MB, peak memory is 408 MB
RUN-1003 : finish command "download -bit pwm_demo_Runs\phy_1\pwm_demo.bit -mode program_riscv -hex2 F:\al\sf1_-project-master\sf1_-project-master\src\GPIO_LED\riscv_project\pwm\Debug\pwm.hex -spd 6 -sec 64 -cable 0" in  13.240360s wall, 0.421875s user + 0.203125s system = 0.625000s CPU (4.7%)

RUN-1004 : used memory is 228 MB, reserved memory is 377 MB, peak memory is 408 MB
GUI-1001 : Download success!
RUN-1002 : start command "download -bit pwm_demo_Runs\phy_1\pwm_demo.bit -mode program_riscv -hex2 F:\al\sf1_-project-master\sf1_-project-master\src\GPIO_LED\riscv_project\pwm\Debug\pwm.hex -spd 6 -sec 64 -cable 0"
PRG-2014 : Chip validation success: SF1S60
PRG-2505 : ProgramSvf:  program pwm_demo_Runs/phy_1/pwm_demo.svf successfully
RUN-1003 : finish command "program_svf -svf pwm_demo_Runs/phy_1/pwm_demo.svf -spd 6" in  12.890586s wall, 0.390625s user + 0.156250s system = 0.546875s CPU (4.2%)

RUN-1004 : used memory is 191 MB, reserved memory is 377 MB, peak memory is 408 MB
RUN-1003 : finish command "download -bit pwm_demo_Runs\phy_1\pwm_demo.bit -mode program_riscv -hex2 F:\al\sf1_-project-master\sf1_-project-master\src\GPIO_LED\riscv_project\pwm\Debug\pwm.hex -spd 6 -sec 64 -cable 0" in  13.078014s wall, 0.500000s user + 0.156250s system = 0.656250s CPU (5.0%)

RUN-1004 : used memory is 191 MB, reserved memory is 377 MB, peak memory is 408 MB
GUI-1001 : Download success!
RUN-1002 : start command "download -bit pwm_demo_Runs\phy_1\pwm_demo.bit -mode program_riscv -hex2 F:\al\sf1_-project-master\sf1_-project-master\src\GPIO_LED\riscv_project\pwm\Debug\pwm.hex -spd 6 -sec 64 -cable 0"
PRG-2014 : Chip validation success: SF1S60
PRG-2505 : ProgramSvf:  program pwm_demo_Runs/phy_1/pwm_demo.svf successfully
RUN-1003 : finish command "program_svf -svf pwm_demo_Runs/phy_1/pwm_demo.svf -spd 6" in  13.032191s wall, 0.265625s user + 0.218750s system = 0.484375s CPU (3.7%)

RUN-1004 : used memory is 193 MB, reserved memory is 378 MB, peak memory is 408 MB
RUN-1003 : finish command "download -bit pwm_demo_Runs\phy_1\pwm_demo.bit -mode program_riscv -hex2 F:\al\sf1_-project-master\sf1_-project-master\src\GPIO_LED\riscv_project\pwm\Debug\pwm.hex -spd 6 -sec 64 -cable 0" in  13.216369s wall, 0.359375s user + 0.218750s system = 0.578125s CPU (4.4%)

RUN-1004 : used memory is 193 MB, reserved memory is 378 MB, peak memory is 408 MB
GUI-1001 : Download success!
RUN-1002 : start command "download -bit pwm_demo_Runs\phy_1\pwm_demo.bit -mode program_riscv -hex2 F:\al\sf1_-project-master\sf1_-project-master\src\GPIO_LED\riscv_project\pwm\Debug\pwm.hex -spd 6 -sec 64 -cable 0"
PRG-2014 : Chip validation success: SF1S60
PRG-2505 : ProgramSvf:  program pwm_demo_Runs/phy_1/pwm_demo.svf successfully
RUN-1003 : finish command "program_svf -svf pwm_demo_Runs/phy_1/pwm_demo.svf -spd 6" in  13.058860s wall, 0.437500s user + 0.375000s system = 0.812500s CPU (6.2%)

RUN-1004 : used memory is 193 MB, reserved memory is 378 MB, peak memory is 408 MB
RUN-1003 : finish command "download -bit pwm_demo_Runs\phy_1\pwm_demo.bit -mode program_riscv -hex2 F:\al\sf1_-project-master\sf1_-project-master\src\GPIO_LED\riscv_project\pwm\Debug\pwm.hex -spd 6 -sec 64 -cable 0" in  13.244298s wall, 0.531250s user + 0.375000s system = 0.906250s CPU (6.8%)

RUN-1004 : used memory is 193 MB, reserved memory is 378 MB, peak memory is 408 MB
GUI-1001 : Download success!
RUN-1002 : start command "download -bit pwm_demo_Runs\phy_1\pwm_demo.bit -mode program_riscv -hex2 F:\al\sf1_-project-master\sf1_-project-master\src\GPIO_LED\riscv_project\pwm\Debug\pwm.hex -spd 6 -sec 64 -cable 0"
PRG-2014 : Chip validation success: SF1S60
PRG-2505 : ProgramSvf:  program pwm_demo_Runs/phy_1/pwm_demo.svf successfully
RUN-1003 : finish command "program_svf -svf pwm_demo_Runs/phy_1/pwm_demo.svf -spd 6" in  13.068769s wall, 0.343750s user + 0.265625s system = 0.609375s CPU (4.7%)

RUN-1004 : used memory is 193 MB, reserved memory is 378 MB, peak memory is 408 MB
RUN-1003 : finish command "download -bit pwm_demo_Runs\phy_1\pwm_demo.bit -mode program_riscv -hex2 F:\al\sf1_-project-master\sf1_-project-master\src\GPIO_LED\riscv_project\pwm\Debug\pwm.hex -spd 6 -sec 64 -cable 0" in  13.263093s wall, 0.453125s user + 0.281250s system = 0.734375s CPU (5.5%)

RUN-1004 : used memory is 193 MB, reserved memory is 378 MB, peak memory is 408 MB
GUI-1001 : Download success!
RUN-1002 : start command "download -bit pwm_demo_Runs\phy_1\pwm_demo.bit -mode program_riscv -hex2 F:\al\sf1_-project-master\sf1_-project-master\src\GPIO_LED\riscv_project\pwm\Debug\pwm.hex -spd 6 -sec 64 -cable 0"
PRG-2014 : Chip validation success: SF1S60
PRG-2505 : ProgramSvf:  program pwm_demo_Runs/phy_1/pwm_demo.svf successfully
RUN-1003 : finish command "program_svf -svf pwm_demo_Runs/phy_1/pwm_demo.svf -spd 6" in  13.057724s wall, 0.343750s user + 0.234375s system = 0.578125s CPU (4.4%)

RUN-1004 : used memory is 193 MB, reserved memory is 378 MB, peak memory is 408 MB
RUN-1003 : finish command "download -bit pwm_demo_Runs\phy_1\pwm_demo.bit -mode program_riscv -hex2 F:\al\sf1_-project-master\sf1_-project-master\src\GPIO_LED\riscv_project\pwm\Debug\pwm.hex -spd 6 -sec 64 -cable 0" in  13.253471s wall, 0.437500s user + 0.250000s system = 0.687500s CPU (5.2%)

RUN-1004 : used memory is 193 MB, reserved memory is 378 MB, peak memory is 408 MB
GUI-1001 : Download success!
RUN-1002 : start command "download -bit pwm_demo_Runs\phy_1\pwm_demo.bit -mode program_riscv -hex2 F:\al\sf1_-project-master\sf1_-project-master\src\GPIO_LED\riscv_project\pwm\Debug\pwm.hex -spd 6 -sec 64 -cable 0"
PRG-2014 : Chip validation success: SF1S60
PRG-2505 : ProgramSvf:  program pwm_demo_Runs/phy_1/pwm_demo.svf successfully
RUN-1003 : finish command "program_svf -svf pwm_demo_Runs/phy_1/pwm_demo.svf -spd 6" in  13.066702s wall, 0.343750s user + 0.031250s system = 0.375000s CPU (2.9%)

RUN-1004 : used memory is 194 MB, reserved memory is 378 MB, peak memory is 408 MB
RUN-1003 : finish command "download -bit pwm_demo_Runs\phy_1\pwm_demo.bit -mode program_riscv -hex2 F:\al\sf1_-project-master\sf1_-project-master\src\GPIO_LED\riscv_project\pwm\Debug\pwm.hex -spd 6 -sec 64 -cable 0" in  13.256841s wall, 0.468750s user + 0.031250s system = 0.500000s CPU (3.8%)

RUN-1004 : used memory is 194 MB, reserved memory is 378 MB, peak memory is 408 MB
GUI-1001 : Download success!
