============================================================
   Tang Dynasty, V5.6.59063
   Copyright (c) 2012-2022 Anlogic
   Executable = D:/XILINX_EXE/TD_5.6/bin/td.exe
   Built at =   12:45:13 Sep  6 2022
   Run by =     13456
   Run Date =   Mon Nov 13 21:03:17 2023

   Run on =     DESKTOP-1HJPLU7
============================================================
RUN-1001 : open_run phy_1.
RUN-1002 : start command "import_db F:/al/sf1_-project-master/sf1_-project-master/src/PWM/td_project/pwm_demo_Runs/phy_1/pwm_demo_pr.db"
RUN-1001 : Importing database generated by Tang Dynasty, V5.6.59063.
RUN-1001 : Database version number 46140.
RUN-1001 : Import flow parameters
PHY-1001 : Generate detailed routing grids ...
PHY-1001 : Generate nets ...
PHY-1001 : net I_clk_25m_dup_1 will be routed on clock mesh
PHY-5010 WARNING: Net u_ahb_pwm/I_ahb_hsize[2] is skipped due to 0 input or output
PHY-5010 WARNING: Net u_ahb_pwm/I_ahb_hsize[1] is skipped due to 0 input or output
PHY-5010 WARNING: Net u_ahb_pwm/I_ahb_hsize[0] is skipped due to 0 input or output
PHY-1001 : net vga_show_inst/vga_clk will be routed on clock mesh
PHY-1001 : clock net u_ahb_pwm/I_ahb_clk will be merged with clock u_pll/clk0_buf
PHY-5010 WARNING: Net u_ahb_pwm/I_ahb_hsize[2] is skipped due to 0 input or output
PHY-5010 WARNING: Net u_ahb_pwm/I_ahb_hsize[1] is skipped due to 0 input or output
PHY-5010 WARNING: Net u_ahb_pwm/I_ahb_hsize[0] is skipped due to 0 input or output
PHY-1001 : eco open net = 0
PHY-5014 WARNING: Detail route doesn't find pib for u_pll/pll_inst.dsm_rst[0]
PHY-5014 WARNING: Detail route doesn't find pib for u_pll/pll_inst.frac_offset_valid[0]
PHY-5014 WARNING: Detail route doesn't find pib for u_pll/pll_inst.ssc_en[0]
PHY-5014 WARNING: Detail route doesn't find pib for u_pll/pll_inst.dsm_refclk[0]
PHY-1001 : 116 feed throughs used by 63 nets
RUN-1001 : Import timing constraints
RUN-1001 : Import IO constraints
RUN-1001 : Import Inst constraints
RUN-1001 : Import design success TD_VERSION=5.6.59063 , DB_VERSION=46140
RUN-1003 : finish command "import_db F:/al/sf1_-project-master/sf1_-project-master/src/PWM/td_project/pwm_demo_Runs/phy_1/pwm_demo_pr.db" in  1.914057s wall, 1.828125s user + 0.078125s system = 1.906250s CPU (99.6%)

RUN-1004 : used memory is 282 MB, reserved memory is 246 MB, peak memory is 298 MB
RUN-1002 : start command "report_timing"
RUN-1002 : start command "start_timer"
RUN-1002 : start command "end_timer"
HDL-1007 : analyze verilog file vga_show.v
RUN-1001 : reset_run syn_1.
RUN-1001 : launch_runs syn_1 -step opt_gate.
RUN-1001 : reset_run phy_1.
RUN-1001 : syn_1: run complete.
RUN-1001 : open_run syn_1.
RUN-1002 : start command "import_db F:/al/sf1_-project-master/sf1_-project-master/src/PWM/td_project/pwm_demo_Runs/syn_1/pwm_demo_gate.db"
RUN-1001 : Importing database generated by Tang Dynasty, V5.6.59063.
RUN-1001 : Database version number 46140.
RUN-1001 : Import flow parameters
RUN-1001 : Import timing constraints
RUN-1001 : Import IO constraints
RUN-1001 : Import Inst constraints
RUN-1001 : Import design success TD_VERSION=5.6.59063 , DB_VERSION=46140
RUN-1002 : start command "report_timing -mode ideal"
RUN-1002 : start command "start_timer"
RUN-1002 : start command "end_timer"
RUN-1001 : launch_runs phy_1 -step bitgen.
RUN-1001 : phy_1: run complete.
RUN-1001 : open_run phy_1.
RUN-1002 : start command "import_db F:/al/sf1_-project-master/sf1_-project-master/src/PWM/td_project/pwm_demo_Runs/phy_1/pwm_demo_pr.db"
RUN-1001 : Importing database generated by Tang Dynasty, V5.6.59063.
RUN-1001 : Database version number 46140.
RUN-1001 : Import flow parameters
PHY-1001 : Generate detailed routing grids ...
PHY-1001 : Generate nets ...
PHY-1001 : net I_clk_25m_dup_1 will be routed on clock mesh
PHY-5010 WARNING: Net u_ahb_pwm/I_ahb_hsize[2] is skipped due to 0 input or output
PHY-5010 WARNING: Net u_ahb_pwm/I_ahb_hsize[1] is skipped due to 0 input or output
PHY-5010 WARNING: Net u_ahb_pwm/I_ahb_hsize[0] is skipped due to 0 input or output
PHY-1001 : net vga_show_inst/vga_clk will be routed on clock mesh
PHY-1001 : clock net u_ahb_pwm/I_ahb_clk will be merged with clock u_pll/clk0_buf
PHY-5010 WARNING: Net u_ahb_pwm/I_ahb_hsize[2] is skipped due to 0 input or output
PHY-5010 WARNING: Net u_ahb_pwm/I_ahb_hsize[1] is skipped due to 0 input or output
PHY-5010 WARNING: Net u_ahb_pwm/I_ahb_hsize[0] is skipped due to 0 input or output
PHY-1001 : eco open net = 0
PHY-5014 WARNING: Detail route doesn't find pib for u_pll/pll_inst.dsm_rst[0]
PHY-5014 WARNING: Detail route doesn't find pib for u_pll/pll_inst.ssc_en[0]
PHY-5014 WARNING: Detail route doesn't find pib for u_pll/pll_inst.dsm_refclk[0]
PHY-5014 WARNING: Detail route doesn't find pib for u_pll/pll_inst.frac_offset_valid[0]
PHY-1001 : 107 feed throughs used by 59 nets
RUN-1001 : Import timing constraints
RUN-1001 : Import IO constraints
RUN-1001 : Import Inst constraints
RUN-1001 : Import design success TD_VERSION=5.6.59063 , DB_VERSION=46140
RUN-1002 : start command "report_timing"
RUN-1002 : start command "start_timer"
RUN-1002 : start command "end_timer"
RUN-1002 : start command "download -bit pwm_demo_Runs\phy_1\pwm_demo.bit -mode jtag -spd 7 -sec 64 -cable 0"
PRG-2014 : Chip validation success: SF1S60
RUN-1002 : start command "bit_to_vec -chip SF1S60 -m jtag_burst -freq 4 -bit pwm_demo_Runs/phy_1/pwm_demo.bit"
RUN-1002 : start command "program -cable 0 -mode svf -spd 7 -p"
RUN-1003 : finish command "program -cable 0 -mode svf -spd 7 -p" in  2.319109s wall, 0.046875s user + 0.062500s system = 0.109375s CPU (4.7%)

RUN-1004 : used memory is 320 MB, reserved memory is 304 MB, peak memory is 325 MB
RUN-1003 : finish command "download -bit pwm_demo_Runs\phy_1\pwm_demo.bit -mode jtag -spd 7 -sec 64 -cable 0" in  2.438243s wall, 0.078125s user + 0.062500s system = 0.140625s CPU (5.8%)

RUN-1004 : used memory is 320 MB, reserved memory is 304 MB, peak memory is 325 MB
GUI-1001 : Download success!
RUN-1002 : start command "download -bit pwm_demo_Runs\phy_1\pwm_demo.bit -mode program_riscv -hex2 F:\al\sf1_-project-master\sf1_-project-master\src\GPIO_LED\riscv_project\pwm\Debug\pwm.hex -spd 6 -sec 64 -cable 0"
PRG-2014 : Chip validation success: SF1S60
PRG-2505 : ProgramSvf:  program pwm_demo_Runs/phy_1/pwm_demo.svf successfully
RUN-1003 : finish command "program_svf -svf pwm_demo_Runs/phy_1/pwm_demo.svf -spd 6" in  13.406944s wall, 0.343750s user + 0.312500s system = 0.656250s CPU (4.9%)

RUN-1004 : used memory is 317 MB, reserved memory is 300 MB, peak memory is 347 MB
RUN-1003 : finish command "download -bit pwm_demo_Runs\phy_1\pwm_demo.bit -mode program_riscv -hex2 F:\al\sf1_-project-master\sf1_-project-master\src\GPIO_LED\riscv_project\pwm\Debug\pwm.hex -spd 6 -sec 64 -cable 0" in  13.621338s wall, 0.421875s user + 0.359375s system = 0.781250s CPU (5.7%)

RUN-1004 : used memory is 317 MB, reserved memory is 300 MB, peak memory is 347 MB
GUI-1001 : Download success!
HDL-1007 : analyze verilog file vga_show.v
HDL-5007 WARNING: 'co' is not declared in vga_show.v(233)
HDL-5007 WARNING: 'pixel_xpos' is not declared in vga_show.v(236)
HDL-5007 WARNING: 'pixel_xpos' is not declared in vga_show.v(236)
HDL-5007 WARNING: 'pixel_ypos' is not declared in vga_show.v(236)
HDL-5007 WARNING: 'pixel_ypos' is not declared in vga_show.v(236)
HDL-5007 WARNING: 'sys_rst_n' is not declared in vga_show.v(239)
HDL-5007 WARNING: 'sys_rst_n' is not declared in vga_show.v(261)
HDL-5007 WARNING: 'pixel_data' is not declared in vga_show.v(262)
HDL-5007 WARNING: 'pixel_data' is not declared in vga_show.v(264)
HDL-5007 WARNING: 'pixel_xpos' is not declared in vga_show.v(267)
HDL-5007 Similar messages will be suppressed.
HDL-1007 : analyze verilog file vga_show.v
HDL-5007 WARNING: 'pixel_ypos' is not declared in vga_show.v(216)
HDL-5007 WARNING: 'pixel_ypos' is not declared in vga_show.v(216)
HDL-5007 WARNING: 'sys_rst_n' is not declared in vga_show.v(241)
HDL-5007 WARNING: 'WHITE' is not declared in vga_show.v(248)
HDL-5007 WARNING: 'BLACK' is not declared in vga_show.v(250)
HDL-5007 WARNING: 'RED' is not declared in vga_show.v(252)
HDL-5007 WARNING: 'GREEN' is not declared in vga_show.v(254)
HDL-5007 WARNING: 'BLUE' is not declared in vga_show.v(256)
HDL-5007 WARNING: 'pixel_ypos' is not declared in vga_show.v(216)
HDL-5007 WARNING: 'pixel_ypos' is not declared in vga_show.v(216)
HDL-5007 Similar messages will be suppressed.
RUN-1001 : Print Global Property
RUN-1001 : ---------------------------------------------------------------
RUN-1001 :        Parameters        |  Settings  |  Default Values  |  Note  
RUN-1001 : ---------------------------------------------------------------
RUN-1001 :          message         |  standard  |     standard     |        
RUN-1001 :   mixed_pack_place_flow  |     on     |        on        |        
RUN-1001 :        qor_monitor       |    off     |       off        |        
RUN-1001 :        syn_ip_flow       |    off     |       off        |        
RUN-1001 :          thread          |    auto    |       auto       |        
RUN-1001 : ---------------------------------------------------------------
RUN-1001 : Print Design Property
RUN-1001 : --------------------------------------------------------------
RUN-1001 :        Parameters       |  Settings  |  Default Values  |  Note  
RUN-1001 : --------------------------------------------------------------
RUN-1001 :   default_reg_initial   |    auto    |       auto       |        
RUN-1001 :        infer_add        |     on     |        on        |        
RUN-1001 :        infer_fsm        |    off     |       off        |        
RUN-1001 :        infer_mult       |     on     |        on        |        
RUN-1001 :        infer_ram        |     on     |        on        |        
RUN-1001 :        infer_reg        |     on     |        on        |        
RUN-1001 :   infer_reg_init_value  |     on     |        on        |        
RUN-1001 :        infer_rom        |     on     |        on        |        
RUN-1001 :      infer_shifter      |     on     |        on        |        
RUN-1001 : --------------------------------------------------------------
RUN-1001 : Print Rtl Property
RUN-1001 : --------------------------------------------------------------
RUN-1001 :        Parameters       |  Settings  |  Default Values  |  Note  
RUN-1001 : --------------------------------------------------------------
RUN-1001 :       compress_add      |   ripple   |      ripple      |        
RUN-1001 :        elf_sload        |    off     |       off        |        
RUN-1001 :       fix_undriven      |     0      |        0         |        
RUN-1001 :         flatten         |    off     |       off        |        
RUN-1001 :       gate_sharing      |     on     |        on        |        
RUN-1001 :    hdl_warning_level    |   normal   |      normal      |        
RUN-1001 :   impl_internal_tribuf  |     on     |        on        |        
RUN-1001 :      impl_set_reset     |     on     |        on        |        
RUN-1001 :        infer_gsr        |    off     |       off        |        
RUN-1001 :      keep_hierarchy     |    auto    |       auto       |        
RUN-1001 :        max_fanout       |    9999    |       9999       |        
RUN-1001 :      max_oh2bin_len     |     10     |        10        |        
RUN-1001 :       merge_equal       |     on     |        on        |        
RUN-1001 :       merge_equiv       |     on     |        on        |        
RUN-1001 :        merge_mux        |    off     |       off        |        
RUN-1001 :     min_control_set     |     8      |        8         |        
RUN-1001 :      min_ripple_len     |    auto    |       auto       |        
RUN-1001 :       oh2bin_ratio      |    0.08    |       0.08       |        
RUN-1001 :     opt_adder_fanout    |     on     |        on        |        
RUN-1001 :        opt_arith        |     on     |        on        |        
RUN-1001 :       opt_big_gate      |    off     |       off        |        
RUN-1001 :        opt_const        |     on     |        on        |        
RUN-1001 :      opt_const_mult     |     on     |        on        |        
RUN-1001 :       opt_lessthan      |     on     |        on        |        
RUN-1001 :         opt_mux         |    off     |       off        |        
RUN-1001 :         opt_ram         |    high    |       high       |        
RUN-1001 :      rtl_sim_model      |    off     |       off        |        
RUN-1001 :         seq_syn         |     on     |        on        |        
RUN-1001 : --------------------------------------------------------------
HDL-1007 : analyze verilog file al_ip/SF1_MCU.v
HDL-1007 : analyze verilog file al_ip/pll.v
HDL-1007 : undeclared symbol 'open', assumed default net type 'wire' in al_ip/pll.v(98)
HDL-1007 : analyze verilog file al_ip/rom_weight.v
HDL-1007 : analyze verilog file al_ip/ROM.v
HDL-1007 : analyze verilog file SF1_SOC.v
HDL-1007 : analyze verilog file ahb_pwm.v
HDL-1007 : analyze verilog file gpio_controler.v
HDL-1007 : analyze verilog file speed_up.v
HDL-1007 : analyze verilog file vga_show.v
HDL-5007 WARNING: 'pixel_ypos' is not declared in vga_show.v(216)
HDL-5007 WARNING: 'pixel_ypos' is not declared in vga_show.v(216)
HDL-5007 WARNING: 'sys_rst_n' is not declared in vga_show.v(241)
HDL-5007 WARNING: 'WHITE' is not declared in vga_show.v(248)
HDL-5007 WARNING: 'BLACK' is not declared in vga_show.v(250)
HDL-5007 WARNING: 'RED' is not declared in vga_show.v(252)
HDL-5007 WARNING: 'GREEN' is not declared in vga_show.v(254)
HDL-5007 WARNING: 'BLUE' is not declared in vga_show.v(256)
HDL-5007 WARNING: 'pixel_ypos' is not declared in vga_show.v(216)
HDL-5007 WARNING: 'pixel_ypos' is not declared in vga_show.v(216)
HDL-5007 Similar messages will be suppressed.
HDL-1007 : analyze verilog file vga_show.v
HDL-5007 WARNING: 'pixel_ypos' is not declared in vga_show.v(216)
HDL-5007 WARNING: 'pixel_ypos' is not declared in vga_show.v(216)
HDL-5007 WARNING: 'sys_rst_n' is not declared in vga_show.v(242)
HDL-5007 WARNING: 'WHITE' is not declared in vga_show.v(249)
HDL-5007 WARNING: 'BLACK' is not declared in vga_show.v(251)
HDL-5007 WARNING: 'RED' is not declared in vga_show.v(253)
HDL-5007 WARNING: 'GREEN' is not declared in vga_show.v(255)
HDL-5007 WARNING: 'BLUE' is not declared in vga_show.v(257)
HDL-5007 WARNING: 'pixel_ypos' is not declared in vga_show.v(216)
HDL-5007 WARNING: 'pixel_ypos' is not declared in vga_show.v(216)
HDL-5007 Similar messages will be suppressed.
RUN-1001 : reset_run syn_1.
RUN-1001 : launch_runs syn_1 -step opt_gate.
RUN-1001 : reset_run phy_1.
GUI-6001 WARNING: File F:/al/sf1_-project-master/sf1_-project-master/src/PWM/td_project/pwm_demo_Runs/phy_1/pwm_demo.bit does not exist!
RUN-6001 WARNING: syn_1: run failed.
HDL-1007 : analyze verilog file vga_show.v
HDL-5007 WARNING: 'sys_rst_n' is not declared in vga_show.v(242)
HDL-5007 WARNING: 'WHITE' is not declared in vga_show.v(249)
HDL-5007 WARNING: 'BLACK' is not declared in vga_show.v(251)
HDL-5007 WARNING: 'RED' is not declared in vga_show.v(253)
HDL-5007 WARNING: 'GREEN' is not declared in vga_show.v(255)
HDL-5007 WARNING: 'BLUE' is not declared in vga_show.v(257)
HDL-5007 WARNING: 'sys_rst_n' is not declared in vga_show.v(242)
HDL-5007 WARNING: 'WHITE' is not declared in vga_show.v(249)
HDL-5007 WARNING: 'BLACK' is not declared in vga_show.v(251)
HDL-5007 WARNING: 'RED' is not declared in vga_show.v(253)
HDL-5007 Similar messages will be suppressed.
RUN-1001 : reset_run syn_1.
RUN-1001 : reset_run phy_1.
RUN-1001 : launch_runs syn_1 -step read_design.
RUN-1001 : reset_run phy_1.
RUN-6001 WARNING: syn_1: run failed.
HDL-1007 : analyze verilog file vga_show.v
HDL-5007 WARNING: 'WHITE' is not declared in vga_show.v(249)
HDL-5007 WARNING: 'BLACK' is not declared in vga_show.v(251)
HDL-5007 WARNING: 'RED' is not declared in vga_show.v(253)
HDL-5007 WARNING: 'GREEN' is not declared in vga_show.v(255)
HDL-5007 WARNING: 'BLUE' is not declared in vga_show.v(257)
HDL-5007 WARNING: 'WHITE' is not declared in vga_show.v(249)
HDL-5007 WARNING: 'BLACK' is not declared in vga_show.v(251)
HDL-5007 WARNING: 'RED' is not declared in vga_show.v(253)
HDL-5007 WARNING: 'GREEN' is not declared in vga_show.v(255)
HDL-5007 WARNING: 'BLUE' is not declared in vga_show.v(257)
RUN-1001 : reset_run syn_1.
RUN-1001 : reset_run phy_1.
RUN-1001 : launch_runs syn_1 -step read_design.
RUN-1001 : reset_run phy_1.
RUN-6001 WARNING: syn_1: run failed.
HDL-1007 : analyze verilog file vga_show.v
RUN-1001 : reset_run syn_1.
RUN-1001 : reset_run phy_1.
RUN-1001 : launch_runs syn_1 -step read_design.
RUN-1001 : reset_run phy_1.
RUN-1001 : syn_1: run complete.
RUN-1001 : open_run syn_1.
RUN-1002 : start command "import_db F:/al/sf1_-project-master/sf1_-project-master/src/PWM/td_project/pwm_demo_Runs/syn_1/pwm_demo_elaborate.db"
RUN-1001 : Importing database generated by Tang Dynasty, V5.6.59063.
RUN-1001 : Database version number 46140.
RUN-1001 : Import flow parameters
RUN-1001 : Import IO constraints
RUN-1001 : Import Inst constraints
RUN-1001 : Import design success TD_VERSION=5.6.59063 , DB_VERSION=46140
RUN-1002 : start command "report_timing"
RUN-1002 : start command "start_timer"
RUN-1002 : start command "end_timer"
RUN-1001 : reset_run syn_1.
RUN-1001 : launch_runs syn_1 -step opt_gate.
RUN-1001 : reset_run phy_1.
RUN-6001 WARNING: syn_1: run failed.
RUN-1001 : open_run syn_1.
RUN-1002 : start command "import_db F:/al/sf1_-project-master/sf1_-project-master/src/PWM/td_project/pwm_demo_Runs/syn_1/pwm_demo_rtl.db"
RUN-1001 : Importing database generated by Tang Dynasty, V5.6.59063.
RUN-1001 : Database version number 46140.
RUN-1001 : Import flow parameters
RUN-1001 : Import IO constraints
RUN-1001 : Import Inst constraints
RUN-1001 : Import design success TD_VERSION=5.6.59063 , DB_VERSION=46140
RUN-1002 : start command "report_timing"
RUN-1002 : start command "start_timer"
RUN-1002 : start command "end_timer"
RUN-1001 : reset_run phy_1.
RUN-8001 ERROR: Can't launch run syn_1 to step opt_gate now.
RUN-1001 : reset_run phy_1.
RUN-8001 ERROR: Step opt_rtl is already run.
RUN-1001 : reset_run syn_1.
RUN-1001 : launch_runs syn_1 -step opt_gate.
RUN-1001 : reset_run phy_1.
RUN-6001 WARNING: syn_1: run failed.
RUN-1001 : open_run syn_1.
RUN-1002 : start command "import_db F:/al/sf1_-project-master/sf1_-project-master/src/PWM/td_project/pwm_demo_Runs/syn_1/pwm_demo_rtl.db"
RUN-1001 : Importing database generated by Tang Dynasty, V5.6.59063.
RUN-1001 : Database version number 46140.
RUN-1001 : Import flow parameters
RUN-1001 : Import IO constraints
RUN-1001 : Import Inst constraints
RUN-1001 : Import design success TD_VERSION=5.6.59063 , DB_VERSION=46140
RUN-1002 : start command "report_timing"
RUN-1002 : start command "start_timer"
RUN-1002 : start command "end_timer"
HDL-1007 : analyze verilog file vga_show.v
HDL-1007 : analyze verilog file vga_show.v
RUN-1001 : reset_run syn_1.
RUN-1001 : launch_runs syn_1 -step opt_gate.
RUN-1001 : reset_run phy_1.
RUN-6001 WARNING: syn_1: run failed.
RUN-1001 : open_run syn_1.
RUN-1002 : start command "import_db F:/al/sf1_-project-master/sf1_-project-master/src/PWM/td_project/pwm_demo_Runs/syn_1/pwm_demo_rtl.db"
RUN-1001 : Importing database generated by Tang Dynasty, V5.6.59063.
RUN-1001 : Database version number 46140.
RUN-1001 : Import flow parameters
RUN-1001 : Import IO constraints
RUN-1001 : Import Inst constraints
RUN-1001 : Import design success TD_VERSION=5.6.59063 , DB_VERSION=46140
RUN-1002 : start command "report_timing"
RUN-1002 : start command "start_timer"
RUN-1002 : start command "end_timer"
HDL-1007 : analyze verilog file vga_show.v
RUN-1001 : reset_run syn_1.
RUN-1001 : launch_runs syn_1 -step opt_gate.
RUN-1001 : reset_run phy_1.
RUN-1001 : syn_1: run complete.
HDL-1007 : analyze verilog file vga_show.v
RUN-1001 : reset_run syn_1.
RUN-1001 : launch_runs syn_1 -step opt_gate.
RUN-1001 : reset_run phy_1.
RUN-6001 WARNING: syn_1: run failed.
RUN-1001 : open_run syn_1.
RUN-1002 : start command "import_db F:/al/sf1_-project-master/sf1_-project-master/src/PWM/td_project/pwm_demo_Runs/syn_1/pwm_demo_rtl.db"
RUN-1001 : Importing database generated by Tang Dynasty, V5.6.59063.
RUN-1001 : Database version number 46140.
RUN-1001 : Import flow parameters
RUN-1001 : Import IO constraints
RUN-1001 : Import Inst constraints
RUN-1001 : Import design success TD_VERSION=5.6.59063 , DB_VERSION=46140
RUN-1002 : start command "report_timing"
RUN-1002 : start command "start_timer"
RUN-1002 : start command "end_timer"
RUN-1001 : reset_run syn_1.
RUN-1001 : launch_runs syn_1 -step opt_gate.
RUN-1001 : reset_run phy_1.
RUN-1001 : syn_1: run complete.
RUN-1001 : open_run syn_1.
RUN-1002 : start command "import_db F:/al/sf1_-project-master/sf1_-project-master/src/PWM/td_project/pwm_demo_Runs/syn_1/pwm_demo_gate.db"
RUN-1001 : Importing database generated by Tang Dynasty, V5.6.59063.
RUN-1001 : Database version number 46140.
RUN-1001 : Import flow parameters
RUN-1001 : Import timing constraints
RUN-1001 : Import IO constraints
RUN-1001 : Import Inst constraints
RUN-1001 : Import design success TD_VERSION=5.6.59063 , DB_VERSION=46140
RUN-1002 : start command "report_timing -mode ideal"
RUN-1002 : start command "start_timer"
RUN-1002 : start command "end_timer"
RUN-1001 : launch_runs phy_1 -step bitgen.
RUN-1001 : phy_1: run complete.
RUN-1001 : open_run phy_1.
RUN-1002 : start command "import_db F:/al/sf1_-project-master/sf1_-project-master/src/PWM/td_project/pwm_demo_Runs/phy_1/pwm_demo_pr.db"
RUN-1001 : Importing database generated by Tang Dynasty, V5.6.59063.
RUN-1001 : Database version number 46140.
RUN-1001 : Import flow parameters
PHY-1001 : Generate detailed routing grids ...
PHY-1001 : Generate nets ...
PHY-1001 : net I_clk_25m_dup_1 will be routed on clock mesh
PHY-5010 WARNING: Net u_ahb_pwm/I_ahb_hsize[2] is skipped due to 0 input or output
PHY-5010 WARNING: Net u_ahb_pwm/I_ahb_hsize[1] is skipped due to 0 input or output
PHY-5010 WARNING: Net u_ahb_pwm/I_ahb_hsize[0] is skipped due to 0 input or output
PHY-1001 : net vga_show_inst/vga_clk will be routed on clock mesh
PHY-1001 : clock net u_ahb_pwm/I_ahb_clk will be merged with clock u_pll/clk0_buf
PHY-5010 WARNING: Net u_ahb_pwm/I_ahb_hsize[2] is skipped due to 0 input or output
PHY-5010 WARNING: Net u_ahb_pwm/I_ahb_hsize[1] is skipped due to 0 input or output
PHY-5010 WARNING: Net u_ahb_pwm/I_ahb_hsize[0] is skipped due to 0 input or output
PHY-1001 : eco open net = 0
PHY-5014 WARNING: Detail route doesn't find pib for u_pll/pll_inst.dsm_refclk[0]
PHY-5014 WARNING: Detail route doesn't find pib for u_pll/pll_inst.dsm_rst[0]
PHY-5014 WARNING: Detail route doesn't find pib for u_pll/pll_inst.frac_offset_valid[0]
PHY-5014 WARNING: Detail route doesn't find pib for u_pll/pll_inst.ssc_en[0]
PHY-1001 : 107 feed throughs used by 54 nets
RUN-1001 : Import timing constraints
RUN-1001 : Import IO constraints
RUN-1001 : Import Inst constraints
RUN-1001 : Import design success TD_VERSION=5.6.59063 , DB_VERSION=46140
RUN-1002 : start command "report_timing"
RUN-1002 : start command "start_timer"
RUN-1002 : start command "end_timer"
RUN-1002 : start command "download -bit pwm_demo_Runs\phy_1\pwm_demo.bit -mode program_riscv -hex2 F:\al\sf1_-project-master\sf1_-project-master\src\GPIO_LED\riscv_project\pwm\Debug\pwm.hex -spd 6 -sec 64 -cable 0"
PRG-2014 : Chip validation success: SF1S60
PRG-2505 : ProgramSvf:  program pwm_demo_Runs/phy_1/pwm_demo.svf successfully
RUN-1003 : finish command "program_svf -svf pwm_demo_Runs/phy_1/pwm_demo.svf -spd 6" in  13.656243s wall, 0.375000s user + 0.234375s system = 0.609375s CPU (4.5%)

RUN-1004 : used memory is 371 MB, reserved memory is 345 MB, peak memory is 398 MB
RUN-1003 : finish command "download -bit pwm_demo_Runs\phy_1\pwm_demo.bit -mode program_riscv -hex2 F:\al\sf1_-project-master\sf1_-project-master\src\GPIO_LED\riscv_project\pwm\Debug\pwm.hex -spd 6 -sec 64 -cable 0" in  13.961749s wall, 0.546875s user + 0.281250s system = 0.828125s CPU (5.9%)

RUN-1004 : used memory is 371 MB, reserved memory is 345 MB, peak memory is 398 MB
GUI-1001 : Download success!
