============================================================
   Tang Dynasty, V5.6.59063
   Copyright (c) 2012-2022 Anlogic
   Executable = D:/XILINX_EXE/TD_5.6/bin/td.exe
   Built at =   12:45:13 Sep  6 2022
   Run by =     13456
   Run Date =   Mon Nov 13 22:31:30 2023

   Run on =     DESKTOP-1HJPLU7
============================================================
RUN-001 : GUI based run...
RUN-1002 : start command "import_device sf1_6.db -package SF1S60CG121I"
ARC-1001 : Device Initialization.
ARC-1001 : -------------------------------------------------
ARC-1001 :       OPTION       |      IO       |   SETTING   
ARC-1001 : -------------------------------------------------
ARC-1001 :        done        |      B4       |    gpio    
ARC-1001 :        initn       |      A5       |    gpio    
ARC-1001 :       jtagen       |      B7       |    gpio    
ARC-1001 :      programn      |      B5       |  dedicate  
ARC-1001 :   tdi/tms/tck/tdo  |  C4/A6/A7/C5  |  dedicate  
ARC-1001 : -------------------------------------------------
ARC-1004 : Device setting, marked 5 dedicate IOs in total.
RUN-1002 : start command "mif2dat -mif F:/CNN/CNN_korea/python/output.mif"
SYN-6521 CRITICAL-WARNING: "28: 00;" address out of range
SYN-6521 CRITICAL-WARNING: "29: 00;" address out of range
SYN-6521 CRITICAL-WARNING: "30: 00;" address out of range
SYN-6521 CRITICAL-WARNING: "31: 00;" address out of range
SYN-6521 CRITICAL-WARNING: "32: 00;" address out of range
SYN-6521 CRITICAL-WARNING: "33: 00;" address out of range
SYN-6521 CRITICAL-WARNING: "34: 00;" address out of range
SYN-6521 CRITICAL-WARNING: "35: 00;" address out of range
SYN-6521 CRITICAL-WARNING: "36: 00;" address out of range
SYN-6521 CRITICAL-WARNING: "37: 00;" address out of range
SYN-6521 Similar messages will be suppressed.
RUN-1002 : start command "mif2dat -mif F:/CNN/CNN_korea/python/output.mif"
GUI-2000 : The IP files have been created successfully :{SF1S60CG121I(F:/al/sf1_-project-master/sf1_-project-master/src/PWM/td_project/al_ip/ROM.ipc)}
