============================================================
   Tang Dynasty, V5.6.59063
   Copyright (c) 2012-2022 Anlogic
   Executable = D:/XILINX_EXE/TD_5.6/bin/td.exe
   Built at =   12:45:13 Sep  6 2022
   Run by =     13456
   Run Date =   Sun Nov 12 13:08:58 2023

   Run on =     DESKTOP-1HJPLU7
============================================================
RUN-1002 : start command "open_project pwm_demo.prj"
RUN-1001 : Print Global Property
RUN-1001 : ---------------------------------------------------------------
RUN-1001 :        Parameters        |  Settings  |  Default Values  |  Note  
RUN-1001 : ---------------------------------------------------------------
RUN-1001 :          message         |  standard  |     standard     |        
RUN-1001 :   mixed_pack_place_flow  |     on     |        on        |        
RUN-1001 :        qor_monitor       |    off     |       off        |        
RUN-1001 :        syn_ip_flow       |    off     |       off        |        
RUN-1001 :          thread          |    auto    |       auto       |        
RUN-1001 : ---------------------------------------------------------------
RUN-1001 : Print Design Property
RUN-1001 : --------------------------------------------------------------
RUN-1001 :        Parameters       |  Settings  |  Default Values  |  Note  
RUN-1001 : --------------------------------------------------------------
RUN-1001 :   default_reg_initial   |    auto    |       auto       |        
RUN-1001 :        infer_add        |     on     |        on        |        
RUN-1001 :        infer_fsm        |    off     |       off        |        
RUN-1001 :        infer_mult       |     on     |        on        |        
RUN-1001 :        infer_ram        |     on     |        on        |        
RUN-1001 :        infer_reg        |     on     |        on        |        
RUN-1001 :   infer_reg_init_value  |     on     |        on        |        
RUN-1001 :        infer_rom        |     on     |        on        |        
RUN-1001 :      infer_shifter      |     on     |        on        |        
RUN-1001 : --------------------------------------------------------------
RUN-1001 : Print Rtl Property
RUN-1001 : --------------------------------------------------------------
RUN-1001 :        Parameters       |  Settings  |  Default Values  |  Note  
RUN-1001 : --------------------------------------------------------------
RUN-1001 :       compress_add      |   ripple   |      ripple      |        
RUN-1001 :        elf_sload        |    off     |       off        |        
RUN-1001 :       fix_undriven      |     0      |        0         |        
RUN-1001 :         flatten         |    off     |       off        |        
RUN-1001 :       gate_sharing      |     on     |        on        |        
RUN-1001 :    hdl_warning_level    |   normal   |      normal      |        
RUN-1001 :   impl_internal_tribuf  |     on     |        on        |        
RUN-1001 :      impl_set_reset     |     on     |        on        |        
RUN-1001 :        infer_gsr        |    off     |       off        |        
RUN-1001 :      keep_hierarchy     |    auto    |       auto       |        
RUN-1001 :        max_fanout       |    9999    |       9999       |        
RUN-1001 :      max_oh2bin_len     |     10     |        10        |        
RUN-1001 :       merge_equal       |     on     |        on        |        
RUN-1001 :       merge_equiv       |     on     |        on        |        
RUN-1001 :        merge_mux        |    off     |       off        |        
RUN-1001 :     min_control_set     |     8      |        8         |        
RUN-1001 :      min_ripple_len     |    auto    |       auto       |        
RUN-1001 :       oh2bin_ratio      |    0.08    |       0.08       |        
RUN-1001 :     opt_adder_fanout    |     on     |        on        |        
RUN-1001 :        opt_arith        |     on     |        on        |        
RUN-1001 :       opt_big_gate      |    off     |       off        |        
RUN-1001 :        opt_const        |     on     |        on        |        
RUN-1001 :      opt_const_mult     |     on     |        on        |        
RUN-1001 :       opt_lessthan      |     on     |        on        |        
RUN-1001 :         opt_mux         |    off     |       off        |        
RUN-1001 :         opt_ram         |    high    |       high       |        
RUN-1001 :      rtl_sim_model      |    off     |       off        |        
RUN-1001 :         seq_syn         |     on     |        on        |        
RUN-1001 : --------------------------------------------------------------
HDL-1007 : analyze verilog file ../../al_ip/SF1_MCU.v
HDL-1007 : analyze verilog file ../../al_ip/pll.v
HDL-1007 : undeclared symbol 'open', assumed default net type 'wire' in ../../al_ip/pll.v(88)
HDL-1007 : analyze verilog file ../../al_ip/rom_weight.v
HDL-1007 : analyze verilog file ../../SF1_SOC.v
HDL-1007 : analyze verilog file ../../ahb_pwm.v
HDL-5007 WARNING: identifier 'weight1' is used before its declaration in ../../ahb_pwm.v(361)
HDL-5007 WARNING: identifier 'fc_pipe6' is used before its declaration in ../../ahb_pwm.v(363)
HDL-5007 WARNING: identifier 'weight47' is used before its declaration in ../../ahb_pwm.v(364)
HDL-5007 WARNING: identifier 'weight46' is used before its declaration in ../../ahb_pwm.v(365)
HDL-5007 WARNING: identifier 'weight45' is used before its declaration in ../../ahb_pwm.v(366)
HDL-5007 WARNING: identifier 'weight44' is used before its declaration in ../../ahb_pwm.v(367)
HDL-5007 WARNING: identifier 'weight43' is used before its declaration in ../../ahb_pwm.v(368)
HDL-5007 WARNING: identifier 'weight42' is used before its declaration in ../../ahb_pwm.v(369)
HDL-5007 WARNING: identifier 'weight41' is used before its declaration in ../../ahb_pwm.v(370)
HDL-5007 WARNING: identifier 'weight40' is used before its declaration in ../../ahb_pwm.v(371)
HDL-5007 Similar messages will be suppressed.
HDL-1007 : analyze verilog file ../../gpio_controler.v
RUN-1001 : Project manager successfully analyzed 6 source files.
RUN-1002 : start command "import_device sf1_6.db -package SF1S60CG121I"
ARC-1001 : Device Initialization.
ARC-1001 : -------------------------------------------------
ARC-1001 :       OPTION       |      IO       |   SETTING   
ARC-1001 : -------------------------------------------------
ARC-1001 :        done        |      B4       |    gpio    
ARC-1001 :        initn       |      A5       |    gpio    
ARC-1001 :       jtagen       |      B7       |    gpio    
ARC-1001 :      programn      |      B5       |  dedicate  
ARC-1001 :   tdi/tms/tck/tdo  |  C4/A6/A7/C5  |  dedicate  
ARC-1001 : -------------------------------------------------
ARC-1004 : Device setting, marked 5 dedicate IOs in total.
RUN-1002 : start command "import_db ../syn_1/pwm_demo_gate.db"
RUN-1001 : Importing database generated by Tang Dynasty, V5.6.59063.
RUN-1001 : Database version number 46140.
RUN-1001 : Import flow parameters
RUN-1001 : Import timing constraints
RUN-1001 : Import IO constraints
RUN-1001 : Import Inst constraints
RUN-1001 : Import design success TD_VERSION=5.6.59063 , DB_VERSION=46140
RUN-1002 : start command "read_sdc"
USR-1002 : read_sdc file_name -help -h -eco
USR-1009 : NO module with IP_SDC ...
RUN-1104 : Import SDC file  finished, there are 0 nets kept by constraints.
RUN-1002 : start command "place"
RUN-1001 : Open license file D:/XILINX_EXE/TD_5.6/license/Anlogic.lic
RUN-1001 : Print Global Property
RUN-1001 : ---------------------------------------------------------------
RUN-1001 :        Parameters        |  Settings  |  Default Values  |  Note  
RUN-1001 : ---------------------------------------------------------------
RUN-1001 :          message         |  standard  |     standard     |        
RUN-1001 :   mixed_pack_place_flow  |     on     |        on        |        
RUN-1001 :        qor_monitor       |    off     |       off        |        
RUN-1001 :        syn_ip_flow       |    off     |       off        |        
RUN-1001 :          thread          |    auto    |       auto       |        
RUN-1001 : ---------------------------------------------------------------
RUN-1001 : Print Place Property
RUN-1001 : --------------------------------------------------------------
RUN-1001 :        Parameters       |  Settings  |  Default Values  |  Note  
RUN-1001 : --------------------------------------------------------------
RUN-1001 :      detailed_place     |     on     |        on        |        
RUN-1001 :          effort         |   medium   |      medium      |        
RUN-1001 :         fix_hold        |    off     |       off        |        
RUN-1001 :       legalization      |    ori     |       ori        |        
RUN-1001 :      new_spreading      |     on     |        on        |        
RUN-1001 :        opt_timing       |   medium   |      medium      |        
RUN-1001 :   post_clock_route_opt  |    off     |       off        |        
RUN-1001 :       pr_strategy       |     1      |        1         |        
RUN-1001 :        relaxation       |    1.00    |       1.00       |        
RUN-1001 :         retiming        |    off     |       off        |        
RUN-1001 : --------------------------------------------------------------
PHY-3001 : Placer runs in 8 thread(s).
RUN-1002 : start command "legalize_phy_inst"
SYN-1011 : Flatten model SF1_SOC
RUN-1002 : start command "phys_opt -simplify_lut"
SYN-4016 : Net u_ahb_pwm/I_ahb_clk driven by BUFG (1675 clock/control pins, 1 other pins).
SYN-4019 : Net I_clk_25m_dup_1 is refclk of pll u_pll/pll_inst.
SYN-4020 : Net I_clk_25m_dup_1 is fbclk of pll u_pll/pll_inst.
SYN-4025 : Tag rtl::Net I_clk_25m_dup_1 as clock net
SYN-4025 : Tag rtl::Net u_ahb_pwm/I_ahb_clk as clock net
SYN-4026 : Tagged 2 rtl::Net as clock net
PHY-1001 : Populate physical database on model SF1_SOC.
RUN-1001 : There are total 8358 instances
RUN-0007 : 4916 luts, 1608 seqs, 1165 mslices, 607 lslices, 25 pads, 21 brams, 10 dsps
RUN-1001 : There are total 13170 nets
RUN-6004 WARNING: There are 3 nets with only 1 pin.
RUN-1001 : 12216 nets have 2 pins
RUN-1001 : 133 nets have [3 - 5] pins
RUN-1001 : 514 nets have [6 - 10] pins
RUN-1001 : 96 nets have [11 - 20] pins
RUN-1001 : 201 nets have [21 - 99] pins
RUN-1001 : 7 nets have 100+ pins
RUN-1001 : Report Control nets information:
RUN-1001 : DFF Distribution
RUN-1001 : ----------------------------------
RUN-1001 :   CE   |  SSR  |  ASR  |  DFF Count  
RUN-1001 : ----------------------------------
RUN-1001 :   No   |  No   |  No   |      2      
RUN-1001 :   No   |  No   |  Yes  |     202     
RUN-1001 :   No   |  Yes  |  No   |      0      
RUN-1001 :   Yes  |  No   |  No   |      0      
RUN-1001 :   Yes  |  No   |  Yes  |    1404     
RUN-1001 :   Yes  |  Yes  |  No   |      0      
RUN-1001 : ----------------------------------
RUN-0007 : Control Group Statistic
RUN-0007 : ---------------------------
RUN-0007 :   #CLK  |  #CE  |  #SSR/ASR  
RUN-0007 : ---------------------------
RUN-0007 :    1    |  51   |     2      
RUN-0007 : ---------------------------
RUN-0007 : Control Set = 52
PHY-9011 ERROR: Design's lut number = 4916, plus 1772 existing slices, exceeds the slice limit 2912.
RUN-1002 : start command "backup_run_log run.log ../.logs/phy_1/td_20231112_130858.log"
