============================================================
   Tang Dynasty, V5.6.59063
   Copyright (c) 2012-2022 Anlogic
   Executable = D:/XILINX_EXE/TD_5.6/bin/td.exe
   Built at =   12:45:13 Sep  6 2022
   Run by =     13456
   Run Date =   Sun Nov 12 13:10:21 2023

   Run on =     DESKTOP-1HJPLU7
============================================================
RUN-1002 : start command "open_project pwm_demo.prj"
RUN-1001 : Print Global Property
RUN-1001 : ---------------------------------------------------------------
RUN-1001 :        Parameters        |  Settings  |  Default Values  |  Note  
RUN-1001 : ---------------------------------------------------------------
RUN-1001 :          message         |  standard  |     standard     |        
RUN-1001 :   mixed_pack_place_flow  |     on     |        on        |        
RUN-1001 :        qor_monitor       |    off     |       off        |        
RUN-1001 :        syn_ip_flow       |    off     |       off        |        
RUN-1001 :          thread          |    auto    |       auto       |        
RUN-1001 : ---------------------------------------------------------------
RUN-1001 : Print Design Property
RUN-1001 : --------------------------------------------------------------
RUN-1001 :        Parameters       |  Settings  |  Default Values  |  Note  
RUN-1001 : --------------------------------------------------------------
RUN-1001 :   default_reg_initial   |    auto    |       auto       |        
RUN-1001 :        infer_add        |     on     |        on        |        
RUN-1001 :        infer_fsm        |    off     |       off        |        
RUN-1001 :        infer_mult       |     on     |        on        |        
RUN-1001 :        infer_ram        |     on     |        on        |        
RUN-1001 :        infer_reg        |     on     |        on        |        
RUN-1001 :   infer_reg_init_value  |     on     |        on        |        
RUN-1001 :        infer_rom        |     on     |        on        |        
RUN-1001 :      infer_shifter      |     on     |        on        |        
RUN-1001 : --------------------------------------------------------------
RUN-1001 : Print Rtl Property
RUN-1001 : --------------------------------------------------------------
RUN-1001 :        Parameters       |  Settings  |  Default Values  |  Note  
RUN-1001 : --------------------------------------------------------------
RUN-1001 :       compress_add      |   ripple   |      ripple      |        
RUN-1001 :        elf_sload        |    off     |       off        |        
RUN-1001 :       fix_undriven      |     0      |        0         |        
RUN-1001 :         flatten         |    off     |       off        |        
RUN-1001 :       gate_sharing      |     on     |        on        |        
RUN-1001 :    hdl_warning_level    |   normal   |      normal      |        
RUN-1001 :   impl_internal_tribuf  |     on     |        on        |        
RUN-1001 :      impl_set_reset     |     on     |        on        |        
RUN-1001 :        infer_gsr        |    off     |       off        |        
RUN-1001 :      keep_hierarchy     |    auto    |       auto       |        
RUN-1001 :        max_fanout       |    9999    |       9999       |        
RUN-1001 :      max_oh2bin_len     |     10     |        10        |        
RUN-1001 :       merge_equal       |     on     |        on        |        
RUN-1001 :       merge_equiv       |     on     |        on        |        
RUN-1001 :        merge_mux        |    off     |       off        |        
RUN-1001 :     min_control_set     |     8      |        8         |        
RUN-1001 :      min_ripple_len     |    auto    |       auto       |        
RUN-1001 :       oh2bin_ratio      |    0.08    |       0.08       |        
RUN-1001 :     opt_adder_fanout    |     on     |        on        |        
RUN-1001 :        opt_arith        |     on     |        on        |        
RUN-1001 :       opt_big_gate      |    off     |       off        |        
RUN-1001 :        opt_const        |     on     |        on        |        
RUN-1001 :      opt_const_mult     |     on     |        on        |        
RUN-1001 :       opt_lessthan      |     on     |        on        |        
RUN-1001 :         opt_mux         |    off     |       off        |        
RUN-1001 :         opt_ram         |    high    |       high       |        
RUN-1001 :      rtl_sim_model      |    off     |       off        |        
RUN-1001 :         seq_syn         |     on     |        on        |        
RUN-1001 : --------------------------------------------------------------
HDL-1007 : analyze verilog file ../../al_ip/SF1_MCU.v
HDL-1007 : analyze verilog file ../../al_ip/pll.v
HDL-1007 : undeclared symbol 'open', assumed default net type 'wire' in ../../al_ip/pll.v(88)
HDL-1007 : analyze verilog file ../../al_ip/rom_weight.v
HDL-1007 : analyze verilog file ../../SF1_SOC.v
HDL-1007 : analyze verilog file ../../ahb_pwm.v
HDL-5007 WARNING: identifier 'weight1' is used before its declaration in ../../ahb_pwm.v(361)
HDL-5007 WARNING: identifier 'fc_pipe4' is used before its declaration in ../../ahb_pwm.v(363)
HDL-5007 WARNING: identifier 'weight47' is used before its declaration in ../../ahb_pwm.v(364)
HDL-5007 WARNING: identifier 'weight46' is used before its declaration in ../../ahb_pwm.v(365)
HDL-5007 WARNING: identifier 'weight45' is used before its declaration in ../../ahb_pwm.v(366)
HDL-5007 WARNING: identifier 'weight44' is used before its declaration in ../../ahb_pwm.v(367)
HDL-5007 WARNING: identifier 'weight43' is used before its declaration in ../../ahb_pwm.v(368)
HDL-5007 WARNING: identifier 'weight42' is used before its declaration in ../../ahb_pwm.v(369)
HDL-5007 WARNING: identifier 'weight41' is used before its declaration in ../../ahb_pwm.v(370)
HDL-5007 WARNING: identifier 'weight40' is used before its declaration in ../../ahb_pwm.v(371)
HDL-5007 Similar messages will be suppressed.
HDL-1007 : analyze verilog file ../../gpio_controler.v
RUN-1001 : Project manager successfully analyzed 6 source files.
RUN-1002 : start command "import_device sf1_6.db -package SF1S60CG121I"
ARC-1001 : Device Initialization.
ARC-1001 : -------------------------------------------------
ARC-1001 :       OPTION       |      IO       |   SETTING   
ARC-1001 : -------------------------------------------------
ARC-1001 :        done        |      B4       |    gpio    
ARC-1001 :        initn       |      A5       |    gpio    
ARC-1001 :       jtagen       |      B7       |    gpio    
ARC-1001 :      programn      |      B5       |  dedicate  
ARC-1001 :   tdi/tms/tck/tdo  |  C4/A6/A7/C5  |  dedicate  
ARC-1001 : -------------------------------------------------
ARC-1004 : Device setting, marked 5 dedicate IOs in total.
RUN-1002 : start command "import_db pwm_demo_place.db"
RUN-1001 : Importing database generated by Tang Dynasty, V5.6.59063.
RUN-1001 : Database version number 46140.
RUN-1001 : Import flow parameters
RUN-1001 : Import timing constraints
RUN-1001 : Import IO constraints
RUN-1001 : Import Inst constraints
RUN-1001 : Import design success TD_VERSION=5.6.59063 , DB_VERSION=46140
RUN-1002 : start command "route"
RUN-1001 : Open license file D:/XILINX_EXE/TD_5.6/license/Anlogic.lic
RUN-1001 : Print Global Property
RUN-1001 : ---------------------------------------------------------------
RUN-1001 :        Parameters        |  Settings  |  Default Values  |  Note  
RUN-1001 : ---------------------------------------------------------------
RUN-1001 :          message         |  standard  |     standard     |        
RUN-1001 :   mixed_pack_place_flow  |     on     |        on        |        
RUN-1001 :        qor_monitor       |    off     |       off        |        
RUN-1001 :        syn_ip_flow       |    off     |       off        |        
RUN-1001 :          thread          |    auto    |       auto       |        
RUN-1001 : ---------------------------------------------------------------
RUN-1001 : Print Route Property
RUN-1001 : -------------------------------------------------------
RUN-1001 :    Parameters    |  Settings  |  Default Values  |  Note  
RUN-1001 : -------------------------------------------------------
RUN-1001 :      effort      |   medium   |      medium      |        
RUN-1001 :     fix_hold     |    off     |       off        |        
RUN-1001 :    opt_timing    |   medium   |      medium      |        
RUN-1001 :   phy_sim_model  |    off     |       off        |        
RUN-1001 :     priority     |   timing   |      timing      |        
RUN-1001 :     swap_pin     |     on     |        on        |        
RUN-1001 : -------------------------------------------------------
PHY-1001 : Route runs in 8 thread(s)
RUN-1001 : There are total 2729 instances
RUN-1001 : 1335 mslices, 1335 lslices, 25 pads, 18 brams, 10 dsps
RUN-1001 : There are total 8483 nets
RUN-6004 WARNING: There are 3 nets with only 1 pin.
RUN-1001 : 7847 nets have 2 pins
RUN-1001 : 100 nets have [3 - 5] pins
RUN-1001 : 305 nets have [6 - 10] pins
RUN-1001 : 104 nets have [11 - 20] pins
RUN-1001 : 116 nets have [21 - 99] pins
RUN-1001 : 8 nets have 100+ pins
RUN-1002 : start command "start_timer -report"
TMR-2505 : Start building timing graph for model SF1_SOC.
TMR-2506 : Build timing graph completely. Port num: 12, tpin num: 26830, tnet num: 8481, tinst num: 2727, tnode num: 30671, tedge num: 52261.
TMR-2508 : Levelizing timing graph completed, there are 47 levels in total.
TMR-2501 : Timing graph initialized successfully.
PHY-1001 : 1335 mslices, 1335 lslices, 25 pads, 18 brams, 10 dsps
TMR-2503 : Start to update net delay, extr mode = 3.
TMR-2504 : Update delay of 8481 nets completely.
TMR-2502 : Annotate delay completely, extr mode = 3.
TMR-3001 : Initiate 0 clocks from SDC.
TMR-3004 : Map sdc constraints, there are 0 constraints in total.
TMR-3003 : Constraints initiated successfully.
TMR-3501 : Forward propagation: start to calculate arrival time...
TMR-3502 : Backward propagation: start to calculate required time...
TMR-3503 : Timing propagation completes.
PHY-1001 : Start global routing, caller is route ...
RUN-1001 : Generating global routing grids ...
RUN-1001 : Building simple global routing graph ...
PHY-1001 : Generate routing nets ...
PHY-1001 : Global iterations in 8 thread ...
PHY-1002 : len = 402160, over cnt = 1622(14%), over = 3163, worst = 8
PHY-1002 : len = 419776, over cnt = 1299(11%), over = 1897, worst = 7
PHY-1002 : len = 445640, over cnt = 675(6%), over = 791, worst = 4
PHY-1002 : len = 465992, over cnt = 100(0%), over = 100, worst = 1
PHY-1002 : len = 474856, over cnt = 0(0%), over = 0, worst = 0
PHY-1001 : End global iterations;  1.483613s wall, 1.546875s user + 0.078125s system = 1.625000s CPU (109.5%)

PHY-1001 : Congestion index: top1 = 68.06, top5 = 64.17, top10 = 62.16, top15 = 60.83.
PHY-1001 : End global routing;  1.573867s wall, 1.625000s user + 0.093750s system = 1.718750s CPU (109.2%)

PHY-1001 : Start detail routing ...
PHY-1001 : Current memory(MB): used = 289, reserve = 266, peak = 289.
PHY-1001 : Detailed router is running in normal mode.
PHY-1001 : Generate detailed routing grids ...
PHY-1001 : Generate nets ...
PHY-1001 : net I_clk_25m_dup_1 will be routed on clock mesh
PHY-5010 WARNING: Net u_ahb_pwm/I_ahb_hsize[2] is skipped due to 0 input or output
PHY-5010 WARNING: Net u_ahb_pwm/I_ahb_hsize[1] is skipped due to 0 input or output
PHY-5010 WARNING: Net u_ahb_pwm/I_ahb_hsize[0] is skipped due to 0 input or output
PHY-1001 : clock net u_ahb_pwm/I_ahb_clk will be merged with clock u_pll/clk0_buf
PHY-5010 WARNING: Net u_ahb_pwm/I_ahb_hsize[2] is skipped due to 0 input or output
PHY-5010 WARNING: Net u_ahb_pwm/I_ahb_hsize[1] is skipped due to 0 input or output
PHY-5010 WARNING: Net u_ahb_pwm/I_ahb_hsize[0] is skipped due to 0 input or output
PHY-1001 : Current memory(MB): used = 387, reserve = 366, peak = 387.
PHY-1001 : End build detailed router design. 1.493382s wall, 1.484375s user + 0.015625s system = 1.500000s CPU (100.4%)

PHY-1001 : Detail Route ...
PHY-1001 : ===== Detail Route Phase 1 =====
PHY-1001 : Clock net routing.....
PHY-1001 : Routed 0% nets.
PHY-1022 : len = 26208, over cnt = 0(0%), over = 0, worst = 0, crit = 0
PHY-1001 : End initial clock net routed; 0.117596s wall, 0.109375s user + 0.015625s system = 0.125000s CPU (106.3%)

PHY-1001 : Current memory(MB): used = 399, reserve = 378, peak = 399.
PHY-1001 : End phase 1; 0.119490s wall, 0.109375s user + 0.015625s system = 0.125000s CPU (104.6%)

PHY-1001 : ===== Detail Route Phase 2 =====
PHY-1001 : Initial routing.....
PHY-1001 : Routed 24% nets.
PHY-1001 : Routed 31% nets.
PHY-1001 : Routed 35% nets.
PHY-1001 : Routed 44% nets.
PHY-1001 : Routed 53% nets.
PHY-1001 : Patch 2989 net; 7.399135s wall, 7.343750s user + 0.015625s system = 7.359375s CPU (99.5%)

PHY-1022 : len = 608664, over cnt = 2722(1%), over = 2772, worst = 2, crit = 0
PHY-1001 : Current memory(MB): used = 407, reserve = 386, peak = 407.
PHY-1001 : End initial routed; 10.477675s wall, 11.796875s user + 0.062500s system = 11.859375s CPU (113.2%)

PHY-1001 : Update timing.....
PHY-1001 : 0/7570(0%) critical/total net(s).
RUN-1001 : ------------------------------------------
RUN-1001 :   Type   |    WNS(ns)    |  TNS(ns)  |  FEP  
RUN-1001 : ------------------------------------------
RUN-1001 :   Setup  |  2147483.647  |   0.000   |   0   
RUN-1001 :   Hold   |  2147483.647  |   0.000   |   0   
RUN-1001 : ------------------------------------------
PHY-1001 : End update timing; 0.858033s wall, 0.859375s user + 0.000000s system = 0.859375s CPU (100.2%)

PHY-1001 : Current memory(MB): used = 415, reserve = 395, peak = 415.
PHY-1001 : End phase 2; 11.335764s wall, 12.656250s user + 0.062500s system = 12.718750s CPU (112.2%)

PHY-1001 : ===== Detail Route Phase 3 =====
PHY-1001 : Optimize timing.....
PHY-1022 : len = 608664, over cnt = 2722(1%), over = 2772, worst = 2, crit = 0
PHY-1001 : End optimize timing; 0.022605s wall, 0.015625s user + 0.000000s system = 0.015625s CPU (69.1%)

PHY-1001 : Ripup-reroute.....
PHY-1001 : ===== DR Iter 1 =====
PHY-1022 : len = 599296, over cnt = 2006(0%), over = 2011, worst = 2, crit = 0
PHY-1001 : End DR Iter 1; 4.680584s wall, 4.671875s user + 0.000000s system = 4.671875s CPU (99.8%)

PHY-1001 : ===== DR Iter 2 =====
PHY-1022 : len = 606600, over cnt = 1027(0%), over = 1029, worst = 2, crit = 0
PHY-1001 : End DR Iter 2; 4.870582s wall, 4.890625s user + 0.000000s system = 4.890625s CPU (100.4%)

PHY-1001 : ===== DR Iter 3 =====
PHY-1022 : len = 619800, over cnt = 439(0%), over = 439, worst = 1, crit = 0
PHY-1001 : End DR Iter 3; 3.253893s wall, 3.234375s user + 0.031250s system = 3.265625s CPU (100.4%)

PHY-1001 : ===== DR Iter 4 =====
PHY-1022 : len = 630664, over cnt = 178(0%), over = 178, worst = 1, crit = 0
PHY-1001 : End DR Iter 4; 1.736996s wall, 1.750000s user + 0.000000s system = 1.750000s CPU (100.7%)

PHY-1001 : ===== DR Iter 5 =====
PHY-1022 : len = 639784, over cnt = 48(0%), over = 48, worst = 1, crit = 0
PHY-1001 : End DR Iter 5; 1.199854s wall, 1.187500s user + 0.000000s system = 1.187500s CPU (99.0%)

PHY-1001 : ===== DR Iter 6 =====
PHY-1022 : len = 643296, over cnt = 8(0%), over = 8, worst = 1, crit = 0
PHY-1001 : End DR Iter 6; 0.826531s wall, 0.812500s user + 0.000000s system = 0.812500s CPU (98.3%)

PHY-1001 : ===== DR Iter 7 =====
PHY-1022 : len = 643680, over cnt = 4(0%), over = 4, worst = 1, crit = 0
PHY-1001 : End DR Iter 7; 0.636735s wall, 0.625000s user + 0.000000s system = 0.625000s CPU (98.2%)

PHY-1001 : ===== DR Iter 8 =====
PHY-1022 : len = 643752, over cnt = 5(0%), over = 5, worst = 1, crit = 0
PHY-1001 : End DR Iter 8; 0.065904s wall, 0.062500s user + 0.000000s system = 0.062500s CPU (94.8%)

PHY-1001 : ==== DR Iter 9 ====
PHY-1022 : len = 643696, over cnt = 4(0%), over = 4, worst = 1, crit = 0
PHY-1001 : End DR Iter 9; 0.091294s wall, 0.093750s user + 0.000000s system = 0.093750s CPU (102.7%)

PHY-1001 : ==== DR Iter 10 ====
PHY-1022 : len = 643688, over cnt = 4(0%), over = 4, worst = 1, crit = 0
PHY-1001 : End DR Iter 10; 0.224417s wall, 0.218750s user + 0.000000s system = 0.218750s CPU (97.5%)

PHY-1001 : ==== DR Iter 11 ====
PHY-1022 : len = 643664, over cnt = 3(0%), over = 3, worst = 1, crit = 0
PHY-1001 : End DR Iter 11; 0.348917s wall, 0.343750s user + 0.000000s system = 0.343750s CPU (98.5%)

PHY-1001 : ==== DR Iter 12 ====
PHY-1022 : len = 643664, over cnt = 3(0%), over = 3, worst = 1, crit = 0
PHY-1001 : End DR Iter 12; 0.460002s wall, 0.453125s user + 0.015625s system = 0.468750s CPU (101.9%)

PHY-1001 : ===== DR Iter 13 =====
PHY-1022 : len = 643696, over cnt = 3(0%), over = 3, worst = 1, crit = 0
PHY-1001 : End DR Iter 13; 0.060183s wall, 0.062500s user + 0.000000s system = 0.062500s CPU (103.9%)

PHY-1001 : ==== DR Iter 14 ====
PHY-1022 : len = 643792, over cnt = 1(0%), over = 1, worst = 1, crit = 0
PHY-1001 : End DR Iter 14; 0.076562s wall, 0.078125s user + 0.000000s system = 0.078125s CPU (102.0%)

PHY-1001 : ==== DR Iter 15 ====
PHY-1022 : len = 643792, over cnt = 1(0%), over = 1, worst = 1, crit = 0
PHY-1001 : End DR Iter 15; 0.135770s wall, 0.125000s user + 0.000000s system = 0.125000s CPU (92.1%)

PHY-1001 : ==== DR Iter 16 ====
PHY-1022 : len = 643792, over cnt = 1(0%), over = 1, worst = 1, crit = 0
PHY-1001 : End DR Iter 16; 0.170165s wall, 0.156250s user + 0.015625s system = 0.171875s CPU (101.0%)

PHY-1001 : ==== DR Iter 17 ====
PHY-1022 : len = 643792, over cnt = 1(0%), over = 1, worst = 1, crit = 0
PHY-1001 : End DR Iter 17; 0.208276s wall, 0.218750s user + 0.000000s system = 0.218750s CPU (105.0%)

PHY-1001 : ==== DR Iter 18 ====
PHY-1022 : len = 643792, over cnt = 1(0%), over = 1, worst = 1, crit = 0
PHY-1001 : End DR Iter 18; 0.210097s wall, 0.203125s user + 0.000000s system = 0.203125s CPU (96.7%)

PHY-1001 : ===== DR Iter 19 =====
PHY-1022 : len = 643792, over cnt = 1(0%), over = 1, worst = 1, crit = 0
PHY-1001 : End DR Iter 19; 0.054507s wall, 0.062500s user + 0.000000s system = 0.062500s CPU (114.7%)

PHY-1001 : ==== DR Iter 20 ====
PHY-1022 : len = 643792, over cnt = 1(0%), over = 1, worst = 1, crit = 0
PHY-1001 : End DR Iter 20; 0.066027s wall, 0.062500s user + 0.000000s system = 0.062500s CPU (94.7%)

PHY-1001 : ==== DR Iter 21 ====
PHY-1022 : len = 643792, over cnt = 1(0%), over = 1, worst = 1, crit = 0
PHY-1001 : End DR Iter 21; 0.105744s wall, 0.109375s user + 0.000000s system = 0.109375s CPU (103.4%)

PHY-1001 : ==== DR Iter 22 ====
PHY-1022 : len = 643792, over cnt = 1(0%), over = 1, worst = 1, crit = 0
PHY-1001 : End DR Iter 22; 0.173257s wall, 0.171875s user + 0.000000s system = 0.171875s CPU (99.2%)

PHY-1001 : ==== DR Iter 23 ====
PHY-1022 : len = 643792, over cnt = 1(0%), over = 1, worst = 1, crit = 0
PHY-1001 : End DR Iter 23; 0.219126s wall, 0.218750s user + 0.000000s system = 0.218750s CPU (99.8%)

PHY-1001 : ==== DR Iter 24 ====
PHY-1022 : len = 643792, over cnt = 1(0%), over = 1, worst = 1, crit = 0
PHY-1001 : End DR Iter 24; 0.220046s wall, 0.218750s user + 0.000000s system = 0.218750s CPU (99.4%)

PHY-1001 : ==== DR Iter 25 ====
PHY-1022 : len = 643792, over cnt = 1(0%), over = 1, worst = 1, crit = 0
PHY-1001 : End DR Iter 25; 0.214846s wall, 0.218750s user + 0.000000s system = 0.218750s CPU (101.8%)

PHY-1001 : ===== DR Iter 26 =====
PHY-1022 : len = 643840, over cnt = 1(0%), over = 1, worst = 1, crit = 0
PHY-1001 : End DR Iter 26; 0.054564s wall, 0.046875s user + 0.000000s system = 0.046875s CPU (85.9%)

PHY-1001 : ==== DR Iter 27 ====
PHY-1022 : len = 643848, over cnt = 1(0%), over = 1, worst = 1, crit = 0
PHY-1001 : End DR Iter 27; 0.079689s wall, 0.078125s user + 0.000000s system = 0.078125s CPU (98.0%)

PHY-1001 : ==== DR Iter 28 ====
PHY-1022 : len = 643792, over cnt = 0(0%), over = 0, worst = 0, crit = 0
PHY-1001 : End DR Iter 28; 0.050591s wall, 0.062500s user + 0.000000s system = 0.062500s CPU (123.5%)

PHY-1001 : Update timing.....
PHY-1001 : 0/7570(0%) critical/total net(s).
RUN-1001 : ------------------------------------------
RUN-1001 :   Type   |    WNS(ns)    |  TNS(ns)  |  FEP  
RUN-1001 : ------------------------------------------
RUN-1001 :   Setup  |  2147483.647  |   0.000   |   0   
RUN-1001 :   Hold   |  2147483.647  |   0.000   |   0   
RUN-1001 : ------------------------------------------
PHY-1001 : End update timing; 0.864809s wall, 0.859375s user + 0.000000s system = 0.859375s CPU (99.4%)

PHY-1001 : Commit to database.....
PHY-5014 WARNING: Detail route doesn't find pib for u_pll/pll_inst.dsm_rst[0]
PHY-5014 WARNING: Detail route doesn't find pib for u_pll/pll_inst.frac_offset_valid[0]
PHY-5014 WARNING: Detail route doesn't find pib for u_pll/pll_inst.ssc_en[0]
PHY-5014 WARNING: Detail route doesn't find pib for u_pll/pll_inst.dsm_refclk[0]
PHY-1001 : 388 feed throughs used by 187 nets
PHY-1001 : End commit to database; 0.791718s wall, 0.781250s user + 0.015625s system = 0.796875s CPU (100.7%)

PHY-1001 : Current memory(MB): used = 446, reserve = 428, peak = 446.
PHY-1001 : End phase 3; 22.238032s wall, 22.203125s user + 0.078125s system = 22.281250s CPU (100.2%)

PHY-1003 : Routed, final wirelength = 643792
PHY-1001 : Current memory(MB): used = 447, reserve = 430, peak = 447.
PHY-1001 : End export database. 0.018201s wall, 0.015625s user + 0.000000s system = 0.015625s CPU (85.8%)

PHY-1001 : End detail routing;  35.313375s wall, 36.562500s user + 0.171875s system = 36.734375s CPU (104.0%)

RUN-1003 : finish command "route" in  37.668408s wall, 38.968750s user + 0.265625s system = 39.234375s CPU (104.2%)

RUN-1004 : used memory is 383 MB, reserved memory is 371 MB, peak memory is 447 MB
RUN-1002 : start command "report_area -io_info -file pwm_demo_phy.area"
RUN-1001 : standard
***Report Model: SF1_SOC Device: SF1S60CG121I***

IO Statistics
#IO                        19
  #input                    6
  #output                  13
  #inout                    0

Utilization Statistics
#lut                     5217   out of   5824   89.58%
#reg                     1313   out of   5824   22.54%
#le                      5228
  #lut only              3915   out of   5228   74.89%
  #reg only                11   out of   5228    0.21%
  #lut&reg               1302   out of   5228   24.90%
#dsp                       10   out of     10  100.00%
#bram                      18   out of     26   69.23%
  #bram9k                  18
  #fifo9k                   0
#hard-ip                    1
  #mcu                      1   out of      1  100.00%
  #dsc                      0   out of      1    0.00%
  #dsi                      0   out of      2    0.00%
  #psram controller         0   out of      2    0.00%
#pad                       19   out of     55   34.55%
  #ireg                     0
  #oreg                     0
  #treg                     0
#pll                        1   out of      2   50.00%
#gclk                       3   out of     16   18.75%

Clock Resource Statistics
Index     ClockNet           Type               DriverType         Driver                  Fanout
#1        u_pll/clk0_buf     GCLK               pll                u_pll/pll_inst.clkc0    895
#2        I_clk_25m_dup_1    GCLK               io                 I_clk_25m_syn_2.di      1


Detailed IO Report

     Name       Direction    Location    IOStandard    DriveStrength    PullType    PackReg  
  I_clk_25m       INPUT         D7        LVCMOS18          N/A          PULLUP      NONE    
  I_jtag_tck      INPUT         C7        LVCMOS18          N/A          PULLUP      NONE    
  I_jtag_tdi      INPUT         D5        LVCMOS18          N/A          PULLUP      NONE    
  I_jtag_tms      INPUT         D6        LVCMOS18          N/A          PULLUP      NONE    
   I_rst_n        INPUT         J2        LVCMOS18          N/A          PULLUP      NONE    
  I_uart_rx       INPUT         E4        LVCMOS18          N/A          PULLUP      NONE    
  O_jtag_tdo     OUTPUT         C6        LVCMOS18           8            NONE       NONE    
    O_led0       OUTPUT         J5        LVCMOS18           8            NONE       NONE    
    O_led1       OUTPUT         H5        LVCMOS18           8            NONE       NONE    
    O_led2       OUTPUT         G4        LVCMOS18           8            NONE       NONE    
  O_uart_tx      OUTPUT         A4        LVCMOS18           8            NONE       NONE    

Report Hierarchy Area:
+-----------------------------------------------------------------------------+
|Instance    |Module     |le     |lut     |ripple  |seq     |bram    |dsp     |
+-----------------------------------------------------------------------------+
|top         |SF1_SOC    |5228   |4180    |1037    |1313    |18      |10      |
|  u_SF1_MCU |SF1_MCU    |26     |13      |13      |0       |0       |0       |
|  u_ahb_pwm |ahb_pwm    |5202   |4167    |1024    |1313    |18      |10      |
|    uut     |rom_weight |0      |0       |0       |0       |18      |0       |
|  u_pll     |pll        |0      |0       |0       |0       |0       |0       |
+-----------------------------------------------------------------------------+


DataNet Average Fanout:

   Index     Fanout     Nets  
    #1          1       7836  
    #2          2        44   
    #3          3        22   
    #4          4        33   
    #5        5-10      325   
    #6        11-50     197   
    #7       51-100      3    
    #8       101-500     4    
    #9        >500       1    
  Average     2.06            

RUN-1002 : start command "export_db pwm_demo_pr.db"
RUN-1001 : Exported /
RUN-1001 : Exported flow parameters
RUN-1001 : Exported libs
RUN-1001 : Exported entities
RUN-1001 : Exported ports
RUN-1001 : Exported pins
RUN-1001 : Exported instances
RUN-1001 : Exported nets
RUN-1001 : Exported buses
RUN-1001 : Exported models
RUN-1001 : Exported congestions
RUN-1001 : Exported violations
RUN-1001 : Exported timing constraints
RUN-1001 : Exported IO constraints
RUN-1001 : Exported Inst constraints
RUN-1002 : start command "export_bid pwm_demo_inst.bid"
RUN-1002 : start command "bitgen -bit pwm_demo.bit"
BIT-1003 : Start to generate bitstream. 
BIT-1002 : Init instances with 8 threads.
BIT-1002 : Init instances completely, inst num: 2727
BIT-1002 : Init pips with 8 threads.
BIT-1002 : Init pips completely, net num: 8483, pip num: 61116
BIT-1002 : Init feedthrough with 8 threads.
BIT-1002 : Init feedthrough completely, num: 388
BIT-1003 : Multithreading accelaration with 8 threads.
BIT-1003 : Generate bitstream completely, there are 1124 valid insts, and 174048 bits set as '1'.
BIT-1004 : the usercode register value: 00000000000000110000000000000000
BIT-1004 : Generate bits file pwm_demo.bit.
RUN-1003 : finish command "bitgen -bit pwm_demo.bit" in  4.473305s wall, 30.531250s user + 0.031250s system = 30.562500s CPU (683.2%)

RUN-1004 : used memory is 404 MB, reserved memory is 386 MB, peak memory is 574 MB
RUN-1002 : start command "backup_run_log run.log ../.logs/phy_1/td_20231112_131021.log"
