============================================================
   Tang Dynasty, V5.6.59063
   Copyright (c) 2012-2022 Anlogic
   Executable = D:/XILINX_EXE/TD_5.6/bin/td.exe
   Built at =   12:45:13 Sep  6 2022
   Run by =     13456
   Run Date =   Sun Nov 12 11:46:43 2023

   Run on =     DESKTOP-1HJPLU7
============================================================
RUN-1002 : start command "open_project pwm_demo.prj"
RUN-1001 : Print Global Property
RUN-1001 : ---------------------------------------------------------------
RUN-1001 :        Parameters        |  Settings  |  Default Values  |  Note  
RUN-1001 : ---------------------------------------------------------------
RUN-1001 :          message         |  standard  |     standard     |        
RUN-1001 :   mixed_pack_place_flow  |     on     |        on        |        
RUN-1001 :        qor_monitor       |    off     |       off        |        
RUN-1001 :        syn_ip_flow       |    off     |       off        |        
RUN-1001 :          thread          |    auto    |       auto       |        
RUN-1001 : ---------------------------------------------------------------
RUN-1001 : Print Design Property
RUN-1001 : --------------------------------------------------------------
RUN-1001 :        Parameters       |  Settings  |  Default Values  |  Note  
RUN-1001 : --------------------------------------------------------------
RUN-1001 :   default_reg_initial   |    auto    |       auto       |        
RUN-1001 :        infer_add        |     on     |        on        |        
RUN-1001 :        infer_fsm        |    off     |       off        |        
RUN-1001 :        infer_mult       |     on     |        on        |        
RUN-1001 :        infer_ram        |     on     |        on        |        
RUN-1001 :        infer_reg        |     on     |        on        |        
RUN-1001 :   infer_reg_init_value  |     on     |        on        |        
RUN-1001 :        infer_rom        |     on     |        on        |        
RUN-1001 :      infer_shifter      |     on     |        on        |        
RUN-1001 : --------------------------------------------------------------
RUN-1001 : Print Rtl Property
RUN-1001 : --------------------------------------------------------------
RUN-1001 :        Parameters       |  Settings  |  Default Values  |  Note  
RUN-1001 : --------------------------------------------------------------
RUN-1001 :       compress_add      |   ripple   |      ripple      |        
RUN-1001 :        elf_sload        |    off     |       off        |        
RUN-1001 :       fix_undriven      |     0      |        0         |        
RUN-1001 :         flatten         |    off     |       off        |        
RUN-1001 :       gate_sharing      |     on     |        on        |        
RUN-1001 :    hdl_warning_level    |   normal   |      normal      |        
RUN-1001 :   impl_internal_tribuf  |     on     |        on        |        
RUN-1001 :      impl_set_reset     |     on     |        on        |        
RUN-1001 :        infer_gsr        |    off     |       off        |        
RUN-1001 :      keep_hierarchy     |    auto    |       auto       |        
RUN-1001 :        max_fanout       |    9999    |       9999       |        
RUN-1001 :      max_oh2bin_len     |     10     |        10        |        
RUN-1001 :       merge_equal       |     on     |        on        |        
RUN-1001 :       merge_equiv       |     on     |        on        |        
RUN-1001 :        merge_mux        |    off     |       off        |        
RUN-1001 :     min_control_set     |     8      |        8         |        
RUN-1001 :      min_ripple_len     |    auto    |       auto       |        
RUN-1001 :       oh2bin_ratio      |    0.08    |       0.08       |        
RUN-1001 :     opt_adder_fanout    |     on     |        on        |        
RUN-1001 :        opt_arith        |     on     |        on        |        
RUN-1001 :       opt_big_gate      |    off     |       off        |        
RUN-1001 :        opt_const        |     on     |        on        |        
RUN-1001 :      opt_const_mult     |     on     |        on        |        
RUN-1001 :       opt_lessthan      |     on     |        on        |        
RUN-1001 :         opt_mux         |    off     |       off        |        
RUN-1001 :         opt_ram         |    high    |       high       |        
RUN-1001 :      rtl_sim_model      |    off     |       off        |        
RUN-1001 :         seq_syn         |     on     |        on        |        
RUN-1001 : --------------------------------------------------------------
HDL-1007 : analyze verilog file ../../al_ip/SF1_MCU.v
HDL-1007 : analyze verilog file ../../al_ip/pll.v
HDL-1007 : undeclared symbol 'open', assumed default net type 'wire' in ../../al_ip/pll.v(88)
HDL-1007 : analyze verilog file ../../al_ip/rom_weight.v
HDL-1007 : analyze verilog file ../../SF1_SOC.v
HDL-1007 : analyze verilog file ../../ahb_pwm.v
HDL-5007 WARNING: identifier 'weight1' is used before its declaration in ../../ahb_pwm.v(360)
HDL-5007 WARNING: identifier 'weight1' is used before its declaration in ../../ahb_pwm.v(361)
HDL-5007 WARNING: identifier 'weight48' is used before its declaration in ../../ahb_pwm.v(362)
HDL-5007 WARNING: identifier 'weight47' is used before its declaration in ../../ahb_pwm.v(363)
HDL-5007 WARNING: identifier 'weight46' is used before its declaration in ../../ahb_pwm.v(364)
HDL-5007 WARNING: identifier 'weight45' is used before its declaration in ../../ahb_pwm.v(365)
HDL-5007 WARNING: identifier 'weight44' is used before its declaration in ../../ahb_pwm.v(366)
HDL-5007 WARNING: identifier 'weight43' is used before its declaration in ../../ahb_pwm.v(367)
HDL-5007 WARNING: identifier 'weight42' is used before its declaration in ../../ahb_pwm.v(368)
HDL-5007 WARNING: identifier 'weight41' is used before its declaration in ../../ahb_pwm.v(369)
HDL-5007 Similar messages will be suppressed.
HDL-1007 : analyze verilog file ../../gpio_controler.v
RUN-1001 : Project manager successfully analyzed 6 source files.
RUN-1002 : start command "import_device sf1_6.db -package SF1S60CG121I"
ARC-1001 : Device Initialization.
ARC-1001 : -------------------------------------------------
ARC-1001 :       OPTION       |      IO       |   SETTING   
ARC-1001 : -------------------------------------------------
ARC-1001 :        done        |      B4       |    gpio    
ARC-1001 :        initn       |      A5       |    gpio    
ARC-1001 :       jtagen       |      B7       |    gpio    
ARC-1001 :      programn      |      B5       |  dedicate  
ARC-1001 :   tdi/tms/tck/tdo  |  C4/A6/A7/C5  |  dedicate  
ARC-1001 : -------------------------------------------------
ARC-1004 : Device setting, marked 5 dedicate IOs in total.
RUN-1002 : start command "import_db ../syn_1/pwm_demo_gate.db"
RUN-1001 : Importing database generated by Tang Dynasty, V5.6.59063.
RUN-1001 : Database version number 46140.
RUN-1001 : Import flow parameters
RUN-1001 : Import timing constraints
RUN-1001 : Import IO constraints
RUN-1001 : Import Inst constraints
RUN-1001 : Import design success TD_VERSION=5.6.59063 , DB_VERSION=46140
RUN-1002 : start command "read_sdc"
USR-1002 : read_sdc file_name -help -h -eco
USR-1009 : NO module with IP_SDC ...
RUN-1104 : Import SDC file  finished, there are 0 nets kept by constraints.
RUN-1002 : start command "place"
RUN-1001 : Open license file D:/XILINX_EXE/TD_5.6/license/Anlogic.lic
RUN-1001 : Print Global Property
RUN-1001 : ---------------------------------------------------------------
RUN-1001 :        Parameters        |  Settings  |  Default Values  |  Note  
RUN-1001 : ---------------------------------------------------------------
RUN-1001 :          message         |  standard  |     standard     |        
RUN-1001 :   mixed_pack_place_flow  |     on     |        on        |        
RUN-1001 :        qor_monitor       |    off     |       off        |        
RUN-1001 :        syn_ip_flow       |    off     |       off        |        
RUN-1001 :          thread          |    auto    |       auto       |        
RUN-1001 : ---------------------------------------------------------------
RUN-1001 : Print Place Property
RUN-1001 : --------------------------------------------------------------
RUN-1001 :        Parameters       |  Settings  |  Default Values  |  Note  
RUN-1001 : --------------------------------------------------------------
RUN-1001 :      detailed_place     |     on     |        on        |        
RUN-1001 :          effort         |   medium   |      medium      |        
RUN-1001 :         fix_hold        |    off     |       off        |        
RUN-1001 :       legalization      |    ori     |       ori        |        
RUN-1001 :      new_spreading      |     on     |        on        |        
RUN-1001 :        opt_timing       |   medium   |      medium      |        
RUN-1001 :   post_clock_route_opt  |    off     |       off        |        
RUN-1001 :       pr_strategy       |     1      |        1         |        
RUN-1001 :        relaxation       |    1.00    |       1.00       |        
RUN-1001 :         retiming        |    off     |       off        |        
RUN-1001 : --------------------------------------------------------------
PHY-3001 : Placer runs in 8 thread(s).
RUN-1002 : start command "legalize_phy_inst"
SYN-1011 : Flatten model SF1_SOC
RUN-1002 : start command "phys_opt -simplify_lut"
SYN-4016 : Net u_ahb_pwm/I_ahb_clk driven by BUFG (878 clock/control pins, 1 other pins).
SYN-4019 : Net I_clk_25m_dup_1 is refclk of pll u_pll/pll_inst.
SYN-4020 : Net I_clk_25m_dup_1 is fbclk of pll u_pll/pll_inst.
SYN-4025 : Tag rtl::Net I_clk_25m_dup_1 as clock net
SYN-4025 : Tag rtl::Net u_ahb_pwm/I_ahb_clk as clock net
SYN-4026 : Tagged 2 rtl::Net as clock net
PHY-1001 : Populate physical database on model SF1_SOC.
RUN-1001 : There are total 1634 instances
RUN-0007 : 738 luts, 853 seqs, 0 mslices, 0 lslices, 25 pads, 12 brams, 0 dsps
RUN-1001 : There are total 1869 nets
RUN-6004 WARNING: There are 3 nets with only 1 pin.
RUN-1001 : 1717 nets have 2 pins
RUN-1001 : 59 nets have [3 - 5] pins
RUN-1001 : 17 nets have [6 - 10] pins
RUN-1001 : 2 nets have [11 - 20] pins
RUN-1001 : 65 nets have [21 - 99] pins
RUN-1001 : 6 nets have 100+ pins
RUN-1001 : Report Control nets information:
RUN-1001 : DFF Distribution
RUN-1001 : ----------------------------------
RUN-1001 :   CE   |  SSR  |  ASR  |  DFF Count  
RUN-1001 : ----------------------------------
RUN-1001 :   No   |  No   |  No   |      2      
RUN-1001 :   No   |  No   |  Yes  |     35      
RUN-1001 :   No   |  Yes  |  No   |      0      
RUN-1001 :   Yes  |  No   |  No   |      0      
RUN-1001 :   Yes  |  No   |  Yes  |     816     
RUN-1001 :   Yes  |  Yes  |  No   |      0      
RUN-1001 : ----------------------------------
RUN-0007 : Control Group Statistic
RUN-0007 : ---------------------------
RUN-0007 :   #CLK  |  #CE  |  #SSR/ASR  
RUN-0007 : ---------------------------
RUN-0007 :    1    |  27   |     1      
RUN-0007 : ---------------------------
RUN-0007 : Control Set = 28
PHY-3001 : Initial placement ...
PHY-3001 : design contains 1632 instances, 738 luts, 853 seqs, 0 slices, 0 macros(0 instances: 0 mslices 0 lslices)
PHY-0007 : Cell area utilization is 14%
PHY-3001 : Start timing update ...
RUN-1002 : start command "start_timer -report"
TMR-2505 : Start building timing graph for model SF1_SOC.
TMR-2506 : Build timing graph completely. Port num: 12, tpin num: 8310, tnet num: 1867, tinst num: 1632, tnode num: 11721, tedge num: 13014.
TMR-2508 : Levelizing timing graph completed, there are 17 levels in total.
TMR-2501 : Timing graph initialized successfully.
TMR-2503 : Start to update net delay, extr mode = 2.
TMR-2504 : Update delay of 1867 nets completely.
TMR-2502 : Annotate delay completely, extr mode = 2.
TMR-3001 : Initiate 0 clocks from SDC.
TMR-3004 : Map sdc constraints, there are 0 constraints in total.
TMR-3003 : Constraints initiated successfully.
TMR-3501 : Forward propagation: start to calculate arrival time...
TMR-3502 : Backward propagation: start to calculate required time...
TMR-3503 : Timing propagation completes.
PHY-3001 : End timing update;  0.214942s wall, 0.187500s user + 0.000000s system = 0.187500s CPU (87.2%)

PHY-3001 : Global placement ...
PHY-3001 : Initial: Len = 245855
PHY-3001 : Run with size of 3
PHY-3001 : Cell area utilization is 14%
PHY-3001 : :::0::: Try harder cell spreading with beta_ = 0
PHY-3002 : Step(1): len = 162203, overlap = 22.5
PHY-3002 : Step(2): len = 112183, overlap = 18
PHY-3002 : Step(3): len = 95380.4, overlap = 24.75
PHY-3002 : Step(4): len = 76209.3, overlap = 25.3125
PHY-3002 : Step(5): len = 64085.2, overlap = 27.375
PHY-3002 : Step(6): len = 59126.9, overlap = 27
PHY-3002 : Step(7): len = 55550.8, overlap = 27.25
PHY-3002 : Step(8): len = 53828.7, overlap = 29.3125
PHY-3002 : Step(9): len = 49982.3, overlap = 30.9062
PHY-3002 : Step(10): len = 49297.9, overlap = 31.75
PHY-3002 : Step(11): len = 45151.4, overlap = 37.25
PHY-3002 : Step(12): len = 43181.3, overlap = 38.7812
PHY-3002 : Step(13): len = 42102.5, overlap = 41.2188
PHY-3001 : :::1::: Try harder cell spreading with beta_ = 6.88349e-06
PHY-3002 : Step(14): len = 47657.7, overlap = 38.9062
PHY-3002 : Step(15): len = 48470.9, overlap = 32.3438
PHY-3002 : Step(16): len = 48436.4, overlap = 32.625
PHY-3002 : Step(17): len = 46240.4, overlap = 34.5625
PHY-3002 : Step(18): len = 43532.2, overlap = 35.3438
PHY-3002 : Step(19): len = 42422.6, overlap = 37.0312
PHY-3002 : Step(20): len = 42186.4, overlap = 35.9375
PHY-3002 : Step(21): len = 43294.7, overlap = 34.4688
PHY-3002 : Step(22): len = 43389.4, overlap = 35.0938
PHY-3002 : Step(23): len = 41154.6, overlap = 37.6562
PHY-3002 : Step(24): len = 40653.6, overlap = 37.5312
PHY-3002 : Step(25): len = 40246.3, overlap = 37.6562
PHY-3002 : Step(26): len = 40738.8, overlap = 35.8125
PHY-3002 : Step(27): len = 40965.4, overlap = 34.125
PHY-3002 : Step(28): len = 41005, overlap = 37.2188
PHY-3001 : :::2::: Try harder cell spreading with beta_ = 1.3767e-05
PHY-3002 : Step(29): len = 40797, overlap = 37.0938
PHY-3002 : Step(30): len = 40771.2, overlap = 34.5
PHY-3002 : Step(31): len = 40799.2, overlap = 34.75
PHY-3001 : :::3::: Try harder cell spreading with beta_ = 2.74248e-05
PHY-3002 : Step(32): len = 41723.4, overlap = 34.8438
PHY-3002 : Step(33): len = 41852.7, overlap = 34.5312
PHY-3002 : Step(34): len = 42525.7, overlap = 34.5938
PHY-3002 : Step(35): len = 42717, overlap = 32.3438
PHY-3002 : Step(36): len = 43334.8, overlap = 27.5625
PHY-3002 : Step(37): len = 43545.3, overlap = 24.7812
PHY-3002 : Step(38): len = 43679, overlap = 25.5625
PHY-3002 : Step(39): len = 43193.8, overlap = 27.9375
PHY-3002 : Step(40): len = 43061.7, overlap = 28.0625
PHY-3002 : Step(41): len = 42936.6, overlap = 28.0625
PHY-3002 : Step(42): len = 42887.7, overlap = 27.7188
PHY-3002 : Step(43): len = 42857, overlap = 27.5625
PHY-3001 : :::4::: Try harder cell spreading with beta_ = 5.4349e-05
PHY-3002 : Step(44): len = 43392.2, overlap = 23
PHY-3002 : Step(45): len = 43513.1, overlap = 22.875
PHY-3002 : Step(46): len = 43871.9, overlap = 25.1875
PHY-3002 : Step(47): len = 44037.7, overlap = 24.8125
PHY-3002 : Step(48): len = 44304.7, overlap = 22.5625
PHY-3001 : Legalization ...
PHY-3001 : End legalization;  0.011702s wall, 0.015625s user + 0.031250s system = 0.046875s CPU (400.6%)

PHY-3001 : Run with size of 3
PHY-3001 : Cell area utilization is 18%
PHY-3001 : Update timing in Manhattan mode ...
TMR-2503 : Start to update net delay, extr mode = 3.
TMR-2504 : Update delay of 1867 nets completely.
TMR-2502 : Annotate delay completely, extr mode = 3.
TMR-3501 : Forward propagation: start to calculate arrival time...
TMR-3502 : Backward propagation: start to calculate required time...
TMR-3503 : Timing propagation completes.
PHY-3001 : End timing update;  0.035876s wall, 0.031250s user + 0.000000s system = 0.031250s CPU (87.1%)

PHY-3001 : :::0::: Try harder cell spreading with beta_ = 1.54882e-06
PHY-3002 : Step(49): len = 44957.9, overlap = 46.5938
PHY-3002 : Step(50): len = 45044.6, overlap = 46.5312
PHY-3002 : Step(51): len = 42054.9, overlap = 50.4062
PHY-3002 : Step(52): len = 42059.2, overlap = 50.4688
PHY-3002 : Step(53): len = 41167.3, overlap = 56.125
PHY-3002 : Step(54): len = 41294.9, overlap = 60.5312
PHY-3002 : Step(55): len = 39550.3, overlap = 66.6562
PHY-3002 : Step(56): len = 40120.8, overlap = 74.25
PHY-3002 : Step(57): len = 40257.3, overlap = 74.1875
PHY-3002 : Step(58): len = 39173.3, overlap = 71.3438
PHY-3002 : Step(59): len = 39566.2, overlap = 71.0312
PHY-3002 : Step(60): len = 39553.4, overlap = 69.4062
PHY-3002 : Step(61): len = 39887.6, overlap = 69.1562
PHY-3002 : Step(62): len = 39611.5, overlap = 68.0938
PHY-3002 : Step(63): len = 39660.5, overlap = 68.4062
PHY-3002 : Step(64): len = 40381, overlap = 67.3438
PHY-3002 : Step(65): len = 40448.8, overlap = 66.625
PHY-3002 : Step(66): len = 38973.3, overlap = 67.75
PHY-3002 : Step(67): len = 39215.2, overlap = 67.9375
PHY-3002 : Step(68): len = 38960.2, overlap = 69.6562
PHY-3002 : Step(69): len = 38028.9, overlap = 72.2188
PHY-3002 : Step(70): len = 36627.6, overlap = 74.3125
PHY-3002 : Step(71): len = 36274.6, overlap = 73.2188
PHY-3002 : Step(72): len = 35702.2, overlap = 66.5312
PHY-3002 : Step(73): len = 35691.3, overlap = 64.4375
PHY-3002 : Step(74): len = 34660.6, overlap = 63.2812
PHY-3002 : Step(75): len = 34649.4, overlap = 61.7812
PHY-3002 : Step(76): len = 34590.3, overlap = 61.1875
PHY-3001 : :::1::: Try harder cell spreading with beta_ = 3.09764e-06
PHY-3002 : Step(77): len = 33682.5, overlap = 60.0312
PHY-3002 : Step(78): len = 33682.9, overlap = 60.3125
PHY-3001 : :::2::: Try harder cell spreading with beta_ = 6.19529e-06
PHY-3002 : Step(79): len = 35323.6, overlap = 56.7812
PHY-3002 : Step(80): len = 35999.5, overlap = 55.8125
PHY-3002 : Step(81): len = 36529.1, overlap = 42.25
PHY-3002 : Step(82): len = 35526.5, overlap = 41.9062
PHY-3002 : Step(83): len = 35574.7, overlap = 42.7812
PHY-3002 : Step(84): len = 35668.9, overlap = 43.0312
PHY-3001 : :::3::: Try harder cell spreading with beta_ = 1.17256e-05
PHY-3002 : Step(85): len = 37493.3, overlap = 39.6875
PHY-3002 : Step(86): len = 38204.4, overlap = 39.0625
PHY-3002 : Step(87): len = 37999.4, overlap = 29
PHY-3002 : Step(88): len = 37167.1, overlap = 29
PHY-3002 : Step(89): len = 37167.1, overlap = 29
PHY-3002 : Step(90): len = 36975.1, overlap = 30.1562
PHY-3001 : :::4::: Try harder cell spreading with beta_ = 2.34513e-05
PHY-3002 : Step(91): len = 37734.9, overlap = 26.0625
PHY-3002 : Step(92): len = 37991.9, overlap = 25.5312
PHY-3002 : Step(93): len = 38261.1, overlap = 20.75
PHY-3001 : :::5::: Try harder cell spreading with beta_ = 4.69025e-05
PHY-3002 : Step(94): len = 38308.2, overlap = 18.9688
PHY-3002 : Step(95): len = 38308.2, overlap = 18.9688
PHY-3002 : Step(96): len = 37961.6, overlap = 18.0625
PHY-3001 : Run with size of 1
PHY-3001 : Cell area utilization is 18%
PHY-3001 : Update timing in Manhattan mode ...
TMR-2503 : Start to update net delay, extr mode = 3.
TMR-2504 : Update delay of 1867 nets completely.
TMR-2502 : Annotate delay completely, extr mode = 3.
TMR-3501 : Forward propagation: start to calculate arrival time...
TMR-3502 : Backward propagation: start to calculate required time...
TMR-3503 : Timing propagation completes.
PHY-3001 : End timing update;  0.034924s wall, 0.015625s user + 0.015625s system = 0.031250s CPU (89.5%)

PHY-3001 : :::0::: Try harder cell spreading with beta_ = 2.14304e-05
PHY-3002 : Step(97): len = 38996, overlap = 37.8438
PHY-3002 : Step(98): len = 39450.1, overlap = 37
PHY-3002 : Step(99): len = 38573.3, overlap = 39.5938
PHY-3002 : Step(100): len = 36810.2, overlap = 42.4062
PHY-3002 : Step(101): len = 36835.5, overlap = 43.125
PHY-3002 : Step(102): len = 36891.5, overlap = 44.9062
PHY-3001 : :::1::: Try harder cell spreading with beta_ = 4.28608e-05
PHY-3002 : Step(103): len = 36751.7, overlap = 39.3438
PHY-3002 : Step(104): len = 36888.2, overlap = 39.125
PHY-3002 : Step(105): len = 36885.4, overlap = 36.9375
PHY-3001 : :::2::: Try harder cell spreading with beta_ = 8.57216e-05
PHY-3002 : Step(106): len = 36958.4, overlap = 32.9375
PHY-3002 : Step(107): len = 37071.7, overlap = 33.0938
PHY-3002 : Step(108): len = 37378.6, overlap = 30.875
PHY-3001 : :::3::: Try harder cell spreading with beta_ = 0.000171443
PHY-3002 : Step(109): len = 37409.1, overlap = 29.9375
PHY-3002 : Step(110): len = 37497.1, overlap = 29.9375
PHY-3002 : Step(111): len = 37712.2, overlap = 28.0625
PHY-3001 : :::4::: Try harder cell spreading with beta_ = 0.000277395
PHY-3002 : Step(112): len = 37943, overlap = 28.0938
PHY-3002 : Step(113): len = 37943, overlap = 28.0938
PHY-3002 : Step(114): len = 37940.7, overlap = 27.7812
PHY-3001 : :::5::: Try harder cell spreading with beta_ = 0.000448825
PHY-3002 : Step(115): len = 38380.9, overlap = 26.875
PHY-3002 : Step(116): len = 38507.3, overlap = 26.7812
PHY-3002 : Step(117): len = 39012.8, overlap = 24.6562
PHY-3002 : Step(118): len = 39178.8, overlap = 23.1562
PHY-3002 : Step(119): len = 39286.9, overlap = 21.7188
OPT-1001 : Start physical optimization ...
RUN-1002 : start command "start_timer -report"
TMR-2505 : Start building timing graph for model SF1_SOC.
TMR-2506 : Build timing graph completely. Port num: 12, tpin num: 8310, tnet num: 1867, tinst num: 1632, tnode num: 11721, tedge num: 13014.
TMR-2508 : Levelizing timing graph completed, there are 17 levels in total.
TMR-2501 : Timing graph initialized successfully.
OPT-1001 : Total overflow 21.72 peak overflow 0.88
OPT-1001 : Start high-fanout net optimization ...
OPT-1001 : Update timing in global mode
PHY-1001 : Start incremental global routing, caller is place ...
RUN-1001 : Generating global routing grids ...
RUN-1001 : Building simple global routing graph ...
PHY-1001 : Generate routing nets ...
PHY-1001 : Reuse net number 0/1869.
PHY-1001 : Global iterations in 8 thread ...
PHY-1002 : len = 54704, over cnt = 241(2%), over = 871, worst = 14
PHY-1001 : End global iterations;  0.109801s wall, 0.093750s user + 0.015625s system = 0.109375s CPU (99.6%)

PHY-1001 : Congestion index: top1 = 49.03, top5 = 39.91, top10 = 33.68, top15 = 28.97.
PHY-1001 : End incremental global routing;  0.132963s wall, 0.109375s user + 0.031250s system = 0.140625s CPU (105.8%)

TMR-2503 : Start to update net delay, extr mode = 5.
TMR-2504 : Update delay of 1867 nets completely.
TMR-2502 : Annotate delay completely, extr mode = 5.
TMR-3001 : Initiate 0 clocks from SDC.
TMR-3004 : Map sdc constraints, there are 0 constraints in total.
TMR-3003 : Constraints initiated successfully.
TMR-3501 : Forward propagation: start to calculate arrival time...
TMR-3502 : Backward propagation: start to calculate required time...
TMR-3503 : Timing propagation completes.
OPT-1001 : End timing update;  0.042479s wall, 0.031250s user + 0.000000s system = 0.031250s CPU (73.6%)

OPT-1001 : 0 high-fanout net processed.
OPT-1001 : End high-fanout net optimization;  0.201765s wall, 0.171875s user + 0.031250s system = 0.203125s CPU (100.7%)

OPT-1001 : Current memory(MB): used = 155, reserve = 128, peak = 155.
OPT-1001 : Start global optimization ...
OPT-1001 : Start congestion update ...
RUN-1001 : Generating global routing grids ...
PHY-1001 : Generate routing nets ...
PHY-1001 : Reuse net number 1262/1869.
PHY-1001 : Global iterations in 8 thread ...
PHY-1002 : len = 54704, over cnt = 241(2%), over = 871, worst = 14
PHY-1002 : len = 58696, over cnt = 153(1%), over = 442, worst = 10
PHY-1002 : len = 62624, over cnt = 18(0%), over = 29, worst = 4
PHY-1002 : len = 62872, over cnt = 1(0%), over = 1, worst = 1
PHY-1002 : len = 62904, over cnt = 0(0%), over = 0, worst = 0
PHY-1001 : End global iterations;  0.156419s wall, 0.156250s user + 0.000000s system = 0.156250s CPU (99.9%)

PHY-1001 : Congestion index: top1 = 49.93, top5 = 39.51, top10 = 33.50, top15 = 29.66.
OPT-1001 : End congestion update;  0.175565s wall, 0.171875s user + 0.000000s system = 0.171875s CPU (97.9%)

OPT-1001 : Update timing in Manhattan mode
TMR-2503 : Start to update net delay, extr mode = 3.
TMR-2504 : Update delay of 1867 nets completely.
TMR-2502 : Annotate delay completely, extr mode = 3.
TMR-3501 : Forward propagation: start to calculate arrival time...
TMR-3502 : Backward propagation: start to calculate required time...
TMR-3503 : Timing propagation completes.
OPT-1001 : End timing update;  0.034311s wall, 0.031250s user + 0.000000s system = 0.031250s CPU (91.1%)

OPT-0007 : Start: WNS 2147483647 TNS 0 NUM_FEPS 0
OPT-1001 : End global optimization;  0.209973s wall, 0.203125s user + 0.000000s system = 0.203125s CPU (96.7%)

OPT-1001 : Current memory(MB): used = 157, reserve = 130, peak = 157.
OPT-1001 : End physical optimization;  0.616522s wall, 0.562500s user + 0.046875s system = 0.609375s CPU (98.8%)

PHY-3001 : Start packing ...
SYN-4007 : Packing 0 MUX to BLE ...
SYN-4008 : Packed 0 MUX and 0 SEQ to BLE.
SYN-4007 : Packing 738 LUT to BLE ...
SYN-4008 : Packed 738 LUT and 35 SEQ to BLE.
SYN-4003 : Packing 818 remaining SEQ's ...
SYN-4005 : Packed 577 SEQ with LUT/SLICE
SYN-4006 : 126 single LUT's are left
SYN-4006 : 241 single SEQ's are left
SYN-4011 : Packing model "SF1_SOC" (AL_USER_NORMAL) with 979/1092 primitive instances ...
PHY-3001 : End packing;  0.080929s wall, 0.078125s user + 0.000000s system = 0.078125s CPU (96.5%)

PHY-1001 : Populate physical database on model SF1_SOC.
RUN-1001 : There are total 629 instances
RUN-1001 : 293 mslices, 293 lslices, 25 pads, 12 brams, 0 dsps
RUN-1001 : There are total 1834 nets
RUN-6004 WARNING: There are 3 nets with only 1 pin.
RUN-1001 : 1631 nets have 2 pins
RUN-1001 : 110 nets have [3 - 5] pins
RUN-1001 : 17 nets have [6 - 10] pins
RUN-1001 : 15 nets have [11 - 20] pins
RUN-1001 : 52 nets have [21 - 99] pins
RUN-1001 : 6 nets have 100+ pins
PHY-3001 : design contains 627 instances, 586 slices, 0 macros(0 instances: 0 mslices 0 lslices)
PHY-3001 : Cell area utilization is 25%
PHY-3001 : After packing: Len = 43102.8, Over = 61
PHY-3001 : Run with size of 1
PHY-3001 : Cell area utilization is 25%
PHY-3001 : Update timing in Manhattan mode ...
RUN-1002 : start command "start_timer -report"
TMR-2505 : Start building timing graph for model SF1_SOC.
TMR-2506 : Build timing graph completely. Port num: 12, tpin num: 7348, tnet num: 1832, tinst num: 627, tnode num: 9763, tedge num: 11495.
TMR-2508 : Levelizing timing graph completed, there are 15 levels in total.
TMR-2501 : Timing graph initialized successfully.
TMR-2503 : Start to update net delay, extr mode = 3.
TMR-2504 : Update delay of 1832 nets completely.
TMR-2502 : Annotate delay completely, extr mode = 3.
TMR-3001 : Initiate 0 clocks from SDC.
TMR-3004 : Map sdc constraints, there are 0 constraints in total.
TMR-3003 : Constraints initiated successfully.
TMR-3501 : Forward propagation: start to calculate arrival time...
TMR-3502 : Backward propagation: start to calculate required time...
TMR-3503 : Timing propagation completes.
PHY-3001 : End timing update;  0.245557s wall, 0.234375s user + 0.000000s system = 0.234375s CPU (95.4%)

PHY-3001 : :::0::: Try harder cell spreading with beta_ = 1.86351e-05
PHY-3002 : Step(120): len = 41285, overlap = 57.75
PHY-3002 : Step(121): len = 41045.8, overlap = 59.5
PHY-3002 : Step(122): len = 40603.4, overlap = 63.5
PHY-3002 : Step(123): len = 40118.5, overlap = 63.25
PHY-3001 : :::1::: Try harder cell spreading with beta_ = 3.72702e-05
PHY-3002 : Step(124): len = 40863, overlap = 59.75
PHY-3002 : Step(125): len = 41231.9, overlap = 59
PHY-3002 : Step(126): len = 41426.7, overlap = 59
PHY-3001 : :::2::: Try harder cell spreading with beta_ = 7.45404e-05
PHY-3002 : Step(127): len = 42190.5, overlap = 52
PHY-3002 : Step(128): len = 42710.6, overlap = 49.25
PHY-3002 : Step(129): len = 42794.3, overlap = 47
PHY-3001 : :::3::: Try harder cell spreading with beta_ = 0.000143099
PHY-3002 : Step(130): len = 43314.5, overlap = 45.25
PHY-3002 : Step(131): len = 44017.2, overlap = 45.25
PHY-3002 : Step(132): len = 44240.5, overlap = 44.75
PHY-3002 : Step(133): len = 44304.4, overlap = 43.5
PHY-3002 : Step(134): len = 44449.9, overlap = 43.5
PHY-3001 : Legalization ...
PHY-3001 : End legalization;  0.105754s wall, 0.046875s user + 0.203125s system = 0.250000s CPU (236.4%)

PHY-3001 : Trial Legalized: Len = 51775.8
PHY-3001 : Run with size of 1
PHY-3001 : Cell area utilization is 25%
PHY-3001 : Update timing in Manhattan mode ...
TMR-2503 : Start to update net delay, extr mode = 3.
TMR-2504 : Update delay of 1832 nets completely.
TMR-2502 : Annotate delay completely, extr mode = 3.
TMR-3501 : Forward propagation: start to calculate arrival time...
TMR-3502 : Backward propagation: start to calculate required time...
TMR-3503 : Timing propagation completes.
PHY-3001 : End timing update;  0.031136s wall, 0.031250s user + 0.000000s system = 0.031250s CPU (100.4%)

PHY-3001 : :::0::: Try harder cell spreading with beta_ = 9.63416e-05
PHY-3002 : Step(135): len = 46330.7, overlap = 37
PHY-3002 : Step(136): len = 45238.4, overlap = 41.75
PHY-3002 : Step(137): len = 44676.4, overlap = 42.5
PHY-3002 : Step(138): len = 44441.5, overlap = 43.25
PHY-3002 : Step(139): len = 44240.8, overlap = 41.75
PHY-3001 : :::1::: Try harder cell spreading with beta_ = 0.000186839
PHY-3002 : Step(140): len = 44615.5, overlap = 43.25
PHY-3002 : Step(141): len = 44961.5, overlap = 43.75
PHY-3002 : Step(142): len = 45082.1, overlap = 43
PHY-3001 : :::2::: Try harder cell spreading with beta_ = 0.000311454
PHY-3002 : Step(143): len = 45345.4, overlap = 42
PHY-3002 : Step(144): len = 45803.7, overlap = 39.5
PHY-3001 : Legalization ...
PHY-3001 : End legalization;  0.003237s wall, 0.000000s user + 0.000000s system = 0.000000s CPU (n/a%)

PHY-3001 : Legalized: Len = 47985.8, Over = 0
PHY-3001 : End spreading;  0.003654s wall, 0.000000s user + 0.000000s system = 0.000000s CPU (n/a%)

PHY-3001 : Final: Len = 47985.8, Over = 0
RUN-1003 : finish command "place" in  3.639415s wall, 5.484375s user + 2.765625s system = 8.250000s CPU (226.7%)

RUN-1004 : used memory is 144 MB, reserved memory is 120 MB, peak memory is 160 MB
RUN-1002 : start command "export_db pwm_demo_place.db"
RUN-1001 : Exported /
RUN-1001 : Exported flow parameters
RUN-1001 : Exported libs
RUN-1001 : Exported entities
RUN-1001 : Exported ports
RUN-1001 : Exported pins
RUN-1001 : Exported instances
RUN-1001 : Exported nets
RUN-1001 : Exported buses
RUN-1001 : Exported models
RUN-1001 : Exported congestions
RUN-1001 : Exported violations
RUN-1001 : Exported timing constraints
RUN-1001 : Exported IO constraints
RUN-1001 : Exported Inst constraints
RUN-1002 : start command "route"
RUN-1001 : Open license file D:/XILINX_EXE/TD_5.6/license/Anlogic.lic
RUN-1001 : Print Global Property
RUN-1001 : ---------------------------------------------------------------
RUN-1001 :        Parameters        |  Settings  |  Default Values  |  Note  
RUN-1001 : ---------------------------------------------------------------
RUN-1001 :          message         |  standard  |     standard     |        
RUN-1001 :   mixed_pack_place_flow  |     on     |        on        |        
RUN-1001 :        qor_monitor       |    off     |       off        |        
RUN-1001 :        syn_ip_flow       |    off     |       off        |        
RUN-1001 :          thread          |    auto    |       auto       |        
RUN-1001 : ---------------------------------------------------------------
RUN-1001 : Print Route Property
RUN-1001 : -------------------------------------------------------
RUN-1001 :    Parameters    |  Settings  |  Default Values  |  Note  
RUN-1001 : -------------------------------------------------------
RUN-1001 :      effort      |   medium   |      medium      |        
RUN-1001 :     fix_hold     |    off     |       off        |        
RUN-1001 :    opt_timing    |   medium   |      medium      |        
RUN-1001 :   phy_sim_model  |    off     |       off        |        
RUN-1001 :     priority     |   timing   |      timing      |        
RUN-1001 :     swap_pin     |     on     |        on        |        
RUN-1001 : -------------------------------------------------------
PHY-1001 : Route runs in 8 thread(s)
RUN-1001 : There are total 629 instances
RUN-1001 : 293 mslices, 293 lslices, 25 pads, 12 brams, 0 dsps
RUN-1001 : There are total 1834 nets
RUN-6004 WARNING: There are 3 nets with only 1 pin.
RUN-1001 : 1631 nets have 2 pins
RUN-1001 : 110 nets have [3 - 5] pins
RUN-1001 : 17 nets have [6 - 10] pins
RUN-1001 : 15 nets have [11 - 20] pins
RUN-1001 : 52 nets have [21 - 99] pins
RUN-1001 : 6 nets have 100+ pins
RUN-1002 : start command "start_timer -report"
TMR-2505 : Start building timing graph for model SF1_SOC.
TMR-2506 : Build timing graph completely. Port num: 12, tpin num: 7348, tnet num: 1832, tinst num: 627, tnode num: 9763, tedge num: 11495.
TMR-2508 : Levelizing timing graph completed, there are 15 levels in total.
TMR-2501 : Timing graph initialized successfully.
PHY-1001 : 293 mslices, 293 lslices, 25 pads, 12 brams, 0 dsps
TMR-2503 : Start to update net delay, extr mode = 3.
TMR-2504 : Update delay of 1832 nets completely.
TMR-2502 : Annotate delay completely, extr mode = 3.
TMR-3001 : Initiate 0 clocks from SDC.
TMR-3004 : Map sdc constraints, there are 0 constraints in total.
TMR-3003 : Constraints initiated successfully.
TMR-3501 : Forward propagation: start to calculate arrival time...
TMR-3502 : Backward propagation: start to calculate required time...
TMR-3503 : Timing propagation completes.
PHY-1001 : Start global routing, caller is route ...
RUN-1001 : Generating global routing grids ...
PHY-1001 : Generate routing nets ...
PHY-1001 : Global iterations in 8 thread ...
PHY-1002 : len = 65760, over cnt = 233(2%), over = 369, worst = 5
PHY-1002 : len = 68080, over cnt = 102(0%), over = 119, worst = 3
PHY-1002 : len = 69656, over cnt = 13(0%), over = 14, worst = 2
PHY-1002 : len = 69880, over cnt = 0(0%), over = 0, worst = 0
PHY-1001 : End global iterations;  0.193596s wall, 0.187500s user + 0.031250s system = 0.218750s CPU (113.0%)

PHY-1001 : Congestion index: top1 = 49.72, top5 = 40.77, top10 = 35.34, top15 = 31.55.
PHY-1001 : End global routing;  0.231560s wall, 0.234375s user + 0.031250s system = 0.265625s CPU (114.7%)

PHY-1001 : Start detail routing ...
PHY-1001 : Current memory(MB): used = 177, reserve = 149, peak = 177.
PHY-1001 : Detailed router is running in normal mode.
PHY-1001 : Generate detailed routing grids ...
PHY-1001 : Generate nets ...
PHY-1001 : net I_clk_25m_dup_1 will be routed on clock mesh
PHY-5010 WARNING: Net u_ahb_pwm/I_ahb_hsize[2] is skipped due to 0 input or output
PHY-5010 WARNING: Net u_ahb_pwm/I_ahb_hsize[1] is skipped due to 0 input or output
PHY-5010 WARNING: Net u_ahb_pwm/I_ahb_hsize[0] is skipped due to 0 input or output
PHY-1001 : clock net u_ahb_pwm/I_ahb_clk will be merged with clock u_pll/clk0_buf
PHY-5010 WARNING: Net u_ahb_pwm/I_ahb_hsize[2] is skipped due to 0 input or output
PHY-5010 WARNING: Net u_ahb_pwm/I_ahb_hsize[1] is skipped due to 0 input or output
PHY-5010 WARNING: Net u_ahb_pwm/I_ahb_hsize[0] is skipped due to 0 input or output
PHY-1001 : Current memory(MB): used = 266, reserve = 240, peak = 266.
PHY-1001 : End build detailed router design. 1.356285s wall, 1.328125s user + 0.015625s system = 1.343750s CPU (99.1%)

PHY-1001 : Detail Route ...
PHY-1001 : ===== Detail Route Phase 1 =====
PHY-1001 : Clock net routing.....
PHY-1001 : Routed 0% nets.
PHY-1022 : len = 14400, over cnt = 0(0%), over = 0, worst = 0, crit = 0
PHY-1001 : End initial clock net routed; 0.104033s wall, 0.109375s user + 0.000000s system = 0.109375s CPU (105.1%)

PHY-1001 : Current memory(MB): used = 277, reserve = 251, peak = 277.
PHY-1001 : End phase 1; 0.105935s wall, 0.109375s user + 0.000000s system = 0.109375s CPU (103.2%)

PHY-1001 : ===== Detail Route Phase 2 =====
PHY-1001 : Initial routing.....
PHY-1001 : Routed 25% nets.
PHY-1001 : Routed 31% nets.
PHY-1001 : Routed 42% nets.
PHY-1001 : Routed 52% nets.
PHY-1001 : Routed 58% nets.
PHY-1001 : Patch 751 net; 1.035453s wall, 0.984375s user + 0.000000s system = 0.984375s CPU (95.1%)

PHY-1022 : len = 139552, over cnt = 504(0%), over = 511, worst = 2, crit = 0
PHY-1001 : Current memory(MB): used = 279, reserve = 253, peak = 279.
PHY-1001 : End initial routed; 1.434835s wall, 1.453125s user + 0.015625s system = 1.468750s CPU (102.4%)

PHY-1001 : Update timing.....
PHY-1001 : 0/1818(0%) critical/total net(s).
RUN-1001 : ------------------------------------------
RUN-1001 :   Type   |    WNS(ns)    |  TNS(ns)  |  FEP  
RUN-1001 : ------------------------------------------
RUN-1001 :   Setup  |  2147483.647  |   0.000   |   0   
RUN-1001 :   Hold   |  2147483.647  |   0.000   |   0   
RUN-1001 : ------------------------------------------
PHY-1001 : End update timing; 0.295179s wall, 0.296875s user + 0.000000s system = 0.296875s CPU (100.6%)

PHY-1001 : Current memory(MB): used = 281, reserve = 256, peak = 281.
PHY-1001 : End phase 2; 1.730075s wall, 1.750000s user + 0.015625s system = 1.765625s CPU (102.1%)

PHY-1001 : ===== Detail Route Phase 3 =====
PHY-1001 : Optimize timing.....
PHY-1022 : len = 139552, over cnt = 504(0%), over = 511, worst = 2, crit = 0
PHY-1001 : End optimize timing; 0.004707s wall, 0.000000s user + 0.000000s system = 0.000000s CPU (n/a%)

PHY-1001 : Ripup-reroute.....
PHY-1001 : ===== DR Iter 1 =====
PHY-1022 : len = 133840, over cnt = 81(0%), over = 81, worst = 1, crit = 0
PHY-1001 : End DR Iter 1; 1.058144s wall, 1.046875s user + 0.015625s system = 1.062500s CPU (100.4%)

PHY-1001 : ===== DR Iter 2 =====
PHY-1022 : len = 134240, over cnt = 18(0%), over = 18, worst = 1, crit = 0
PHY-1001 : End DR Iter 2; 0.142008s wall, 0.140625s user + 0.000000s system = 0.140625s CPU (99.0%)

PHY-1001 : ===== DR Iter 3 =====
PHY-1022 : len = 134576, over cnt = 2(0%), over = 2, worst = 1, crit = 0
PHY-1001 : End DR Iter 3; 0.048936s wall, 0.046875s user + 0.000000s system = 0.046875s CPU (95.8%)

PHY-1001 : ===== DR Iter 4 =====
PHY-1022 : len = 134624, over cnt = 0(0%), over = 0, worst = 0, crit = 0
PHY-1001 : End DR Iter 4; 0.025316s wall, 0.031250s user + 0.000000s system = 0.031250s CPU (123.4%)

PHY-1001 : Update timing.....
PHY-1001 : 0/1818(0%) critical/total net(s).
RUN-1001 : ------------------------------------------
RUN-1001 :   Type   |    WNS(ns)    |  TNS(ns)  |  FEP  
RUN-1001 : ------------------------------------------
RUN-1001 :   Setup  |  2147483.647  |   0.000   |   0   
RUN-1001 :   Hold   |  2147483.647  |   0.000   |   0   
RUN-1001 : ------------------------------------------
PHY-1001 : End update timing; 0.299428s wall, 0.296875s user + 0.000000s system = 0.296875s CPU (99.1%)

PHY-1001 : Commit to database.....
PHY-5014 WARNING: Detail route doesn't find pib for u_pll/pll_inst.frac_offset_valid[0]
PHY-5014 WARNING: Detail route doesn't find pib for u_pll/pll_inst.dsm_rst[0]
PHY-5014 WARNING: Detail route doesn't find pib for u_pll/pll_inst.ssc_en[0]
PHY-5014 WARNING: Detail route doesn't find pib for u_pll/pll_inst.dsm_refclk[0]
PHY-1001 : 215 feed throughs used by 89 nets
PHY-1001 : End commit to database; 0.172632s wall, 0.187500s user + 0.000000s system = 0.187500s CPU (108.6%)

PHY-1001 : Current memory(MB): used = 295, reserve = 269, peak = 295.
PHY-1001 : End phase 3; 1.788264s wall, 1.781250s user + 0.015625s system = 1.796875s CPU (100.5%)

PHY-1003 : Routed, final wirelength = 134624
PHY-1001 : Current memory(MB): used = 295, reserve = 270, peak = 295.
PHY-1001 : End export database. 0.005530s wall, 0.000000s user + 0.000000s system = 0.000000s CPU (n/a%)

PHY-1001 : End detail routing;  5.062948s wall, 5.046875s user + 0.046875s system = 5.093750s CPU (100.6%)

RUN-1003 : finish command "route" in  5.588441s wall, 5.578125s user + 0.078125s system = 5.656250s CPU (101.2%)

RUN-1004 : used memory is 265 MB, reserved memory is 242 MB, peak memory is 295 MB
RUN-1002 : start command "report_area -io_info -file pwm_demo_phy.area"
RUN-1001 : standard
***Report Model: SF1_SOC Device: SF1S60CG121I***

IO Statistics
#IO                        19
  #input                    6
  #output                  13
  #inout                    0

Utilization Statistics
#lut                      764   out of   5824   13.12%
#reg                      853   out of   5824   14.65%
#le                      1005
  #lut only               152   out of   1005   15.12%
  #reg only               241   out of   1005   23.98%
  #lut&reg                612   out of   1005   60.90%
#dsp                        0   out of     10    0.00%
#bram                      12   out of     26   46.15%
  #bram9k                  12
  #fifo9k                   0
#hard-ip                    1
  #mcu                      1   out of      1  100.00%
  #dsc                      0   out of      1    0.00%
  #dsi                      0   out of      2    0.00%
  #psram controller         0   out of      2    0.00%
#pad                       19   out of     55   34.55%
  #ireg                     0
  #oreg                     0
  #treg                     0
#pll                        1   out of      2   50.00%
#gclk                       3   out of     16   18.75%

Clock Resource Statistics
Index     ClockNet           Type               DriverType         Driver                  Fanout
#1        u_pll/clk0_buf     GCLK               pll                u_pll/pll_inst.clkc0    544
#2        I_clk_25m_dup_1    GCLK               io                 I_clk_25m_syn_2.di      1


Detailed IO Report

     Name       Direction    Location    IOStandard    DriveStrength    PullType    PackReg  
  I_clk_25m       INPUT         D7        LVCMOS18          N/A          PULLUP      NONE    
  I_jtag_tck      INPUT         C7        LVCMOS18          N/A          PULLUP      NONE    
  I_jtag_tdi      INPUT         D5        LVCMOS18          N/A          PULLUP      NONE    
  I_jtag_tms      INPUT         D6        LVCMOS18          N/A          PULLUP      NONE    
   I_rst_n        INPUT         J2        LVCMOS18          N/A          PULLUP      NONE    
  I_uart_rx       INPUT         E4        LVCMOS18          N/A          PULLUP      NONE    
  O_jtag_tdo     OUTPUT         C6        LVCMOS18           8            NONE       NONE    
    O_led0       OUTPUT         J5        LVCMOS18           8            NONE       NONE    
    O_led1       OUTPUT         H5        LVCMOS18           8            NONE       NONE    
    O_led2       OUTPUT         G4        LVCMOS18           8            NONE       NONE    
  O_uart_tx      OUTPUT         A4        LVCMOS18           8            NONE       NONE    

Report Hierarchy Area:
+-----------------------------------------------------------------------------+
|Instance    |Module     |le     |lut     |ripple  |seq     |bram    |dsp     |
+-----------------------------------------------------------------------------+
|top         |SF1_SOC    |1005   |764     |0       |853     |12      |0       |
|  u_SF1_MCU |SF1_MCU    |0      |0       |0       |0       |0       |0       |
|  u_ahb_pwm |ahb_pwm    |1005   |764     |0       |853     |12      |0       |
|    uut     |rom_weight |0      |0       |0       |0       |12      |0       |
|  u_pll     |pll        |0      |0       |0       |0       |0       |0       |
+-----------------------------------------------------------------------------+


DataNet Average Fanout:

   Index     Fanout     Nets  
    #1          1       1620  
    #2          2        97   
    #3          3        2    
    #4          4        10   
    #5        5-10       17   
    #6        11-50      64   
    #7       51-100      2    
    #8       101-500     3    
    #9        >500       1    
  Average     2.73            

RUN-1002 : start command "export_db pwm_demo_pr.db"
RUN-1001 : Exported /
RUN-1001 : Exported flow parameters
RUN-1001 : Exported libs
RUN-1001 : Exported entities
RUN-1001 : Exported ports
RUN-1001 : Exported pins
RUN-1001 : Exported instances
RUN-1001 : Exported nets
RUN-1001 : Exported buses
RUN-1001 : Exported models
RUN-1001 : Exported congestions
RUN-1001 : Exported violations
RUN-1001 : Exported timing constraints
RUN-1001 : Exported IO constraints
RUN-1001 : Exported Inst constraints
RUN-1002 : start command "export_bid pwm_demo_inst.bid"
RUN-1002 : start command "bitgen -bit pwm_demo.bit"
BIT-1003 : Start to generate bitstream. 
BIT-1002 : Init instances with 8 threads.
BIT-1002 : Init instances completely, inst num: 627
BIT-1002 : Init pips with 8 threads.
BIT-1002 : Init pips completely, net num: 1834, pip num: 15543
BIT-1002 : Init feedthrough with 8 threads.
BIT-1002 : Init feedthrough completely, num: 215
BIT-1003 : Multithreading accelaration with 8 threads.
BIT-1003 : Generate bitstream completely, there are 609 valid insts, and 40758 bits set as '1'.
BIT-1004 : the usercode register value: 00000000111110000000000000000000
BIT-1004 : Generate bits file pwm_demo.bit.
RUN-1003 : finish command "bitgen -bit pwm_demo.bit" in  1.689377s wall, 9.156250s user + 0.046875s system = 9.203125s CPU (544.8%)

RUN-1004 : used memory is 276 MB, reserved memory is 253 MB, peak memory is 425 MB
RUN-1002 : start command "backup_run_log run.log ../.logs/phy_1/td_20231112_114643.log"
