============================================================
   Tang Dynasty, V5.6.59063
   Copyright (c) 2012-2022 Anlogic
   Executable = D:/XILINX_EXE/TD_5.6/bin/td.exe
   Built at =   12:45:13 Sep  6 2022
   Run by =     13456
   Run Date =   Sun Nov 12 13:06:52 2023

   Run on =     DESKTOP-1HJPLU7
============================================================
RUN-1002 : start command "open_project pwm_demo.prj"
RUN-1001 : Print Global Property
RUN-1001 : ---------------------------------------------------------------
RUN-1001 :        Parameters        |  Settings  |  Default Values  |  Note  
RUN-1001 : ---------------------------------------------------------------
RUN-1001 :          message         |  standard  |     standard     |        
RUN-1001 :   mixed_pack_place_flow  |     on     |        on        |        
RUN-1001 :        qor_monitor       |    off     |       off        |        
RUN-1001 :        syn_ip_flow       |    off     |       off        |        
RUN-1001 :          thread          |    auto    |       auto       |        
RUN-1001 : ---------------------------------------------------------------
RUN-1001 : Print Design Property
RUN-1001 : --------------------------------------------------------------
RUN-1001 :        Parameters       |  Settings  |  Default Values  |  Note  
RUN-1001 : --------------------------------------------------------------
RUN-1001 :   default_reg_initial   |    auto    |       auto       |        
RUN-1001 :        infer_add        |     on     |        on        |        
RUN-1001 :        infer_fsm        |    off     |       off        |        
RUN-1001 :        infer_mult       |     on     |        on        |        
RUN-1001 :        infer_ram        |     on     |        on        |        
RUN-1001 :        infer_reg        |     on     |        on        |        
RUN-1001 :   infer_reg_init_value  |     on     |        on        |        
RUN-1001 :        infer_rom        |     on     |        on        |        
RUN-1001 :      infer_shifter      |     on     |        on        |        
RUN-1001 : --------------------------------------------------------------
RUN-1001 : Print Rtl Property
RUN-1001 : --------------------------------------------------------------
RUN-1001 :        Parameters       |  Settings  |  Default Values  |  Note  
RUN-1001 : --------------------------------------------------------------
RUN-1001 :       compress_add      |   ripple   |      ripple      |        
RUN-1001 :        elf_sload        |    off     |       off        |        
RUN-1001 :       fix_undriven      |     0      |        0         |        
RUN-1001 :         flatten         |    off     |       off        |        
RUN-1001 :       gate_sharing      |     on     |        on        |        
RUN-1001 :    hdl_warning_level    |   normal   |      normal      |        
RUN-1001 :   impl_internal_tribuf  |     on     |        on        |        
RUN-1001 :      impl_set_reset     |     on     |        on        |        
RUN-1001 :        infer_gsr        |    off     |       off        |        
RUN-1001 :      keep_hierarchy     |    auto    |       auto       |        
RUN-1001 :        max_fanout       |    9999    |       9999       |        
RUN-1001 :      max_oh2bin_len     |     10     |        10        |        
RUN-1001 :       merge_equal       |     on     |        on        |        
RUN-1001 :       merge_equiv       |     on     |        on        |        
RUN-1001 :        merge_mux        |    off     |       off        |        
RUN-1001 :     min_control_set     |     8      |        8         |        
RUN-1001 :      min_ripple_len     |    auto    |       auto       |        
RUN-1001 :       oh2bin_ratio      |    0.08    |       0.08       |        
RUN-1001 :     opt_adder_fanout    |     on     |        on        |        
RUN-1001 :        opt_arith        |     on     |        on        |        
RUN-1001 :       opt_big_gate      |    off     |       off        |        
RUN-1001 :        opt_const        |     on     |        on        |        
RUN-1001 :      opt_const_mult     |     on     |        on        |        
RUN-1001 :       opt_lessthan      |     on     |        on        |        
RUN-1001 :         opt_mux         |    off     |       off        |        
RUN-1001 :         opt_ram         |    high    |       high       |        
RUN-1001 :      rtl_sim_model      |    off     |       off        |        
RUN-1001 :         seq_syn         |     on     |        on        |        
RUN-1001 : --------------------------------------------------------------
HDL-1007 : analyze verilog file ../../al_ip/SF1_MCU.v
HDL-1007 : analyze verilog file ../../al_ip/pll.v
HDL-1007 : undeclared symbol 'open', assumed default net type 'wire' in ../../al_ip/pll.v(88)
HDL-1007 : analyze verilog file ../../al_ip/rom_weight.v
HDL-1007 : analyze verilog file ../../SF1_SOC.v
HDL-1007 : analyze verilog file ../../ahb_pwm.v
HDL-5007 WARNING: identifier 'weight1' is used before its declaration in ../../ahb_pwm.v(361)
HDL-5007 WARNING: identifier 'weight47' is used before its declaration in ../../ahb_pwm.v(363)
HDL-5007 WARNING: identifier 'weight47' is used before its declaration in ../../ahb_pwm.v(364)
HDL-5007 WARNING: identifier 'weight46' is used before its declaration in ../../ahb_pwm.v(365)
HDL-5007 WARNING: identifier 'weight45' is used before its declaration in ../../ahb_pwm.v(366)
HDL-5007 WARNING: identifier 'weight44' is used before its declaration in ../../ahb_pwm.v(367)
HDL-5007 WARNING: identifier 'weight43' is used before its declaration in ../../ahb_pwm.v(368)
HDL-5007 WARNING: identifier 'weight42' is used before its declaration in ../../ahb_pwm.v(369)
HDL-5007 WARNING: identifier 'weight41' is used before its declaration in ../../ahb_pwm.v(370)
HDL-5007 WARNING: identifier 'weight40' is used before its declaration in ../../ahb_pwm.v(371)
HDL-5007 Similar messages will be suppressed.
HDL-1007 : analyze verilog file ../../gpio_controler.v
RUN-1001 : Project manager successfully analyzed 6 source files.
RUN-1002 : start command "import_device sf1_6.db -package SF1S60CG121I"
ARC-1001 : Device Initialization.
ARC-1001 : -------------------------------------------------
ARC-1001 :       OPTION       |      IO       |   SETTING   
ARC-1001 : -------------------------------------------------
ARC-1001 :        done        |      B4       |    gpio    
ARC-1001 :        initn       |      A5       |    gpio    
ARC-1001 :       jtagen       |      B7       |    gpio    
ARC-1001 :      programn      |      B5       |  dedicate  
ARC-1001 :   tdi/tms/tck/tdo  |  C4/A6/A7/C5  |  dedicate  
ARC-1001 : -------------------------------------------------
ARC-1004 : Device setting, marked 5 dedicate IOs in total.
RUN-1002 : start command "import_db ../syn_1/pwm_demo_gate.db"
RUN-1001 : Importing database generated by Tang Dynasty, V5.6.59063.
RUN-1001 : Database version number 46140.
RUN-1001 : Import flow parameters
RUN-1001 : Import timing constraints
RUN-1001 : Import IO constraints
RUN-1001 : Import Inst constraints
RUN-1001 : Import design success TD_VERSION=5.6.59063 , DB_VERSION=46140
RUN-1002 : start command "read_sdc"
USR-1002 : read_sdc file_name -help -h -eco
USR-1009 : NO module with IP_SDC ...
RUN-1104 : Import SDC file  finished, there are 0 nets kept by constraints.
RUN-1002 : start command "place"
RUN-1001 : Open license file D:/XILINX_EXE/TD_5.6/license/Anlogic.lic
RUN-1001 : Print Global Property
RUN-1001 : ---------------------------------------------------------------
RUN-1001 :        Parameters        |  Settings  |  Default Values  |  Note  
RUN-1001 : ---------------------------------------------------------------
RUN-1001 :          message         |  standard  |     standard     |        
RUN-1001 :   mixed_pack_place_flow  |     on     |        on        |        
RUN-1001 :        qor_monitor       |    off     |       off        |        
RUN-1001 :        syn_ip_flow       |    off     |       off        |        
RUN-1001 :          thread          |    auto    |       auto       |        
RUN-1001 : ---------------------------------------------------------------
RUN-1001 : Print Place Property
RUN-1001 : --------------------------------------------------------------
RUN-1001 :        Parameters       |  Settings  |  Default Values  |  Note  
RUN-1001 : --------------------------------------------------------------
RUN-1001 :      detailed_place     |     on     |        on        |        
RUN-1001 :          effort         |   medium   |      medium      |        
RUN-1001 :         fix_hold        |    off     |       off        |        
RUN-1001 :       legalization      |    ori     |       ori        |        
RUN-1001 :      new_spreading      |     on     |        on        |        
RUN-1001 :        opt_timing       |   medium   |      medium      |        
RUN-1001 :   post_clock_route_opt  |    off     |       off        |        
RUN-1001 :       pr_strategy       |     1      |        1         |        
RUN-1001 :        relaxation       |    1.00    |       1.00       |        
RUN-1001 :         retiming        |    off     |       off        |        
RUN-1001 : --------------------------------------------------------------
PHY-3001 : Placer runs in 8 thread(s).
RUN-1002 : start command "legalize_phy_inst"
SYN-1011 : Flatten model SF1_SOC
RUN-1002 : start command "phys_opt -simplify_lut"
SYN-4016 : Net u_ahb_pwm/I_ahb_clk driven by BUFG (877 clock/control pins, 1 other pins).
SYN-4019 : Net I_clk_25m_dup_1 is refclk of pll u_pll/pll_inst.
SYN-4020 : Net I_clk_25m_dup_1 is fbclk of pll u_pll/pll_inst.
SYN-4025 : Tag rtl::Net I_clk_25m_dup_1 as clock net
SYN-4025 : Tag rtl::Net u_ahb_pwm/I_ahb_clk as clock net
SYN-4026 : Tagged 2 rtl::Net as clock net
PHY-1001 : Populate physical database on model SF1_SOC.
RUN-1001 : There are total 1825 instances
RUN-0007 : 930 luts, 853 seqs, 0 mslices, 0 lslices, 25 pads, 11 brams, 0 dsps
RUN-1001 : There are total 2053 nets
RUN-6004 WARNING: There are 3 nets with only 1 pin.
RUN-1001 : 1880 nets have 2 pins
RUN-1001 : 41 nets have [3 - 5] pins
RUN-1001 : 42 nets have [6 - 10] pins
RUN-1001 : 5 nets have [11 - 20] pins
RUN-1001 : 73 nets have [21 - 99] pins
RUN-1001 : 9 nets have 100+ pins
RUN-1001 : Report Control nets information:
RUN-1001 : DFF Distribution
RUN-1001 : ----------------------------------
RUN-1001 :   CE   |  SSR  |  ASR  |  DFF Count  
RUN-1001 : ----------------------------------
RUN-1001 :   No   |  No   |  No   |      2      
RUN-1001 :   No   |  No   |  Yes  |     35      
RUN-1001 :   No   |  Yes  |  No   |      0      
RUN-1001 :   Yes  |  No   |  No   |      0      
RUN-1001 :   Yes  |  No   |  Yes  |     816     
RUN-1001 :   Yes  |  Yes  |  No   |      0      
RUN-1001 : ----------------------------------
RUN-0007 : Control Group Statistic
RUN-0007 : ---------------------------
RUN-0007 :   #CLK  |  #CE  |  #SSR/ASR  
RUN-0007 : ---------------------------
RUN-0007 :    1    |  27   |     1      
RUN-0007 : ---------------------------
RUN-0007 : Control Set = 28
PHY-3001 : Initial placement ...
PHY-3001 : design contains 1823 instances, 930 luts, 853 seqs, 0 slices, 0 macros(0 instances: 0 mslices 0 lslices)
PHY-0007 : Cell area utilization is 15%
PHY-3001 : Start timing update ...
RUN-1002 : start command "start_timer -report"
TMR-2505 : Start building timing graph for model SF1_SOC.
TMR-2506 : Build timing graph completely. Port num: 12, tpin num: 9324, tnet num: 2051, tinst num: 1823, tnode num: 12733, tedge num: 14667.
TMR-2508 : Levelizing timing graph completed, there are 19 levels in total.
TMR-2501 : Timing graph initialized successfully.
TMR-2503 : Start to update net delay, extr mode = 2.
TMR-2504 : Update delay of 2051 nets completely.
TMR-2502 : Annotate delay completely, extr mode = 2.
TMR-3001 : Initiate 0 clocks from SDC.
TMR-3004 : Map sdc constraints, there are 0 constraints in total.
TMR-3003 : Constraints initiated successfully.
TMR-3501 : Forward propagation: start to calculate arrival time...
TMR-3502 : Backward propagation: start to calculate required time...
TMR-3503 : Timing propagation completes.
PHY-3001 : End timing update;  0.211756s wall, 0.203125s user + 0.015625s system = 0.218750s CPU (103.3%)

PHY-3001 : Global placement ...
PHY-3001 : Initial: Len = 253924
PHY-3001 : Run with size of 3
PHY-3001 : Cell area utilization is 15%
PHY-3001 : :::0::: Try harder cell spreading with beta_ = 0
PHY-3002 : Step(1): len = 172899, overlap = 20.25
PHY-3002 : Step(2): len = 123952, overlap = 22.5
PHY-3002 : Step(3): len = 104145, overlap = 24.75
PHY-3002 : Step(4): len = 82082.6, overlap = 22.5
PHY-3002 : Step(5): len = 72447.4, overlap = 25.4375
PHY-3002 : Step(6): len = 65247.2, overlap = 25.5938
PHY-3002 : Step(7): len = 59483.4, overlap = 30.1875
PHY-3002 : Step(8): len = 56433, overlap = 32
PHY-3002 : Step(9): len = 51494.6, overlap = 34.2812
PHY-3002 : Step(10): len = 49601.5, overlap = 35.5312
PHY-3002 : Step(11): len = 47670.6, overlap = 36.5312
PHY-3001 : :::1::: Try harder cell spreading with beta_ = 1.28847e-05
PHY-3002 : Step(12): len = 54648.1, overlap = 36
PHY-3002 : Step(13): len = 55846.2, overlap = 27
PHY-3002 : Step(14): len = 55052, overlap = 32.2812
PHY-3002 : Step(15): len = 53693.5, overlap = 32.875
PHY-3002 : Step(16): len = 50540, overlap = 30.875
PHY-3002 : Step(17): len = 49240.6, overlap = 32.9375
PHY-3002 : Step(18): len = 48519, overlap = 31.375
PHY-3002 : Step(19): len = 49837.3, overlap = 26.9688
PHY-3002 : Step(20): len = 49301.8, overlap = 26.2188
PHY-3002 : Step(21): len = 48441.1, overlap = 30.9688
PHY-3002 : Step(22): len = 46736, overlap = 31.6562
PHY-3002 : Step(23): len = 45760.2, overlap = 27.3438
PHY-3002 : Step(24): len = 45396.3, overlap = 28.125
PHY-3002 : Step(25): len = 45815.6, overlap = 28.2188
PHY-3002 : Step(26): len = 45854.3, overlap = 28.25
PHY-3002 : Step(27): len = 45602.6, overlap = 31.0312
PHY-3001 : :::2::: Try harder cell spreading with beta_ = 2.57695e-05
PHY-3002 : Step(28): len = 45832.6, overlap = 26.3438
PHY-3002 : Step(29): len = 45842.6, overlap = 26.4062
PHY-3002 : Step(30): len = 45782.4, overlap = 30.5625
PHY-3002 : Step(31): len = 45793.9, overlap = 30.5938
PHY-3002 : Step(32): len = 45956.7, overlap = 26.125
PHY-3002 : Step(33): len = 45994.7, overlap = 26.1875
PHY-3002 : Step(34): len = 45908.1, overlap = 26.4062
PHY-3001 : :::3::: Try harder cell spreading with beta_ = 5.1539e-05
PHY-3002 : Step(35): len = 46084.6, overlap = 28.4688
PHY-3002 : Step(36): len = 46108.3, overlap = 28.3125
PHY-3002 : Step(37): len = 46208, overlap = 25.875
PHY-3001 : Legalization ...
PHY-3001 : End legalization;  0.006420s wall, 0.000000s user + 0.000000s system = 0.000000s CPU (n/a%)

PHY-3001 : Run with size of 3
PHY-3001 : Cell area utilization is 20%
PHY-3001 : Update timing in Manhattan mode ...
TMR-2503 : Start to update net delay, extr mode = 3.
TMR-2504 : Update delay of 2051 nets completely.
TMR-2502 : Annotate delay completely, extr mode = 3.
TMR-3501 : Forward propagation: start to calculate arrival time...
TMR-3502 : Backward propagation: start to calculate required time...
TMR-3503 : Timing propagation completes.
PHY-3001 : End timing update;  0.038010s wall, 0.031250s user + 0.000000s system = 0.031250s CPU (82.2%)

PHY-3001 : :::0::: Try harder cell spreading with beta_ = 1.37015e-06
PHY-3002 : Step(38): len = 45460, overlap = 55.6562
PHY-3002 : Step(39): len = 45366.2, overlap = 56.375
PHY-3002 : Step(40): len = 42895.1, overlap = 66.125
PHY-3002 : Step(41): len = 42528, overlap = 69.875
PHY-3002 : Step(42): len = 40869, overlap = 78.5312
PHY-3002 : Step(43): len = 40886.1, overlap = 84.5625
PHY-3002 : Step(44): len = 40409.9, overlap = 92.2812
PHY-3002 : Step(45): len = 40944.4, overlap = 93.3125
PHY-3002 : Step(46): len = 40701, overlap = 94.625
PHY-3002 : Step(47): len = 40978.9, overlap = 94.8125
PHY-3002 : Step(48): len = 41026.9, overlap = 90.7812
PHY-3002 : Step(49): len = 40865.7, overlap = 86.7812
PHY-3002 : Step(50): len = 41164.5, overlap = 85.0938
PHY-3002 : Step(51): len = 40547.8, overlap = 85.5312
PHY-3002 : Step(52): len = 40536.9, overlap = 89.5938
PHY-3002 : Step(53): len = 40728.1, overlap = 90.5
PHY-3002 : Step(54): len = 40085.7, overlap = 88.25
PHY-3002 : Step(55): len = 39896.9, overlap = 79.3125
PHY-3002 : Step(56): len = 39532.6, overlap = 74.3125
PHY-3002 : Step(57): len = 38624.7, overlap = 73.3438
PHY-3002 : Step(58): len = 38707.2, overlap = 73.375
PHY-3002 : Step(59): len = 37575.9, overlap = 78.9375
PHY-3002 : Step(60): len = 36896.1, overlap = 82.2188
PHY-3002 : Step(61): len = 36334.3, overlap = 84.7188
PHY-3002 : Step(62): len = 35445.2, overlap = 84.4375
PHY-3002 : Step(63): len = 35043.8, overlap = 82.8125
PHY-3002 : Step(64): len = 34747.4, overlap = 83.2812
PHY-3002 : Step(65): len = 33762.2, overlap = 84.5
PHY-3002 : Step(66): len = 33762.2, overlap = 84.5
PHY-3002 : Step(67): len = 33248.1, overlap = 85.5312
PHY-3001 : :::1::: Try harder cell spreading with beta_ = 2.7403e-06
PHY-3002 : Step(68): len = 33468.9, overlap = 84.4688
PHY-3002 : Step(69): len = 33613, overlap = 83.9062
PHY-3001 : :::2::: Try harder cell spreading with beta_ = 4.77906e-06
PHY-3002 : Step(70): len = 34815.4, overlap = 79.8438
PHY-3002 : Step(71): len = 35212.7, overlap = 78.875
PHY-3002 : Step(72): len = 36957.5, overlap = 53.5
PHY-3002 : Step(73): len = 35936.9, overlap = 55.125
PHY-3002 : Step(74): len = 35936.9, overlap = 55.125
PHY-3001 : :::3::: Try harder cell spreading with beta_ = 9.55812e-06
PHY-3002 : Step(75): len = 38310, overlap = 45.3125
PHY-3002 : Step(76): len = 38923.4, overlap = 43.75
PHY-3002 : Step(77): len = 38016.8, overlap = 32.4688
PHY-3002 : Step(78): len = 38046.2, overlap = 28.6875
PHY-3002 : Step(79): len = 37780.8, overlap = 25.0312
PHY-3001 : Run with size of 1
PHY-3001 : Cell area utilization is 20%
PHY-3001 : Update timing in Manhattan mode ...
TMR-2503 : Start to update net delay, extr mode = 3.
TMR-2504 : Update delay of 2051 nets completely.
TMR-2502 : Annotate delay completely, extr mode = 3.
TMR-3501 : Forward propagation: start to calculate arrival time...
TMR-3502 : Backward propagation: start to calculate required time...
TMR-3503 : Timing propagation completes.
PHY-3001 : End timing update;  0.036650s wall, 0.031250s user + 0.000000s system = 0.031250s CPU (85.3%)

PHY-3001 : :::0::: Try harder cell spreading with beta_ = 1.66804e-05
PHY-3002 : Step(80): len = 38074.6, overlap = 56.4375
PHY-3002 : Step(81): len = 38258.1, overlap = 55.7188
PHY-3002 : Step(82): len = 37934.3, overlap = 55.25
PHY-3002 : Step(83): len = 37316.1, overlap = 56.6562
PHY-3002 : Step(84): len = 36535.5, overlap = 58.7188
PHY-3002 : Step(85): len = 36535.5, overlap = 58.7188
PHY-3002 : Step(86): len = 36267.2, overlap = 57.625
PHY-3001 : :::1::: Try harder cell spreading with beta_ = 3.33608e-05
PHY-3002 : Step(87): len = 37132.3, overlap = 53.125
PHY-3002 : Step(88): len = 37375.4, overlap = 53
PHY-3002 : Step(89): len = 37684.4, overlap = 52.4062
PHY-3001 : :::2::: Try harder cell spreading with beta_ = 6.67217e-05
PHY-3002 : Step(90): len = 37602, overlap = 44.7812
PHY-3002 : Step(91): len = 37717.7, overlap = 43.5
PHY-3002 : Step(92): len = 38168.3, overlap = 39.2188
PHY-3001 : :::3::: Try harder cell spreading with beta_ = 0.00012644
PHY-3002 : Step(93): len = 38692.9, overlap = 37.5312
PHY-3002 : Step(94): len = 38951.2, overlap = 37.0625
PHY-3002 : Step(95): len = 39485.3, overlap = 37.1562
PHY-3001 : :::4::: Try harder cell spreading with beta_ = 0.000218412
PHY-3002 : Step(96): len = 39387.8, overlap = 35.5625
PHY-3002 : Step(97): len = 39432.3, overlap = 34.3438
PHY-3002 : Step(98): len = 39616.3, overlap = 32.9688
PHY-3001 : :::5::: Try harder cell spreading with beta_ = 0.000353391
PHY-3002 : Step(99): len = 39970.1, overlap = 31.625
PHY-3002 : Step(100): len = 40272.2, overlap = 30.6875
PHY-3002 : Step(101): len = 40627.9, overlap = 31.4375
OPT-1001 : Start physical optimization ...
RUN-1002 : start command "start_timer -report"
TMR-2505 : Start building timing graph for model SF1_SOC.
TMR-2506 : Build timing graph completely. Port num: 12, tpin num: 9324, tnet num: 2051, tinst num: 1823, tnode num: 12733, tedge num: 14667.
TMR-2508 : Levelizing timing graph completed, there are 19 levels in total.
TMR-2501 : Timing graph initialized successfully.
OPT-1001 : Total overflow 31.44 peak overflow 0.91
OPT-1001 : Start high-fanout net optimization ...
OPT-1001 : Update timing in global mode
PHY-1001 : Start incremental global routing, caller is place ...
RUN-1001 : Generating global routing grids ...
RUN-1001 : Building simple global routing graph ...
PHY-1001 : Generate routing nets ...
PHY-1001 : Reuse net number 0/2053.
PHY-1001 : Global iterations in 8 thread ...
PHY-1002 : len = 57984, over cnt = 296(2%), over = 1283, worst = 17
PHY-1001 : End global iterations;  0.123409s wall, 0.125000s user + 0.015625s system = 0.140625s CPU (114.0%)

PHY-1001 : Congestion index: top1 = 62.99, top5 = 50.27, top10 = 41.34, top15 = 35.29.
PHY-1001 : End incremental global routing;  0.152432s wall, 0.156250s user + 0.015625s system = 0.171875s CPU (112.8%)

TMR-2503 : Start to update net delay, extr mode = 5.
TMR-2504 : Update delay of 2051 nets completely.
TMR-2502 : Annotate delay completely, extr mode = 5.
TMR-3001 : Initiate 0 clocks from SDC.
TMR-3004 : Map sdc constraints, there are 0 constraints in total.
TMR-3003 : Constraints initiated successfully.
TMR-3501 : Forward propagation: start to calculate arrival time...
TMR-3502 : Backward propagation: start to calculate required time...
TMR-3503 : Timing propagation completes.
OPT-1001 : End timing update;  0.054963s wall, 0.062500s user + 0.000000s system = 0.062500s CPU (113.7%)

OPT-1001 : 0 high-fanout net processed.
OPT-1001 : End high-fanout net optimization;  0.235881s wall, 0.234375s user + 0.015625s system = 0.250000s CPU (106.0%)

OPT-1001 : Current memory(MB): used = 160, reserve = 132, peak = 160.
OPT-1001 : Start global optimization ...
OPT-1001 : Start congestion update ...
RUN-1001 : Generating global routing grids ...
PHY-1001 : Generate routing nets ...
PHY-1001 : Reuse net number 1321/2053.
PHY-1001 : Global iterations in 8 thread ...
PHY-1002 : len = 57984, over cnt = 296(2%), over = 1283, worst = 17
PHY-1002 : len = 70448, over cnt = 153(1%), over = 281, worst = 12
PHY-1002 : len = 72136, over cnt = 9(0%), over = 9, worst = 1
PHY-1002 : len = 72168, over cnt = 1(0%), over = 1, worst = 1
PHY-1002 : len = 72248, over cnt = 0(0%), over = 0, worst = 0
PHY-1001 : End global iterations;  0.229293s wall, 0.234375s user + 0.000000s system = 0.234375s CPU (102.2%)

PHY-1001 : Congestion index: top1 = 60.69, top5 = 49.57, top10 = 42.27, top15 = 37.18.
OPT-1001 : End congestion update;  0.251128s wall, 0.250000s user + 0.000000s system = 0.250000s CPU (99.6%)

OPT-1001 : Update timing in Manhattan mode
TMR-2503 : Start to update net delay, extr mode = 3.
TMR-2504 : Update delay of 2051 nets completely.
TMR-2502 : Annotate delay completely, extr mode = 3.
TMR-3501 : Forward propagation: start to calculate arrival time...
TMR-3502 : Backward propagation: start to calculate required time...
TMR-3503 : Timing propagation completes.
OPT-1001 : End timing update;  0.038158s wall, 0.046875s user + 0.000000s system = 0.046875s CPU (122.8%)

OPT-0007 : Start: WNS 2147483647 TNS 0 NUM_FEPS 0
OPT-1001 : End global optimization;  0.289365s wall, 0.296875s user + 0.000000s system = 0.296875s CPU (102.6%)

OPT-1001 : Current memory(MB): used = 162, reserve = 134, peak = 162.
OPT-1001 : End physical optimization;  0.734870s wall, 0.718750s user + 0.031250s system = 0.750000s CPU (102.1%)

PHY-3001 : Start packing ...
SYN-4007 : Packing 0 MUX to BLE ...
SYN-4008 : Packed 0 MUX and 0 SEQ to BLE.
SYN-4007 : Packing 930 LUT to BLE ...
SYN-4008 : Packed 930 LUT and 35 SEQ to BLE.
SYN-4003 : Packing 818 remaining SEQ's ...
SYN-4005 : Packed 729 SEQ with LUT/SLICE
SYN-4006 : 166 single LUT's are left
SYN-4006 : 89 single SEQ's are left
SYN-4011 : Packing model "SF1_SOC" (AL_USER_NORMAL) with 1019/1131 primitive instances ...
PHY-3001 : End packing;  0.110742s wall, 0.109375s user + 0.000000s system = 0.109375s CPU (98.8%)

PHY-1001 : Populate physical database on model SF1_SOC.
RUN-1001 : There are total 672 instances
RUN-1001 : 315 mslices, 315 lslices, 25 pads, 11 brams, 0 dsps
RUN-1001 : There are total 2018 nets
RUN-6004 WARNING: There are 3 nets with only 1 pin.
RUN-1001 : 1806 nets have 2 pins
RUN-1001 : 80 nets have [3 - 5] pins
RUN-1001 : 42 nets have [6 - 10] pins
RUN-1001 : 7 nets have [11 - 20] pins
RUN-1001 : 71 nets have [21 - 99] pins
RUN-1001 : 9 nets have 100+ pins
PHY-3001 : design contains 670 instances, 630 slices, 0 macros(0 instances: 0 mslices 0 lslices)
PHY-3001 : Cell area utilization is 26%
PHY-3001 : After packing: Len = 45610.6, Over = 71
PHY-3001 : Run with size of 1
PHY-3001 : Cell area utilization is 26%
PHY-3001 : Update timing in Manhattan mode ...
RUN-1002 : start command "start_timer -report"
TMR-2505 : Start building timing graph for model SF1_SOC.
TMR-2506 : Build timing graph completely. Port num: 12, tpin num: 8459, tnet num: 2016, tinst num: 670, tnode num: 10997, tedge num: 13301.
TMR-2508 : Levelizing timing graph completed, there are 17 levels in total.
TMR-2501 : Timing graph initialized successfully.
TMR-2503 : Start to update net delay, extr mode = 3.
TMR-2504 : Update delay of 2016 nets completely.
TMR-2502 : Annotate delay completely, extr mode = 3.
TMR-3001 : Initiate 0 clocks from SDC.
TMR-3004 : Map sdc constraints, there are 0 constraints in total.
TMR-3003 : Constraints initiated successfully.
TMR-3501 : Forward propagation: start to calculate arrival time...
TMR-3502 : Backward propagation: start to calculate required time...
TMR-3503 : Timing propagation completes.
PHY-3001 : End timing update;  0.256150s wall, 0.265625s user + 0.000000s system = 0.265625s CPU (103.7%)

PHY-3001 : :::0::: Try harder cell spreading with beta_ = 1.84005e-05
PHY-3002 : Step(102): len = 43325.4, overlap = 67.75
PHY-3002 : Step(103): len = 42969.3, overlap = 68
PHY-3002 : Step(104): len = 42389.2, overlap = 74.5
PHY-3001 : :::1::: Try harder cell spreading with beta_ = 3.68011e-05
PHY-3002 : Step(105): len = 42814.4, overlap = 69.5
PHY-3002 : Step(106): len = 43143.5, overlap = 67.75
PHY-3002 : Step(107): len = 43271.9, overlap = 65.75
PHY-3001 : :::2::: Try harder cell spreading with beta_ = 7.33447e-05
PHY-3002 : Step(108): len = 44509.1, overlap = 61.25
PHY-3002 : Step(109): len = 45480.7, overlap = 59
PHY-3002 : Step(110): len = 45215, overlap = 57.5
PHY-3002 : Step(111): len = 45123.2, overlap = 56.75
PHY-3002 : Step(112): len = 45151.5, overlap = 58.25
PHY-3001 : :::3::: Try harder cell spreading with beta_ = 0.000121504
PHY-3002 : Step(113): len = 45861.5, overlap = 54
PHY-3002 : Step(114): len = 46539.1, overlap = 52
PHY-3002 : Step(115): len = 46864.4, overlap = 53.25
PHY-3002 : Step(116): len = 47136.6, overlap = 52.5
PHY-3002 : Step(117): len = 47369, overlap = 50.5
PHY-3001 : Legalization ...
PHY-3001 : End legalization;  0.058269s wall, 0.062500s user + 0.109375s system = 0.171875s CPU (295.0%)

PHY-3001 : Trial Legalized: Len = 66480.6
PHY-3001 : Run with size of 1
PHY-3001 : Cell area utilization is 26%
PHY-3001 : Update timing in Manhattan mode ...
TMR-2503 : Start to update net delay, extr mode = 3.
TMR-2504 : Update delay of 2016 nets completely.
TMR-2502 : Annotate delay completely, extr mode = 3.
TMR-3501 : Forward propagation: start to calculate arrival time...
TMR-3502 : Backward propagation: start to calculate required time...
TMR-3503 : Timing propagation completes.
PHY-3001 : End timing update;  0.034805s wall, 0.031250s user + 0.000000s system = 0.031250s CPU (89.8%)

PHY-3001 : :::0::: Try harder cell spreading with beta_ = 0.000137667
PHY-3002 : Step(118): len = 53818.7, overlap = 54.75
PHY-3002 : Step(119): len = 52610.5, overlap = 53.25
PHY-3002 : Step(120): len = 51314, overlap = 49.5
PHY-3002 : Step(121): len = 49945.4, overlap = 47
PHY-3002 : Step(122): len = 49485.1, overlap = 48.75
PHY-3002 : Step(123): len = 49212.5, overlap = 50.25
PHY-3002 : Step(124): len = 49073.4, overlap = 49.25
PHY-3002 : Step(125): len = 48863.5, overlap = 49.5
PHY-3001 : :::1::: Try harder cell spreading with beta_ = 0.000257729
PHY-3002 : Step(126): len = 49264.4, overlap = 48.75
PHY-3002 : Step(127): len = 49887.1, overlap = 49.25
PHY-3002 : Step(128): len = 50027, overlap = 49.5
PHY-3002 : Step(129): len = 50126.5, overlap = 49
PHY-3002 : Step(130): len = 50357.1, overlap = 47
PHY-3001 : :::2::: Try harder cell spreading with beta_ = 0.000417005
PHY-3002 : Step(131): len = 50655.9, overlap = 46.25
PHY-3002 : Step(132): len = 50978.2, overlap = 45
PHY-3002 : Step(133): len = 51632.4, overlap = 45
PHY-3002 : Step(134): len = 52105.1, overlap = 41.75
PHY-3002 : Step(135): len = 52302, overlap = 40.25
PHY-3002 : Step(136): len = 52366.4, overlap = 40.25
PHY-3002 : Step(137): len = 52467.9, overlap = 38.25
PHY-3001 : Legalization ...
PHY-3001 : End legalization;  0.003616s wall, 0.000000s user + 0.000000s system = 0.000000s CPU (n/a%)

PHY-3001 : Legalized: Len = 54592.6, Over = 0
PHY-3001 : End spreading;  0.005917s wall, 0.015625s user + 0.000000s system = 0.015625s CPU (264.1%)

PHY-3001 : Final: Len = 54592.6, Over = 0
RUN-1003 : finish command "place" in  3.681659s wall, 6.062500s user + 2.468750s system = 8.531250s CPU (231.7%)

RUN-1004 : used memory is 149 MB, reserved memory is 125 MB, peak memory is 167 MB
RUN-1002 : start command "export_db pwm_demo_place.db"
RUN-1001 : Exported /
RUN-1001 : Exported flow parameters
RUN-1001 : Exported libs
RUN-1001 : Exported entities
RUN-1001 : Exported ports
RUN-1001 : Exported pins
RUN-1001 : Exported instances
RUN-1001 : Exported nets
RUN-1001 : Exported buses
RUN-1001 : Exported models
RUN-1001 : Exported congestions
RUN-1001 : Exported violations
RUN-1001 : Exported timing constraints
RUN-1001 : Exported IO constraints
RUN-1001 : Exported Inst constraints
RUN-1002 : start command "route"
RUN-1001 : Open license file D:/XILINX_EXE/TD_5.6/license/Anlogic.lic
RUN-1001 : Print Global Property
RUN-1001 : ---------------------------------------------------------------
RUN-1001 :        Parameters        |  Settings  |  Default Values  |  Note  
RUN-1001 : ---------------------------------------------------------------
RUN-1001 :          message         |  standard  |     standard     |        
RUN-1001 :   mixed_pack_place_flow  |     on     |        on        |        
RUN-1001 :        qor_monitor       |    off     |       off        |        
RUN-1001 :        syn_ip_flow       |    off     |       off        |        
RUN-1001 :          thread          |    auto    |       auto       |        
RUN-1001 : ---------------------------------------------------------------
RUN-1001 : Print Route Property
RUN-1001 : -------------------------------------------------------
RUN-1001 :    Parameters    |  Settings  |  Default Values  |  Note  
RUN-1001 : -------------------------------------------------------
RUN-1001 :      effort      |   medium   |      medium      |        
RUN-1001 :     fix_hold     |    off     |       off        |        
RUN-1001 :    opt_timing    |   medium   |      medium      |        
RUN-1001 :   phy_sim_model  |    off     |       off        |        
RUN-1001 :     priority     |   timing   |      timing      |        
RUN-1001 :     swap_pin     |     on     |        on        |        
RUN-1001 : -------------------------------------------------------
PHY-1001 : Route runs in 8 thread(s)
RUN-1001 : There are total 672 instances
RUN-1001 : 315 mslices, 315 lslices, 25 pads, 11 brams, 0 dsps
RUN-1001 : There are total 2018 nets
RUN-6004 WARNING: There are 3 nets with only 1 pin.
RUN-1001 : 1806 nets have 2 pins
RUN-1001 : 80 nets have [3 - 5] pins
RUN-1001 : 42 nets have [6 - 10] pins
RUN-1001 : 7 nets have [11 - 20] pins
RUN-1001 : 71 nets have [21 - 99] pins
RUN-1001 : 9 nets have 100+ pins
RUN-1002 : start command "start_timer -report"
TMR-2505 : Start building timing graph for model SF1_SOC.
TMR-2506 : Build timing graph completely. Port num: 12, tpin num: 8459, tnet num: 2016, tinst num: 670, tnode num: 10997, tedge num: 13301.
TMR-2508 : Levelizing timing graph completed, there are 17 levels in total.
TMR-2501 : Timing graph initialized successfully.
PHY-1001 : 315 mslices, 315 lslices, 25 pads, 11 brams, 0 dsps
TMR-2503 : Start to update net delay, extr mode = 3.
TMR-2504 : Update delay of 2016 nets completely.
TMR-2502 : Annotate delay completely, extr mode = 3.
TMR-3001 : Initiate 0 clocks from SDC.
TMR-3004 : Map sdc constraints, there are 0 constraints in total.
TMR-3003 : Constraints initiated successfully.
TMR-3501 : Forward propagation: start to calculate arrival time...
TMR-3502 : Backward propagation: start to calculate required time...
TMR-3503 : Timing propagation completes.
PHY-1001 : Start global routing, caller is route ...
RUN-1001 : Generating global routing grids ...
PHY-1001 : Generate routing nets ...
PHY-1001 : Global iterations in 8 thread ...
PHY-1002 : len = 77752, over cnt = 327(2%), over = 534, worst = 6
PHY-1002 : len = 80952, over cnt = 126(1%), over = 170, worst = 4
PHY-1002 : len = 83432, over cnt = 6(0%), over = 6, worst = 1
PHY-1002 : len = 83528, over cnt = 1(0%), over = 1, worst = 1
PHY-1002 : len = 83576, over cnt = 0(0%), over = 0, worst = 0
PHY-1001 : End global iterations;  0.268098s wall, 0.250000s user + 0.015625s system = 0.265625s CPU (99.1%)

PHY-1001 : Congestion index: top1 = 51.81, top5 = 43.80, top10 = 39.27, top15 = 36.07.
PHY-1001 : End global routing;  0.301229s wall, 0.281250s user + 0.015625s system = 0.296875s CPU (98.6%)

PHY-1001 : Start detail routing ...
PHY-1001 : Current memory(MB): used = 182, reserve = 155, peak = 182.
PHY-1001 : Detailed router is running in normal mode.
PHY-1001 : Generate detailed routing grids ...
PHY-1001 : Generate nets ...
PHY-1001 : net I_clk_25m_dup_1 will be routed on clock mesh
PHY-5010 WARNING: Net u_ahb_pwm/I_ahb_hsize[2] is skipped due to 0 input or output
PHY-5010 WARNING: Net u_ahb_pwm/I_ahb_hsize[1] is skipped due to 0 input or output
PHY-5010 WARNING: Net u_ahb_pwm/I_ahb_hsize[0] is skipped due to 0 input or output
PHY-1001 : clock net u_ahb_pwm/I_ahb_clk will be merged with clock u_pll/clk0_buf
PHY-5010 WARNING: Net u_ahb_pwm/I_ahb_hsize[2] is skipped due to 0 input or output
PHY-5010 WARNING: Net u_ahb_pwm/I_ahb_hsize[1] is skipped due to 0 input or output
PHY-5010 WARNING: Net u_ahb_pwm/I_ahb_hsize[0] is skipped due to 0 input or output
PHY-1001 : Current memory(MB): used = 271, reserve = 244, peak = 271.
PHY-1001 : End build detailed router design. 1.331559s wall, 1.328125s user + 0.000000s system = 1.328125s CPU (99.7%)

PHY-1001 : Detail Route ...
PHY-1001 : ===== Detail Route Phase 1 =====
PHY-1001 : Clock net routing.....
PHY-1001 : Routed 0% nets.
PHY-1022 : len = 15304, over cnt = 0(0%), over = 0, worst = 0, crit = 0
PHY-1001 : End initial clock net routed; 0.103626s wall, 0.109375s user + 0.000000s system = 0.109375s CPU (105.5%)

PHY-1001 : Current memory(MB): used = 281, reserve = 255, peak = 281.
PHY-1001 : End phase 1; 0.105505s wall, 0.109375s user + 0.000000s system = 0.109375s CPU (103.7%)

PHY-1001 : ===== Detail Route Phase 2 =====
PHY-1001 : Initial routing.....
PHY-1001 : Routed 22% nets.
PHY-1001 : Routed 28% nets.
PHY-1001 : Routed 34% nets.
PHY-1001 : Routed 43% nets.
PHY-1001 : Routed 51% nets.
PHY-1001 : Patch 963 net; 1.842595s wall, 1.828125s user + 0.000000s system = 1.828125s CPU (99.2%)

PHY-1022 : len = 140760, over cnt = 639(0%), over = 664, worst = 2, crit = 0
PHY-1001 : Current memory(MB): used = 284, reserve = 258, peak = 284.
PHY-1001 : End initial routed; 1.913847s wall, 1.906250s user + 0.000000s system = 1.906250s CPU (99.6%)

PHY-1001 : Update timing.....
PHY-1001 : 0/2002(0%) critical/total net(s).
RUN-1001 : ------------------------------------------
RUN-1001 :   Type   |    WNS(ns)    |  TNS(ns)  |  FEP  
RUN-1001 : ------------------------------------------
RUN-1001 :   Setup  |  2147483.647  |   0.000   |   0   
RUN-1001 :   Hold   |  2147483.647  |   0.000   |   0   
RUN-1001 : ------------------------------------------
PHY-1001 : End update timing; 0.322627s wall, 0.312500s user + 0.000000s system = 0.312500s CPU (96.9%)

PHY-1001 : Current memory(MB): used = 289, reserve = 263, peak = 289.
PHY-1001 : End phase 2; 2.236530s wall, 2.218750s user + 0.000000s system = 2.218750s CPU (99.2%)

PHY-1001 : ===== Detail Route Phase 3 =====
PHY-1001 : Optimize timing.....
PHY-1022 : len = 140760, over cnt = 639(0%), over = 664, worst = 2, crit = 0
PHY-1001 : End optimize timing; 0.006213s wall, 0.000000s user + 0.000000s system = 0.000000s CPU (n/a%)

PHY-1001 : Ripup-reroute.....
PHY-1001 : ===== DR Iter 1 =====
PHY-1022 : len = 140816, over cnt = 159(0%), over = 159, worst = 1, crit = 0
PHY-1001 : End DR Iter 1; 1.634815s wall, 1.609375s user + 0.000000s system = 1.609375s CPU (98.4%)

PHY-1001 : ===== DR Iter 2 =====
PHY-1022 : len = 141824, over cnt = 26(0%), over = 26, worst = 1, crit = 0
PHY-1001 : End DR Iter 2; 0.372695s wall, 0.359375s user + 0.000000s system = 0.359375s CPU (96.4%)

PHY-1001 : ===== DR Iter 3 =====
PHY-1022 : len = 142288, over cnt = 3(0%), over = 3, worst = 1, crit = 0
PHY-1001 : End DR Iter 3; 0.065673s wall, 0.062500s user + 0.000000s system = 0.062500s CPU (95.2%)

PHY-1001 : ===== DR Iter 4 =====
PHY-1022 : len = 142344, over cnt = 0(0%), over = 0, worst = 0, crit = 0
PHY-1001 : End DR Iter 4; 0.023166s wall, 0.031250s user + 0.000000s system = 0.031250s CPU (134.9%)

PHY-1001 : Update timing.....
PHY-1001 : 0/2002(0%) critical/total net(s).
RUN-1001 : ------------------------------------------
RUN-1001 :   Type   |    WNS(ns)    |  TNS(ns)  |  FEP  
RUN-1001 : ------------------------------------------
RUN-1001 :   Setup  |  2147483.647  |   0.000   |   0   
RUN-1001 :   Hold   |  2147483.647  |   0.000   |   0   
RUN-1001 : ------------------------------------------
PHY-1001 : End update timing; 0.329985s wall, 0.328125s user + 0.000000s system = 0.328125s CPU (99.4%)

PHY-1001 : Commit to database.....
PHY-5014 WARNING: Detail route doesn't find pib for u_pll/pll_inst.frac_offset_valid[0]
PHY-5014 WARNING: Detail route doesn't find pib for u_pll/pll_inst.dsm_refclk[0]
PHY-5014 WARNING: Detail route doesn't find pib for u_pll/pll_inst.ssc_en[0]
PHY-5014 WARNING: Detail route doesn't find pib for u_pll/pll_inst.dsm_rst[0]
PHY-1001 : 260 feed throughs used by 90 nets
PHY-1001 : End commit to database; 0.197825s wall, 0.203125s user + 0.000000s system = 0.203125s CPU (102.7%)

PHY-1001 : Current memory(MB): used = 303, reserve = 278, peak = 303.
PHY-1001 : End phase 3; 2.667297s wall, 2.625000s user + 0.000000s system = 2.625000s CPU (98.4%)

PHY-1003 : Routed, final wirelength = 142344
PHY-1001 : Current memory(MB): used = 303, reserve = 278, peak = 303.
PHY-1001 : End export database. 0.006206s wall, 0.000000s user + 0.000000s system = 0.000000s CPU (n/a%)

PHY-1001 : End detail routing;  6.423154s wall, 6.359375s user + 0.000000s system = 6.359375s CPU (99.0%)

RUN-1003 : finish command "route" in  7.026102s wall, 6.953125s user + 0.015625s system = 6.968750s CPU (99.2%)

RUN-1004 : used memory is 272 MB, reserved memory is 251 MB, peak memory is 303 MB
RUN-1002 : start command "report_area -io_info -file pwm_demo_phy.area"
RUN-1001 : standard
***Report Model: SF1_SOC Device: SF1S60CG121I***

IO Statistics
#IO                        19
  #input                    6
  #output                  13
  #inout                    0

Utilization Statistics
#lut                      949   out of   5824   16.29%
#reg                      853   out of   5824   14.65%
#le                      1038
  #lut only               185   out of   1038   17.82%
  #reg only                89   out of   1038    8.57%
  #lut&reg                764   out of   1038   73.60%
#dsp                        0   out of     10    0.00%
#bram                      11   out of     26   42.31%
  #bram9k                  11
  #fifo9k                   0
#hard-ip                    1
  #mcu                      1   out of      1  100.00%
  #dsc                      0   out of      1    0.00%
  #dsi                      0   out of      2    0.00%
  #psram controller         0   out of      2    0.00%
#pad                       19   out of     55   34.55%
  #ireg                     0
  #oreg                     0
  #treg                     0
#pll                        1   out of      2   50.00%
#gclk                       3   out of     16   18.75%

Clock Resource Statistics
Index     ClockNet           Type               DriverType         Driver                  Fanout
#1        u_pll/clk0_buf     GCLK               pll                u_pll/pll_inst.clkc0    584
#2        I_clk_25m_dup_1    GCLK               io                 I_clk_25m_syn_2.di      1


Detailed IO Report

     Name       Direction    Location    IOStandard    DriveStrength    PullType    PackReg  
  I_clk_25m       INPUT         D7        LVCMOS18          N/A          PULLUP      NONE    
  I_jtag_tck      INPUT         C7        LVCMOS18          N/A          PULLUP      NONE    
  I_jtag_tdi      INPUT         D5        LVCMOS18          N/A          PULLUP      NONE    
  I_jtag_tms      INPUT         D6        LVCMOS18          N/A          PULLUP      NONE    
   I_rst_n        INPUT         J2        LVCMOS18          N/A          PULLUP      NONE    
  I_uart_rx       INPUT         E4        LVCMOS18          N/A          PULLUP      NONE    
  O_jtag_tdo     OUTPUT         C6        LVCMOS18           8            NONE       NONE    
    O_led0       OUTPUT         J5        LVCMOS18           8            NONE       NONE    
    O_led1       OUTPUT         H5        LVCMOS18           8            NONE       NONE    
    O_led2       OUTPUT         G4        LVCMOS18           8            NONE       NONE    
  O_uart_tx      OUTPUT         A4        LVCMOS18           8            NONE       NONE    

Report Hierarchy Area:
+-----------------------------------------------------------------------------+
|Instance    |Module     |le     |lut     |ripple  |seq     |bram    |dsp     |
+-----------------------------------------------------------------------------+
|top         |SF1_SOC    |1038   |949     |0       |853     |11      |0       |
|  u_SF1_MCU |SF1_MCU    |0      |0       |0       |0       |0       |0       |
|  u_ahb_pwm |ahb_pwm    |1038   |949     |0       |853     |11      |0       |
|    uut     |rom_weight |0      |0       |0       |0       |11      |0       |
|  u_pll     |pll        |0      |0       |0       |0       |0       |0       |
+-----------------------------------------------------------------------------+


DataNet Average Fanout:

   Index     Fanout     Nets  
    #1          1       1795  
    #2          2        60   
    #3          3        7    
    #4          4        12   
    #5        5-10       42   
    #6        11-50      75   
    #7       51-100      2    
    #8       101-500     6    
    #9        >500       1    
  Average     2.92            

RUN-1002 : start command "export_db pwm_demo_pr.db"
RUN-1001 : Exported /
RUN-1001 : Exported flow parameters
RUN-1001 : Exported libs
RUN-1001 : Exported entities
RUN-1001 : Exported ports
RUN-1001 : Exported pins
RUN-1001 : Exported instances
RUN-1001 : Exported nets
RUN-1001 : Exported buses
RUN-1001 : Exported models
RUN-1001 : Exported congestions
RUN-1001 : Exported violations
RUN-1001 : Exported timing constraints
RUN-1001 : Exported IO constraints
RUN-1001 : Exported Inst constraints
RUN-1002 : start command "export_bid pwm_demo_inst.bid"
RUN-1002 : start command "bitgen -bit pwm_demo.bit"
BIT-1003 : Start to generate bitstream. 
BIT-1002 : Init instances with 8 threads.
BIT-1002 : Init instances completely, inst num: 670
BIT-1002 : Init pips with 8 threads.
BIT-1002 : Init pips completely, net num: 2018, pip num: 18077
BIT-1002 : Init feedthrough with 8 threads.
BIT-1002 : Init feedthrough completely, num: 260
BIT-1003 : Multithreading accelaration with 8 threads.
BIT-1003 : Generate bitstream completely, there are 611 valid insts, and 45761 bits set as '1'.
BIT-1004 : the usercode register value: 00000000110010000000000000000000
BIT-1004 : Generate bits file pwm_demo.bit.
RUN-1003 : finish command "bitgen -bit pwm_demo.bit" in  1.912546s wall, 10.062500s user + 0.078125s system = 10.140625s CPU (530.2%)

RUN-1004 : used memory is 276 MB, reserved memory is 254 MB, peak memory is 431 MB
RUN-1002 : start command "backup_run_log run.log ../.logs/phy_1/td_20231112_130652.log"
