============================================================
   Tang Dynasty, V5.6.59063
   Copyright (c) 2012-2022 Anlogic
   Executable = D:/XILINX_EXE/TD_5.6/bin/td.exe
   Built at =   12:45:13 Sep  6 2022
   Run by =     13456
   Run Date =   Sun Nov 12 11:21:59 2023

   Run on =     DESKTOP-1HJPLU7
============================================================
RUN-1002 : start command "open_project pwm_demo.prj"
RUN-1001 : Print Global Property
RUN-1001 : ---------------------------------------------------------------
RUN-1001 :        Parameters        |  Settings  |  Default Values  |  Note  
RUN-1001 : ---------------------------------------------------------------
RUN-1001 :          message         |  standard  |     standard     |        
RUN-1001 :   mixed_pack_place_flow  |     on     |        on        |        
RUN-1001 :        qor_monitor       |    off     |       off        |        
RUN-1001 :        syn_ip_flow       |    off     |       off        |        
RUN-1001 :          thread          |    auto    |       auto       |        
RUN-1001 : ---------------------------------------------------------------
RUN-1001 : Print Design Property
RUN-1001 : --------------------------------------------------------------
RUN-1001 :        Parameters       |  Settings  |  Default Values  |  Note  
RUN-1001 : --------------------------------------------------------------
RUN-1001 :   default_reg_initial   |    auto    |       auto       |        
RUN-1001 :        infer_add        |     on     |        on        |        
RUN-1001 :        infer_fsm        |    off     |       off        |        
RUN-1001 :        infer_mult       |     on     |        on        |        
RUN-1001 :        infer_ram        |     on     |        on        |        
RUN-1001 :        infer_reg        |     on     |        on        |        
RUN-1001 :   infer_reg_init_value  |     on     |        on        |        
RUN-1001 :        infer_rom        |     on     |        on        |        
RUN-1001 :      infer_shifter      |     on     |        on        |        
RUN-1001 : --------------------------------------------------------------
RUN-1001 : Print Rtl Property
RUN-1001 : --------------------------------------------------------------
RUN-1001 :        Parameters       |  Settings  |  Default Values  |  Note  
RUN-1001 : --------------------------------------------------------------
RUN-1001 :       compress_add      |   ripple   |      ripple      |        
RUN-1001 :        elf_sload        |    off     |       off        |        
RUN-1001 :       fix_undriven      |     0      |        0         |        
RUN-1001 :         flatten         |    off     |       off        |        
RUN-1001 :       gate_sharing      |     on     |        on        |        
RUN-1001 :    hdl_warning_level    |   normal   |      normal      |        
RUN-1001 :   impl_internal_tribuf  |     on     |        on        |        
RUN-1001 :      impl_set_reset     |     on     |        on        |        
RUN-1001 :        infer_gsr        |    off     |       off        |        
RUN-1001 :      keep_hierarchy     |    auto    |       auto       |        
RUN-1001 :        max_fanout       |    9999    |       9999       |        
RUN-1001 :      max_oh2bin_len     |     10     |        10        |        
RUN-1001 :       merge_equal       |     on     |        on        |        
RUN-1001 :       merge_equiv       |     on     |        on        |        
RUN-1001 :        merge_mux        |    off     |       off        |        
RUN-1001 :     min_control_set     |     8      |        8         |        
RUN-1001 :      min_ripple_len     |    auto    |       auto       |        
RUN-1001 :       oh2bin_ratio      |    0.08    |       0.08       |        
RUN-1001 :     opt_adder_fanout    |     on     |        on        |        
RUN-1001 :        opt_arith        |     on     |        on        |        
RUN-1001 :       opt_big_gate      |    off     |       off        |        
RUN-1001 :        opt_const        |     on     |        on        |        
RUN-1001 :      opt_const_mult     |     on     |        on        |        
RUN-1001 :       opt_lessthan      |     on     |        on        |        
RUN-1001 :         opt_mux         |    off     |       off        |        
RUN-1001 :         opt_ram         |    high    |       high       |        
RUN-1001 :      rtl_sim_model      |    off     |       off        |        
RUN-1001 :         seq_syn         |     on     |        on        |        
RUN-1001 : --------------------------------------------------------------
HDL-1007 : analyze verilog file ../../al_ip/SF1_MCU.v
HDL-1007 : analyze verilog file ../../al_ip/pll.v
HDL-1007 : undeclared symbol 'open', assumed default net type 'wire' in ../../al_ip/pll.v(88)
HDL-1007 : analyze verilog file ../../al_ip/rom_weight.v
HDL-1007 : analyze verilog file ../../SF1_SOC.v
HDL-1007 : analyze verilog file ../../ahb_pwm.v
HDL-5007 WARNING: identifier 'weight1' is used before its declaration in ../../ahb_pwm.v(360)
HDL-5007 WARNING: identifier 'weight1' is used before its declaration in ../../ahb_pwm.v(361)
HDL-5007 WARNING: identifier 'weight48' is used before its declaration in ../../ahb_pwm.v(362)
HDL-5007 WARNING: identifier 'weight2' is used before its declaration in ../../ahb_pwm.v(363)
HDL-5007 WARNING: identifier 'weight3' is used before its declaration in ../../ahb_pwm.v(364)
HDL-5007 WARNING: identifier 'weight4' is used before its declaration in ../../ahb_pwm.v(365)
HDL-5007 WARNING: identifier 'weight5' is used before its declaration in ../../ahb_pwm.v(366)
HDL-5007 WARNING: identifier 'weight6' is used before its declaration in ../../ahb_pwm.v(367)
HDL-5007 WARNING: identifier 'weight7' is used before its declaration in ../../ahb_pwm.v(368)
HDL-5007 WARNING: identifier 'weight8' is used before its declaration in ../../ahb_pwm.v(369)
HDL-5007 Similar messages will be suppressed.
HDL-1007 : analyze verilog file ../../gpio_controler.v
RUN-1001 : Project manager successfully analyzed 6 source files.
RUN-1002 : start command "import_device sf1_6.db -package SF1S60CG121I"
ARC-1001 : Device Initialization.
ARC-1001 : -------------------------------------------------
ARC-1001 :       OPTION       |      IO       |   SETTING   
ARC-1001 : -------------------------------------------------
ARC-1001 :        done        |      B4       |    gpio    
ARC-1001 :        initn       |      A5       |    gpio    
ARC-1001 :       jtagen       |      B7       |    gpio    
ARC-1001 :      programn      |      B5       |  dedicate  
ARC-1001 :   tdi/tms/tck/tdo  |  C4/A6/A7/C5  |  dedicate  
ARC-1001 : -------------------------------------------------
ARC-1004 : Device setting, marked 5 dedicate IOs in total.
RUN-1002 : start command "import_db ../syn_1/pwm_demo_gate.db"
RUN-1001 : Importing database generated by Tang Dynasty, V5.6.59063.
RUN-1001 : Database version number 46140.
RUN-1001 : Import flow parameters
RUN-1001 : Import timing constraints
RUN-1001 : Import IO constraints
RUN-1001 : Import Inst constraints
RUN-1001 : Import design success TD_VERSION=5.6.59063 , DB_VERSION=46140
RUN-1002 : start command "read_sdc"
USR-1002 : read_sdc file_name -help -h -eco
USR-1009 : NO module with IP_SDC ...
RUN-1104 : Import SDC file  finished, there are 0 nets kept by constraints.
RUN-1002 : start command "place"
RUN-1001 : Open license file D:/XILINX_EXE/TD_5.6/license/Anlogic.lic
RUN-1001 : Print Global Property
RUN-1001 : ---------------------------------------------------------------
RUN-1001 :        Parameters        |  Settings  |  Default Values  |  Note  
RUN-1001 : ---------------------------------------------------------------
RUN-1001 :          message         |  standard  |     standard     |        
RUN-1001 :   mixed_pack_place_flow  |     on     |        on        |        
RUN-1001 :        qor_monitor       |    off     |       off        |        
RUN-1001 :        syn_ip_flow       |    off     |       off        |        
RUN-1001 :          thread          |    auto    |       auto       |        
RUN-1001 : ---------------------------------------------------------------
RUN-1001 : Print Place Property
RUN-1001 : --------------------------------------------------------------
RUN-1001 :        Parameters       |  Settings  |  Default Values  |  Note  
RUN-1001 : --------------------------------------------------------------
RUN-1001 :      detailed_place     |     on     |        on        |        
RUN-1001 :          effort         |   medium   |      medium      |        
RUN-1001 :         fix_hold        |    off     |       off        |        
RUN-1001 :       legalization      |    ori     |       ori        |        
RUN-1001 :      new_spreading      |     on     |        on        |        
RUN-1001 :        opt_timing       |   medium   |      medium      |        
RUN-1001 :   post_clock_route_opt  |    off     |       off        |        
RUN-1001 :       pr_strategy       |     1      |        1         |        
RUN-1001 :        relaxation       |    1.00    |       1.00       |        
RUN-1001 :         retiming        |    off     |       off        |        
RUN-1001 : --------------------------------------------------------------
PHY-3001 : Placer runs in 8 thread(s).
RUN-1002 : start command "legalize_phy_inst"
SYN-1011 : Flatten model SF1_SOC
RUN-1002 : start command "phys_opt -simplify_lut"
SYN-4016 : Net u_ahb_pwm/I_ahb_clk driven by BUFG (1157 clock/control pins, 1 other pins).
SYN-4019 : Net I_clk_25m_dup_1 is refclk of pll u_pll/pll_inst.
SYN-4020 : Net I_clk_25m_dup_1 is fbclk of pll u_pll/pll_inst.
SYN-4025 : Tag rtl::Net I_clk_25m_dup_1 as clock net
SYN-4025 : Tag rtl::Net u_ahb_pwm/I_ahb_clk as clock net
SYN-4026 : Tagged 2 rtl::Net as clock net
PHY-1001 : Populate physical database on model SF1_SOC.
RUN-1001 : There are total 2042 instances
RUN-0007 : 863 luts, 1141 seqs, 0 mslices, 0 lslices, 25 pads, 7 brams, 0 dsps
RUN-1001 : There are total 2202 nets
RUN-6004 WARNING: There are 3 nets with only 1 pin.
RUN-1001 : 2043 nets have 2 pins
RUN-1001 : 62 nets have [3 - 5] pins
RUN-1001 : 8 nets have [6 - 10] pins
RUN-1001 : 5 nets have [11 - 20] pins
RUN-1001 : 75 nets have [21 - 99] pins
RUN-1001 : 6 nets have 100+ pins
RUN-1001 : Report Control nets information:
RUN-1001 : DFF Distribution
RUN-1001 : ----------------------------------
RUN-1001 :   CE   |  SSR  |  ASR  |  DFF Count  
RUN-1001 : ----------------------------------
RUN-1001 :   No   |  No   |  No   |      2      
RUN-1001 :   No   |  No   |  Yes  |     35      
RUN-1001 :   No   |  Yes  |  No   |      0      
RUN-1001 :   Yes  |  No   |  No   |      0      
RUN-1001 :   Yes  |  No   |  Yes  |    1104     
RUN-1001 :   Yes  |  Yes  |  No   |      0      
RUN-1001 : ----------------------------------
RUN-0007 : Control Group Statistic
RUN-0007 : ---------------------------
RUN-0007 :   #CLK  |  #CE  |  #SSR/ASR  
RUN-0007 : ---------------------------
RUN-0007 :    1    |  36   |     1      
RUN-0007 : ---------------------------
RUN-0007 : Control Set = 37
PHY-3001 : Initial placement ...
PHY-3001 : design contains 2040 instances, 863 luts, 1141 seqs, 0 slices, 0 macros(0 instances: 0 mslices 0 lslices)
PHY-3001 : Huge net I_rst_n_dup_1 with 1155 pins
PHY-0007 : Cell area utilization is 19%
PHY-3001 : Start timing update ...
RUN-1002 : start command "start_timer -report"
TMR-2505 : Start building timing graph for model SF1_SOC.
TMR-2506 : Build timing graph completely. Port num: 12, tpin num: 10319, tnet num: 2200, tinst num: 2040, tnode num: 14868, tedge num: 16295.
TMR-2508 : Levelizing timing graph completed, there are 17 levels in total.
TMR-2501 : Timing graph initialized successfully.
TMR-2503 : Start to update net delay, extr mode = 2.
TMR-2504 : Update delay of 2200 nets completely.
TMR-2502 : Annotate delay completely, extr mode = 2.
TMR-3001 : Initiate 0 clocks from SDC.
TMR-3004 : Map sdc constraints, there are 0 constraints in total.
TMR-3003 : Constraints initiated successfully.
TMR-3501 : Forward propagation: start to calculate arrival time...
TMR-3502 : Backward propagation: start to calculate required time...
TMR-3503 : Timing propagation completes.
PHY-3001 : End timing update;  0.231162s wall, 0.234375s user + 0.000000s system = 0.234375s CPU (101.4%)

PHY-3001 : Global placement ...
PHY-3001 : Initial: Len = 272175
PHY-3001 : Run with size of 3
PHY-3001 : Cell area utilization is 19%
PHY-3001 : :::0::: Try harder cell spreading with beta_ = 0
PHY-3002 : Step(1): len = 184832, overlap = 15.75
PHY-3002 : Step(2): len = 154241, overlap = 15.75
PHY-3002 : Step(3): len = 100855, overlap = 15.75
PHY-3002 : Step(4): len = 83931.1, overlap = 11.25
PHY-3002 : Step(5): len = 77328.3, overlap = 16
PHY-3002 : Step(6): len = 70346, overlap = 17.8438
PHY-3002 : Step(7): len = 62116, overlap = 20.9375
PHY-3002 : Step(8): len = 56501.5, overlap = 23.6562
PHY-3002 : Step(9): len = 52140.5, overlap = 24.8125
PHY-3002 : Step(10): len = 51170.1, overlap = 26.8125
PHY-3002 : Step(11): len = 49533.6, overlap = 30.0938
PHY-3001 : :::1::: Try harder cell spreading with beta_ = 1.58984e-05
PHY-3002 : Step(12): len = 52671.3, overlap = 27.8125
PHY-3002 : Step(13): len = 52980.4, overlap = 23.4688
PHY-3002 : Step(14): len = 50552.5, overlap = 25.4375
PHY-3002 : Step(15): len = 49315.1, overlap = 28.25
PHY-3002 : Step(16): len = 49126, overlap = 25.9375
PHY-3002 : Step(17): len = 49704.8, overlap = 23.25
PHY-3002 : Step(18): len = 49798.3, overlap = 23
PHY-3002 : Step(19): len = 49061.3, overlap = 24.5312
PHY-3002 : Step(20): len = 48547.8, overlap = 21.9688
PHY-3002 : Step(21): len = 48732.4, overlap = 21.875
PHY-3002 : Step(22): len = 47542.9, overlap = 21.5938
PHY-3002 : Step(23): len = 47697.1, overlap = 23.8438
PHY-3002 : Step(24): len = 47068.7, overlap = 21.6875
PHY-3002 : Step(25): len = 47056.9, overlap = 21.9062
PHY-3002 : Step(26): len = 46941.7, overlap = 17.125
PHY-3002 : Step(27): len = 46897.3, overlap = 19.8438
PHY-3002 : Step(28): len = 46599.9, overlap = 20.1562
PHY-3002 : Step(29): len = 45353.1, overlap = 18.625
PHY-3002 : Step(30): len = 45005.3, overlap = 20.625
PHY-3002 : Step(31): len = 45222.1, overlap = 18.3125
PHY-3001 : :::2::: Try harder cell spreading with beta_ = 3.17969e-05
PHY-3002 : Step(32): len = 45640.6, overlap = 18.1875
PHY-3002 : Step(33): len = 45718.4, overlap = 18.0625
PHY-3002 : Step(34): len = 45533.4, overlap = 17.9375
PHY-3001 : Legalization ...
PHY-3001 : End legalization;  0.005364s wall, 0.015625s user + 0.000000s system = 0.015625s CPU (291.3%)

PHY-3001 : Run with size of 3
PHY-3001 : Cell area utilization is 24%
PHY-3001 : Update timing in Manhattan mode ...
TMR-2503 : Start to update net delay, extr mode = 3.
TMR-2504 : Update delay of 2200 nets completely.
TMR-2502 : Annotate delay completely, extr mode = 3.
TMR-3501 : Forward propagation: start to calculate arrival time...
TMR-3502 : Backward propagation: start to calculate required time...
TMR-3503 : Timing propagation completes.
PHY-3001 : End timing update;  0.046239s wall, 0.046875s user + 0.000000s system = 0.046875s CPU (101.4%)

PHY-3001 : :::0::: Try harder cell spreading with beta_ = 1.36925e-06
PHY-3002 : Step(35): len = 44967.6, overlap = 43.9375
PHY-3002 : Step(36): len = 45107.4, overlap = 44.9375
PHY-3002 : Step(37): len = 43248.6, overlap = 59.1562
PHY-3002 : Step(38): len = 41140, overlap = 74.1875
PHY-3002 : Step(39): len = 38047.4, overlap = 86.3125
PHY-3002 : Step(40): len = 37320.8, overlap = 95.0625
PHY-3002 : Step(41): len = 36475.6, overlap = 96.8438
PHY-3002 : Step(42): len = 36842.6, overlap = 98.25
PHY-3002 : Step(43): len = 37195.2, overlap = 98.5625
PHY-3001 : :::1::: Try harder cell spreading with beta_ = 2.7385e-06
PHY-3002 : Step(44): len = 36819.8, overlap = 96.5625
PHY-3002 : Step(45): len = 37160.5, overlap = 96.25
PHY-3002 : Step(46): len = 38286.2, overlap = 92.75
PHY-3001 : :::2::: Try harder cell spreading with beta_ = 5.477e-06
PHY-3002 : Step(47): len = 39812, overlap = 86.4375
PHY-3002 : Step(48): len = 40801.4, overlap = 84.625
PHY-3002 : Step(49): len = 41533.7, overlap = 67.1562
PHY-3002 : Step(50): len = 42878.6, overlap = 62.7812
PHY-3002 : Step(51): len = 40413.6, overlap = 53.4688
PHY-3002 : Step(52): len = 40089.6, overlap = 53.3438
PHY-3002 : Step(53): len = 40262, overlap = 53.0312
PHY-3002 : Step(54): len = 40474.5, overlap = 53.5
PHY-3001 : :::3::: Try harder cell spreading with beta_ = 1.0954e-05
PHY-3002 : Step(55): len = 40056.9, overlap = 51.6875
PHY-3002 : Step(56): len = 40534.9, overlap = 50.6562
PHY-3002 : Step(57): len = 41251.4, overlap = 49.25
PHY-3001 : :::4::: Try harder cell spreading with beta_ = 2.1908e-05
PHY-3002 : Step(58): len = 42631.4, overlap = 44.4375
PHY-3002 : Step(59): len = 43794.8, overlap = 42.9062
PHY-3002 : Step(60): len = 43176.4, overlap = 33.125
PHY-3002 : Step(61): len = 41509.2, overlap = 35.8125
PHY-3002 : Step(62): len = 41019.5, overlap = 37.8438
PHY-3002 : Step(63): len = 41019.5, overlap = 37.8438
PHY-3001 : :::5::: Try harder cell spreading with beta_ = 4.274e-05
PHY-3002 : Step(64): len = 44363.8, overlap = 30.2188
PHY-3002 : Step(65): len = 44771.8, overlap = 29.9688
PHY-3002 : Step(66): len = 43320.3, overlap = 24.9375
PHY-3002 : Step(67): len = 42851.1, overlap = 24.75
PHY-3002 : Step(68): len = 42665.1, overlap = 23.625
PHY-3001 : :::6::: Try harder cell spreading with beta_ = 8.548e-05
PHY-3002 : Step(69): len = 44212.5, overlap = 23.1875
PHY-3002 : Step(70): len = 44750.8, overlap = 23.8438
PHY-3002 : Step(71): len = 45200.6, overlap = 23.9688
PHY-3001 : :::7::: Try harder cell spreading with beta_ = 0.00017096
PHY-3002 : Step(72): len = 45328.2, overlap = 20.4375
PHY-3002 : Step(73): len = 45408.1, overlap = 19.5
PHY-3002 : Step(74): len = 44943, overlap = 16
PHY-3001 : Run with size of 1
PHY-3001 : Cell area utilization is 24%
PHY-3001 : Update timing in Manhattan mode ...
TMR-2503 : Start to update net delay, extr mode = 3.
TMR-2504 : Update delay of 2200 nets completely.
TMR-2502 : Annotate delay completely, extr mode = 3.
TMR-3501 : Forward propagation: start to calculate arrival time...
TMR-3502 : Backward propagation: start to calculate required time...
TMR-3503 : Timing propagation completes.
PHY-3001 : End timing update;  0.044405s wall, 0.046875s user + 0.000000s system = 0.046875s CPU (105.6%)

PHY-3001 : :::0::: Try harder cell spreading with beta_ = 3.24946e-05
PHY-3002 : Step(75): len = 46049.9, overlap = 53.4688
PHY-3002 : Step(76): len = 47033.5, overlap = 52.9688
PHY-3002 : Step(77): len = 46094.3, overlap = 46.6562
PHY-3002 : Step(78): len = 45885.9, overlap = 46.5625
PHY-3002 : Step(79): len = 44493, overlap = 52.9375
PHY-3002 : Step(80): len = 43989, overlap = 51.4062
PHY-3002 : Step(81): len = 42786, overlap = 57.0938
PHY-3002 : Step(82): len = 40614.4, overlap = 60.125
PHY-3002 : Step(83): len = 40650, overlap = 59.9062
PHY-3002 : Step(84): len = 40207.2, overlap = 59.3438
PHY-3002 : Step(85): len = 40193.4, overlap = 60.1875
PHY-3002 : Step(86): len = 39333.9, overlap = 61.7188
PHY-3001 : :::1::: Try harder cell spreading with beta_ = 6.49892e-05
PHY-3002 : Step(87): len = 40189.6, overlap = 60.4375
PHY-3002 : Step(88): len = 40739.6, overlap = 59.1875
PHY-3002 : Step(89): len = 41179.6, overlap = 50.9062
PHY-3002 : Step(90): len = 40252.3, overlap = 49.125
PHY-3002 : Step(91): len = 40408.2, overlap = 46.7812
PHY-3002 : Step(92): len = 40591.9, overlap = 47.4688
PHY-3001 : :::2::: Try harder cell spreading with beta_ = 0.000129978
PHY-3002 : Step(93): len = 40828.5, overlap = 45.1562
PHY-3002 : Step(94): len = 41012.3, overlap = 45.3125
PHY-3002 : Step(95): len = 41725.8, overlap = 44.4375
PHY-3001 : :::3::: Try harder cell spreading with beta_ = 0.000238369
PHY-3002 : Step(96): len = 41591.3, overlap = 42.375
PHY-3002 : Step(97): len = 41737.4, overlap = 42.8438
PHY-3002 : Step(98): len = 42681.8, overlap = 38.625
PHY-3002 : Step(99): len = 42960.8, overlap = 34.1875
PHY-3002 : Step(100): len = 42986.5, overlap = 34.5938
PHY-3002 : Step(101): len = 42956.3, overlap = 33.2188
OPT-1001 : Start physical optimization ...
RUN-1002 : start command "start_timer -report"
TMR-2505 : Start building timing graph for model SF1_SOC.
TMR-2506 : Build timing graph completely. Port num: 12, tpin num: 10319, tnet num: 2200, tinst num: 2040, tnode num: 14868, tedge num: 16295.
TMR-2508 : Levelizing timing graph completed, there are 17 levels in total.
TMR-2501 : Timing graph initialized successfully.
OPT-1001 : Total overflow 33.22 peak overflow 0.94
OPT-1001 : Start high-fanout net optimization ...
OPT-1001 : Update timing in global mode
PHY-1001 : Start incremental global routing, caller is place ...
RUN-1001 : Generating global routing grids ...
RUN-1001 : Building simple global routing graph ...
PHY-1001 : Generate routing nets ...
PHY-1001 : Reuse net number 0/2202.
PHY-1001 : Global iterations in 8 thread ...
PHY-1002 : len = 64864, over cnt = 322(2%), over = 898, worst = 14
PHY-1001 : End global iterations;  0.170411s wall, 0.171875s user + 0.000000s system = 0.171875s CPU (100.9%)

PHY-1001 : Congestion index: top1 = 41.46, top5 = 34.89, top10 = 31.71, top15 = 29.19.
PHY-1001 : End incremental global routing;  0.201245s wall, 0.203125s user + 0.000000s system = 0.203125s CPU (100.9%)

TMR-2503 : Start to update net delay, extr mode = 5.
TMR-2504 : Update delay of 2200 nets completely.
TMR-2502 : Annotate delay completely, extr mode = 5.
TMR-3001 : Initiate 0 clocks from SDC.
TMR-3004 : Map sdc constraints, there are 0 constraints in total.
TMR-3003 : Constraints initiated successfully.
TMR-3501 : Forward propagation: start to calculate arrival time...
TMR-3502 : Backward propagation: start to calculate required time...
TMR-3503 : Timing propagation completes.
OPT-1001 : End timing update;  0.060100s wall, 0.046875s user + 0.000000s system = 0.046875s CPU (78.0%)

OPT-1001 : 0 high-fanout net processed.
OPT-1001 : End high-fanout net optimization;  0.293787s wall, 0.281250s user + 0.000000s system = 0.281250s CPU (95.7%)

OPT-1001 : Current memory(MB): used = 163, reserve = 135, peak = 163.
OPT-1001 : Start global optimization ...
OPT-1001 : Start congestion update ...
RUN-1001 : Generating global routing grids ...
PHY-1001 : Generate routing nets ...
PHY-1001 : Reuse net number 1287/2202.
PHY-1001 : Global iterations in 8 thread ...
PHY-1002 : len = 64864, over cnt = 322(2%), over = 898, worst = 14
PHY-1002 : len = 68384, over cnt = 169(1%), over = 438, worst = 10
PHY-1002 : len = 71864, over cnt = 15(0%), over = 32, worst = 6
PHY-1002 : len = 72128, over cnt = 0(0%), over = 0, worst = 0
PHY-1001 : End global iterations;  0.152805s wall, 0.156250s user + 0.000000s system = 0.156250s CPU (102.3%)

PHY-1001 : Congestion index: top1 = 38.75, top5 = 34.42, top10 = 31.42, top15 = 29.14.
OPT-1001 : End congestion update;  0.176294s wall, 0.187500s user + 0.000000s system = 0.187500s CPU (106.4%)

OPT-1001 : Update timing in Manhattan mode
TMR-2503 : Start to update net delay, extr mode = 3.
TMR-2504 : Update delay of 2200 nets completely.
TMR-2502 : Annotate delay completely, extr mode = 3.
TMR-3501 : Forward propagation: start to calculate arrival time...
TMR-3502 : Backward propagation: start to calculate required time...
TMR-3503 : Timing propagation completes.
OPT-1001 : End timing update;  0.042418s wall, 0.046875s user + 0.000000s system = 0.046875s CPU (110.5%)

OPT-0007 : Start: WNS 2147483647 TNS 0 NUM_FEPS 0
OPT-1001 : End global optimization;  0.218797s wall, 0.234375s user + 0.000000s system = 0.234375s CPU (107.1%)

OPT-1001 : Current memory(MB): used = 164, reserve = 137, peak = 164.
OPT-1001 : End physical optimization;  0.738660s wall, 0.750000s user + 0.015625s system = 0.765625s CPU (103.7%)

PHY-3001 : Start packing ...
SYN-4007 : Packing 0 MUX to BLE ...
SYN-4008 : Packed 0 MUX and 0 SEQ to BLE.
SYN-4007 : Packing 863 LUT to BLE ...
SYN-4008 : Packed 863 LUT and 35 SEQ to BLE.
SYN-4003 : Packing 1106 remaining SEQ's ...
SYN-4005 : Packed 779 SEQ with LUT/SLICE
SYN-4006 : 49 single LUT's are left
SYN-4006 : 327 single SEQ's are left
SYN-4011 : Packing model "SF1_SOC" (AL_USER_NORMAL) with 1190/1298 primitive instances ...
PHY-3001 : End packing;  0.103837s wall, 0.109375s user + 0.000000s system = 0.109375s CPU (105.3%)

PHY-1001 : Populate physical database on model SF1_SOC.
RUN-1001 : There are total 798 instances
RUN-1001 : 380 mslices, 380 lslices, 25 pads, 7 brams, 0 dsps
RUN-1001 : There are total 2167 nets
RUN-6004 WARNING: There are 3 nets with only 1 pin.
RUN-1001 : 1982 nets have 2 pins
RUN-1001 : 88 nets have [3 - 5] pins
RUN-1001 : 8 nets have [6 - 10] pins
RUN-1001 : 10 nets have [11 - 20] pins
RUN-1001 : 70 nets have [21 - 99] pins
RUN-1001 : 6 nets have 100+ pins
PHY-3001 : design contains 796 instances, 760 slices, 0 macros(0 instances: 0 mslices 0 lslices)
PHY-3001 : Cell area utilization is 32%
PHY-3001 : After packing: Len = 48921.4, Over = 77.25
PHY-3001 : Run with size of 1
PHY-3001 : Cell area utilization is 32%
PHY-3001 : Update timing in Manhattan mode ...
RUN-1002 : start command "start_timer -report"
TMR-2505 : Start building timing graph for model SF1_SOC.
TMR-2506 : Build timing graph completely. Port num: 12, tpin num: 9106, tnet num: 2165, tinst num: 796, tnode num: 12456, tedge num: 14342.
TMR-2508 : Levelizing timing graph completed, there are 15 levels in total.
TMR-2501 : Timing graph initialized successfully.
TMR-2503 : Start to update net delay, extr mode = 3.
TMR-2504 : Update delay of 2165 nets completely.
TMR-2502 : Annotate delay completely, extr mode = 3.
TMR-3001 : Initiate 0 clocks from SDC.
TMR-3004 : Map sdc constraints, there are 0 constraints in total.
TMR-3003 : Constraints initiated successfully.
TMR-3501 : Forward propagation: start to calculate arrival time...
TMR-3502 : Backward propagation: start to calculate required time...
TMR-3503 : Timing propagation completes.
PHY-3001 : End timing update;  0.278357s wall, 0.265625s user + 0.000000s system = 0.265625s CPU (95.4%)

PHY-3001 : :::0::: Try harder cell spreading with beta_ = 2.24201e-05
PHY-3002 : Step(102): len = 46581.5, overlap = 75.5
PHY-3002 : Step(103): len = 46374.2, overlap = 76
PHY-3002 : Step(104): len = 46048.4, overlap = 79.25
PHY-3002 : Step(105): len = 44964.2, overlap = 86
PHY-3002 : Step(106): len = 44777.7, overlap = 88.75
PHY-3002 : Step(107): len = 44295.9, overlap = 90.75
PHY-3001 : :::1::: Try harder cell spreading with beta_ = 4.48402e-05
PHY-3002 : Step(108): len = 44838.5, overlap = 83.75
PHY-3002 : Step(109): len = 45451.5, overlap = 80.25
PHY-3002 : Step(110): len = 45884.5, overlap = 77.25
PHY-3002 : Step(111): len = 45891.6, overlap = 76
PHY-3002 : Step(112): len = 45981.1, overlap = 74.25
PHY-3001 : :::2::: Try harder cell spreading with beta_ = 8.96803e-05
PHY-3002 : Step(113): len = 46728.8, overlap = 73.75
PHY-3002 : Step(114): len = 47187.4, overlap = 72.75
PHY-3002 : Step(115): len = 48051.9, overlap = 64
PHY-3002 : Step(116): len = 48095.5, overlap = 58
PHY-3002 : Step(117): len = 48036.7, overlap = 57.75
PHY-3002 : Step(118): len = 48042.5, overlap = 57.75
PHY-3001 : Legalization ...
PHY-3001 : End legalization;  0.128745s wall, 0.078125s user + 0.265625s system = 0.343750s CPU (267.0%)

PHY-3001 : Trial Legalized: Len = 55708.4
PHY-3001 : Run with size of 1
PHY-3001 : Cell area utilization is 32%
PHY-3001 : Update timing in Manhattan mode ...
TMR-2503 : Start to update net delay, extr mode = 3.
TMR-2504 : Update delay of 2165 nets completely.
TMR-2502 : Annotate delay completely, extr mode = 3.
TMR-3501 : Forward propagation: start to calculate arrival time...
TMR-3502 : Backward propagation: start to calculate required time...
TMR-3503 : Timing propagation completes.
PHY-3001 : End timing update;  0.037842s wall, 0.046875s user + 0.000000s system = 0.046875s CPU (123.9%)

PHY-3001 : :::0::: Try harder cell spreading with beta_ = 9.37927e-05
PHY-3002 : Step(119): len = 50595.9, overlap = 38.75
PHY-3002 : Step(120): len = 49873.2, overlap = 47.5
PHY-3002 : Step(121): len = 49042, overlap = 53
PHY-3002 : Step(122): len = 48672.1, overlap = 56
PHY-3002 : Step(123): len = 48499.8, overlap = 57.75
PHY-3001 : :::1::: Try harder cell spreading with beta_ = 0.000187585
PHY-3002 : Step(124): len = 48857.4, overlap = 52.75
PHY-3002 : Step(125): len = 49168.2, overlap = 52
PHY-3002 : Step(126): len = 49505.5, overlap = 47
PHY-3002 : Step(127): len = 49733.1, overlap = 51.5
PHY-3002 : Step(128): len = 49890.2, overlap = 50.75
PHY-3001 : :::2::: Try harder cell spreading with beta_ = 0.000344351
PHY-3002 : Step(129): len = 50096.7, overlap = 52
PHY-3002 : Step(130): len = 50454.6, overlap = 50.25
PHY-3001 : Legalization ...
PHY-3001 : End legalization;  0.004568s wall, 0.000000s user + 0.000000s system = 0.000000s CPU (n/a%)

PHY-3001 : Legalized: Len = 53122.4, Over = 0
PHY-3001 : End spreading;  0.004718s wall, 0.000000s user + 0.000000s system = 0.000000s CPU (n/a%)

PHY-3001 : Final: Len = 53122.4, Over = 0
RUN-1003 : finish command "place" in  3.750158s wall, 6.484375s user + 2.187500s system = 8.671875s CPU (231.2%)

RUN-1004 : used memory is 146 MB, reserved memory is 121 MB, peak memory is 168 MB
RUN-1002 : start command "export_db pwm_demo_place.db"
RUN-1001 : Exported /
RUN-1001 : Exported flow parameters
RUN-1001 : Exported libs
RUN-1001 : Exported entities
RUN-1001 : Exported ports
RUN-1001 : Exported pins
RUN-1001 : Exported instances
RUN-1001 : Exported nets
RUN-1001 : Exported buses
RUN-1001 : Exported models
RUN-1001 : Exported congestions
RUN-1001 : Exported violations
RUN-1001 : Exported timing constraints
RUN-1001 : Exported IO constraints
RUN-1001 : Exported Inst constraints
RUN-1002 : start command "route"
RUN-1001 : Open license file D:/XILINX_EXE/TD_5.6/license/Anlogic.lic
RUN-1001 : Print Global Property
RUN-1001 : ---------------------------------------------------------------
RUN-1001 :        Parameters        |  Settings  |  Default Values  |  Note  
RUN-1001 : ---------------------------------------------------------------
RUN-1001 :          message         |  standard  |     standard     |        
RUN-1001 :   mixed_pack_place_flow  |     on     |        on        |        
RUN-1001 :        qor_monitor       |    off     |       off        |        
RUN-1001 :        syn_ip_flow       |    off     |       off        |        
RUN-1001 :          thread          |    auto    |       auto       |        
RUN-1001 : ---------------------------------------------------------------
RUN-1001 : Print Route Property
RUN-1001 : -------------------------------------------------------
RUN-1001 :    Parameters    |  Settings  |  Default Values  |  Note  
RUN-1001 : -------------------------------------------------------
RUN-1001 :      effort      |   medium   |      medium      |        
RUN-1001 :     fix_hold     |    off     |       off        |        
RUN-1001 :    opt_timing    |   medium   |      medium      |        
RUN-1001 :   phy_sim_model  |    off     |       off        |        
RUN-1001 :     priority     |   timing   |      timing      |        
RUN-1001 :     swap_pin     |     on     |        on        |        
RUN-1001 : -------------------------------------------------------
PHY-1001 : Route runs in 8 thread(s)
RUN-1001 : There are total 798 instances
RUN-1001 : 380 mslices, 380 lslices, 25 pads, 7 brams, 0 dsps
RUN-1001 : There are total 2167 nets
RUN-6004 WARNING: There are 3 nets with only 1 pin.
RUN-1001 : 1982 nets have 2 pins
RUN-1001 : 88 nets have [3 - 5] pins
RUN-1001 : 8 nets have [6 - 10] pins
RUN-1001 : 10 nets have [11 - 20] pins
RUN-1001 : 70 nets have [21 - 99] pins
RUN-1001 : 6 nets have 100+ pins
RUN-1002 : start command "start_timer -report"
TMR-2505 : Start building timing graph for model SF1_SOC.
TMR-2506 : Build timing graph completely. Port num: 12, tpin num: 9106, tnet num: 2165, tinst num: 796, tnode num: 12456, tedge num: 14342.
TMR-2508 : Levelizing timing graph completed, there are 15 levels in total.
TMR-2501 : Timing graph initialized successfully.
PHY-1001 : 380 mslices, 380 lslices, 25 pads, 7 brams, 0 dsps
TMR-2503 : Start to update net delay, extr mode = 3.
TMR-2504 : Update delay of 2165 nets completely.
TMR-2502 : Annotate delay completely, extr mode = 3.
TMR-3001 : Initiate 0 clocks from SDC.
TMR-3004 : Map sdc constraints, there are 0 constraints in total.
TMR-3003 : Constraints initiated successfully.
TMR-3501 : Forward propagation: start to calculate arrival time...
TMR-3502 : Backward propagation: start to calculate required time...
TMR-3503 : Timing propagation completes.
PHY-1001 : Start global routing, caller is route ...
RUN-1001 : Generating global routing grids ...
PHY-1001 : Generate routing nets ...
PHY-1001 : Global iterations in 8 thread ...
PHY-1002 : len = 76880, over cnt = 315(2%), over = 450, worst = 5
PHY-1002 : len = 78328, over cnt = 177(1%), over = 263, worst = 5
PHY-1002 : len = 80792, over cnt = 45(0%), over = 72, worst = 5
PHY-1002 : len = 81744, over cnt = 0(0%), over = 0, worst = 0
PHY-1001 : End global iterations;  0.255436s wall, 0.250000s user + 0.000000s system = 0.250000s CPU (97.9%)

PHY-1001 : Congestion index: top1 = 38.89, top5 = 34.58, top10 = 32.18, top15 = 30.53.
PHY-1001 : End global routing;  0.292525s wall, 0.281250s user + 0.000000s system = 0.281250s CPU (96.1%)

PHY-1001 : Start detail routing ...
PHY-1001 : Current memory(MB): used = 183, reserve = 156, peak = 183.
PHY-1001 : Detailed router is running in normal mode.
PHY-1001 : Generate detailed routing grids ...
PHY-1001 : Generate nets ...
PHY-1001 : net I_clk_25m_dup_1 will be routed on clock mesh
PHY-5010 WARNING: Net u_ahb_pwm/I_ahb_hsize[2] is skipped due to 0 input or output
PHY-5010 WARNING: Net u_ahb_pwm/I_ahb_hsize[1] is skipped due to 0 input or output
PHY-5010 WARNING: Net u_ahb_pwm/I_ahb_hsize[0] is skipped due to 0 input or output
PHY-1001 : clock net u_ahb_pwm/I_ahb_clk will be merged with clock u_pll/clk0_buf
PHY-5010 WARNING: Net u_ahb_pwm/I_ahb_hsize[2] is skipped due to 0 input or output
PHY-5010 WARNING: Net u_ahb_pwm/I_ahb_hsize[1] is skipped due to 0 input or output
PHY-5010 WARNING: Net u_ahb_pwm/I_ahb_hsize[0] is skipped due to 0 input or output
PHY-1001 : Current memory(MB): used = 272, reserve = 246, peak = 272.
PHY-1001 : End build detailed router design. 1.381907s wall, 1.390625s user + 0.000000s system = 1.390625s CPU (100.6%)

PHY-1001 : Detail Route ...
PHY-1001 : ===== Detail Route Phase 1 =====
PHY-1001 : Clock net routing.....
PHY-1001 : Routed 0% nets.
PHY-1022 : len = 18160, over cnt = 0(0%), over = 0, worst = 0, crit = 0
PHY-1001 : End initial clock net routed; 0.108299s wall, 0.093750s user + 0.000000s system = 0.093750s CPU (86.6%)

PHY-1001 : Current memory(MB): used = 284, reserve = 258, peak = 284.
PHY-1001 : End phase 1; 0.110269s wall, 0.109375s user + 0.000000s system = 0.109375s CPU (99.2%)

PHY-1001 : ===== Detail Route Phase 2 =====
PHY-1001 : Initial routing.....
PHY-1001 : Routed 23% nets.
PHY-1001 : Routed 31% nets.
PHY-1001 : Routed 35% nets.
PHY-1001 : Routed 39% nets.
PHY-1001 : Routed 45% nets.
PHY-1001 : Patch 1156 net; 1.793515s wall, 1.796875s user + 0.000000s system = 1.796875s CPU (100.2%)

PHY-1022 : len = 149240, over cnt = 461(0%), over = 465, worst = 2, crit = 0
PHY-1001 : Current memory(MB): used = 285, reserve = 260, peak = 285.
PHY-1001 : End initial routed; 1.937548s wall, 1.968750s user + 0.000000s system = 1.968750s CPU (101.6%)

PHY-1001 : Update timing.....
PHY-1001 : 0/2151(0%) critical/total net(s).
RUN-1001 : ------------------------------------------
RUN-1001 :   Type   |    WNS(ns)    |  TNS(ns)  |  FEP  
RUN-1001 : ------------------------------------------
RUN-1001 :   Setup  |  2147483.647  |   0.000   |   0   
RUN-1001 :   Hold   |  2147483.647  |   0.000   |   0   
RUN-1001 : ------------------------------------------
PHY-1001 : End update timing; 0.345175s wall, 0.343750s user + 0.000000s system = 0.343750s CPU (99.6%)

PHY-1001 : Current memory(MB): used = 289, reserve = 263, peak = 289.
PHY-1001 : End phase 2; 2.282778s wall, 2.312500s user + 0.000000s system = 2.312500s CPU (101.3%)

PHY-1001 : ===== Detail Route Phase 3 =====
PHY-1001 : Optimize timing.....
PHY-1022 : len = 149240, over cnt = 461(0%), over = 465, worst = 2, crit = 0
PHY-1001 : End optimize timing; 0.005671s wall, 0.000000s user + 0.000000s system = 0.000000s CPU (n/a%)

PHY-1001 : Ripup-reroute.....
PHY-1001 : ===== DR Iter 1 =====
PHY-1022 : len = 148824, over cnt = 96(0%), over = 96, worst = 1, crit = 0
PHY-1001 : End DR Iter 1; 0.655973s wall, 0.656250s user + 0.000000s system = 0.656250s CPU (100.0%)

PHY-1001 : ===== DR Iter 2 =====
PHY-1022 : len = 149392, over cnt = 11(0%), over = 11, worst = 1, crit = 0
PHY-1001 : End DR Iter 2; 0.249644s wall, 0.250000s user + 0.000000s system = 0.250000s CPU (100.1%)

PHY-1001 : ===== DR Iter 3 =====
PHY-1022 : len = 149512, over cnt = 2(0%), over = 2, worst = 1, crit = 0
PHY-1001 : End DR Iter 3; 0.048902s wall, 0.046875s user + 0.000000s system = 0.046875s CPU (95.9%)

PHY-1001 : ===== DR Iter 4 =====
PHY-1022 : len = 149552, over cnt = 0(0%), over = 0, worst = 0, crit = 0
PHY-1001 : End DR Iter 4; 0.025134s wall, 0.031250s user + 0.000000s system = 0.031250s CPU (124.3%)

PHY-1001 : Update timing.....
PHY-1001 : 0/2151(0%) critical/total net(s).
RUN-1001 : ------------------------------------------
RUN-1001 :   Type   |    WNS(ns)    |  TNS(ns)  |  FEP  
RUN-1001 : ------------------------------------------
RUN-1001 :   Setup  |  2147483.647  |   0.000   |   0   
RUN-1001 :   Hold   |  2147483.647  |   0.000   |   0   
RUN-1001 : ------------------------------------------
PHY-1001 : End update timing; 0.349380s wall, 0.328125s user + 0.000000s system = 0.328125s CPU (93.9%)

PHY-1001 : Commit to database.....
PHY-5014 WARNING: Detail route doesn't find pib for u_pll/pll_inst.ssc_en[0]
PHY-5014 WARNING: Detail route doesn't find pib for u_pll/pll_inst.frac_offset_valid[0]
PHY-5014 WARNING: Detail route doesn't find pib for u_pll/pll_inst.dsm_rst[0]
PHY-5014 WARNING: Detail route doesn't find pib for u_pll/pll_inst.dsm_refclk[0]
PHY-1001 : 229 feed throughs used by 98 nets
PHY-1001 : End commit to database; 0.269476s wall, 0.281250s user + 0.000000s system = 0.281250s CPU (104.4%)

PHY-1001 : Current memory(MB): used = 305, reserve = 280, peak = 305.
PHY-1001 : End phase 3; 1.637917s wall, 1.625000s user + 0.000000s system = 1.625000s CPU (99.2%)

PHY-1003 : Routed, final wirelength = 149552
PHY-1001 : Current memory(MB): used = 305, reserve = 281, peak = 305.
PHY-1001 : End export database. 0.007065s wall, 0.000000s user + 0.000000s system = 0.000000s CPU (n/a%)

PHY-1001 : End detail routing;  5.498412s wall, 5.515625s user + 0.000000s system = 5.515625s CPU (100.3%)

RUN-1003 : finish command "route" in  6.110332s wall, 6.125000s user + 0.000000s system = 6.125000s CPU (100.2%)

RUN-1004 : used memory is 275 MB, reserved memory is 251 MB, peak memory is 305 MB
RUN-1002 : start command "report_area -io_info -file pwm_demo_phy.area"
RUN-1001 : standard
***Report Model: SF1_SOC Device: SF1S60CG121I***

IO Statistics
#IO                        19
  #input                    6
  #output                  13
  #inout                    0

Utilization Statistics
#lut                      877   out of   5824   15.06%
#reg                     1141   out of   5824   19.59%
#le                      1204
  #lut only                63   out of   1204    5.23%
  #reg only               327   out of   1204   27.16%
  #lut&reg                814   out of   1204   67.61%
#dsp                        0   out of     10    0.00%
#bram                       7   out of     26   26.92%
  #bram9k                   7
  #fifo9k                   0
#hard-ip                    1
  #mcu                      1   out of      1  100.00%
  #dsc                      0   out of      1    0.00%
  #dsi                      0   out of      2    0.00%
  #psram controller         0   out of      2    0.00%
#pad                       19   out of     55   34.55%
  #ireg                     0
  #oreg                     0
  #treg                     0
#pll                        1   out of      2   50.00%
#gclk                       3   out of     16   18.75%

Clock Resource Statistics
Index     ClockNet           Type               DriverType         Driver                  Fanout
#1        u_pll/clk0_buf     GCLK               pll                u_pll/pll_inst.clkc0    755
#2        I_clk_25m_dup_1    GCLK               io                 I_clk_25m_syn_2.di      1


Detailed IO Report

     Name       Direction    Location    IOStandard    DriveStrength    PullType    PackReg  
  I_clk_25m       INPUT         D7        LVCMOS18          N/A          PULLUP      NONE    
  I_jtag_tck      INPUT         C7        LVCMOS18          N/A          PULLUP      NONE    
  I_jtag_tdi      INPUT         D5        LVCMOS18          N/A          PULLUP      NONE    
  I_jtag_tms      INPUT         D6        LVCMOS18          N/A          PULLUP      NONE    
   I_rst_n        INPUT         J2        LVCMOS18          N/A          PULLUP      NONE    
  I_uart_rx       INPUT         E4        LVCMOS18          N/A          PULLUP      NONE    
  O_jtag_tdo     OUTPUT         C6        LVCMOS18           8            NONE       NONE    
    O_led0       OUTPUT         J5        LVCMOS18           8            NONE       NONE    
    O_led1       OUTPUT         H5        LVCMOS18           8            NONE       NONE    
    O_led2       OUTPUT         G4        LVCMOS18           8            NONE       NONE    
  O_uart_tx      OUTPUT         A4        LVCMOS18           8            NONE       NONE    

Report Hierarchy Area:
+-----------------------------------------------------------------------------+
|Instance    |Module     |le     |lut     |ripple  |seq     |bram    |dsp     |
+-----------------------------------------------------------------------------+
|top         |SF1_SOC    |1204   |877     |0       |1141    |7       |0       |
|  u_SF1_MCU |SF1_MCU    |0      |0       |0       |0       |0       |0       |
|  u_ahb_pwm |ahb_pwm    |1204   |877     |0       |1141    |7       |0       |
|    uut     |rom_weight |0      |0       |0       |0       |7       |0       |
|  u_pll     |pll        |0      |0       |0       |0       |0       |0       |
+-----------------------------------------------------------------------------+


DataNet Average Fanout:

   Index     Fanout     Nets  
    #1          1       1971  
    #2          2        75   
    #3          3        3    
    #4          4        9    
    #5        5-10       8    
    #6        11-50      78   
    #7       51-100      1    
    #8       101-500     2    
    #9        >500       2    
  Average     2.87            

RUN-1002 : start command "export_db pwm_demo_pr.db"
RUN-1001 : Exported /
RUN-1001 : Exported flow parameters
RUN-1001 : Exported libs
RUN-1001 : Exported entities
RUN-1001 : Exported ports
RUN-1001 : Exported pins
RUN-1001 : Exported instances
RUN-1001 : Exported nets
RUN-1001 : Exported buses
RUN-1001 : Exported models
RUN-1001 : Exported congestions
RUN-1001 : Exported violations
RUN-1001 : Exported timing constraints
RUN-1001 : Exported IO constraints
RUN-1001 : Exported Inst constraints
RUN-1002 : start command "export_bid pwm_demo_inst.bid"
RUN-1002 : start command "bitgen -bit pwm_demo.bit"
BIT-1003 : Start to generate bitstream. 
BIT-1002 : Init instances with 8 threads.
BIT-1002 : Init instances completely, inst num: 796
BIT-1002 : Init pips with 8 threads.
BIT-1002 : Init pips completely, net num: 2167, pip num: 18972
BIT-1002 : Init feedthrough with 8 threads.
BIT-1002 : Init feedthrough completely, num: 229
BIT-1003 : Multithreading accelaration with 8 threads.
BIT-1003 : Generate bitstream completely, there are 631 valid insts, and 48456 bits set as '1'.
BIT-1004 : the usercode register value: 00000000111111000000000000000000
BIT-1004 : Generate bits file pwm_demo.bit.
RUN-1003 : finish command "bitgen -bit pwm_demo.bit" in  1.974613s wall, 10.515625s user + 0.078125s system = 10.593750s CPU (536.5%)

RUN-1004 : used memory is 273 MB, reserved memory is 249 MB, peak memory is 433 MB
RUN-1002 : start command "backup_run_log run.log ../.logs/phy_1/td_20231112_112159.log"
