============================================================
   Tang Dynasty, V5.6.59063
   Copyright (c) 2012-2022 Anlogic
   Executable = D:/XILINX_EXE/TD_5.6/bin/td.exe
   Built at =   12:45:13 Sep  6 2022
   Run by =     13456
   Run Date =   Sun Nov 12 19:11:54 2023

   Run on =     DESKTOP-1HJPLU7
============================================================
RUN-1002 : start command "open_project pwm_demo.prj"
RUN-1001 : Print Global Property
RUN-1001 : ---------------------------------------------------------------
RUN-1001 :        Parameters        |  Settings  |  Default Values  |  Note  
RUN-1001 : ---------------------------------------------------------------
RUN-1001 :          message         |  standard  |     standard     |        
RUN-1001 :   mixed_pack_place_flow  |     on     |        on        |        
RUN-1001 :        qor_monitor       |    off     |       off        |        
RUN-1001 :        syn_ip_flow       |    off     |       off        |        
RUN-1001 :          thread          |    auto    |       auto       |        
RUN-1001 : ---------------------------------------------------------------
RUN-1001 : Print Design Property
RUN-1001 : --------------------------------------------------------------
RUN-1001 :        Parameters       |  Settings  |  Default Values  |  Note  
RUN-1001 : --------------------------------------------------------------
RUN-1001 :   default_reg_initial   |    auto    |       auto       |        
RUN-1001 :        infer_add        |     on     |        on        |        
RUN-1001 :        infer_fsm        |    off     |       off        |        
RUN-1001 :        infer_mult       |     on     |        on        |        
RUN-1001 :        infer_ram        |     on     |        on        |        
RUN-1001 :        infer_reg        |     on     |        on        |        
RUN-1001 :   infer_reg_init_value  |     on     |        on        |        
RUN-1001 :        infer_rom        |     on     |        on        |        
RUN-1001 :      infer_shifter      |     on     |        on        |        
RUN-1001 : --------------------------------------------------------------
RUN-1001 : Print Rtl Property
RUN-1001 : --------------------------------------------------------------
RUN-1001 :        Parameters       |  Settings  |  Default Values  |  Note  
RUN-1001 : --------------------------------------------------------------
RUN-1001 :       compress_add      |   ripple   |      ripple      |        
RUN-1001 :        elf_sload        |    off     |       off        |        
RUN-1001 :       fix_undriven      |     0      |        0         |        
RUN-1001 :         flatten         |    off     |       off        |        
RUN-1001 :       gate_sharing      |     on     |        on        |        
RUN-1001 :    hdl_warning_level    |   normal   |      normal      |        
RUN-1001 :   impl_internal_tribuf  |     on     |        on        |        
RUN-1001 :      impl_set_reset     |     on     |        on        |        
RUN-1001 :        infer_gsr        |    off     |       off        |        
RUN-1001 :      keep_hierarchy     |    auto    |       auto       |        
RUN-1001 :        max_fanout       |    9999    |       9999       |        
RUN-1001 :      max_oh2bin_len     |     10     |        10        |        
RUN-1001 :       merge_equal       |     on     |        on        |        
RUN-1001 :       merge_equiv       |     on     |        on        |        
RUN-1001 :        merge_mux        |    off     |       off        |        
RUN-1001 :     min_control_set     |     8      |        8         |        
RUN-1001 :      min_ripple_len     |    auto    |       auto       |        
RUN-1001 :       oh2bin_ratio      |    0.08    |       0.08       |        
RUN-1001 :     opt_adder_fanout    |     on     |        on        |        
RUN-1001 :        opt_arith        |     on     |        on        |        
RUN-1001 :       opt_big_gate      |    off     |       off        |        
RUN-1001 :        opt_const        |     on     |        on        |        
RUN-1001 :      opt_const_mult     |     on     |        on        |        
RUN-1001 :       opt_lessthan      |     on     |        on        |        
RUN-1001 :         opt_mux         |    off     |       off        |        
RUN-1001 :         opt_ram         |    high    |       high       |        
RUN-1001 :      rtl_sim_model      |    off     |       off        |        
RUN-1001 :         seq_syn         |     on     |        on        |        
RUN-1001 : --------------------------------------------------------------
HDL-1007 : analyze verilog file ../../al_ip/SF1_MCU.v
HDL-1007 : analyze verilog file ../../al_ip/pll.v
HDL-1007 : undeclared symbol 'open', assumed default net type 'wire' in ../../al_ip/pll.v(98)
HDL-1007 : analyze verilog file ../../al_ip/rom_weight.v
HDL-1007 : analyze verilog file ../../SF1_SOC.v
HDL-1007 : analyze verilog file ../../ahb_pwm.v
HDL-5007 WARNING: identifier 'weight' is used before its declaration in ../../ahb_pwm.v(874)
HDL-5007 WARNING: identifier 'c' is used before its declaration in ../../ahb_pwm.v(875)
HDL-1007 : analyze verilog file ../../gpio_controler.v
HDL-1007 : analyze verilog file ../../vga_show.v
RUN-1001 : Project manager successfully analyzed 7 source files.
RUN-1002 : start command "import_device sf1_6.db -package SF1S60CG121I"
ARC-1001 : Device Initialization.
ARC-1001 : -------------------------------------------------
ARC-1001 :       OPTION       |      IO       |   SETTING   
ARC-1001 : -------------------------------------------------
ARC-1001 :        done        |      B4       |    gpio    
ARC-1001 :        initn       |      A5       |    gpio    
ARC-1001 :       jtagen       |      B7       |    gpio    
ARC-1001 :      programn      |      B5       |  dedicate  
ARC-1001 :   tdi/tms/tck/tdo  |  C4/A6/A7/C5  |  dedicate  
ARC-1001 : -------------------------------------------------
ARC-1004 : Device setting, marked 5 dedicate IOs in total.
RUN-1002 : start command "import_db ../syn_1/pwm_demo_gate.db"
RUN-1001 : Importing database generated by Tang Dynasty, V5.6.59063.
RUN-1001 : Database version number 46140.
RUN-1001 : Import flow parameters
RUN-1001 : Import timing constraints
RUN-1001 : Import IO constraints
RUN-1001 : Import Inst constraints
RUN-1001 : Import design success TD_VERSION=5.6.59063 , DB_VERSION=46140
RUN-1002 : start command "read_sdc"
USR-1002 : read_sdc file_name -help -h -eco
USR-1009 : NO module with IP_SDC ...
RUN-1104 : Import SDC file  finished, there are 0 nets kept by constraints.
RUN-1002 : start command "place"
RUN-1001 : Open license file D:/XILINX_EXE/TD_5.6/license/Anlogic.lic
RUN-1001 : Print Global Property
RUN-1001 : ---------------------------------------------------------------
RUN-1001 :        Parameters        |  Settings  |  Default Values  |  Note  
RUN-1001 : ---------------------------------------------------------------
RUN-1001 :          message         |  standard  |     standard     |        
RUN-1001 :   mixed_pack_place_flow  |     on     |        on        |        
RUN-1001 :        qor_monitor       |    off     |       off        |        
RUN-1001 :        syn_ip_flow       |    off     |       off        |        
RUN-1001 :          thread          |    auto    |       auto       |        
RUN-1001 : ---------------------------------------------------------------
RUN-1001 : Print Place Property
RUN-1001 : --------------------------------------------------------------
RUN-1001 :        Parameters       |  Settings  |  Default Values  |  Note  
RUN-1001 : --------------------------------------------------------------
RUN-1001 :      detailed_place     |     on     |        on        |        
RUN-1001 :          effort         |   medium   |      medium      |        
RUN-1001 :         fix_hold        |    off     |       off        |        
RUN-1001 :       legalization      |    ori     |       ori        |        
RUN-1001 :      new_spreading      |     on     |        on        |        
RUN-1001 :        opt_timing       |   medium   |      medium      |        
RUN-1001 :   post_clock_route_opt  |    off     |       off        |        
RUN-1001 :       pr_strategy       |     1      |        1         |        
RUN-1001 :        relaxation       |    1.00    |       1.00       |        
RUN-1001 :         retiming        |    off     |       off        |        
RUN-1001 : --------------------------------------------------------------
PHY-3001 : Placer runs in 8 thread(s).
RUN-1002 : start command "legalize_phy_inst"
SYN-1011 : Flatten model SF1_SOC
RUN-1002 : start command "phys_opt -simplify_lut"
SYN-4016 : Net u_ahb_pwm/I_ahb_clk driven by BUFG (587 clock/control pins, 1 other pins).
SYN-4027 : Net vga_show_inst/vga_clk is clkc1 of pll u_pll/pll_inst.
SYN-4019 : Net I_clk_25m_dup_1 is refclk of pll u_pll/pll_inst.
SYN-4020 : Net I_clk_25m_dup_1 is fbclk of pll u_pll/pll_inst.
SYN-4025 : Tag rtl::Net I_clk_25m_dup_1 as clock net
SYN-4025 : Tag rtl::Net u_ahb_pwm/I_ahb_clk as clock net
SYN-4025 : Tag rtl::Net vga_show_inst/vga_clk as clock net
SYN-4026 : Tagged 3 rtl::Net as clock net
PHY-1001 : Populate physical database on model SF1_SOC.
RUN-1001 : There are total 1130 instances
RUN-0007 : 466 luts, 607 seqs, 6 mslices, 7 lslices, 35 pads, 1 brams, 2 dsps
RUN-1001 : There are total 1263 nets
RUN-6004 WARNING: There are 3 nets with only 1 pin.
RUN-1001 : 1081 nets have 2 pins
RUN-1001 : 91 nets have [3 - 5] pins
RUN-1001 : 19 nets have [6 - 10] pins
RUN-1001 : 39 nets have [11 - 20] pins
RUN-1001 : 25 nets have [21 - 99] pins
RUN-1001 : 5 nets have 100+ pins
RUN-1001 : Report Control nets information:
RUN-1001 : DFF Distribution
RUN-1001 : ----------------------------------
RUN-1001 :   CE   |  SSR  |  ASR  |  DFF Count  
RUN-1001 : ----------------------------------
RUN-1001 :   No   |  No   |  No   |     27      
RUN-1001 :   No   |  No   |  Yes  |     35      
RUN-1001 :   No   |  Yes  |  No   |      0      
RUN-1001 :   Yes  |  No   |  No   |      0      
RUN-1001 :   Yes  |  No   |  Yes  |     545     
RUN-1001 :   Yes  |  Yes  |  No   |      0      
RUN-1001 : ----------------------------------
RUN-0007 : Control Group Statistic
RUN-0007 : ---------------------------
RUN-0007 :   #CLK  |  #CE  |  #SSR/ASR  
RUN-0007 : ---------------------------
RUN-0007 :    2    |  20   |     2      
RUN-0007 : ---------------------------
RUN-0007 : Control Set = 22
PHY-3001 : Initial placement ...
PHY-3001 : design contains 1128 instances, 466 luts, 607 seqs, 13 slices, 3 macros(13 instances: 6 mslices 7 lslices)
PHY-0007 : Cell area utilization is 10%
PHY-3001 : Start timing update ...
RUN-1002 : start command "start_timer -report"
TMR-2505 : Start building timing graph for model SF1_SOC.
TMR-2506 : Build timing graph completely. Port num: 16, tpin num: 5669, tnet num: 1261, tinst num: 1128, tnode num: 8022, tedge num: 9303.
TMR-2508 : Levelizing timing graph completed, there are 23 levels in total.
TMR-2501 : Timing graph initialized successfully.
TMR-2503 : Start to update net delay, extr mode = 2.
TMR-2504 : Update delay of 1261 nets completely.
TMR-2502 : Annotate delay completely, extr mode = 2.
TMR-3001 : Initiate 0 clocks from SDC.
TMR-3004 : Map sdc constraints, there are 0 constraints in total.
TMR-3003 : Constraints initiated successfully.
TMR-3501 : Forward propagation: start to calculate arrival time...
TMR-3502 : Backward propagation: start to calculate required time...
TMR-3503 : Timing propagation completes.
PHY-3001 : End timing update;  0.231512s wall, 0.218750s user + 0.000000s system = 0.218750s CPU (94.5%)

PHY-3001 : Global placement ...
PHY-3001 : Initial: Len = 170882
PHY-3001 : Run with size of 3
PHY-3001 : Cell area utilization is 10%
PHY-3001 : :::0::: Try harder cell spreading with beta_ = 0
PHY-3002 : Step(1): len = 131269, overlap = 6.25
PHY-3002 : Step(2): len = 117049, overlap = 6.25
PHY-3002 : Step(3): len = 79253.2, overlap = 6.25
PHY-3002 : Step(4): len = 77714.4, overlap = 4
PHY-3002 : Step(5): len = 61015.9, overlap = 6.25
PHY-3002 : Step(6): len = 56995.4, overlap = 6.25
PHY-3002 : Step(7): len = 53029, overlap = 4.25
PHY-3002 : Step(8): len = 50205.5, overlap = 6.25
PHY-3002 : Step(9): len = 46589.6, overlap = 5.125
PHY-3002 : Step(10): len = 42343.6, overlap = 5.5625
PHY-3002 : Step(11): len = 39476.3, overlap = 7.1875
PHY-3002 : Step(12): len = 37577.8, overlap = 11
PHY-3002 : Step(13): len = 35708.3, overlap = 12
PHY-3001 : :::1::: Try harder cell spreading with beta_ = 0.000123467
PHY-3002 : Step(14): len = 35687.3, overlap = 11.7812
PHY-3002 : Step(15): len = 35758.1, overlap = 13.6875
PHY-3002 : Step(16): len = 35448.4, overlap = 9.4375
PHY-3002 : Step(17): len = 35438, overlap = 9.4375
PHY-3002 : Step(18): len = 35379.8, overlap = 9.3125
PHY-3001 : :::2::: Try harder cell spreading with beta_ = 0.000246933
PHY-3002 : Step(19): len = 35293.4, overlap = 7.1875
PHY-3002 : Step(20): len = 35501.4, overlap = 8.84375
PHY-3002 : Step(21): len = 35647.3, overlap = 10.5312
PHY-3001 : Legalization ...
PHY-3001 : End legalization;  0.004264s wall, 0.000000s user + 0.046875s system = 0.046875s CPU (1099.2%)

PHY-3001 : Run with size of 3
PHY-3001 : Cell area utilization is 13%
PHY-3001 : Update timing in Manhattan mode ...
TMR-2503 : Start to update net delay, extr mode = 3.
TMR-2504 : Update delay of 1261 nets completely.
TMR-2502 : Annotate delay completely, extr mode = 3.
TMR-3501 : Forward propagation: start to calculate arrival time...
TMR-3502 : Backward propagation: start to calculate required time...
TMR-3503 : Timing propagation completes.
PHY-3001 : End timing update;  0.023477s wall, 0.015625s user + 0.000000s system = 0.015625s CPU (66.6%)

PHY-3001 : :::0::: Try harder cell spreading with beta_ = 3.16818e-06
PHY-3002 : Step(22): len = 33921.7, overlap = 25.75
PHY-3002 : Step(23): len = 34399, overlap = 26.0625
PHY-3002 : Step(24): len = 32340.4, overlap = 29.3438
PHY-3002 : Step(25): len = 31894.3, overlap = 33.9375
PHY-3002 : Step(26): len = 30727.2, overlap = 42.125
PHY-3002 : Step(27): len = 31073, overlap = 44.9062
PHY-3002 : Step(28): len = 29599.7, overlap = 46.9062
PHY-3002 : Step(29): len = 29791.5, overlap = 45.3438
PHY-3002 : Step(30): len = 30309.7, overlap = 46.125
PHY-3002 : Step(31): len = 28557.1, overlap = 48.5312
PHY-3002 : Step(32): len = 28637.3, overlap = 48.8438
PHY-3002 : Step(33): len = 28963.1, overlap = 49.7188
PHY-3002 : Step(34): len = 28010.3, overlap = 48.6875
PHY-3002 : Step(35): len = 26837.8, overlap = 50.2812
PHY-3002 : Step(36): len = 26999.6, overlap = 50.25
PHY-3002 : Step(37): len = 27442.8, overlap = 48.9688
PHY-3002 : Step(38): len = 27943.8, overlap = 45.1562
PHY-3002 : Step(39): len = 27930.1, overlap = 44.6875
PHY-3002 : Step(40): len = 27204.6, overlap = 42.1875
PHY-3002 : Step(41): len = 27041, overlap = 41.5625
PHY-3002 : Step(42): len = 26422.8, overlap = 41.625
PHY-3002 : Step(43): len = 26076.8, overlap = 42.0625
PHY-3002 : Step(44): len = 26251, overlap = 41.3438
PHY-3002 : Step(45): len = 25980.1, overlap = 40.8125
PHY-3002 : Step(46): len = 25884.7, overlap = 40.2188
PHY-3002 : Step(47): len = 25932.2, overlap = 40.25
PHY-3001 : :::1::: Try harder cell spreading with beta_ = 6.33637e-06
PHY-3002 : Step(48): len = 24978.7, overlap = 40.625
PHY-3002 : Step(49): len = 24978.7, overlap = 40.625
PHY-3002 : Step(50): len = 24928.2, overlap = 40.4375
PHY-3001 : :::2::: Try harder cell spreading with beta_ = 1.02522e-05
PHY-3002 : Step(51): len = 24865.2, overlap = 40.125
PHY-3002 : Step(52): len = 24907.1, overlap = 39.6562
PHY-3002 : Step(53): len = 25147.4, overlap = 30.75
PHY-3002 : Step(54): len = 25180.9, overlap = 29.9375
PHY-3002 : Step(55): len = 25039.2, overlap = 29.8438
PHY-3001 : :::3::: Try harder cell spreading with beta_ = 2.05045e-05
PHY-3002 : Step(56): len = 25484.9, overlap = 27.2812
PHY-3002 : Step(57): len = 25697.6, overlap = 26.7812
PHY-3002 : Step(58): len = 25548, overlap = 24.875
PHY-3002 : Step(59): len = 25383.7, overlap = 24.8125
PHY-3002 : Step(60): len = 25383.7, overlap = 24.8125
PHY-3001 : Run with size of 1
PHY-3001 : Cell area utilization is 13%
PHY-3001 : Update timing in Manhattan mode ...
TMR-2503 : Start to update net delay, extr mode = 3.
TMR-2504 : Update delay of 1261 nets completely.
TMR-2502 : Annotate delay completely, extr mode = 3.
TMR-3501 : Forward propagation: start to calculate arrival time...
TMR-3502 : Backward propagation: start to calculate required time...
TMR-3503 : Timing propagation completes.
PHY-3001 : End timing update;  0.026604s wall, 0.031250s user + 0.000000s system = 0.031250s CPU (117.5%)

PHY-3001 : :::0::: Try harder cell spreading with beta_ = 1.25119e-05
PHY-3002 : Step(61): len = 25908.7, overlap = 44.5938
PHY-3002 : Step(62): len = 26215.6, overlap = 42.9375
PHY-3002 : Step(63): len = 25986.4, overlap = 39.75
PHY-3002 : Step(64): len = 25880.6, overlap = 38.375
PHY-3002 : Step(65): len = 25482.4, overlap = 37.9062
PHY-3002 : Step(66): len = 25482.4, overlap = 37.9062
PHY-3002 : Step(67): len = 25361.6, overlap = 38.1562
PHY-3001 : :::1::: Try harder cell spreading with beta_ = 2.50239e-05
PHY-3002 : Step(68): len = 25436.9, overlap = 36.3125
PHY-3002 : Step(69): len = 25482, overlap = 35.625
PHY-3001 : :::2::: Try harder cell spreading with beta_ = 4.60791e-05
PHY-3002 : Step(70): len = 25417.9, overlap = 34.4062
PHY-3002 : Step(71): len = 25660.7, overlap = 31.9375
PHY-3002 : Step(72): len = 25891.2, overlap = 30.0938
PHY-3002 : Step(73): len = 25834.3, overlap = 29.4062
PHY-3002 : Step(74): len = 25701, overlap = 29.0312
PHY-3001 : :::3::: Try harder cell spreading with beta_ = 9.21582e-05
PHY-3002 : Step(75): len = 25787.1, overlap = 29.625
PHY-3002 : Step(76): len = 25822.7, overlap = 29.4688
PHY-3001 : :::4::: Try harder cell spreading with beta_ = 0.000154808
PHY-3002 : Step(77): len = 26021.8, overlap = 26.5312
PHY-3002 : Step(78): len = 26193.4, overlap = 26.125
PHY-3002 : Step(79): len = 26291.9, overlap = 25.0938
PHY-3001 : :::5::: Try harder cell spreading with beta_ = 0.000309616
PHY-3002 : Step(80): len = 26454.1, overlap = 23.9062
PHY-3002 : Step(81): len = 26454.1, overlap = 23.9062
PHY-3002 : Step(82): len = 26406.7, overlap = 22.8438
PHY-3001 : :::6::: Try harder cell spreading with beta_ = 0.000500958
PHY-3002 : Step(83): len = 26663.5, overlap = 22.3125
PHY-3002 : Step(84): len = 26753.4, overlap = 22.25
PHY-3001 : :::7::: Try harder cell spreading with beta_ = 0.00081055
PHY-3002 : Step(85): len = 26821, overlap = 22.125
PHY-3002 : Step(86): len = 26880.2, overlap = 22.2188
PHY-3002 : Step(87): len = 27086.2, overlap = 22.1562
OPT-1001 : Start physical optimization ...
RUN-1002 : start command "start_timer -report"
TMR-2505 : Start building timing graph for model SF1_SOC.
TMR-2506 : Build timing graph completely. Port num: 16, tpin num: 5669, tnet num: 1261, tinst num: 1128, tnode num: 8022, tedge num: 9303.
TMR-2508 : Levelizing timing graph completed, there are 23 levels in total.
TMR-2501 : Timing graph initialized successfully.
OPT-1001 : Total overflow 22.16 peak overflow 1.34
OPT-1001 : Start high-fanout net optimization ...
OPT-1001 : Update timing in global mode
PHY-1001 : Start incremental global routing, caller is place ...
RUN-1001 : Generating global routing grids ...
RUN-1001 : Building simple global routing graph ...
PHY-1001 : Generate routing nets ...
PHY-1001 : Reuse net number 0/1263.
PHY-1001 : Global iterations in 8 thread ...
PHY-1002 : len = 34400, over cnt = 168(1%), over = 558, worst = 17
PHY-1001 : End global iterations;  0.063279s wall, 0.062500s user + 0.015625s system = 0.078125s CPU (123.5%)

PHY-1001 : Congestion index: top1 = 41.74, top5 = 33.49, top10 = 28.31, top15 = 23.66.
PHY-1001 : End incremental global routing;  0.084820s wall, 0.078125s user + 0.015625s system = 0.093750s CPU (110.5%)

TMR-2503 : Start to update net delay, extr mode = 5.
TMR-2504 : Update delay of 1261 nets completely.
TMR-2502 : Annotate delay completely, extr mode = 5.
TMR-3001 : Initiate 0 clocks from SDC.
TMR-3004 : Map sdc constraints, there are 0 constraints in total.
TMR-3003 : Constraints initiated successfully.
TMR-3501 : Forward propagation: start to calculate arrival time...
TMR-3502 : Backward propagation: start to calculate required time...
TMR-3503 : Timing propagation completes.
OPT-1001 : End timing update;  0.031219s wall, 0.031250s user + 0.000000s system = 0.031250s CPU (100.1%)

OPT-1001 : 0 high-fanout net processed.
OPT-1001 : End high-fanout net optimization;  0.133404s wall, 0.125000s user + 0.015625s system = 0.140625s CPU (105.4%)

OPT-1001 : Current memory(MB): used = 150, reserve = 120, peak = 150.
OPT-1001 : Start global optimization ...
OPT-1001 : Start congestion update ...
RUN-1001 : Generating global routing grids ...
PHY-1001 : Generate routing nets ...
PHY-1001 : Reuse net number 796/1263.
PHY-1001 : Global iterations in 8 thread ...
PHY-1002 : len = 34400, over cnt = 168(1%), over = 558, worst = 17
PHY-1002 : len = 38000, over cnt = 51(0%), over = 119, worst = 10
PHY-1002 : len = 38936, over cnt = 5(0%), over = 5, worst = 1
PHY-1002 : len = 38984, over cnt = 2(0%), over = 2, worst = 1
PHY-1002 : len = 39048, over cnt = 0(0%), over = 0, worst = 0
PHY-1001 : End global iterations;  0.077546s wall, 0.078125s user + 0.000000s system = 0.078125s CPU (100.7%)

PHY-1001 : Congestion index: top1 = 39.72, top5 = 32.79, top10 = 28.67, top15 = 24.50.
OPT-1001 : End congestion update;  0.095665s wall, 0.093750s user + 0.000000s system = 0.093750s CPU (98.0%)

OPT-1001 : Update timing in Manhattan mode
TMR-2503 : Start to update net delay, extr mode = 3.
TMR-2504 : Update delay of 1261 nets completely.
TMR-2502 : Annotate delay completely, extr mode = 3.
TMR-3501 : Forward propagation: start to calculate arrival time...
TMR-3502 : Backward propagation: start to calculate required time...
TMR-3503 : Timing propagation completes.
OPT-1001 : End timing update;  0.023961s wall, 0.031250s user + 0.000000s system = 0.031250s CPU (130.4%)

OPT-0007 : Start: WNS 2147483647 TNS 0 NUM_FEPS 0
OPT-1001 : End global optimization;  0.119705s wall, 0.125000s user + 0.000000s system = 0.125000s CPU (104.4%)

OPT-1001 : Current memory(MB): used = 151, reserve = 122, peak = 151.
OPT-1001 : End physical optimization;  0.500161s wall, 0.546875s user + 0.031250s system = 0.578125s CPU (115.6%)

PHY-3001 : Start packing ...
SYN-4007 : Packing 0 MUX to BLE ...
SYN-4008 : Packed 0 MUX and 0 SEQ to BLE.
SYN-4007 : Packing 466 LUT to BLE ...
SYN-4008 : Packed 466 LUT and 53 SEQ to BLE.
SYN-4003 : Packing 554 remaining SEQ's ...
SYN-4005 : Packed 405 SEQ with LUT/SLICE
SYN-4006 : 12 single LUT's are left
SYN-4006 : 149 single SEQ's are left
SYN-4011 : Packing model "SF1_SOC" (AL_USER_NORMAL) with 615/742 primitive instances ...
PHY-3001 : End packing;  0.047888s wall, 0.046875s user + 0.000000s system = 0.046875s CPU (97.9%)

PHY-1001 : Populate physical database on model SF1_SOC.
RUN-1001 : There are total 406 instances
RUN-1001 : 181 mslices, 181 lslices, 35 pads, 1 brams, 2 dsps
RUN-1001 : There are total 1210 nets
RUN-6004 WARNING: There are 3 nets with only 1 pin.
RUN-1001 : 1024 nets have 2 pins
RUN-1001 : 95 nets have [3 - 5] pins
RUN-1001 : 19 nets have [6 - 10] pins
RUN-1001 : 53 nets have [11 - 20] pins
RUN-1001 : 11 nets have [21 - 99] pins
RUN-1001 : 5 nets have 100+ pins
PHY-3001 : design contains 404 instances, 362 slices, 3 macros(13 instances: 6 mslices 7 lslices)
PHY-3001 : Cell area utilization is 15%
PHY-3001 : After packing: Len = 28811.2, Over = 36.75
PHY-3001 : Run with size of 1
PHY-3001 : Cell area utilization is 15%
PHY-3001 : Update timing in Manhattan mode ...
RUN-1002 : start command "start_timer -report"
TMR-2505 : Start building timing graph for model SF1_SOC.
TMR-2506 : Build timing graph completely. Port num: 16, tpin num: 4828, tnet num: 1208, tinst num: 404, tnode num: 6430, tedge num: 7989.
TMR-2508 : Levelizing timing graph completed, there are 21 levels in total.
TMR-2501 : Timing graph initialized successfully.
TMR-2503 : Start to update net delay, extr mode = 3.
TMR-2504 : Update delay of 1208 nets completely.
TMR-2502 : Annotate delay completely, extr mode = 3.
TMR-3001 : Initiate 0 clocks from SDC.
TMR-3004 : Map sdc constraints, there are 0 constraints in total.
TMR-3003 : Constraints initiated successfully.
TMR-3501 : Forward propagation: start to calculate arrival time...
TMR-3502 : Backward propagation: start to calculate required time...
TMR-3503 : Timing propagation completes.
PHY-3001 : End timing update;  0.260306s wall, 0.265625s user + 0.000000s system = 0.265625s CPU (102.0%)

PHY-3001 : :::0::: Try harder cell spreading with beta_ = 2.83954e-05
PHY-3002 : Step(88): len = 27690.4, overlap = 36.75
PHY-3002 : Step(89): len = 27414.7, overlap = 38
PHY-3002 : Step(90): len = 27253.2, overlap = 37.5
PHY-3002 : Step(91): len = 26930.6, overlap = 40.25
PHY-3001 : :::1::: Try harder cell spreading with beta_ = 5.64689e-05
PHY-3002 : Step(92): len = 27380.1, overlap = 38
PHY-3002 : Step(93): len = 27638.4, overlap = 36.75
PHY-3002 : Step(94): len = 27553, overlap = 35.75
PHY-3001 : :::2::: Try harder cell spreading with beta_ = 0.000112938
PHY-3002 : Step(95): len = 28076.9, overlap = 32.75
PHY-3002 : Step(96): len = 28215.9, overlap = 33.5
PHY-3002 : Step(97): len = 28151.5, overlap = 32
PHY-3001 : Legalization ...
PHY-3001 : End legalization;  0.062055s wall, 0.046875s user + 0.125000s system = 0.171875s CPU (277.0%)

PHY-3001 : Trial Legalized: Len = 33805.2
PHY-3001 : Run with size of 1
PHY-3001 : Cell area utilization is 15%
PHY-3001 : Update timing in Manhattan mode ...
TMR-2503 : Start to update net delay, extr mode = 3.
TMR-2504 : Update delay of 1208 nets completely.
TMR-2502 : Annotate delay completely, extr mode = 3.
TMR-3501 : Forward propagation: start to calculate arrival time...
TMR-3502 : Backward propagation: start to calculate required time...
TMR-3503 : Timing propagation completes.
PHY-3001 : End timing update;  0.020327s wall, 0.015625s user + 0.015625s system = 0.031250s CPU (153.7%)

PHY-3001 : :::0::: Try harder cell spreading with beta_ = 0.00014454
PHY-3002 : Step(98): len = 30202.9, overlap = 18
PHY-3002 : Step(99): len = 29613.1, overlap = 19.75
PHY-3002 : Step(100): len = 29303.2, overlap = 23.75
PHY-3002 : Step(101): len = 29192.4, overlap = 25
PHY-3002 : Step(102): len = 29027.1, overlap = 25
PHY-3001 : :::1::: Try harder cell spreading with beta_ = 0.000286035
PHY-3002 : Step(103): len = 29221.3, overlap = 24
PHY-3002 : Step(104): len = 29404.7, overlap = 22.75
PHY-3001 : :::2::: Try harder cell spreading with beta_ = 0.000462805
PHY-3002 : Step(105): len = 29422.7, overlap = 23.5
PHY-3002 : Step(106): len = 29606.3, overlap = 23.5
PHY-3002 : Step(107): len = 29794.9, overlap = 24
PHY-3001 : Legalization ...
PHY-3001 : End legalization;  0.002728s wall, 0.000000s user + 0.000000s system = 0.000000s CPU (n/a%)

PHY-3001 : Legalized: Len = 31518.2, Over = 0
PHY-3001 : End spreading;  0.003373s wall, 0.000000s user + 0.000000s system = 0.000000s CPU (n/a%)

PHY-3001 : Final: Len = 31518.2, Over = 0
RUN-1003 : finish command "place" in  2.881769s wall, 4.734375s user + 2.093750s system = 6.828125s CPU (236.9%)

RUN-1004 : used memory is 138 MB, reserved memory is 109 MB, peak memory is 153 MB
RUN-1002 : start command "export_db pwm_demo_place.db"
RUN-1001 : Exported /
RUN-1001 : Exported flow parameters
RUN-1001 : Exported libs
RUN-1001 : Exported entities
RUN-1001 : Exported ports
RUN-1001 : Exported pins
RUN-1001 : Exported instances
RUN-1001 : Exported nets
RUN-1001 : Exported buses
RUN-1001 : Exported models
RUN-1001 : Exported congestions
RUN-1001 : Exported violations
RUN-1001 : Exported timing constraints
RUN-1001 : Exported IO constraints
RUN-1001 : Exported Inst constraints
RUN-1002 : start command "route"
RUN-1001 : Open license file D:/XILINX_EXE/TD_5.6/license/Anlogic.lic
RUN-1001 : Print Global Property
RUN-1001 : ---------------------------------------------------------------
RUN-1001 :        Parameters        |  Settings  |  Default Values  |  Note  
RUN-1001 : ---------------------------------------------------------------
RUN-1001 :          message         |  standard  |     standard     |        
RUN-1001 :   mixed_pack_place_flow  |     on     |        on        |        
RUN-1001 :        qor_monitor       |    off     |       off        |        
RUN-1001 :        syn_ip_flow       |    off     |       off        |        
RUN-1001 :          thread          |    auto    |       auto       |        
RUN-1001 : ---------------------------------------------------------------
RUN-1001 : Print Route Property
RUN-1001 : -------------------------------------------------------
RUN-1001 :    Parameters    |  Settings  |  Default Values  |  Note  
RUN-1001 : -------------------------------------------------------
RUN-1001 :      effort      |   medium   |      medium      |        
RUN-1001 :     fix_hold     |    off     |       off        |        
RUN-1001 :    opt_timing    |   medium   |      medium      |        
RUN-1001 :   phy_sim_model  |    off     |       off        |        
RUN-1001 :     priority     |   timing   |      timing      |        
RUN-1001 :     swap_pin     |     on     |        on        |        
RUN-1001 : -------------------------------------------------------
PHY-1001 : Route runs in 8 thread(s)
RUN-1001 : There are total 406 instances
RUN-1001 : 181 mslices, 181 lslices, 35 pads, 1 brams, 2 dsps
RUN-1001 : There are total 1210 nets
RUN-6004 WARNING: There are 3 nets with only 1 pin.
RUN-1001 : 1024 nets have 2 pins
RUN-1001 : 95 nets have [3 - 5] pins
RUN-1001 : 19 nets have [6 - 10] pins
RUN-1001 : 53 nets have [11 - 20] pins
RUN-1001 : 11 nets have [21 - 99] pins
RUN-1001 : 5 nets have 100+ pins
RUN-1002 : start command "start_timer -report"
TMR-2505 : Start building timing graph for model SF1_SOC.
TMR-2506 : Build timing graph completely. Port num: 16, tpin num: 4828, tnet num: 1208, tinst num: 404, tnode num: 6430, tedge num: 7989.
TMR-2508 : Levelizing timing graph completed, there are 21 levels in total.
TMR-2501 : Timing graph initialized successfully.
PHY-1001 : 181 mslices, 181 lslices, 35 pads, 1 brams, 2 dsps
TMR-2503 : Start to update net delay, extr mode = 3.
TMR-2504 : Update delay of 1208 nets completely.
TMR-2502 : Annotate delay completely, extr mode = 3.
TMR-3001 : Initiate 0 clocks from SDC.
TMR-3004 : Map sdc constraints, there are 0 constraints in total.
TMR-3003 : Constraints initiated successfully.
TMR-3501 : Forward propagation: start to calculate arrival time...
TMR-3502 : Backward propagation: start to calculate required time...
TMR-3503 : Timing propagation completes.
PHY-1001 : Start global routing, caller is route ...
RUN-1001 : Generating global routing grids ...
PHY-1001 : Generate routing nets ...
PHY-1001 : Global iterations in 8 thread ...
PHY-1002 : len = 39944, over cnt = 151(1%), over = 256, worst = 8
PHY-1002 : len = 41792, over cnt = 42(0%), over = 50, worst = 4
PHY-1002 : len = 42424, over cnt = 4(0%), over = 4, worst = 1
PHY-1002 : len = 42520, over cnt = 0(0%), over = 0, worst = 0
PHY-1001 : End global iterations;  0.143205s wall, 0.140625s user + 0.015625s system = 0.156250s CPU (109.1%)

PHY-1001 : Congestion index: top1 = 40.62, top5 = 35.01, top10 = 30.29, top15 = 25.82.
PHY-1001 : End global routing;  0.169678s wall, 0.171875s user + 0.015625s system = 0.187500s CPU (110.5%)

PHY-1001 : Start detail routing ...
PHY-1001 : Current memory(MB): used = 169, reserve = 139, peak = 169.
PHY-1001 : Detailed router is running in normal mode.
PHY-1001 : Generate detailed routing grids ...
PHY-1001 : Generate nets ...
PHY-1001 : net I_clk_25m_dup_1 will be routed on clock mesh
PHY-5010 WARNING: Net u_ahb_pwm/I_ahb_hsize[2] is skipped due to 0 input or output
PHY-5010 WARNING: Net u_ahb_pwm/I_ahb_hsize[1] is skipped due to 0 input or output
PHY-5010 WARNING: Net u_ahb_pwm/I_ahb_hsize[0] is skipped due to 0 input or output
PHY-1001 : net vga_show_inst/vga_clk will be routed on clock mesh
PHY-1001 : clock net u_ahb_pwm/I_ahb_clk will be merged with clock u_pll/clk0_buf
PHY-5010 WARNING: Net u_ahb_pwm/I_ahb_hsize[2] is skipped due to 0 input or output
PHY-5010 WARNING: Net u_ahb_pwm/I_ahb_hsize[1] is skipped due to 0 input or output
PHY-5010 WARNING: Net u_ahb_pwm/I_ahb_hsize[0] is skipped due to 0 input or output
PHY-1001 : Current memory(MB): used = 258, reserve = 230, peak = 258.
PHY-1001 : End build detailed router design. 1.345207s wall, 1.281250s user + 0.062500s system = 1.343750s CPU (99.9%)

PHY-1001 : Detail Route ...
PHY-1001 : ===== Detail Route Phase 1 =====
PHY-1001 : Clock net routing.....
PHY-1001 : Routed 0% nets.
PHY-1022 : len = 12016, over cnt = 0(0%), over = 0, worst = 0, crit = 0
PHY-1001 : End initial clock net routed; 0.193500s wall, 0.203125s user + 0.000000s system = 0.203125s CPU (105.0%)

PHY-1001 : Current memory(MB): used = 268, reserve = 241, peak = 268.
PHY-1001 : End phase 1; 0.195724s wall, 0.203125s user + 0.000000s system = 0.203125s CPU (103.8%)

PHY-1001 : ===== Detail Route Phase 2 =====
PHY-1001 : Initial routing.....
PHY-1001 : Routed 19% nets.
PHY-1001 : Routed 21% nets.
PHY-1001 : Patch 900 net; 0.847548s wall, 0.828125s user + 0.000000s system = 0.828125s CPU (97.7%)

PHY-1022 : len = 78088, over cnt = 249(0%), over = 253, worst = 2, crit = 0
PHY-1001 : Current memory(MB): used = 270, reserve = 242, peak = 270.
PHY-1001 : End initial routed; 0.876538s wall, 0.859375s user + 0.000000s system = 0.859375s CPU (98.0%)

PHY-1001 : Update timing.....
PHY-1001 : 0/1166(0%) critical/total net(s).
RUN-1001 : ------------------------------------------
RUN-1001 :   Type   |    WNS(ns)    |  TNS(ns)  |  FEP  
RUN-1001 : ------------------------------------------
RUN-1001 :   Setup  |  2147483.647  |   0.000   |   0   
RUN-1001 :   Hold   |  2147483.647  |   0.000   |   0   
RUN-1001 : ------------------------------------------
PHY-1001 : End update timing; 0.318147s wall, 0.312500s user + 0.000000s system = 0.312500s CPU (98.2%)

PHY-1001 : Current memory(MB): used = 273, reserve = 245, peak = 273.
PHY-1001 : End phase 2; 1.194744s wall, 1.171875s user + 0.000000s system = 1.171875s CPU (98.1%)

PHY-1001 : ===== Detail Route Phase 3 =====
PHY-1001 : Optimize timing.....
PHY-1022 : len = 78088, over cnt = 249(0%), over = 253, worst = 2, crit = 0
PHY-1001 : End optimize timing; 0.005658s wall, 0.000000s user + 0.000000s system = 0.000000s CPU (n/a%)

PHY-1001 : Ripup-reroute.....
PHY-1001 : ===== DR Iter 1 =====
PHY-1022 : len = 78504, over cnt = 59(0%), over = 59, worst = 1, crit = 0
PHY-1001 : End DR Iter 1; 0.322486s wall, 0.312500s user + 0.000000s system = 0.312500s CPU (96.9%)

PHY-1001 : ===== DR Iter 2 =====
PHY-1022 : len = 78800, over cnt = 15(0%), over = 15, worst = 1, crit = 0
PHY-1001 : End DR Iter 2; 0.070715s wall, 0.062500s user + 0.000000s system = 0.062500s CPU (88.4%)

PHY-1001 : ===== DR Iter 3 =====
PHY-1022 : len = 79024, over cnt = 1(0%), over = 1, worst = 1, crit = 0
PHY-1001 : End DR Iter 3; 0.061024s wall, 0.062500s user + 0.000000s system = 0.062500s CPU (102.4%)

PHY-1001 : ===== DR Iter 4 =====
PHY-1022 : len = 79008, over cnt = 0(0%), over = 0, worst = 0, crit = 0
PHY-1001 : End DR Iter 4; 0.019655s wall, 0.015625s user + 0.000000s system = 0.015625s CPU (79.5%)

PHY-1001 : Update timing.....
PHY-1001 : 0/1166(0%) critical/total net(s).
RUN-1001 : ------------------------------------------
RUN-1001 :   Type   |    WNS(ns)    |  TNS(ns)  |  FEP  
RUN-1001 : ------------------------------------------
RUN-1001 :   Setup  |  2147483.647  |   0.000   |   0   
RUN-1001 :   Hold   |  2147483.647  |   0.000   |   0   
RUN-1001 : ------------------------------------------
PHY-1001 : End update timing; 0.312309s wall, 0.312500s user + 0.000000s system = 0.312500s CPU (100.1%)

PHY-1001 : Commit to database.....
PHY-5014 WARNING: Detail route doesn't find pib for u_pll/pll_inst.dsm_rst[0]
PHY-5014 WARNING: Detail route doesn't find pib for u_pll/pll_inst.frac_offset_valid[0]
PHY-5014 WARNING: Detail route doesn't find pib for u_pll/pll_inst.ssc_en[0]
PHY-5014 WARNING: Detail route doesn't find pib for u_pll/pll_inst.dsm_refclk[0]
PHY-1001 : 116 feed throughs used by 63 nets
PHY-1001 : End commit to database; 0.114062s wall, 0.109375s user + 0.000000s system = 0.109375s CPU (95.9%)

PHY-1001 : Current memory(MB): used = 283, reserve = 256, peak = 283.
PHY-1001 : End phase 3; 0.947125s wall, 0.937500s user + 0.000000s system = 0.937500s CPU (99.0%)

PHY-1003 : Routed, final wirelength = 79008
PHY-1001 : Current memory(MB): used = 284, reserve = 256, peak = 284.
PHY-1001 : End export database. 0.004586s wall, 0.000000s user + 0.000000s system = 0.000000s CPU (n/a%)

PHY-1001 : End detail routing;  3.762273s wall, 3.671875s user + 0.062500s system = 3.734375s CPU (99.3%)

RUN-1003 : finish command "route" in  4.226535s wall, 4.156250s user + 0.078125s system = 4.234375s CPU (100.2%)

RUN-1004 : used memory is 257 MB, reserved memory is 232 MB, peak memory is 284 MB
RUN-1002 : start command "report_area -io_info -file pwm_demo_phy.area"
RUN-1001 : standard
***Report Model: SF1_SOC Device: SF1S60CG121I***

IO Statistics
#IO                        29
  #input                    6
  #output                  23
  #inout                    0

Utilization Statistics
#lut                      496   out of   5824    8.52%
#reg                      607   out of   5824   10.42%
#le                       645
  #lut only                38   out of    645    5.89%
  #reg only               149   out of    645   23.10%
  #lut&reg                458   out of    645   71.01%
#dsp                        2   out of     10   20.00%
#bram                       1   out of     26    3.85%
  #bram9k                   1
  #fifo9k                   0
#hard-ip                    1
  #mcu                      1   out of      1  100.00%
  #dsc                      0   out of      1    0.00%
  #dsi                      0   out of      2    0.00%
  #psram controller         0   out of      2    0.00%
#pad                       29   out of     55   52.73%
  #ireg                     0
  #oreg                     0
  #treg                     0
#pll                        1   out of      2   50.00%
#gclk                       4   out of     16   25.00%

Clock Resource Statistics
Index     ClockNet                 Type               DriverType         Driver                  Fanout
#1        u_pll/clk0_buf           GCLK               pll                u_pll/pll_inst.clkc0    335
#2        vga_show_inst/vga_clk    GCLK               pll                u_pll/pll_inst.clkc1    16
#3        I_clk_25m_dup_1          GCLK               io                 I_clk_25m_syn_2.di      1


Detailed IO Report

      Name        Direction    Location    IOStandard    DriveStrength    PullType    PackReg  
   I_clk_25m        INPUT         D7        LVCMOS18          N/A          PULLUP      NONE    
   I_jtag_tck       INPUT         C7        LVCMOS18          N/A          PULLUP      NONE    
   I_jtag_tdi       INPUT         D5        LVCMOS18          N/A          PULLUP      NONE    
   I_jtag_tms       INPUT         D6        LVCMOS18          N/A          PULLUP      NONE    
    I_rst_n         INPUT         J2        LVCMOS18          N/A          PULLUP      NONE    
   I_uart_rx        INPUT         E4        LVCMOS18          N/A          PULLUP      NONE    
   O_jtag_tdo      OUTPUT         C6        LVCMOS18           8            NONE       NONE    
     O_led0        OUTPUT         J5        LVCMOS18           8            NONE       NONE    
     O_led1        OUTPUT         H5        LVCMOS18           8            NONE       NONE    
     O_led2        OUTPUT         G4        LVCMOS18           8            NONE       NONE    
   O_uart_tx       OUTPUT         A4        LVCMOS18           8            NONE       NONE    
  vga_blue[4]      OUTPUT         A9        LVCMOS18           8            NONE       NONE    
  vga_blue[3]      OUTPUT        A11        LVCMOS18           8            NONE       NONE    
  vga_blue[2]      OUTPUT         B8        LVCMOS18           8            NONE       NONE    
  vga_blue[1]      OUTPUT        A10        LVCMOS18           8            NONE       NONE    
  vga_blue[0]      OUTPUT         B9        LVCMOS18           8            NONE       NONE    
  vga_green[5]     OUTPUT         L1        LVCMOS18           8            NONE       NONE    
  vga_green[4]     OUTPUT        E10        LVCMOS18           8            NONE       NONE    
  vga_green[3]     OUTPUT         K1        LVCMOS18           8            NONE       NONE    
  vga_green[2]     OUTPUT        B11        LVCMOS18           8            NONE       NONE    
  vga_green[1]     OUTPUT         A8        LVCMOS18           8            NONE       NONE    
  vga_green[0]     OUTPUT        B10        LVCMOS18           8            NONE       NONE    
   vga_hsync       OUTPUT         G3        LVCMOS18           8            NONE       NONE    
   vga_red[4]      OUTPUT         F9        LVCMOS18           8            NONE       NONE    
   vga_red[3]      OUTPUT         L2        LVCMOS18           8            NONE       NONE    
   vga_red[2]      OUTPUT         E9        LVCMOS18           8            NONE       NONE    
   vga_red[1]      OUTPUT         K2        LVCMOS18           8            NONE       NONE    
   vga_red[0]      OUTPUT        F10        LVCMOS18           8            NONE       NONE    
   vga_vsync       OUTPUT        C10        LVCMOS18           8            NONE       NONE    

Report Hierarchy Area:
+---------------------------------------------------------------------------------+
|Instance        |Module     |le     |lut     |ripple  |seq     |bram    |dsp     |
+---------------------------------------------------------------------------------+
|top             |SF1_SOC    |645    |483     |13      |607     |1       |2       |
|  u_SF1_MCU     |SF1_MCU    |0      |0       |0       |0       |0       |0       |
|  u_ahb_pwm     |ahb_pwm    |590    |437     |4       |582     |1       |2       |
|    uut         |rom_weight |0      |0       |0       |0       |1       |0       |
|  u_pll         |pll        |0      |0       |0       |0       |0       |0       |
|  vga_show_inst |vga_show   |55     |46      |9       |25      |0       |0       |
+---------------------------------------------------------------------------------+


DataNet Average Fanout:

   Index     Fanout     Nets  
    #1          1       995   
    #2          2        24   
    #3          3        58   
    #4          4        12   
    #5        5-10       22   
    #6        11-50      58   
    #7       51-100      1    
    #8       101-500     3    
  Average     2.75            

RUN-1002 : start command "export_db pwm_demo_pr.db"
RUN-1001 : Exported /
RUN-1001 : Exported flow parameters
RUN-1001 : Exported libs
RUN-1001 : Exported entities
RUN-1001 : Exported ports
RUN-1001 : Exported pins
RUN-1001 : Exported instances
RUN-1001 : Exported nets
RUN-1001 : Exported buses
RUN-1001 : Exported models
RUN-1001 : Exported congestions
RUN-1001 : Exported violations
RUN-1001 : Exported timing constraints
RUN-1001 : Exported IO constraints
RUN-1001 : Exported Inst constraints
RUN-1002 : start command "export_bid pwm_demo_inst.bid"
RUN-1002 : start command "bitgen -bit pwm_demo.bit"
BIT-1003 : Start to generate bitstream. 
BIT-1002 : Init instances with 8 threads.
BIT-1002 : Init instances completely, inst num: 404
BIT-1002 : Init pips with 8 threads.
BIT-1002 : Init pips completely, net num: 1210, pip num: 9975
BIT-1002 : Init feedthrough with 8 threads.
BIT-1002 : Init feedthrough completely, num: 116
BIT-1003 : Multithreading accelaration with 8 threads.
BIT-1003 : Generate bitstream completely, there are 466 valid insts, and 25140 bits set as '1'.
BIT-1004 : the usercode register value: 00000000111010010000000000000000
BIT-1004 : Generate bits file pwm_demo.bit.
RUN-1003 : finish command "bitgen -bit pwm_demo.bit" in  1.242898s wall, 5.890625s user + 0.062500s system = 5.953125s CPU (479.0%)

RUN-1004 : used memory is 261 MB, reserved memory is 238 MB, peak memory is 419 MB
RUN-1002 : start command "backup_run_log run.log ../.logs/phy_1/td_20231112_191154.log"
