============================================================
   Tang Dynasty, V5.6.59063
   Copyright (c) 2012-2022 Anlogic
   Executable = D:/XILINX_EXE/TD_5.6/bin/td.exe
   Built at =   12:45:13 Sep  6 2022
   Run by =     13456
   Run Date =   Sun Nov 12 10:28:05 2023

   Run on =     DESKTOP-1HJPLU7
============================================================
RUN-1002 : start command "open_project pwm_demo.prj"
RUN-1001 : Print Global Property
RUN-1001 : ---------------------------------------------------------------
RUN-1001 :        Parameters        |  Settings  |  Default Values  |  Note  
RUN-1001 : ---------------------------------------------------------------
RUN-1001 :          message         |  standard  |     standard     |        
RUN-1001 :   mixed_pack_place_flow  |     on     |        on        |        
RUN-1001 :        qor_monitor       |    off     |       off        |        
RUN-1001 :        syn_ip_flow       |    off     |       off        |        
RUN-1001 :          thread          |    auto    |       auto       |        
RUN-1001 : ---------------------------------------------------------------
RUN-1001 : Print Design Property
RUN-1001 : --------------------------------------------------------------
RUN-1001 :        Parameters       |  Settings  |  Default Values  |  Note  
RUN-1001 : --------------------------------------------------------------
RUN-1001 :   default_reg_initial   |    auto    |       auto       |        
RUN-1001 :        infer_add        |     on     |        on        |        
RUN-1001 :        infer_fsm        |    off     |       off        |        
RUN-1001 :        infer_mult       |     on     |        on        |        
RUN-1001 :        infer_ram        |     on     |        on        |        
RUN-1001 :        infer_reg        |     on     |        on        |        
RUN-1001 :   infer_reg_init_value  |     on     |        on        |        
RUN-1001 :        infer_rom        |     on     |        on        |        
RUN-1001 :      infer_shifter      |     on     |        on        |        
RUN-1001 : --------------------------------------------------------------
RUN-1001 : Print Rtl Property
RUN-1001 : --------------------------------------------------------------
RUN-1001 :        Parameters       |  Settings  |  Default Values  |  Note  
RUN-1001 : --------------------------------------------------------------
RUN-1001 :       compress_add      |   ripple   |      ripple      |        
RUN-1001 :        elf_sload        |    off     |       off        |        
RUN-1001 :       fix_undriven      |     0      |        0         |        
RUN-1001 :         flatten         |    off     |       off        |        
RUN-1001 :       gate_sharing      |     on     |        on        |        
RUN-1001 :    hdl_warning_level    |   normal   |      normal      |        
RUN-1001 :   impl_internal_tribuf  |     on     |        on        |        
RUN-1001 :      impl_set_reset     |     on     |        on        |        
RUN-1001 :        infer_gsr        |    off     |       off        |        
RUN-1001 :      keep_hierarchy     |    auto    |       auto       |        
RUN-1001 :        max_fanout       |    9999    |       9999       |        
RUN-1001 :      max_oh2bin_len     |     10     |        10        |        
RUN-1001 :       merge_equal       |     on     |        on        |        
RUN-1001 :       merge_equiv       |     on     |        on        |        
RUN-1001 :        merge_mux        |    off     |       off        |        
RUN-1001 :     min_control_set     |     8      |        8         |        
RUN-1001 :      min_ripple_len     |    auto    |       auto       |        
RUN-1001 :       oh2bin_ratio      |    0.08    |       0.08       |        
RUN-1001 :     opt_adder_fanout    |     on     |        on        |        
RUN-1001 :        opt_arith        |     on     |        on        |        
RUN-1001 :       opt_big_gate      |    off     |       off        |        
RUN-1001 :        opt_const        |     on     |        on        |        
RUN-1001 :      opt_const_mult     |     on     |        on        |        
RUN-1001 :       opt_lessthan      |     on     |        on        |        
RUN-1001 :         opt_mux         |    off     |       off        |        
RUN-1001 :         opt_ram         |    high    |       high       |        
RUN-1001 :      rtl_sim_model      |    off     |       off        |        
RUN-1001 :         seq_syn         |     on     |        on        |        
RUN-1001 : --------------------------------------------------------------
HDL-1007 : analyze verilog file ../../al_ip/SF1_MCU.v
HDL-1007 : analyze verilog file ../../al_ip/pll.v
HDL-1007 : undeclared symbol 'open', assumed default net type 'wire' in ../../al_ip/pll.v(88)
HDL-1007 : analyze verilog file ../../al_ip/rom_weight.v
HDL-1007 : analyze verilog file ../../SF1_SOC.v
HDL-1007 : analyze verilog file ../../ahb_pwm.v
HDL-5007 WARNING: identifier 'weight1' is used before its declaration in ../../ahb_pwm.v(360)
HDL-5007 WARNING: identifier 'weight1' is used before its declaration in ../../ahb_pwm.v(361)
HDL-5007 WARNING: identifier 'weight1' is used before its declaration in ../../ahb_pwm.v(362)
HDL-5007 WARNING: identifier 'weight1' is used before its declaration in ../../ahb_pwm.v(363)
HDL-5007 WARNING: identifier 'weight2' is used before its declaration in ../../ahb_pwm.v(364)
HDL-5007 WARNING: identifier 'weight3' is used before its declaration in ../../ahb_pwm.v(365)
HDL-5007 WARNING: identifier 'weight4' is used before its declaration in ../../ahb_pwm.v(366)
HDL-5007 WARNING: identifier 'weight5' is used before its declaration in ../../ahb_pwm.v(367)
HDL-5007 WARNING: identifier 'weight6' is used before its declaration in ../../ahb_pwm.v(368)
HDL-5007 WARNING: identifier 'weight7' is used before its declaration in ../../ahb_pwm.v(369)
HDL-5007 Similar messages will be suppressed.
HDL-1007 : analyze verilog file ../../gpio_controler.v
RUN-1001 : Project manager successfully analyzed 6 source files.
RUN-1002 : start command "import_device sf1_6.db -package SF1S60CG121I"
ARC-1001 : Device Initialization.
ARC-1001 : -------------------------------------------------
ARC-1001 :       OPTION       |      IO       |   SETTING   
ARC-1001 : -------------------------------------------------
ARC-1001 :        done        |      B4       |    gpio    
ARC-1001 :        initn       |      A5       |    gpio    
ARC-1001 :       jtagen       |      B7       |    gpio    
ARC-1001 :      programn      |      B5       |  dedicate  
ARC-1001 :   tdi/tms/tck/tdo  |  C4/A6/A7/C5  |  dedicate  
ARC-1001 : -------------------------------------------------
ARC-1004 : Device setting, marked 5 dedicate IOs in total.
RUN-1002 : start command "import_db ../syn_1/pwm_demo_gate.db"
RUN-1001 : Importing database generated by Tang Dynasty, V5.6.59063.
RUN-1001 : Database version number 46140.
RUN-1001 : Import flow parameters
RUN-1001 : Import timing constraints
RUN-1001 : Import IO constraints
RUN-1001 : Import Inst constraints
RUN-1001 : Import design success TD_VERSION=5.6.59063 , DB_VERSION=46140
RUN-1002 : start command "read_sdc"
USR-1002 : read_sdc file_name -help -h -eco
USR-1009 : NO module with IP_SDC ...
RUN-1104 : Import SDC file  finished, there are 0 nets kept by constraints.
RUN-1002 : start command "place"
RUN-1001 : Open license file D:/XILINX_EXE/TD_5.6/license/Anlogic.lic
RUN-1001 : Print Global Property
RUN-1001 : ---------------------------------------------------------------
RUN-1001 :        Parameters        |  Settings  |  Default Values  |  Note  
RUN-1001 : ---------------------------------------------------------------
RUN-1001 :          message         |  standard  |     standard     |        
RUN-1001 :   mixed_pack_place_flow  |     on     |        on        |        
RUN-1001 :        qor_monitor       |    off     |       off        |        
RUN-1001 :        syn_ip_flow       |    off     |       off        |        
RUN-1001 :          thread          |    auto    |       auto       |        
RUN-1001 : ---------------------------------------------------------------
RUN-1001 : Print Place Property
RUN-1001 : --------------------------------------------------------------
RUN-1001 :        Parameters       |  Settings  |  Default Values  |  Note  
RUN-1001 : --------------------------------------------------------------
RUN-1001 :      detailed_place     |     on     |        on        |        
RUN-1001 :          effort         |   medium   |      medium      |        
RUN-1001 :         fix_hold        |    off     |       off        |        
RUN-1001 :       legalization      |    ori     |       ori        |        
RUN-1001 :      new_spreading      |     on     |        on        |        
RUN-1001 :        opt_timing       |   medium   |      medium      |        
RUN-1001 :   post_clock_route_opt  |    off     |       off        |        
RUN-1001 :       pr_strategy       |     1      |        1         |        
RUN-1001 :        relaxation       |    1.00    |       1.00       |        
RUN-1001 :         retiming        |    off     |       off        |        
RUN-1001 : --------------------------------------------------------------
PHY-3001 : Placer runs in 8 thread(s).
RUN-1002 : start command "legalize_phy_inst"
SYN-1011 : Flatten model SF1_SOC
RUN-1002 : start command "phys_opt -simplify_lut"
SYN-4016 : Net u_ahb_pwm/I_ahb_clk driven by BUFG (1156 clock/control pins, 1 other pins).
SYN-4019 : Net I_clk_25m_dup_1 is refclk of pll u_pll/pll_inst.
SYN-4020 : Net I_clk_25m_dup_1 is fbclk of pll u_pll/pll_inst.
SYN-4025 : Tag rtl::Net I_clk_25m_dup_1 as clock net
SYN-4025 : Tag rtl::Net u_ahb_pwm/I_ahb_clk as clock net
SYN-4026 : Tagged 2 rtl::Net as clock net
PHY-1001 : Populate physical database on model SF1_SOC.
RUN-1001 : There are total 2046 instances
RUN-0007 : 867 luts, 1141 seqs, 0 mslices, 0 lslices, 25 pads, 7 brams, 0 dsps
RUN-1001 : There are total 2198 nets
RUN-6004 WARNING: There are 3 nets with only 1 pin.
RUN-1001 : 2049 nets have 2 pins
RUN-1001 : 54 nets have [3 - 5] pins
RUN-1001 : 7 nets have [6 - 10] pins
RUN-1001 : 5 nets have [11 - 20] pins
RUN-1001 : 73 nets have [21 - 99] pins
RUN-1001 : 7 nets have 100+ pins
RUN-1001 : Report Control nets information:
RUN-1001 : DFF Distribution
RUN-1001 : ----------------------------------
RUN-1001 :   CE   |  SSR  |  ASR  |  DFF Count  
RUN-1001 : ----------------------------------
RUN-1001 :   No   |  No   |  No   |      2      
RUN-1001 :   No   |  No   |  Yes  |     35      
RUN-1001 :   No   |  Yes  |  No   |      0      
RUN-1001 :   Yes  |  No   |  No   |      0      
RUN-1001 :   Yes  |  No   |  Yes  |    1104     
RUN-1001 :   Yes  |  Yes  |  No   |      0      
RUN-1001 : ----------------------------------
RUN-0007 : Control Group Statistic
RUN-0007 : ---------------------------
RUN-0007 :   #CLK  |  #CE  |  #SSR/ASR  
RUN-0007 : ---------------------------
RUN-0007 :    1    |  36   |     1      
RUN-0007 : ---------------------------
RUN-0007 : Control Set = 37
PHY-3001 : Initial placement ...
PHY-3001 : design contains 2044 instances, 867 luts, 1141 seqs, 0 slices, 0 macros(0 instances: 0 mslices 0 lslices)
PHY-3001 : Huge net I_rst_n_dup_1 with 1154 pins
PHY-0007 : Cell area utilization is 19%
PHY-3001 : Start timing update ...
RUN-1002 : start command "start_timer -report"
TMR-2505 : Start building timing graph for model SF1_SOC.
TMR-2506 : Build timing graph completely. Port num: 12, tpin num: 10301, tnet num: 2196, tinst num: 2044, tnode num: 14849, tedge num: 16260.
TMR-2508 : Levelizing timing graph completed, there are 15 levels in total.
TMR-2501 : Timing graph initialized successfully.
TMR-2503 : Start to update net delay, extr mode = 2.
TMR-2504 : Update delay of 2196 nets completely.
TMR-2502 : Annotate delay completely, extr mode = 2.
TMR-3001 : Initiate 0 clocks from SDC.
TMR-3004 : Map sdc constraints, there are 0 constraints in total.
TMR-3003 : Constraints initiated successfully.
TMR-3501 : Forward propagation: start to calculate arrival time...
TMR-3502 : Backward propagation: start to calculate required time...
TMR-3503 : Timing propagation completes.
PHY-3001 : End timing update;  0.255403s wall, 0.250000s user + 0.015625s system = 0.265625s CPU (104.0%)

PHY-3001 : Global placement ...
PHY-3001 : Initial: Len = 269881
PHY-3001 : Run with size of 3
PHY-3001 : Cell area utilization is 19%
PHY-3001 : :::0::: Try harder cell spreading with beta_ = 0
PHY-3002 : Step(1): len = 177441, overlap = 15.75
PHY-3002 : Step(2): len = 145164, overlap = 15.75
PHY-3002 : Step(3): len = 99701.7, overlap = 15.75
PHY-3002 : Step(4): len = 80781.9, overlap = 11.25
PHY-3002 : Step(5): len = 72620.7, overlap = 13.5
PHY-3002 : Step(6): len = 67449.1, overlap = 14.1875
PHY-3002 : Step(7): len = 59660.8, overlap = 16.8125
PHY-3002 : Step(8): len = 54821.7, overlap = 21.4062
PHY-3002 : Step(9): len = 51681.5, overlap = 23.25
PHY-3002 : Step(10): len = 50055.3, overlap = 24.8125
PHY-3001 : :::1::: Try harder cell spreading with beta_ = 1.89837e-05
PHY-3002 : Step(11): len = 52650.7, overlap = 20.4062
PHY-3002 : Step(12): len = 53127.2, overlap = 24.7812
PHY-3002 : Step(13): len = 52957.1, overlap = 22.8125
PHY-3002 : Step(14): len = 50587.8, overlap = 22.7188
PHY-3002 : Step(15): len = 49957, overlap = 18.2188
PHY-3002 : Step(16): len = 48936.5, overlap = 15.9375
PHY-3002 : Step(17): len = 48543.6, overlap = 20.5312
PHY-3002 : Step(18): len = 47864.7, overlap = 19.7188
PHY-3002 : Step(19): len = 47797.7, overlap = 19.25
PHY-3002 : Step(20): len = 47723.3, overlap = 16.7188
PHY-3002 : Step(21): len = 47520.1, overlap = 11.2188
PHY-3002 : Step(22): len = 46561.7, overlap = 15.4375
PHY-3002 : Step(23): len = 46116, overlap = 20.375
PHY-3002 : Step(24): len = 45220.2, overlap = 17.0625
PHY-3002 : Step(25): len = 45289.2, overlap = 14.8125
PHY-3002 : Step(26): len = 45617.6, overlap = 12.5
PHY-3002 : Step(27): len = 45711.6, overlap = 12.4375
PHY-3002 : Step(28): len = 45419.8, overlap = 10.75
PHY-3001 : :::2::: Try harder cell spreading with beta_ = 3.79674e-05
PHY-3002 : Step(29): len = 45271.4, overlap = 10.625
PHY-3002 : Step(30): len = 45285.6, overlap = 10.5
PHY-3002 : Step(31): len = 45434.8, overlap = 12.375
PHY-3002 : Step(32): len = 45348.5, overlap = 12.3125
PHY-3002 : Step(33): len = 45304.9, overlap = 12.375
PHY-3001 : :::3::: Try harder cell spreading with beta_ = 6.67063e-05
PHY-3002 : Step(34): len = 45505.9, overlap = 12.1875
PHY-3002 : Step(35): len = 45529.1, overlap = 12.0625
PHY-3002 : Step(36): len = 45633.8, overlap = 11.9375
PHY-3001 : Legalization ...
PHY-3001 : End legalization;  0.010966s wall, 0.015625s user + 0.031250s system = 0.046875s CPU (427.5%)

PHY-3001 : Run with size of 3
PHY-3001 : Cell area utilization is 24%
PHY-3001 : Update timing in Manhattan mode ...
TMR-2503 : Start to update net delay, extr mode = 3.
TMR-2504 : Update delay of 2196 nets completely.
TMR-2502 : Annotate delay completely, extr mode = 3.
TMR-3501 : Forward propagation: start to calculate arrival time...
TMR-3502 : Backward propagation: start to calculate required time...
TMR-3503 : Timing propagation completes.
PHY-3001 : End timing update;  0.052083s wall, 0.062500s user + 0.000000s system = 0.062500s CPU (120.0%)

PHY-3001 : :::0::: Try harder cell spreading with beta_ = 1.68211e-06
PHY-3002 : Step(37): len = 45204.6, overlap = 37.8438
PHY-3002 : Step(38): len = 45593, overlap = 38.8125
PHY-3002 : Step(39): len = 41225.9, overlap = 54.5312
PHY-3002 : Step(40): len = 40784.3, overlap = 62.75
PHY-3002 : Step(41): len = 38936.5, overlap = 76.1875
PHY-3002 : Step(42): len = 38844.9, overlap = 78.5938
PHY-3002 : Step(43): len = 36486.2, overlap = 81.2188
PHY-3002 : Step(44): len = 36814.4, overlap = 82.5938
PHY-3002 : Step(45): len = 37042.7, overlap = 83.25
PHY-3001 : :::1::: Try harder cell spreading with beta_ = 3.36423e-06
PHY-3002 : Step(46): len = 36714.7, overlap = 82.7188
PHY-3002 : Step(47): len = 37287.3, overlap = 82.4062
PHY-3002 : Step(48): len = 39610, overlap = 79.6562
PHY-3002 : Step(49): len = 40522.6, overlap = 77.3438
PHY-3002 : Step(50): len = 37369.6, overlap = 69.3438
PHY-3002 : Step(51): len = 37672.9, overlap = 67.6562
PHY-3002 : Step(52): len = 37917.7, overlap = 62.5625
PHY-3002 : Step(53): len = 38290.3, overlap = 61.4375
PHY-3002 : Step(54): len = 38093.9, overlap = 61.4688
PHY-3001 : :::2::: Try harder cell spreading with beta_ = 6.72846e-06
PHY-3002 : Step(55): len = 38004.9, overlap = 59.9062
PHY-3002 : Step(56): len = 38004.9, overlap = 59.9062
PHY-3002 : Step(57): len = 37487, overlap = 58.0938
PHY-3002 : Step(58): len = 37487, overlap = 58.0938
PHY-3002 : Step(59): len = 37521.6, overlap = 58.5312
PHY-3001 : :::3::: Try harder cell spreading with beta_ = 1.20704e-05
PHY-3002 : Step(60): len = 40307, overlap = 46.1875
PHY-3002 : Step(61): len = 41179.9, overlap = 45.4062
PHY-3002 : Step(62): len = 39193.5, overlap = 44.375
PHY-3002 : Step(63): len = 39304.1, overlap = 43.4688
PHY-3002 : Step(64): len = 39571.4, overlap = 41.5938
PHY-3001 : Run with size of 1
PHY-3001 : Cell area utilization is 24%
PHY-3001 : Update timing in Manhattan mode ...
TMR-2503 : Start to update net delay, extr mode = 3.
TMR-2504 : Update delay of 2196 nets completely.
TMR-2502 : Annotate delay completely, extr mode = 3.
TMR-3501 : Forward propagation: start to calculate arrival time...
TMR-3502 : Backward propagation: start to calculate required time...
TMR-3503 : Timing propagation completes.
PHY-3001 : End timing update;  0.051533s wall, 0.062500s user + 0.000000s system = 0.062500s CPU (121.3%)

PHY-3001 : :::0::: Try harder cell spreading with beta_ = 1.36313e-05
PHY-3002 : Step(65): len = 41285.7, overlap = 69.0938
PHY-3002 : Step(66): len = 42025.8, overlap = 67.75
PHY-3002 : Step(67): len = 40216.7, overlap = 67.125
PHY-3002 : Step(68): len = 40058.3, overlap = 68.2812
PHY-3002 : Step(69): len = 38874.6, overlap = 68.9062
PHY-3002 : Step(70): len = 39101.2, overlap = 67.375
PHY-3002 : Step(71): len = 39104.1, overlap = 68.25
PHY-3001 : :::1::: Try harder cell spreading with beta_ = 2.72627e-05
PHY-3002 : Step(72): len = 38267.7, overlap = 66.75
PHY-3002 : Step(73): len = 38436.6, overlap = 65.2812
PHY-3002 : Step(74): len = 38064.4, overlap = 62.7188
PHY-3002 : Step(75): len = 37946.4, overlap = 63.4688
PHY-3002 : Step(76): len = 37970.9, overlap = 63.4375
PHY-3001 : :::2::: Try harder cell spreading with beta_ = 5.45254e-05
PHY-3002 : Step(77): len = 38410.7, overlap = 58.6875
PHY-3002 : Step(78): len = 38671.1, overlap = 58.2812
PHY-3002 : Step(79): len = 38709.6, overlap = 55.5
PHY-3002 : Step(80): len = 38850.4, overlap = 53.3438
PHY-3002 : Step(81): len = 39170.1, overlap = 51.9062
PHY-3001 : :::3::: Try harder cell spreading with beta_ = 0.000109051
PHY-3002 : Step(82): len = 39454.9, overlap = 52
PHY-3002 : Step(83): len = 39716, overlap = 51.5
PHY-3002 : Step(84): len = 40135.2, overlap = 47.7188
PHY-3001 : :::4::: Try harder cell spreading with beta_ = 0.000184956
PHY-3002 : Step(85): len = 39828.5, overlap = 46.3438
PHY-3002 : Step(86): len = 40049, overlap = 45
PHY-3002 : Step(87): len = 40389.3, overlap = 44.0938
PHY-3001 : :::5::: Try harder cell spreading with beta_ = 0.000299259
PHY-3002 : Step(88): len = 40678.7, overlap = 42.9375
PHY-3002 : Step(89): len = 41255, overlap = 44.5312
PHY-3002 : Step(90): len = 42352.2, overlap = 42.875
PHY-3002 : Step(91): len = 42538.4, overlap = 42.6562
PHY-3002 : Step(92): len = 42344.9, overlap = 39.7812
PHY-3002 : Step(93): len = 42035.4, overlap = 40.0312
PHY-3002 : Step(94): len = 42035.4, overlap = 40.0312
PHY-3001 : :::6::: Try harder cell spreading with beta_ = 0.000598518
PHY-3002 : Step(95): len = 42392.6, overlap = 39.875
PHY-3002 : Step(96): len = 42591.7, overlap = 40.7812
PHY-3001 : :::7::: Try harder cell spreading with beta_ = 0.000968402
PHY-3002 : Step(97): len = 42855.9, overlap = 40.8438
PHY-3002 : Step(98): len = 43029.6, overlap = 40.6875
PHY-3002 : Step(99): len = 44052.2, overlap = 39.75
PHY-3002 : Step(100): len = 44825.5, overlap = 38.1875
PHY-3002 : Step(101): len = 44914.4, overlap = 36.1875
PHY-3002 : Step(102): len = 44905.4, overlap = 35.9688
OPT-1001 : Start physical optimization ...
RUN-1002 : start command "start_timer -report"
TMR-2505 : Start building timing graph for model SF1_SOC.
TMR-2506 : Build timing graph completely. Port num: 12, tpin num: 10301, tnet num: 2196, tinst num: 2044, tnode num: 14849, tedge num: 16260.
TMR-2508 : Levelizing timing graph completed, there are 15 levels in total.
TMR-2501 : Timing graph initialized successfully.
OPT-1001 : Total overflow 35.97 peak overflow 0.88
OPT-1001 : Start high-fanout net optimization ...
OPT-1001 : Update timing in global mode
PHY-1001 : Start incremental global routing, caller is place ...
RUN-1001 : Generating global routing grids ...
RUN-1001 : Building simple global routing graph ...
PHY-1001 : Generate routing nets ...
PHY-1001 : Reuse net number 0/2198.
PHY-1001 : Global iterations in 8 thread ...
PHY-1002 : len = 68896, over cnt = 335(3%), over = 953, worst = 12
PHY-1001 : End global iterations;  0.212892s wall, 0.218750s user + 0.000000s system = 0.218750s CPU (102.8%)

PHY-1001 : Congestion index: top1 = 40.62, top5 = 35.08, top10 = 31.89, top15 = 29.55.
PHY-1001 : End incremental global routing;  0.262820s wall, 0.265625s user + 0.000000s system = 0.265625s CPU (101.1%)

TMR-2503 : Start to update net delay, extr mode = 5.
TMR-2504 : Update delay of 2196 nets completely.
TMR-2502 : Annotate delay completely, extr mode = 5.
TMR-3001 : Initiate 0 clocks from SDC.
TMR-3004 : Map sdc constraints, there are 0 constraints in total.
TMR-3003 : Constraints initiated successfully.
TMR-3501 : Forward propagation: start to calculate arrival time...
TMR-3502 : Backward propagation: start to calculate required time...
TMR-3503 : Timing propagation completes.
OPT-1001 : End timing update;  0.082889s wall, 0.093750s user + 0.000000s system = 0.093750s CPU (113.1%)

OPT-1001 : 0 high-fanout net processed.
OPT-1001 : End high-fanout net optimization;  0.381229s wall, 0.390625s user + 0.000000s system = 0.390625s CPU (102.5%)

OPT-1001 : Current memory(MB): used = 162, reserve = 135, peak = 162.
OPT-1001 : Start global optimization ...
OPT-1001 : Start congestion update ...
RUN-1001 : Generating global routing grids ...
PHY-1001 : Generate routing nets ...
PHY-1001 : Reuse net number 1484/2198.
PHY-1001 : Global iterations in 8 thread ...
PHY-1002 : len = 68896, over cnt = 335(3%), over = 953, worst = 12
PHY-1002 : len = 74264, over cnt = 139(1%), over = 273, worst = 9
PHY-1002 : len = 76512, over cnt = 13(0%), over = 14, worst = 2
PHY-1002 : len = 76720, over cnt = 2(0%), over = 2, worst = 1
PHY-1002 : len = 76784, over cnt = 0(0%), over = 0, worst = 0
PHY-1001 : End global iterations;  0.288805s wall, 0.312500s user + 0.031250s system = 0.343750s CPU (119.0%)

PHY-1001 : Congestion index: top1 = 37.64, top5 = 33.75, top10 = 31.08, top15 = 29.30.
OPT-1001 : End congestion update;  0.312893s wall, 0.343750s user + 0.031250s system = 0.375000s CPU (119.8%)

OPT-1001 : Update timing in Manhattan mode
TMR-2503 : Start to update net delay, extr mode = 3.
TMR-2504 : Update delay of 2196 nets completely.
TMR-2502 : Annotate delay completely, extr mode = 3.
TMR-3501 : Forward propagation: start to calculate arrival time...
TMR-3502 : Backward propagation: start to calculate required time...
TMR-3503 : Timing propagation completes.
OPT-1001 : End timing update;  0.052230s wall, 0.046875s user + 0.000000s system = 0.046875s CPU (89.7%)

OPT-0007 : Start: WNS 2147483647 TNS 0 NUM_FEPS 0
OPT-1001 : End global optimization;  0.365276s wall, 0.390625s user + 0.031250s system = 0.421875s CPU (115.5%)

OPT-1001 : Current memory(MB): used = 163, reserve = 136, peak = 163.
OPT-1001 : End physical optimization;  1.041935s wall, 1.062500s user + 0.031250s system = 1.093750s CPU (105.0%)

PHY-3001 : Start packing ...
SYN-4007 : Packing 0 MUX to BLE ...
SYN-4008 : Packed 0 MUX and 0 SEQ to BLE.
SYN-4007 : Packing 867 LUT to BLE ...
SYN-4008 : Packed 867 LUT and 35 SEQ to BLE.
SYN-4003 : Packing 1106 remaining SEQ's ...
SYN-4005 : Packed 800 SEQ with LUT/SLICE
SYN-4006 : 32 single LUT's are left
SYN-4006 : 306 single SEQ's are left
SYN-4011 : Packing model "SF1_SOC" (AL_USER_NORMAL) with 1173/1281 primitive instances ...
PHY-3001 : End packing;  0.105988s wall, 0.109375s user + 0.000000s system = 0.109375s CPU (103.2%)

PHY-1001 : Populate physical database on model SF1_SOC.
RUN-1001 : There are total 819 instances
RUN-1001 : 390 mslices, 391 lslices, 25 pads, 7 brams, 0 dsps
RUN-1001 : There are total 2163 nets
RUN-6004 WARNING: There are 3 nets with only 1 pin.
RUN-1001 : 1994 nets have 2 pins
RUN-1001 : 74 nets have [3 - 5] pins
RUN-1001 : 7 nets have [6 - 10] pins
RUN-1001 : 7 nets have [11 - 20] pins
RUN-1001 : 71 nets have [21 - 99] pins
RUN-1001 : 7 nets have 100+ pins
PHY-3001 : design contains 817 instances, 781 slices, 0 macros(0 instances: 0 mslices 0 lslices)
PHY-3001 : Cell area utilization is 32%
PHY-3001 : After packing: Len = 50150.6, Over = 80.75
PHY-3001 : Run with size of 1
PHY-3001 : Cell area utilization is 32%
PHY-3001 : Update timing in Manhattan mode ...
RUN-1002 : start command "start_timer -report"
TMR-2505 : Start building timing graph for model SF1_SOC.
TMR-2506 : Build timing graph completely. Port num: 12, tpin num: 9161, tnet num: 2161, tinst num: 817, tnode num: 12595, tedge num: 14425.
TMR-2508 : Levelizing timing graph completed, there are 13 levels in total.
TMR-2501 : Timing graph initialized successfully.
TMR-2503 : Start to update net delay, extr mode = 3.
TMR-2504 : Update delay of 2161 nets completely.
TMR-2502 : Annotate delay completely, extr mode = 3.
TMR-3001 : Initiate 0 clocks from SDC.
TMR-3004 : Map sdc constraints, there are 0 constraints in total.
TMR-3003 : Constraints initiated successfully.
TMR-3501 : Forward propagation: start to calculate arrival time...
TMR-3502 : Backward propagation: start to calculate required time...
TMR-3503 : Timing propagation completes.
PHY-3001 : End timing update;  0.325646s wall, 0.328125s user + 0.000000s system = 0.328125s CPU (100.8%)

PHY-3001 : :::0::: Try harder cell spreading with beta_ = 2.55772e-05
PHY-3002 : Step(103): len = 47711.3, overlap = 80.5
PHY-3002 : Step(104): len = 47430.8, overlap = 84.75
PHY-3002 : Step(105): len = 46966.2, overlap = 84.25
PHY-3002 : Step(106): len = 46100.6, overlap = 84.75
PHY-3002 : Step(107): len = 45556.1, overlap = 89
PHY-3002 : Step(108): len = 44816, overlap = 87.75
PHY-3002 : Step(109): len = 44646.4, overlap = 92.5
PHY-3002 : Step(110): len = 44471.9, overlap = 91.5
PHY-3001 : :::1::: Try harder cell spreading with beta_ = 5.11544e-05
PHY-3002 : Step(111): len = 45587.3, overlap = 82.75
PHY-3002 : Step(112): len = 46511, overlap = 78.25
PHY-3002 : Step(113): len = 46612.5, overlap = 76
PHY-3002 : Step(114): len = 46619.2, overlap = 74
PHY-3002 : Step(115): len = 46661.8, overlap = 73.75
PHY-3001 : :::2::: Try harder cell spreading with beta_ = 0.000102309
PHY-3002 : Step(116): len = 47513, overlap = 72
PHY-3002 : Step(117): len = 48011.9, overlap = 70
PHY-3002 : Step(118): len = 48863.4, overlap = 62.75
PHY-3002 : Step(119): len = 48839.7, overlap = 59.5
PHY-3002 : Step(120): len = 48668.6, overlap = 59
PHY-3002 : Step(121): len = 48631.4, overlap = 59.5
PHY-3001 : Legalization ...
PHY-3001 : End legalization;  0.161494s wall, 0.140625s user + 0.250000s system = 0.390625s CPU (241.9%)

PHY-3001 : Trial Legalized: Len = 55443.6
PHY-3001 : Run with size of 1
PHY-3001 : Cell area utilization is 32%
PHY-3001 : Update timing in Manhattan mode ...
TMR-2503 : Start to update net delay, extr mode = 3.
TMR-2504 : Update delay of 2161 nets completely.
TMR-2502 : Annotate delay completely, extr mode = 3.
TMR-3501 : Forward propagation: start to calculate arrival time...
TMR-3502 : Backward propagation: start to calculate required time...
TMR-3503 : Timing propagation completes.
PHY-3001 : End timing update;  0.053082s wall, 0.062500s user + 0.000000s system = 0.062500s CPU (117.7%)

PHY-3001 : :::0::: Try harder cell spreading with beta_ = 8.74879e-05
PHY-3002 : Step(122): len = 50749.7, overlap = 35
PHY-3002 : Step(123): len = 49839.5, overlap = 49.25
PHY-3002 : Step(124): len = 49155.4, overlap = 56
PHY-3002 : Step(125): len = 48933.1, overlap = 56.5
PHY-3002 : Step(126): len = 48654.4, overlap = 54
PHY-3001 : :::1::: Try harder cell spreading with beta_ = 0.000174976
PHY-3002 : Step(127): len = 49086.7, overlap = 54
PHY-3002 : Step(128): len = 49458.5, overlap = 53
PHY-3002 : Step(129): len = 49924.5, overlap = 51.5
PHY-3002 : Step(130): len = 49968.9, overlap = 51.25
PHY-3002 : Step(131): len = 49972.3, overlap = 52.25
PHY-3001 : :::2::: Try harder cell spreading with beta_ = 0.000312723
PHY-3002 : Step(132): len = 50289.1, overlap = 53
PHY-3002 : Step(133): len = 50467.2, overlap = 54.5
PHY-3002 : Step(134): len = 50816.6, overlap = 53
PHY-3002 : Step(135): len = 51052.6, overlap = 53.75
PHY-3002 : Step(136): len = 51060, overlap = 52
PHY-3001 : Legalization ...
PHY-3001 : End legalization;  0.004749s wall, 0.000000s user + 0.000000s system = 0.000000s CPU (n/a%)

PHY-3001 : Legalized: Len = 53557.6, Over = 0
PHY-3001 : End spreading;  0.008693s wall, 0.015625s user + 0.000000s system = 0.015625s CPU (179.7%)

PHY-3001 : Final: Len = 53557.6, Over = 0
RUN-1003 : finish command "place" in  4.856964s wall, 7.125000s user + 3.125000s system = 10.250000s CPU (211.0%)

RUN-1004 : used memory is 150 MB, reserved memory is 126 MB, peak memory is 168 MB
RUN-1002 : start command "export_db pwm_demo_place.db"
RUN-1001 : Exported /
RUN-1001 : Exported flow parameters
RUN-1001 : Exported libs
RUN-1001 : Exported entities
RUN-1001 : Exported ports
RUN-1001 : Exported pins
RUN-1001 : Exported instances
RUN-1001 : Exported nets
RUN-1001 : Exported buses
RUN-1001 : Exported models
RUN-1001 : Exported congestions
RUN-1001 : Exported violations
RUN-1001 : Exported timing constraints
RUN-1001 : Exported IO constraints
RUN-1001 : Exported Inst constraints
RUN-1002 : start command "route"
RUN-1001 : Open license file D:/XILINX_EXE/TD_5.6/license/Anlogic.lic
RUN-1001 : Print Global Property
RUN-1001 : ---------------------------------------------------------------
RUN-1001 :        Parameters        |  Settings  |  Default Values  |  Note  
RUN-1001 : ---------------------------------------------------------------
RUN-1001 :          message         |  standard  |     standard     |        
RUN-1001 :   mixed_pack_place_flow  |     on     |        on        |        
RUN-1001 :        qor_monitor       |    off     |       off        |        
RUN-1001 :        syn_ip_flow       |    off     |       off        |        
RUN-1001 :          thread          |    auto    |       auto       |        
RUN-1001 : ---------------------------------------------------------------
RUN-1001 : Print Route Property
RUN-1001 : -------------------------------------------------------
RUN-1001 :    Parameters    |  Settings  |  Default Values  |  Note  
RUN-1001 : -------------------------------------------------------
RUN-1001 :      effort      |   medium   |      medium      |        
RUN-1001 :     fix_hold     |    off     |       off        |        
RUN-1001 :    opt_timing    |   medium   |      medium      |        
RUN-1001 :   phy_sim_model  |    off     |       off        |        
RUN-1001 :     priority     |   timing   |      timing      |        
RUN-1001 :     swap_pin     |     on     |        on        |        
RUN-1001 : -------------------------------------------------------
PHY-1001 : Route runs in 8 thread(s)
RUN-1001 : There are total 819 instances
RUN-1001 : 390 mslices, 391 lslices, 25 pads, 7 brams, 0 dsps
RUN-1001 : There are total 2163 nets
RUN-6004 WARNING: There are 3 nets with only 1 pin.
RUN-1001 : 1994 nets have 2 pins
RUN-1001 : 74 nets have [3 - 5] pins
RUN-1001 : 7 nets have [6 - 10] pins
RUN-1001 : 7 nets have [11 - 20] pins
RUN-1001 : 71 nets have [21 - 99] pins
RUN-1001 : 7 nets have 100+ pins
RUN-1002 : start command "start_timer -report"
TMR-2505 : Start building timing graph for model SF1_SOC.
TMR-2506 : Build timing graph completely. Port num: 12, tpin num: 9161, tnet num: 2161, tinst num: 817, tnode num: 12595, tedge num: 14425.
TMR-2508 : Levelizing timing graph completed, there are 13 levels in total.
TMR-2501 : Timing graph initialized successfully.
PHY-1001 : 390 mslices, 391 lslices, 25 pads, 7 brams, 0 dsps
TMR-2503 : Start to update net delay, extr mode = 3.
TMR-2504 : Update delay of 2161 nets completely.
TMR-2502 : Annotate delay completely, extr mode = 3.
TMR-3001 : Initiate 0 clocks from SDC.
TMR-3004 : Map sdc constraints, there are 0 constraints in total.
TMR-3003 : Constraints initiated successfully.
TMR-3501 : Forward propagation: start to calculate arrival time...
TMR-3502 : Backward propagation: start to calculate required time...
TMR-3503 : Timing propagation completes.
PHY-1001 : Start global routing, caller is route ...
RUN-1001 : Generating global routing grids ...
PHY-1001 : Generate routing nets ...
PHY-1001 : Global iterations in 8 thread ...
PHY-1002 : len = 79240, over cnt = 279(2%), over = 389, worst = 5
PHY-1002 : len = 81608, over cnt = 80(0%), over = 91, worst = 5
PHY-1002 : len = 82680, over cnt = 12(0%), over = 12, worst = 1
PHY-1002 : len = 82864, over cnt = 0(0%), over = 0, worst = 0
PHY-1001 : End global iterations;  0.418810s wall, 0.437500s user + 0.000000s system = 0.437500s CPU (104.5%)

PHY-1001 : Congestion index: top1 = 40.21, top5 = 34.89, top10 = 31.81, top15 = 29.74.
PHY-1001 : End global routing;  0.466758s wall, 0.484375s user + 0.000000s system = 0.484375s CPU (103.8%)

PHY-1001 : Start detail routing ...
PHY-1001 : Current memory(MB): used = 183, reserve = 157, peak = 183.
PHY-1001 : Detailed router is running in normal mode.
PHY-1001 : Generate detailed routing grids ...
PHY-1001 : Generate nets ...
PHY-1001 : net I_clk_25m_dup_1 will be routed on clock mesh
PHY-5010 WARNING: Net u_ahb_pwm/I_ahb_hsize[2] is skipped due to 0 input or output
PHY-5010 WARNING: Net u_ahb_pwm/I_ahb_hsize[1] is skipped due to 0 input or output
PHY-5010 WARNING: Net u_ahb_pwm/I_ahb_hsize[0] is skipped due to 0 input or output
PHY-1001 : clock net u_ahb_pwm/I_ahb_clk will be merged with clock u_pll/clk0_buf
PHY-5010 WARNING: Net u_ahb_pwm/I_ahb_hsize[2] is skipped due to 0 input or output
PHY-5010 WARNING: Net u_ahb_pwm/I_ahb_hsize[1] is skipped due to 0 input or output
PHY-5010 WARNING: Net u_ahb_pwm/I_ahb_hsize[0] is skipped due to 0 input or output
PHY-1001 : Current memory(MB): used = 271, reserve = 246, peak = 271.
PHY-1001 : End build detailed router design. 1.896335s wall, 1.843750s user + 0.015625s system = 1.859375s CPU (98.1%)

PHY-1001 : Detail Route ...
PHY-1001 : ===== Detail Route Phase 1 =====
PHY-1001 : Clock net routing.....
PHY-1001 : Routed 0% nets.
PHY-1022 : len = 18896, over cnt = 0(0%), over = 0, worst = 0, crit = 0
PHY-1001 : End initial clock net routed; 0.153966s wall, 0.156250s user + 0.000000s system = 0.156250s CPU (101.5%)

PHY-1001 : Current memory(MB): used = 283, reserve = 259, peak = 283.
PHY-1001 : End phase 1; 0.156534s wall, 0.156250s user + 0.000000s system = 0.156250s CPU (99.8%)

PHY-1001 : ===== Detail Route Phase 2 =====
PHY-1001 : Initial routing.....
PHY-1001 : Routed 17% nets.
PHY-1001 : Routed 25% nets.
PHY-1001 : Routed 33% nets.
PHY-1001 : Routed 37% nets.
PHY-1001 : Routed 45% nets.
PHY-1001 : Patch 1165 net; 2.237469s wall, 2.234375s user + 0.000000s system = 2.234375s CPU (99.9%)

PHY-1022 : len = 150864, over cnt = 427(0%), over = 432, worst = 2, crit = 0
PHY-1001 : Current memory(MB): used = 285, reserve = 261, peak = 285.
PHY-1001 : End initial routed; 2.409111s wall, 2.531250s user + 0.015625s system = 2.546875s CPU (105.7%)

PHY-1001 : Update timing.....
PHY-1001 : 0/2147(0%) critical/total net(s).
RUN-1001 : ------------------------------------------
RUN-1001 :   Type   |    WNS(ns)    |  TNS(ns)  |  FEP  
RUN-1001 : ------------------------------------------
RUN-1001 :   Setup  |  2147483.647  |   0.000   |   0   
RUN-1001 :   Hold   |  2147483.647  |   0.000   |   0   
RUN-1001 : ------------------------------------------
PHY-1001 : End update timing; 0.474639s wall, 0.453125s user + 0.000000s system = 0.453125s CPU (95.5%)

PHY-1001 : Current memory(MB): used = 290, reserve = 265, peak = 290.
PHY-1001 : End phase 2; 2.883818s wall, 2.984375s user + 0.015625s system = 3.000000s CPU (104.0%)

PHY-1001 : ===== Detail Route Phase 3 =====
PHY-1001 : Optimize timing.....
PHY-1022 : len = 150864, over cnt = 427(0%), over = 432, worst = 2, crit = 0
PHY-1001 : End optimize timing; 0.007424s wall, 0.015625s user + 0.000000s system = 0.015625s CPU (210.5%)

PHY-1001 : Ripup-reroute.....
PHY-1001 : ===== DR Iter 1 =====
PHY-1022 : len = 150752, over cnt = 73(0%), over = 73, worst = 1, crit = 0
PHY-1001 : End DR Iter 1; 1.221259s wall, 1.203125s user + 0.000000s system = 1.203125s CPU (98.5%)

PHY-1001 : ===== DR Iter 2 =====
PHY-1022 : len = 151520, over cnt = 6(0%), over = 6, worst = 1, crit = 0
PHY-1001 : End DR Iter 2; 0.152607s wall, 0.156250s user + 0.000000s system = 0.156250s CPU (102.4%)

PHY-1001 : ===== DR Iter 3 =====
PHY-1022 : len = 151584, over cnt = 0(0%), over = 0, worst = 0, crit = 0
PHY-1001 : End DR Iter 3; 0.060348s wall, 0.062500s user + 0.000000s system = 0.062500s CPU (103.6%)

PHY-1001 : Update timing.....
PHY-1001 : 0/2147(0%) critical/total net(s).
RUN-1001 : ------------------------------------------
RUN-1001 :   Type   |    WNS(ns)    |  TNS(ns)  |  FEP  
RUN-1001 : ------------------------------------------
RUN-1001 :   Setup  |  2147483.647  |   0.000   |   0   
RUN-1001 :   Hold   |  2147483.647  |   0.000   |   0   
RUN-1001 : ------------------------------------------
PHY-1001 : End update timing; 0.437150s wall, 0.437500s user + 0.000000s system = 0.437500s CPU (100.1%)

PHY-1001 : Commit to database.....
PHY-5014 WARNING: Detail route doesn't find pib for u_pll/pll_inst.ssc_en[0]
PHY-5014 WARNING: Detail route doesn't find pib for u_pll/pll_inst.dsm_refclk[0]
PHY-5014 WARNING: Detail route doesn't find pib for u_pll/pll_inst.frac_offset_valid[0]
PHY-5014 WARNING: Detail route doesn't find pib for u_pll/pll_inst.dsm_rst[0]
PHY-1001 : 208 feed throughs used by 73 nets
PHY-1001 : End commit to database; 0.258440s wall, 0.265625s user + 0.000000s system = 0.265625s CPU (102.8%)

PHY-1001 : Current memory(MB): used = 303, reserve = 280, peak = 303.
PHY-1001 : End phase 3; 2.183568s wall, 2.156250s user + 0.000000s system = 2.156250s CPU (98.7%)

PHY-1003 : Routed, final wirelength = 151584
PHY-1001 : Current memory(MB): used = 304, reserve = 280, peak = 304.
PHY-1001 : End export database. 0.013291s wall, 0.015625s user + 0.000000s system = 0.015625s CPU (117.6%)

PHY-1001 : End detail routing;  7.242730s wall, 7.265625s user + 0.031250s system = 7.296875s CPU (100.7%)

RUN-1003 : finish command "route" in  8.189002s wall, 8.218750s user + 0.031250s system = 8.250000s CPU (100.7%)

RUN-1004 : used memory is 274 MB, reserved memory is 253 MB, peak memory is 304 MB
RUN-1002 : start command "report_area -io_info -file pwm_demo_phy.area"
RUN-1001 : standard
***Report Model: SF1_SOC Device: SF1S60CG121I***

IO Statistics
#IO                        19
  #input                    6
  #output                  13
  #inout                    0

Utilization Statistics
#lut                      878   out of   5824   15.08%
#reg                     1141   out of   5824   19.59%
#le                      1184
  #lut only                43   out of   1184    3.63%
  #reg only               306   out of   1184   25.84%
  #lut&reg                835   out of   1184   70.52%
#dsp                        0   out of     10    0.00%
#bram                       7   out of     26   26.92%
  #bram9k                   7
  #fifo9k                   0
#hard-ip                    1
  #mcu                      1   out of      1  100.00%
  #dsc                      0   out of      1    0.00%
  #dsi                      0   out of      2    0.00%
  #psram controller         0   out of      2    0.00%
#pad                       19   out of     55   34.55%
  #ireg                     0
  #oreg                     0
  #treg                     0
#pll                        1   out of      2   50.00%
#gclk                       3   out of     16   18.75%

Clock Resource Statistics
Index     ClockNet           Type               DriverType         Driver                  Fanout
#1        u_pll/clk0_buf     GCLK               pll                u_pll/pll_inst.clkc0    782
#2        I_clk_25m_dup_1    GCLK               io                 I_clk_25m_syn_2.di      1


Detailed IO Report

     Name       Direction    Location    IOStandard    DriveStrength    PullType    PackReg  
  I_clk_25m       INPUT         D7        LVCMOS18          N/A          PULLUP      NONE    
  I_jtag_tck      INPUT         C7        LVCMOS18          N/A          PULLUP      NONE    
  I_jtag_tdi      INPUT         D5        LVCMOS18          N/A          PULLUP      NONE    
  I_jtag_tms      INPUT         D6        LVCMOS18          N/A          PULLUP      NONE    
   I_rst_n        INPUT         J2        LVCMOS18          N/A          PULLUP      NONE    
  I_uart_rx       INPUT         E4        LVCMOS18          N/A          PULLUP      NONE    
  O_jtag_tdo     OUTPUT         C6        LVCMOS18           8            NONE       NONE    
    O_led0       OUTPUT         J5        LVCMOS18           8            NONE       NONE    
    O_led1       OUTPUT         H5        LVCMOS18           8            NONE       NONE    
    O_led2       OUTPUT         G4        LVCMOS18           8            NONE       NONE    
  O_uart_tx      OUTPUT         A4        LVCMOS18           8            NONE       NONE    

Report Hierarchy Area:
+-----------------------------------------------------------------------------+
|Instance    |Module     |le     |lut     |ripple  |seq     |bram    |dsp     |
+-----------------------------------------------------------------------------+
|top         |SF1_SOC    |1184   |878     |0       |1141    |7       |0       |
|  u_SF1_MCU |SF1_MCU    |0      |0       |0       |0       |0       |0       |
|  u_ahb_pwm |ahb_pwm    |1184   |878     |0       |1141    |7       |0       |
|    uut     |rom_weight |0      |0       |0       |0       |7       |0       |
|  u_pll     |pll        |0      |0       |0       |0       |0       |0       |
+-----------------------------------------------------------------------------+


DataNet Average Fanout:

   Index     Fanout     Nets  
    #1          1       1983  
    #2          2        63   
    #3          3        3    
    #4          4        7    
    #5        5-10       7    
    #6        11-50      75   
    #7       51-100      2    
    #8       101-500     3    
    #9        >500       2    
  Average     2.89            

RUN-1002 : start command "export_db pwm_demo_pr.db"
RUN-1001 : Exported /
RUN-1001 : Exported flow parameters
RUN-1001 : Exported libs
RUN-1001 : Exported entities
RUN-1001 : Exported ports
RUN-1001 : Exported pins
RUN-1001 : Exported instances
RUN-1001 : Exported nets
RUN-1001 : Exported buses
RUN-1001 : Exported models
RUN-1001 : Exported congestions
RUN-1001 : Exported violations
RUN-1001 : Exported timing constraints
RUN-1001 : Exported IO constraints
RUN-1001 : Exported Inst constraints
RUN-1002 : start command "export_bid pwm_demo_inst.bid"
RUN-1002 : start command "bitgen -bit pwm_demo.bit"
BIT-1003 : Start to generate bitstream. 
BIT-1002 : Init instances with 8 threads.
BIT-1002 : Init instances completely, inst num: 817
BIT-1002 : Init pips with 8 threads.
BIT-1002 : Init pips completely, net num: 2163, pip num: 19088
BIT-1002 : Init feedthrough with 8 threads.
BIT-1002 : Init feedthrough completely, num: 208
BIT-1003 : Multithreading accelaration with 8 threads.
BIT-1003 : Generate bitstream completely, there are 621 valid insts, and 48344 bits set as '1'.
BIT-1004 : the usercode register value: 00000000100100000000000000000000
BIT-1004 : Generate bits file pwm_demo.bit.
RUN-1003 : finish command "bitgen -bit pwm_demo.bit" in  2.136402s wall, 10.328125s user + 0.046875s system = 10.375000s CPU (485.6%)

RUN-1004 : used memory is 284 MB, reserved memory is 261 MB, peak memory is 432 MB
RUN-1002 : start command "backup_run_log run.log ../.logs/phy_1/td_20231112_102805.log"
