============================================================
   Tang Dynasty, V5.6.59063
   Copyright (c) 2012-2022 Anlogic
   Executable = D:/XILINX_EXE/TD_5.6/bin/td.exe
   Built at =   12:45:13 Sep  6 2022
   Run by =     13456
   Run Date =   Sat Nov 11 22:51:23 2023

   Run on =     DESKTOP-1HJPLU7
============================================================
RUN-1002 : start command "open_project pwm_demo.prj"
RUN-1001 : Print Global Property
RUN-1001 : ---------------------------------------------------------------
RUN-1001 :        Parameters        |  Settings  |  Default Values  |  Note  
RUN-1001 : ---------------------------------------------------------------
RUN-1001 :          message         |  standard  |     standard     |        
RUN-1001 :   mixed_pack_place_flow  |     on     |        on        |        
RUN-1001 :        qor_monitor       |    off     |       off        |        
RUN-1001 :        syn_ip_flow       |    off     |       off        |        
RUN-1001 :          thread          |    auto    |       auto       |        
RUN-1001 : ---------------------------------------------------------------
RUN-1001 : Print Design Property
RUN-1001 : --------------------------------------------------------------
RUN-1001 :        Parameters       |  Settings  |  Default Values  |  Note  
RUN-1001 : --------------------------------------------------------------
RUN-1001 :   default_reg_initial   |    auto    |       auto       |        
RUN-1001 :        infer_add        |     on     |        on        |        
RUN-1001 :        infer_fsm        |    off     |       off        |        
RUN-1001 :        infer_mult       |     on     |        on        |        
RUN-1001 :        infer_ram        |     on     |        on        |        
RUN-1001 :        infer_reg        |     on     |        on        |        
RUN-1001 :   infer_reg_init_value  |     on     |        on        |        
RUN-1001 :        infer_rom        |     on     |        on        |        
RUN-1001 :      infer_shifter      |     on     |        on        |        
RUN-1001 : --------------------------------------------------------------
RUN-1001 : Print Rtl Property
RUN-1001 : --------------------------------------------------------------
RUN-1001 :        Parameters       |  Settings  |  Default Values  |  Note  
RUN-1001 : --------------------------------------------------------------
RUN-1001 :       compress_add      |   ripple   |      ripple      |        
RUN-1001 :        elf_sload        |    off     |       off        |        
RUN-1001 :       fix_undriven      |     0      |        0         |        
RUN-1001 :         flatten         |    off     |       off        |        
RUN-1001 :       gate_sharing      |     on     |        on        |        
RUN-1001 :    hdl_warning_level    |   normal   |      normal      |        
RUN-1001 :   impl_internal_tribuf  |     on     |        on        |        
RUN-1001 :      impl_set_reset     |     on     |        on        |        
RUN-1001 :        infer_gsr        |    off     |       off        |        
RUN-1001 :      keep_hierarchy     |    auto    |       auto       |        
RUN-1001 :        max_fanout       |    9999    |       9999       |        
RUN-1001 :      max_oh2bin_len     |     10     |        10        |        
RUN-1001 :       merge_equal       |     on     |        on        |        
RUN-1001 :       merge_equiv       |     on     |        on        |        
RUN-1001 :        merge_mux        |    off     |       off        |        
RUN-1001 :     min_control_set     |     8      |        8         |        
RUN-1001 :      min_ripple_len     |    auto    |       auto       |        
RUN-1001 :       oh2bin_ratio      |    0.08    |       0.08       |        
RUN-1001 :     opt_adder_fanout    |     on     |        on        |        
RUN-1001 :        opt_arith        |     on     |        on        |        
RUN-1001 :       opt_big_gate      |    off     |       off        |        
RUN-1001 :        opt_const        |     on     |        on        |        
RUN-1001 :      opt_const_mult     |     on     |        on        |        
RUN-1001 :       opt_lessthan      |     on     |        on        |        
RUN-1001 :         opt_mux         |    off     |       off        |        
RUN-1001 :         opt_ram         |    high    |       high       |        
RUN-1001 :      rtl_sim_model      |    off     |       off        |        
RUN-1001 :         seq_syn         |     on     |        on        |        
RUN-1001 : --------------------------------------------------------------
HDL-1007 : analyze verilog file ../../al_ip/SF1_MCU.v
HDL-1007 : analyze verilog file ../../al_ip/pll.v
HDL-1007 : undeclared symbol 'open', assumed default net type 'wire' in ../../al_ip/pll.v(88)
HDL-1007 : analyze verilog file ../../SF1_SOC.v
HDL-1007 : analyze verilog file ../../ahb_pwm.v
HDL-1007 : analyze verilog file ../../gpio_controler.v
RUN-1001 : Project manager successfully analyzed 5 source files.
RUN-1002 : start command "import_device sf1_6.db -package SF1S60CG121I"
ARC-1001 : Device Initialization.
ARC-1001 : -------------------------------------------------
ARC-1001 :       OPTION       |      IO       |   SETTING   
ARC-1001 : -------------------------------------------------
ARC-1001 :        done        |      B4       |    gpio    
ARC-1001 :        initn       |      A5       |    gpio    
ARC-1001 :       jtagen       |      B7       |    gpio    
ARC-1001 :      programn      |      B5       |  dedicate  
ARC-1001 :   tdi/tms/tck/tdo  |  C4/A6/A7/C5  |  dedicate  
ARC-1001 : -------------------------------------------------
ARC-1004 : Device setting, marked 5 dedicate IOs in total.
RUN-1002 : start command "import_db ../syn_1/pwm_demo_gate.db"
RUN-1001 : Importing database generated by Tang Dynasty, V5.6.59063.
RUN-1001 : Database version number 46140.
RUN-1001 : Import flow parameters
RUN-1001 : Import timing constraints
RUN-1001 : Import IO constraints
RUN-1001 : Import Inst constraints
RUN-1001 : Import design success TD_VERSION=5.6.59063 , DB_VERSION=46140
RUN-1002 : start command "read_sdc"
USR-1002 : read_sdc file_name -help -h -eco
USR-1009 : NO module with IP_SDC ...
RUN-1104 : Import SDC file  finished, there are 0 nets kept by constraints.
RUN-1002 : start command "place"
RUN-1001 : Open license file D:/XILINX_EXE/TD_5.6/license/Anlogic.lic
RUN-1001 : Print Global Property
RUN-1001 : ---------------------------------------------------------------
RUN-1001 :        Parameters        |  Settings  |  Default Values  |  Note  
RUN-1001 : ---------------------------------------------------------------
RUN-1001 :          message         |  standard  |     standard     |        
RUN-1001 :   mixed_pack_place_flow  |     on     |        on        |        
RUN-1001 :        qor_monitor       |    off     |       off        |        
RUN-1001 :        syn_ip_flow       |    off     |       off        |        
RUN-1001 :          thread          |    auto    |       auto       |        
RUN-1001 : ---------------------------------------------------------------
RUN-1001 : Print Place Property
RUN-1001 : --------------------------------------------------------------
RUN-1001 :        Parameters       |  Settings  |  Default Values  |  Note  
RUN-1001 : --------------------------------------------------------------
RUN-1001 :      detailed_place     |     on     |        on        |        
RUN-1001 :          effort         |   medium   |      medium      |        
RUN-1001 :         fix_hold        |    off     |       off        |        
RUN-1001 :       legalization      |    ori     |       ori        |        
RUN-1001 :      new_spreading      |     on     |        on        |        
RUN-1001 :        opt_timing       |   medium   |      medium      |        
RUN-1001 :   post_clock_route_opt  |    off     |       off        |        
RUN-1001 :       pr_strategy       |     1      |        1         |        
RUN-1001 :        relaxation       |    1.00    |       1.00       |        
RUN-1001 :         retiming        |    off     |       off        |        
RUN-1001 : --------------------------------------------------------------
PHY-3001 : Placer runs in 8 thread(s).
RUN-1002 : start command "legalize_phy_inst"
SYN-1011 : Flatten model SF1_SOC
RUN-1002 : start command "phys_opt -simplify_lut"
SYN-4016 : Net u_ahb_pwm/I_ahb_clk driven by BUFG (1688 clock/control pins, 1 other pins).
SYN-4019 : Net I_clk_25m_dup_1 is refclk of pll u_pll/pll_inst.
SYN-4020 : Net I_clk_25m_dup_1 is fbclk of pll u_pll/pll_inst.
SYN-4025 : Tag rtl::Net I_clk_25m_dup_1 as clock net
SYN-4025 : Tag rtl::Net u_ahb_pwm/I_ahb_clk as clock net
SYN-4026 : Tagged 2 rtl::Net as clock net
PHY-1001 : Populate physical database on model SF1_SOC.
RUN-1001 : There are total 2895 instances
RUN-0007 : 1178 luts, 1686 seqs, 0 mslices, 0 lslices, 25 pads, 0 brams, 0 dsps
RUN-1001 : There are total 2942 nets
RUN-6004 WARNING: There are 3 nets with only 1 pin.
RUN-1001 : 2713 nets have 2 pins
RUN-1001 : 116 nets have [3 - 5] pins
RUN-1001 : 6 nets have [6 - 10] pins
RUN-1001 : 8 nets have [11 - 20] pins
RUN-1001 : 89 nets have [21 - 99] pins
RUN-1001 : 7 nets have 100+ pins
RUN-1001 : Report Control nets information:
RUN-1001 : DFF Distribution
RUN-1001 : ----------------------------------
RUN-1001 :   CE   |  SSR  |  ASR  |  DFF Count  
RUN-1001 : ----------------------------------
RUN-1001 :   No   |  No   |  No   |      2      
RUN-1001 :   No   |  No   |  Yes  |     36      
RUN-1001 :   No   |  Yes  |  No   |      0      
RUN-1001 :   Yes  |  No   |  No   |     32      
RUN-1001 :   Yes  |  No   |  Yes  |    1616     
RUN-1001 :   Yes  |  Yes  |  No   |      0      
RUN-1001 : ----------------------------------
RUN-0007 : Control Group Statistic
RUN-0007 : ---------------------------
RUN-0007 :   #CLK  |  #CE  |  #SSR/ASR  
RUN-0007 : ---------------------------
RUN-0007 :    1    |  53   |     1      
RUN-0007 : ---------------------------
RUN-0007 : Control Set = 54
PHY-3001 : Initial placement ...
PHY-3001 : design contains 2893 instances, 1178 luts, 1686 seqs, 0 slices, 0 macros(0 instances: 0 mslices 0 lslices)
PHY-3001 : Huge net I_rst_n_dup_3 with 1686 pins
PHY-0007 : Cell area utilization is 28%
PHY-3001 : Start timing update ...
RUN-1002 : start command "start_timer -report"
TMR-2505 : Start building timing graph for model SF1_SOC.
TMR-2506 : Build timing graph completely. Port num: 12, tpin num: 14402, tnet num: 2940, tinst num: 2893, tnode num: 21077, tedge num: 22875.
TMR-2508 : Levelizing timing graph completed, there are 15 levels in total.
TMR-2501 : Timing graph initialized successfully.
TMR-2503 : Start to update net delay, extr mode = 2.
TMR-2504 : Update delay of 2940 nets completely.
TMR-2502 : Annotate delay completely, extr mode = 2.
TMR-3001 : Initiate 0 clocks from SDC.
TMR-3004 : Map sdc constraints, there are 0 constraints in total.
TMR-3003 : Constraints initiated successfully.
TMR-3501 : Forward propagation: start to calculate arrival time...
TMR-3502 : Backward propagation: start to calculate required time...
TMR-3503 : Timing propagation completes.
PHY-3001 : End timing update;  0.302656s wall, 0.296875s user + 0.000000s system = 0.296875s CPU (98.1%)

PHY-3001 : Global placement ...
PHY-3001 : Initial: Len = 335099
PHY-3001 : Run with size of 3
PHY-3001 : Cell area utilization is 28%
PHY-3001 : :::0::: Try harder cell spreading with beta_ = 0
PHY-3002 : Step(1): len = 215554, overlap = 0.5625
PHY-3002 : Step(2): len = 153646, overlap = 1.375
PHY-3002 : Step(3): len = 103101, overlap = 2.1875
PHY-3002 : Step(4): len = 87327.9, overlap = 8.0625
PHY-3002 : Step(5): len = 78850.4, overlap = 18.9688
PHY-3002 : Step(6): len = 68371.4, overlap = 35.75
PHY-3002 : Step(7): len = 61549.9, overlap = 51.1562
PHY-3002 : Step(8): len = 59907.6, overlap = 63.5
PHY-3002 : Step(9): len = 52535.6, overlap = 78.0625
PHY-3002 : Step(10): len = 51065.4, overlap = 91.3125
PHY-3002 : Step(11): len = 47800.7, overlap = 111.438
PHY-3001 : :::1::: Try harder cell spreading with beta_ = 3.05185e-06
PHY-3002 : Step(12): len = 43929.4, overlap = 102.469
PHY-3002 : Step(13): len = 45055.9, overlap = 99.9688
PHY-3002 : Step(14): len = 47641.3, overlap = 81.0625
PHY-3002 : Step(15): len = 49594.5, overlap = 73.5625
PHY-3002 : Step(16): len = 46000.7, overlap = 52.9375
PHY-3002 : Step(17): len = 46694.5, overlap = 44.2188
PHY-3002 : Step(18): len = 47448.4, overlap = 41
PHY-3002 : Step(19): len = 46747.2, overlap = 35.8125
PHY-3002 : Step(20): len = 46645.6, overlap = 34.1562
PHY-3002 : Step(21): len = 46056.2, overlap = 31.5625
PHY-3001 : :::2::: Try harder cell spreading with beta_ = 6.1037e-06
PHY-3002 : Step(22): len = 45867.7, overlap = 30.125
PHY-3002 : Step(23): len = 46082.1, overlap = 29.6875
PHY-3002 : Step(24): len = 47791, overlap = 26.4375
PHY-3002 : Step(25): len = 48534.1, overlap = 26.0312
PHY-3002 : Step(26): len = 47098.2, overlap = 25.3125
PHY-3002 : Step(27): len = 47098.2, overlap = 25.3125
PHY-3002 : Step(28): len = 46336.6, overlap = 26.4688
PHY-3001 : :::3::: Try harder cell spreading with beta_ = 1.22074e-05
PHY-3002 : Step(29): len = 51729.7, overlap = 10.3125
PHY-3002 : Step(30): len = 52433, overlap = 10
PHY-3002 : Step(31): len = 50243.4, overlap = 8.6875
PHY-3002 : Step(32): len = 50287.7, overlap = 7.9375
PHY-3002 : Step(33): len = 50427, overlap = 7.6875
PHY-3001 : Legalization ...
PHY-3001 : End legalization;  0.003118s wall, 0.000000s user + 0.000000s system = 0.000000s CPU (n/a%)

PHY-3001 : Run with size of 3
PHY-3001 : Cell area utilization is 35%
PHY-3001 : Analyzing congestion ...
RUN-1001 : Generating global routing grids ...
RUN-1001 : Building simple global routing graph ...
PHY-1001 : Generate routing nets ...
PHY-1001 : Reuse net number 0/2942.
PHY-1001 : Global iterations in 8 thread ...
PHY-1002 : len = 75200, over cnt = 400(3%), over = 1588, worst = 17
PHY-1001 : End global iterations;  0.189955s wall, 0.187500s user + 0.031250s system = 0.218750s CPU (115.2%)

PHY-1001 : Congestion index: top1 = 54.86, top5 = 45.75, top10 = 40.50, top15 = 36.67.
PHY-3001 : End congestion estimation;  0.223672s wall, 0.218750s user + 0.031250s system = 0.250000s CPU (111.8%)

PHY-3001 : Update density targets...
PHY-3001 : Update congestion history...
PHY-3001 : Update timing in global mode ...
TMR-2503 : Start to update net delay, extr mode = 5.
TMR-2504 : Update delay of 2940 nets completely.
TMR-2502 : Annotate delay completely, extr mode = 5.
TMR-3501 : Forward propagation: start to calculate arrival time...
TMR-3502 : Backward propagation: start to calculate required time...
TMR-3503 : Timing propagation completes.
PHY-3001 : End timing update;  0.216784s wall, 0.218750s user + 0.000000s system = 0.218750s CPU (100.9%)

PHY-3001 : :::0::: Try harder cell spreading with beta_ = 1.27155e-06
PHY-3002 : Step(34): len = 50110.7, overlap = 28.75
PHY-3002 : Step(35): len = 50476.8, overlap = 30.6875
PHY-3002 : Step(36): len = 47711.5, overlap = 78.9062
PHY-3002 : Step(37): len = 47971.1, overlap = 90.75
PHY-3002 : Step(38): len = 39820.3, overlap = 107.719
PHY-3002 : Step(39): len = 39109.2, overlap = 114
PHY-3002 : Step(40): len = 38697.9, overlap = 123.781
PHY-3002 : Step(41): len = 36209.8, overlap = 126.25
PHY-3002 : Step(42): len = 36248.3, overlap = 126.625
PHY-3002 : Step(43): len = 36670, overlap = 127.188
PHY-3001 : :::1::: Try harder cell spreading with beta_ = 2.54311e-06
PHY-3002 : Step(44): len = 35428.3, overlap = 125.469
PHY-3002 : Step(45): len = 35661.2, overlap = 125.219
PHY-3002 : Step(46): len = 37092.1, overlap = 120.656
PHY-3001 : :::2::: Try harder cell spreading with beta_ = 4.92326e-06
PHY-3002 : Step(47): len = 38279.3, overlap = 110.312
PHY-3002 : Step(48): len = 39874.9, overlap = 107.938
PHY-3002 : Step(49): len = 42516, overlap = 74.1875
PHY-3002 : Step(50): len = 41855.8, overlap = 73.4375
PHY-3002 : Step(51): len = 41916.4, overlap = 71.8438
PHY-3001 : :::3::: Try harder cell spreading with beta_ = 9.84653e-06
PHY-3002 : Step(52): len = 43564.6, overlap = 64.1875
PHY-3002 : Step(53): len = 43564.6, overlap = 64.1875
PHY-3002 : Step(54): len = 42411.6, overlap = 62.8125
PHY-3002 : Step(55): len = 42411.6, overlap = 62.8125
PHY-3002 : Step(56): len = 43039.3, overlap = 55.6875
PHY-3002 : Step(57): len = 43039.3, overlap = 55.6875
PHY-3002 : Step(58): len = 42720.8, overlap = 51.5312
PHY-3002 : Step(59): len = 42720.8, overlap = 51.5312
PHY-3002 : Step(60): len = 43290.5, overlap = 44.4688
PHY-3001 : :::4::: Try harder cell spreading with beta_ = 1.62659e-05
PHY-3002 : Step(61): len = 45122, overlap = 37.3438
PHY-3002 : Step(62): len = 45923.2, overlap = 36.6875
PHY-3002 : Step(63): len = 47662.4, overlap = 24.5625
PHY-3002 : Step(64): len = 48608, overlap = 18.8125
PHY-3002 : Step(65): len = 49279.7, overlap = 13.375
PHY-3002 : Step(66): len = 48661.7, overlap = 13.6875
PHY-3002 : Step(67): len = 48661.7, overlap = 13.6875
PHY-3001 : :::5::: Try harder cell spreading with beta_ = 3.25319e-05
PHY-3002 : Step(68): len = 51191.6, overlap = 9.1875
PHY-3002 : Step(69): len = 51523.9, overlap = 9.0625
PHY-3002 : Step(70): len = 50291.5, overlap = 8.625
PHY-3002 : Step(71): len = 50291.5, overlap = 8.625
PHY-3002 : Step(72): len = 50191, overlap = 8.3125
PHY-3001 : Run with size of 1
PHY-3001 : Cell area utilization is 35%
PHY-3001 : Analyzing congestion ...
RUN-1001 : Generating global routing grids ...
PHY-1001 : Generate routing nets ...
PHY-1001 : Reuse net number 28/2942.
PHY-1001 : Global iterations in 8 thread ...
PHY-1002 : len = 75608, over cnt = 325(2%), over = 1177, worst = 17
PHY-1001 : End global iterations;  0.148383s wall, 0.156250s user + 0.000000s system = 0.156250s CPU (105.3%)

PHY-1001 : Congestion index: top1 = 46.53, top5 = 38.33, top10 = 33.67, top15 = 30.56.
PHY-3001 : End congestion estimation;  0.184326s wall, 0.171875s user + 0.000000s system = 0.171875s CPU (93.2%)

PHY-3001 : Update density targets...
PHY-3001 : Update congestion history...
PHY-3001 : Update timing in global mode ...
TMR-2503 : Start to update net delay, extr mode = 5.
TMR-2504 : Update delay of 2940 nets completely.
TMR-2502 : Annotate delay completely, extr mode = 5.
TMR-3501 : Forward propagation: start to calculate arrival time...
TMR-3502 : Backward propagation: start to calculate required time...
TMR-3503 : Timing propagation completes.
PHY-3001 : End timing update;  0.076376s wall, 0.078125s user + 0.000000s system = 0.078125s CPU (102.3%)

PHY-3001 : :::0::: Try harder cell spreading with beta_ = 2.36419e-05
PHY-3002 : Step(73): len = 53318, overlap = 57.8125
PHY-3002 : Step(74): len = 54811.7, overlap = 56.6875
PHY-3002 : Step(75): len = 52129.1, overlap = 52.4375
PHY-3002 : Step(76): len = 51975.6, overlap = 55.6875
PHY-3002 : Step(77): len = 51828.4, overlap = 68.0312
PHY-3002 : Step(78): len = 50339.4, overlap = 73.0938
PHY-3002 : Step(79): len = 47900.4, overlap = 79.5
PHY-3002 : Step(80): len = 44861.2, overlap = 84.8438
PHY-3002 : Step(81): len = 44578.4, overlap = 88.3438
PHY-3002 : Step(82): len = 43171, overlap = 89.5312
PHY-3002 : Step(83): len = 41015.6, overlap = 91.3438
PHY-3002 : Step(84): len = 40925.8, overlap = 91.9688
PHY-3002 : Step(85): len = 40416.6, overlap = 90.0312
PHY-3002 : Step(86): len = 40534, overlap = 90.6875
PHY-3002 : Step(87): len = 39115.5, overlap = 91.5625
PHY-3002 : Step(88): len = 39108.7, overlap = 91.7812
PHY-3002 : Step(89): len = 39536.6, overlap = 89.1562
PHY-3001 : :::1::: Try harder cell spreading with beta_ = 4.72839e-05
PHY-3002 : Step(90): len = 40866.1, overlap = 79.875
PHY-3002 : Step(91): len = 41551.1, overlap = 80
PHY-3002 : Step(92): len = 42086.7, overlap = 71.0312
PHY-3002 : Step(93): len = 43157.6, overlap = 67.3438
PHY-3002 : Step(94): len = 43941.9, overlap = 61.1562
PHY-3002 : Step(95): len = 42575.1, overlap = 59.2188
PHY-3002 : Step(96): len = 42703.1, overlap = 59.5938
PHY-3002 : Step(97): len = 42703.1, overlap = 59.5938
PHY-3001 : :::2::: Try harder cell spreading with beta_ = 9.45678e-05
PHY-3002 : Step(98): len = 44196.9, overlap = 56.9375
PHY-3002 : Step(99): len = 44673.5, overlap = 55.2188
PHY-3002 : Step(100): len = 45549.3, overlap = 45.9375
PHY-3002 : Step(101): len = 45982.7, overlap = 44.3438
PHY-3002 : Step(102): len = 45782.3, overlap = 40.125
PHY-3002 : Step(103): len = 46205.6, overlap = 38.9062
PHY-3002 : Step(104): len = 46563, overlap = 39.3438
PHY-3001 : :::3::: Try harder cell spreading with beta_ = 0.000189136
PHY-3002 : Step(105): len = 46288.9, overlap = 38.125
PHY-3002 : Step(106): len = 46623.4, overlap = 37.125
PHY-3002 : Step(107): len = 47772.1, overlap = 36.0625
OPT-1001 : Start physical optimization ...
RUN-1002 : start command "start_timer -report"
TMR-2505 : Start building timing graph for model SF1_SOC.
TMR-2506 : Build timing graph completely. Port num: 12, tpin num: 14402, tnet num: 2940, tinst num: 2893, tnode num: 21077, tedge num: 22875.
TMR-2508 : Levelizing timing graph completed, there are 15 levels in total.
TMR-2501 : Timing graph initialized successfully.
OPT-1001 : Total overflow 36.06 peak overflow 1.25
OPT-1001 : Start high-fanout net optimization ...
OPT-1001 : Update timing in global mode
PHY-1001 : Start incremental global routing, caller is place ...
RUN-1001 : Generating global routing grids ...
PHY-1001 : Generate routing nets ...
PHY-1001 : Reuse net number 69/2942.
PHY-1001 : Global iterations in 8 thread ...
PHY-1002 : len = 81024, over cnt = 435(3%), over = 1158, worst = 11
PHY-1001 : End global iterations;  0.180730s wall, 0.187500s user + 0.000000s system = 0.187500s CPU (103.7%)

PHY-1001 : Congestion index: top1 = 43.19, top5 = 37.42, top10 = 34.45, top15 = 32.24.
PHY-1001 : End incremental global routing;  0.212741s wall, 0.218750s user + 0.000000s system = 0.218750s CPU (102.8%)

TMR-2503 : Start to update net delay, extr mode = 5.
TMR-2504 : Update delay of 2940 nets completely.
TMR-2502 : Annotate delay completely, extr mode = 5.
TMR-3001 : Initiate 0 clocks from SDC.
TMR-3004 : Map sdc constraints, there are 0 constraints in total.
TMR-3003 : Constraints initiated successfully.
TMR-3501 : Forward propagation: start to calculate arrival time...
TMR-3502 : Backward propagation: start to calculate required time...
TMR-3503 : Timing propagation completes.
OPT-1001 : End timing update;  0.090361s wall, 0.093750s user + 0.000000s system = 0.093750s CPU (103.8%)

OPT-1001 : 0 high-fanout net processed.
OPT-1001 : End high-fanout net optimization;  0.348253s wall, 0.343750s user + 0.000000s system = 0.343750s CPU (98.7%)

OPT-1001 : Current memory(MB): used = 180, reserve = 153, peak = 183.
OPT-1001 : Start global optimization ...
OPT-1001 : Start congestion update ...
RUN-1001 : Generating global routing grids ...
PHY-1001 : Generate routing nets ...
PHY-1001 : Reuse net number 1633/2942.
PHY-1001 : Global iterations in 8 thread ...
PHY-1002 : len = 81024, over cnt = 435(3%), over = 1158, worst = 11
PHY-1002 : len = 86864, over cnt = 193(1%), over = 397, worst = 8
PHY-1002 : len = 88936, over cnt = 74(0%), over = 138, worst = 8
PHY-1002 : len = 90016, over cnt = 0(0%), over = 0, worst = 0
PHY-1001 : End global iterations;  0.195304s wall, 0.187500s user + 0.000000s system = 0.187500s CPU (96.0%)

PHY-1001 : Congestion index: top1 = 42.15, top5 = 36.40, top10 = 33.60, top15 = 31.62.
OPT-1001 : End congestion update;  0.222878s wall, 0.218750s user + 0.000000s system = 0.218750s CPU (98.1%)

OPT-1001 : Update timing in Manhattan mode
TMR-2503 : Start to update net delay, extr mode = 3.
TMR-2504 : Update delay of 2940 nets completely.
TMR-2502 : Annotate delay completely, extr mode = 3.
TMR-3501 : Forward propagation: start to calculate arrival time...
TMR-3502 : Backward propagation: start to calculate required time...
TMR-3503 : Timing propagation completes.
OPT-1001 : End timing update;  0.070058s wall, 0.062500s user + 0.000000s system = 0.062500s CPU (89.2%)

OPT-0007 : Start: WNS 2147483647 TNS 0 NUM_FEPS 0
OPT-1001 : End global optimization;  0.293028s wall, 0.281250s user + 0.000000s system = 0.281250s CPU (96.0%)

OPT-1001 : Current memory(MB): used = 181, reserve = 154, peak = 183.
OPT-1001 : End physical optimization;  0.918258s wall, 0.906250s user + 0.000000s system = 0.906250s CPU (98.7%)

PHY-3001 : Start packing ...
SYN-4007 : Packing 0 MUX to BLE ...
SYN-4008 : Packed 0 MUX and 0 SEQ to BLE.
SYN-4007 : Packing 1178 LUT to BLE ...
SYN-4008 : Packed 1178 LUT and 68 SEQ to BLE.
SYN-4003 : Packing 1618 remaining SEQ's ...
SYN-4005 : Packed 1110 SEQ with LUT/SLICE
SYN-4006 : 0 single LUT's are left
SYN-4006 : 508 single SEQ's are left
SYN-4011 : Packing model "SF1_SOC" (AL_USER_NORMAL) with 1686/1787 primitive instances ...
PHY-3001 : End packing;  0.180218s wall, 0.187500s user + 0.000000s system = 0.187500s CPU (104.0%)

PHY-1001 : Populate physical database on model SF1_SOC.
RUN-1001 : There are total 1125 instances
RUN-1001 : 547 mslices, 547 lslices, 25 pads, 0 brams, 0 dsps
RUN-1001 : There are total 2874 nets
RUN-6004 WARNING: There are 3 nets with only 1 pin.
RUN-1001 : 2612 nets have 2 pins
RUN-1001 : 149 nets have [3 - 5] pins
RUN-1001 : 6 nets have [6 - 10] pins
RUN-1001 : 13 nets have [11 - 20] pins
RUN-1001 : 84 nets have [21 - 99] pins
RUN-1001 : 7 nets have 100+ pins
PHY-3001 : design contains 1123 instances, 1094 slices, 0 macros(0 instances: 0 mslices 0 lslices)
PHY-3001 : Huge net I_rst_n_dup_3 with 1094 pins
PHY-3001 : Cell area utilization is 44%
PHY-3001 : After packing: Len = 56912.8, Over = 96.75
PHY-3001 : Run with size of 1
PHY-3001 : Cell area utilization is 44%
PHY-3001 : Analyzing congestion ...
RUN-1001 : Generating global routing grids ...
PHY-1001 : Generate routing nets ...
PHY-1001 : Reuse net number 673/2874.
PHY-1001 : Global iterations in 8 thread ...
PHY-1002 : len = 96368, over cnt = 396(3%), over = 585, worst = 5
PHY-1002 : len = 98416, over cnt = 189(1%), over = 243, worst = 4
PHY-1002 : len = 100632, over cnt = 46(0%), over = 59, worst = 4
PHY-1002 : len = 101360, over cnt = 1(0%), over = 1, worst = 1
PHY-1002 : len = 101456, over cnt = 0(0%), over = 0, worst = 0
PHY-1001 : End global iterations;  0.255682s wall, 0.250000s user + 0.000000s system = 0.250000s CPU (97.8%)

PHY-1001 : Congestion index: top1 = 46.88, top5 = 40.72, top10 = 37.61, top15 = 35.29.
PHY-3001 : End congestion estimation;  0.300794s wall, 0.296875s user + 0.000000s system = 0.296875s CPU (98.7%)

PHY-3001 : Update density targets...
PHY-3001 : Update congestion history...
PHY-3001 : Update timing in global mode ...
RUN-1002 : start command "start_timer -report"
TMR-2505 : Start building timing graph for model SF1_SOC.
TMR-2506 : Build timing graph completely. Port num: 12, tpin num: 12579, tnet num: 2872, tinst num: 1123, tnode num: 17499, tedge num: 19957.
TMR-2508 : Levelizing timing graph completed, there are 13 levels in total.
TMR-2501 : Timing graph initialized successfully.
TMR-2503 : Start to update net delay, extr mode = 5.
TMR-2504 : Update delay of 2872 nets completely.
TMR-2502 : Annotate delay completely, extr mode = 5.
TMR-3001 : Initiate 0 clocks from SDC.
TMR-3004 : Map sdc constraints, there are 0 constraints in total.
TMR-3003 : Constraints initiated successfully.
TMR-3501 : Forward propagation: start to calculate arrival time...
TMR-3502 : Backward propagation: start to calculate required time...
TMR-3503 : Timing propagation completes.
PHY-3001 : End timing update;  0.382851s wall, 0.390625s user + 0.000000s system = 0.390625s CPU (102.0%)

PHY-3001 : :::0::: Try harder cell spreading with beta_ = 1.96113e-05
PHY-3002 : Step(108): len = 53105.1, overlap = 94.5
PHY-3002 : Step(109): len = 52674.1, overlap = 99.75
PHY-3002 : Step(110): len = 51737, overlap = 98.25
PHY-3002 : Step(111): len = 50614.8, overlap = 103.5
PHY-3002 : Step(112): len = 49647.6, overlap = 104.75
PHY-3002 : Step(113): len = 48408.9, overlap = 109.75
PHY-3002 : Step(114): len = 47756.7, overlap = 112.5
PHY-3002 : Step(115): len = 47406, overlap = 113
PHY-3001 : :::1::: Try harder cell spreading with beta_ = 3.92227e-05
PHY-3002 : Step(116): len = 48884.5, overlap = 108
PHY-3002 : Step(117): len = 50198.4, overlap = 106.75
PHY-3002 : Step(118): len = 50548.2, overlap = 94
PHY-3002 : Step(119): len = 50798.3, overlap = 90
PHY-3002 : Step(120): len = 51156.8, overlap = 89.25
PHY-3001 : :::2::: Try harder cell spreading with beta_ = 7.51469e-05
PHY-3002 : Step(121): len = 52298.4, overlap = 87.25
PHY-3002 : Step(122): len = 53765.7, overlap = 82.25
PHY-3002 : Step(123): len = 54898, overlap = 76
PHY-3002 : Step(124): len = 55301.5, overlap = 72.75
PHY-3002 : Step(125): len = 55909.1, overlap = 75
PHY-3002 : Step(126): len = 56251.2, overlap = 75.75
PHY-3001 : :::3::: Try harder cell spreading with beta_ = 0.000132502
PHY-3002 : Step(127): len = 57029.6, overlap = 71.5
PHY-3002 : Step(128): len = 58892.3, overlap = 67
PHY-3002 : Step(129): len = 59570.1, overlap = 66.25
PHY-3002 : Step(130): len = 59865, overlap = 61.75
PHY-3002 : Step(131): len = 61159.9, overlap = 60.5
PHY-3002 : Step(132): len = 63123.1, overlap = 58
PHY-3002 : Step(133): len = 64763.1, overlap = 52.75
PHY-3002 : Step(134): len = 66043.2, overlap = 53.75
PHY-3002 : Step(135): len = 66559.6, overlap = 52
PHY-3002 : Step(136): len = 67155.1, overlap = 49.25
PHY-3002 : Step(137): len = 67915, overlap = 48.25
PHY-3002 : Step(138): len = 68702.7, overlap = 45
PHY-3002 : Step(139): len = 69227.1, overlap = 46.25
PHY-3002 : Step(140): len = 69471.8, overlap = 40.5
PHY-3002 : Step(141): len = 69583.4, overlap = 41.5
PHY-3002 : Step(142): len = 69686.2, overlap = 40.25
PHY-3002 : Step(143): len = 69728.3, overlap = 37.5
PHY-3001 : :::4::: Try harder cell spreading with beta_ = 0.000256272
PHY-3002 : Step(144): len = 70695.8, overlap = 37.25
PHY-3002 : Step(145): len = 71608.1, overlap = 34.75
PHY-3002 : Step(146): len = 71995.1, overlap = 32
PHY-3002 : Step(147): len = 72347.5, overlap = 34.25
PHY-3002 : Step(148): len = 72875.7, overlap = 33.5
PHY-3002 : Step(149): len = 73416.3, overlap = 31.5
PHY-3002 : Step(150): len = 73829.4, overlap = 33.75
PHY-3002 : Step(151): len = 74061.8, overlap = 32.25
PHY-3002 : Step(152): len = 74320.3, overlap = 32
PHY-3002 : Step(153): len = 74453.9, overlap = 28.75
PHY-3002 : Step(154): len = 74631.5, overlap = 26.5
PHY-3002 : Step(155): len = 74674.1, overlap = 29.25
PHY-3002 : Step(156): len = 74679.6, overlap = 29.25
PHY-3002 : Step(157): len = 74720.9, overlap = 27.25
PHY-3001 : :::5::: Try harder cell spreading with beta_ = 0.000436005
PHY-3002 : Step(158): len = 75230.2, overlap = 27.75
PHY-3002 : Step(159): len = 75641.6, overlap = 26.25
PHY-3002 : Step(160): len = 75974, overlap = 28.75
PHY-3002 : Step(161): len = 76012.5, overlap = 27.25
PHY-3002 : Step(162): len = 76274.9, overlap = 26.75
PHY-3002 : Step(163): len = 76861.5, overlap = 25.75
PHY-3002 : Step(164): len = 77128.6, overlap = 25
PHY-3002 : Step(165): len = 77394.2, overlap = 25.5
PHY-3002 : Step(166): len = 77541.3, overlap = 25.5
PHY-3002 : Step(167): len = 77367.4, overlap = 26.75
PHY-3002 : Step(168): len = 77326.1, overlap = 25.5
PHY-3002 : Step(169): len = 77498.6, overlap = 27.75
PHY-3002 : Step(170): len = 77752.5, overlap = 26.75
PHY-3001 : :::6::: Try harder cell spreading with beta_ = 0.00071561
PHY-3002 : Step(171): len = 77995.2, overlap = 26.75
PHY-3002 : Step(172): len = 78392.4, overlap = 25
PHY-3002 : Step(173): len = 78698.2, overlap = 23.75
PHY-3001 : Legalization ...
PHY-3001 : End legalization;  0.715285s wall, 0.312500s user + 1.265625s system = 1.578125s CPU (220.6%)

PHY-3001 : Trial Legalized: Len = 81333.8
PHY-3001 : Run with size of 1
PHY-3001 : Cell area utilization is 44%
PHY-3001 : Analyzing congestion ...
RUN-1001 : Generating global routing grids ...
PHY-1001 : Generate routing nets ...
PHY-1001 : Reuse net number 39/2874.
PHY-1001 : Global iterations in 8 thread ...
PHY-1002 : len = 126128, over cnt = 252(2%), over = 334, worst = 5
PHY-1002 : len = 127120, over cnt = 136(1%), over = 177, worst = 4
PHY-1002 : len = 128584, over cnt = 33(0%), over = 42, worst = 3
PHY-1002 : len = 129112, over cnt = 0(0%), over = 0, worst = 0
PHY-1001 : End global iterations;  0.452306s wall, 0.484375s user + 0.000000s system = 0.484375s CPU (107.1%)

PHY-1001 : Congestion index: top1 = 35.00, top5 = 30.87, top10 = 28.64, top15 = 27.04.
PHY-3001 : End congestion estimation;  0.509942s wall, 0.546875s user + 0.000000s system = 0.546875s CPU (107.2%)

PHY-3001 : Update density targets...
PHY-3001 : Update congestion history...
PHY-3001 : Update timing in global mode ...
TMR-2503 : Start to update net delay, extr mode = 5.
TMR-2504 : Update delay of 2872 nets completely.
TMR-2502 : Annotate delay completely, extr mode = 5.
TMR-3501 : Forward propagation: start to calculate arrival time...
TMR-3502 : Backward propagation: start to calculate required time...
TMR-3503 : Timing propagation completes.
PHY-3001 : End timing update;  0.073208s wall, 0.062500s user + 0.000000s system = 0.062500s CPU (85.4%)

PHY-3001 : :::0::: Try harder cell spreading with beta_ = 7.11997e-05
PHY-3002 : Step(174): len = 76388.6, overlap = 18.75
PHY-3002 : Step(175): len = 74167.9, overlap = 39
PHY-3002 : Step(176): len = 73195.3, overlap = 45.5
PHY-3002 : Step(177): len = 72143.6, overlap = 50.5
PHY-3002 : Step(178): len = 71509.1, overlap = 45.5
PHY-3002 : Step(179): len = 70681.8, overlap = 46
PHY-3002 : Step(180): len = 70390.9, overlap = 46.5
PHY-3002 : Step(181): len = 69634.6, overlap = 46
PHY-3002 : Step(182): len = 69360.8, overlap = 46.75
PHY-3002 : Step(183): len = 69113.5, overlap = 46.25
PHY-3001 : :::1::: Try harder cell spreading with beta_ = 0.000142399
PHY-3002 : Step(184): len = 70252.8, overlap = 44.5
PHY-3002 : Step(185): len = 71182.2, overlap = 45
PHY-3002 : Step(186): len = 72041.3, overlap = 44.25
PHY-3002 : Step(187): len = 72395.6, overlap = 39
PHY-3002 : Step(188): len = 72465, overlap = 38.5
PHY-3002 : Step(189): len = 72478, overlap = 37.25
PHY-3002 : Step(190): len = 72530.5, overlap = 35.75
PHY-3001 : :::2::: Try harder cell spreading with beta_ = 0.000279836
PHY-3002 : Step(191): len = 73559.2, overlap = 36
PHY-3002 : Step(192): len = 74233.7, overlap = 34.5
PHY-3002 : Step(193): len = 74759.2, overlap = 31.5
PHY-3002 : Step(194): len = 75194.2, overlap = 26.25
PHY-3002 : Step(195): len = 75567.4, overlap = 27.5
PHY-3002 : Step(196): len = 75798.5, overlap = 26.5
PHY-3002 : Step(197): len = 75936, overlap = 27.5
PHY-3002 : Step(198): len = 75953.6, overlap = 26
PHY-3001 : Legalization ...
PHY-3001 : End legalization;  0.005161s wall, 0.000000s user + 0.000000s system = 0.000000s CPU (n/a%)

PHY-3001 : Legalized: Len = 77423.8, Over = 0
PHY-3001 : End spreading;  0.008496s wall, 0.015625s user + 0.000000s system = 0.015625s CPU (183.9%)

PHY-3001 : Final: Len = 77423.8, Over = 0
RUN-1003 : finish command "place" in  7.452845s wall, 11.906250s user + 4.828125s system = 16.734375s CPU (224.5%)

RUN-1004 : used memory is 162 MB, reserved memory is 141 MB, peak memory is 189 MB
RUN-1002 : start command "export_db pwm_demo_place.db"
RUN-1001 : Exported /
RUN-1001 : Exported flow parameters
RUN-1001 : Exported libs
RUN-1001 : Exported entities
RUN-1001 : Exported ports
RUN-1001 : Exported pins
RUN-1001 : Exported instances
RUN-1001 : Exported nets
RUN-1001 : Exported buses
RUN-1001 : Exported models
RUN-1001 : Exported congestions
RUN-1001 : Exported violations
RUN-1001 : Exported timing constraints
RUN-1001 : Exported IO constraints
RUN-1001 : Exported Inst constraints
RUN-1002 : start command "route"
RUN-1001 : Open license file D:/XILINX_EXE/TD_5.6/license/Anlogic.lic
RUN-1001 : Print Global Property
RUN-1001 : ---------------------------------------------------------------
RUN-1001 :        Parameters        |  Settings  |  Default Values  |  Note  
RUN-1001 : ---------------------------------------------------------------
RUN-1001 :          message         |  standard  |     standard     |        
RUN-1001 :   mixed_pack_place_flow  |     on     |        on        |        
RUN-1001 :        qor_monitor       |    off     |       off        |        
RUN-1001 :        syn_ip_flow       |    off     |       off        |        
RUN-1001 :          thread          |    auto    |       auto       |        
RUN-1001 : ---------------------------------------------------------------
RUN-1001 : Print Route Property
RUN-1001 : -------------------------------------------------------
RUN-1001 :    Parameters    |  Settings  |  Default Values  |  Note  
RUN-1001 : -------------------------------------------------------
RUN-1001 :      effort      |   medium   |      medium      |        
RUN-1001 :     fix_hold     |    off     |       off        |        
RUN-1001 :    opt_timing    |   medium   |      medium      |        
RUN-1001 :   phy_sim_model  |    off     |       off        |        
RUN-1001 :     priority     |   timing   |      timing      |        
RUN-1001 :     swap_pin     |     on     |        on        |        
RUN-1001 : -------------------------------------------------------
PHY-1001 : Route runs in 8 thread(s)
RUN-1001 : There are total 1125 instances
RUN-1001 : 547 mslices, 547 lslices, 25 pads, 0 brams, 0 dsps
RUN-1001 : There are total 2874 nets
RUN-6004 WARNING: There are 3 nets with only 1 pin.
RUN-1001 : 2612 nets have 2 pins
RUN-1001 : 149 nets have [3 - 5] pins
RUN-1001 : 6 nets have [6 - 10] pins
RUN-1001 : 13 nets have [11 - 20] pins
RUN-1001 : 84 nets have [21 - 99] pins
RUN-1001 : 7 nets have 100+ pins
RUN-1002 : start command "start_timer -report"
TMR-2505 : Start building timing graph for model SF1_SOC.
TMR-2506 : Build timing graph completely. Port num: 12, tpin num: 12579, tnet num: 2872, tinst num: 1123, tnode num: 17499, tedge num: 19957.
TMR-2508 : Levelizing timing graph completed, there are 13 levels in total.
TMR-2501 : Timing graph initialized successfully.
PHY-1001 : 547 mslices, 547 lslices, 25 pads, 0 brams, 0 dsps
TMR-2503 : Start to update net delay, extr mode = 3.
TMR-2504 : Update delay of 2872 nets completely.
TMR-2502 : Annotate delay completely, extr mode = 3.
TMR-3001 : Initiate 0 clocks from SDC.
TMR-3004 : Map sdc constraints, there are 0 constraints in total.
TMR-3003 : Constraints initiated successfully.
TMR-3501 : Forward propagation: start to calculate arrival time...
TMR-3502 : Backward propagation: start to calculate required time...
TMR-3503 : Timing propagation completes.
PHY-1001 : Start global routing, caller is route ...
RUN-1001 : Generating global routing grids ...
PHY-1001 : Generate routing nets ...
PHY-1001 : Global iterations in 8 thread ...
PHY-1002 : len = 119696, over cnt = 276(2%), over = 342, worst = 4
PHY-1002 : len = 120456, over cnt = 164(1%), over = 205, worst = 4
PHY-1002 : len = 122776, over cnt = 13(0%), over = 14, worst = 2
PHY-1002 : len = 122920, over cnt = 0(0%), over = 0, worst = 0
PHY-1001 : End global iterations;  0.421534s wall, 0.468750s user + 0.000000s system = 0.468750s CPU (111.2%)

PHY-1001 : Congestion index: top1 = 35.49, top5 = 31.18, top10 = 28.79, top15 = 27.21.
PHY-1001 : End global routing;  0.471930s wall, 0.515625s user + 0.000000s system = 0.515625s CPU (109.3%)

PHY-1001 : Start detail routing ...
PHY-1001 : Current memory(MB): used = 199, reserve = 171, peak = 199.
PHY-1001 : Detailed router is running in normal mode.
PHY-1001 : Generate detailed routing grids ...
PHY-1001 : Generate nets ...
PHY-1001 : net I_clk_25m_dup_1 will be routed on clock mesh
PHY-5010 WARNING: Net u_ahb_pwm/I_ahb_hsize[2] is skipped due to 0 input or output
PHY-5010 WARNING: Net u_ahb_pwm/I_ahb_hsize[1] is skipped due to 0 input or output
PHY-5010 WARNING: Net u_ahb_pwm/I_ahb_hsize[0] is skipped due to 0 input or output
PHY-1001 : clock net u_ahb_pwm/I_ahb_clk will be merged with clock u_pll/clk0_buf
PHY-5010 WARNING: Net u_ahb_pwm/I_ahb_hsize[2] is skipped due to 0 input or output
PHY-5010 WARNING: Net u_ahb_pwm/I_ahb_hsize[1] is skipped due to 0 input or output
PHY-5010 WARNING: Net u_ahb_pwm/I_ahb_hsize[0] is skipped due to 0 input or output
PHY-1001 : Current memory(MB): used = 289, reserve = 262, peak = 289.
PHY-1001 : End build detailed router design. 1.476051s wall, 1.421875s user + 0.015625s system = 1.437500s CPU (97.4%)

PHY-1001 : Detail Route ...
PHY-1001 : ===== Detail Route Phase 1 =====
PHY-1001 : Clock net routing.....
PHY-1001 : Routed 0% nets.
PHY-1022 : len = 37912, over cnt = 0(0%), over = 0, worst = 0, crit = 0
PHY-1001 : End initial clock net routed; 0.119823s wall, 0.125000s user + 0.000000s system = 0.125000s CPU (104.3%)

PHY-1001 : Current memory(MB): used = 300, reserve = 274, peak = 300.
PHY-1001 : End phase 1; 0.121748s wall, 0.125000s user + 0.000000s system = 0.125000s CPU (102.7%)

PHY-1001 : ===== Detail Route Phase 2 =====
PHY-1001 : Initial routing.....
PHY-1001 : Routed 27% nets.
PHY-1001 : Routed 32% nets.
PHY-1001 : Routed 40% nets.
PHY-1001 : Routed 50% nets.
PHY-1001 : Routed 59% nets.
PHY-1001 : Patch 1160 net; 4.187580s wall, 4.156250s user + 0.000000s system = 4.156250s CPU (99.3%)

PHY-1022 : len = 231456, over cnt = 450(0%), over = 457, worst = 2, crit = 0
PHY-1001 : Current memory(MB): used = 302, reserve = 276, peak = 302.
PHY-1001 : End initial routed; 4.312605s wall, 4.578125s user + 0.015625s system = 4.593750s CPU (106.5%)

PHY-1001 : Update timing.....
PHY-1001 : 0/2858(0%) critical/total net(s).
RUN-1001 : ------------------------------------------
RUN-1001 :   Type   |    WNS(ns)    |  TNS(ns)  |  FEP  
RUN-1001 : ------------------------------------------
RUN-1001 :   Setup  |  2147483.647  |   0.000   |   0   
RUN-1001 :   Hold   |  2147483.647  |   0.000   |   0   
RUN-1001 : ------------------------------------------
PHY-1001 : End update timing; 0.466135s wall, 0.468750s user + 0.000000s system = 0.468750s CPU (100.6%)

PHY-1001 : Current memory(MB): used = 309, reserve = 284, peak = 309.
PHY-1001 : End phase 2; 4.778806s wall, 5.046875s user + 0.015625s system = 5.062500s CPU (105.9%)

PHY-1001 : ===== Detail Route Phase 3 =====
PHY-1001 : Optimize timing.....
PHY-1022 : len = 231456, over cnt = 450(0%), over = 457, worst = 2, crit = 0
PHY-1001 : End optimize timing; 0.008871s wall, 0.015625s user + 0.000000s system = 0.015625s CPU (176.1%)

PHY-1001 : Ripup-reroute.....
PHY-1001 : ===== DR Iter 1 =====
PHY-1022 : len = 231456, over cnt = 60(0%), over = 60, worst = 1, crit = 0
PHY-1001 : End DR Iter 1; 0.663236s wall, 0.640625s user + 0.015625s system = 0.656250s CPU (98.9%)

PHY-1001 : ===== DR Iter 2 =====
PHY-1022 : len = 231744, over cnt = 1(0%), over = 1, worst = 1, crit = 0
PHY-1001 : End DR Iter 2; 0.141530s wall, 0.156250s user + 0.000000s system = 0.156250s CPU (110.4%)

PHY-1001 : ===== DR Iter 3 =====
PHY-1022 : len = 231744, over cnt = 0(0%), over = 0, worst = 0, crit = 0
PHY-1001 : End DR Iter 3; 0.023940s wall, 0.015625s user + 0.000000s system = 0.015625s CPU (65.3%)

PHY-1001 : Update timing.....
PHY-1001 : 0/2858(0%) critical/total net(s).
RUN-1001 : ------------------------------------------
RUN-1001 :   Type   |    WNS(ns)    |  TNS(ns)  |  FEP  
RUN-1001 : ------------------------------------------
RUN-1001 :   Setup  |  2147483.647  |   0.000   |   0   
RUN-1001 :   Hold   |  2147483.647  |   0.000   |   0   
RUN-1001 : ------------------------------------------
PHY-1001 : End update timing; 0.474714s wall, 0.484375s user + 0.000000s system = 0.484375s CPU (102.0%)

PHY-1001 : Commit to database.....
PHY-5014 WARNING: Detail route doesn't find pib for u_pll/pll_inst.dsm_rst[0]
PHY-5014 WARNING: Detail route doesn't find pib for u_pll/pll_inst.frac_offset_valid[0]
PHY-5014 WARNING: Detail route doesn't find pib for u_pll/pll_inst.dsm_refclk[0]
PHY-5014 WARNING: Detail route doesn't find pib for u_pll/pll_inst.ssc_en[0]
PHY-1001 : 212 feed throughs used by 78 nets
PHY-1001 : End commit to database; 0.292292s wall, 0.265625s user + 0.031250s system = 0.296875s CPU (101.6%)

PHY-1001 : Current memory(MB): used = 324, reserve = 300, peak = 324.
PHY-1001 : End phase 3; 1.647868s wall, 1.609375s user + 0.046875s system = 1.656250s CPU (100.5%)

PHY-1003 : Routed, final wirelength = 231744
PHY-1001 : Current memory(MB): used = 325, reserve = 300, peak = 325.
PHY-1001 : End export database. 0.011142s wall, 0.000000s user + 0.000000s system = 0.000000s CPU (n/a%)

PHY-1001 : End detail routing;  8.123130s wall, 8.281250s user + 0.093750s system = 8.375000s CPU (103.1%)

RUN-1003 : finish command "route" in  9.007447s wall, 9.203125s user + 0.093750s system = 9.296875s CPU (103.2%)

RUN-1004 : used memory is 294 MB, reserved memory is 271 MB, peak memory is 325 MB
RUN-1002 : start command "report_area -io_info -file pwm_demo_phy.area"
RUN-1001 : standard
***Report Model: SF1_SOC Device: SF1S60CG121I***

IO Statistics
#IO                        19
  #input                    6
  #output                  13
  #inout                    0

Utilization Statistics
#lut                     1195   out of   5824   20.52%
#reg                     1686   out of   5824   28.95%
#le                      1703
  #lut only                17   out of   1703    1.00%
  #reg only               508   out of   1703   29.83%
  #lut&reg               1178   out of   1703   69.17%
#dsp                        0   out of     10    0.00%
#bram                       0   out of     26    0.00%
  #bram9k                   0
  #fifo9k                   0
#hard-ip                    1
  #mcu                      1   out of      1  100.00%
  #dsc                      0   out of      1    0.00%
  #dsi                      0   out of      2    0.00%
  #psram controller         0   out of      2    0.00%
#pad                       19   out of     55   34.55%
  #ireg                     0
  #oreg                     0
  #treg                     0
#pll                        1   out of      2   50.00%
#gclk                       3   out of     16   18.75%

Clock Resource Statistics
Index     ClockNet           Type               DriverType         Driver                  Fanout
#1        u_pll/clk0_buf     GCLK               pll                u_pll/pll_inst.clkc0    1097
#2        I_clk_25m_dup_1    GCLK               io                 I_clk_25m_syn_2.di      1


Detailed IO Report

     Name       Direction    Location    IOStandard    DriveStrength    PullType    PackReg  
  I_clk_25m       INPUT         D7        LVCMOS18          N/A          PULLUP      NONE    
  I_jtag_tck      INPUT         C7        LVCMOS18          N/A          PULLUP      NONE    
  I_jtag_tdi      INPUT         D5        LVCMOS18          N/A          PULLUP      NONE    
  I_jtag_tms      INPUT         D6        LVCMOS18          N/A          PULLUP      NONE    
   I_rst_n        INPUT         J2        LVCMOS18          N/A          PULLUP      NONE    
  I_uart_rx       INPUT         E4        LVCMOS18          N/A          PULLUP      NONE    
  O_jtag_tdo     OUTPUT         C6        LVCMOS18           8            NONE       NONE    
    O_led0       OUTPUT         J5        LVCMOS18           8            NONE       NONE    
    O_led1       OUTPUT         H5        LVCMOS18           8            NONE       NONE    
    O_led2       OUTPUT         G4        LVCMOS18           8            NONE       NONE    
  O_uart_tx      OUTPUT         A4        LVCMOS18           8            NONE       NONE    

Report Hierarchy Area:
+--------------------------------------------------------------------------+
|Instance    |Module  |le     |lut     |ripple  |seq     |bram    |dsp     |
+--------------------------------------------------------------------------+
|top         |SF1_SOC |1703   |1195    |0       |1686    |0       |0       |
|  u_SF1_MCU |SF1_MCU |0      |0       |0       |0       |0       |0       |
|  u_ahb_pwm |ahb_pwm |1703   |1195    |0       |1686    |0       |0       |
|  u_pll     |pll     |0      |0       |0       |0       |0       |0       |
+--------------------------------------------------------------------------+


DataNet Average Fanout:

   Index     Fanout     Nets  
    #1          1       2601  
    #2          2       141   
    #3          3        5    
    #4          4        1    
    #5        5-10       6    
    #6        11-50      95   
    #7       51-100      2    
    #8       101-500     3    
    #9        >500       2    
  Average     3.01            

RUN-1002 : start command "export_db pwm_demo_pr.db"
RUN-1001 : Exported /
RUN-1001 : Exported flow parameters
RUN-1001 : Exported libs
RUN-1001 : Exported entities
RUN-1001 : Exported ports
RUN-1001 : Exported pins
RUN-1001 : Exported instances
RUN-1001 : Exported nets
RUN-1001 : Exported buses
RUN-1001 : Exported models
RUN-1001 : Exported congestions
RUN-1001 : Exported violations
RUN-1001 : Exported timing constraints
RUN-1001 : Exported IO constraints
RUN-1001 : Exported Inst constraints
RUN-1002 : start command "export_bid pwm_demo_inst.bid"
RUN-1002 : start command "bitgen -bit pwm_demo.bit"
BIT-1003 : Start to generate bitstream. 
BIT-1002 : Init instances with 8 threads.
BIT-1002 : Init instances completely, inst num: 1123
BIT-1002 : Init pips with 8 threads.
BIT-1002 : Init pips completely, net num: 2874, pip num: 26882
BIT-1002 : Init feedthrough with 8 threads.
BIT-1002 : Init feedthrough completely, num: 212
BIT-1003 : Multithreading accelaration with 8 threads.
BIT-1003 : Generate bitstream completely, there are 968 valid insts, and 66999 bits set as '1'.
BIT-1004 : Generate bits file pwm_demo.bit.
RUN-1003 : finish command "bitgen -bit pwm_demo.bit" in  2.810594s wall, 17.812500s user + 0.046875s system = 17.859375s CPU (635.4%)

RUN-1004 : used memory is 303 MB, reserved memory is 281 MB, peak memory is 449 MB
RUN-1002 : start command "backup_run_log run.log ../.logs/phy_1/td_20231111_225123.log"
