============================================================
   Tang Dynasty, V5.6.59063
   Copyright (c) 2012-2022 Anlogic
   Executable = D:/XILINX_EXE/TD_5.6/bin/td.exe
   Built at =   12:45:13 Sep  6 2022
   Run by =     13456
   Run Date =   Sat Nov 11 22:01:17 2023

   Run on =     DESKTOP-1HJPLU7
============================================================
RUN-1002 : start command "open_project pwm_demo.prj"
RUN-1001 : Print Global Property
RUN-1001 : ---------------------------------------------------------------
RUN-1001 :        Parameters        |  Settings  |  Default Values  |  Note  
RUN-1001 : ---------------------------------------------------------------
RUN-1001 :          message         |  standard  |     standard     |        
RUN-1001 :   mixed_pack_place_flow  |     on     |        on        |        
RUN-1001 :        qor_monitor       |    off     |       off        |        
RUN-1001 :        syn_ip_flow       |    off     |       off        |        
RUN-1001 :          thread          |    auto    |       auto       |        
RUN-1001 : ---------------------------------------------------------------
RUN-1001 : Print Design Property
RUN-1001 : --------------------------------------------------------------
RUN-1001 :        Parameters       |  Settings  |  Default Values  |  Note  
RUN-1001 : --------------------------------------------------------------
RUN-1001 :   default_reg_initial   |    auto    |       auto       |        
RUN-1001 :        infer_add        |     on     |        on        |        
RUN-1001 :        infer_fsm        |    off     |       off        |        
RUN-1001 :        infer_mult       |     on     |        on        |        
RUN-1001 :        infer_ram        |     on     |        on        |        
RUN-1001 :        infer_reg        |     on     |        on        |        
RUN-1001 :   infer_reg_init_value  |     on     |        on        |        
RUN-1001 :        infer_rom        |     on     |        on        |        
RUN-1001 :      infer_shifter      |     on     |        on        |        
RUN-1001 : --------------------------------------------------------------
RUN-1001 : Print Rtl Property
RUN-1001 : --------------------------------------------------------------
RUN-1001 :        Parameters       |  Settings  |  Default Values  |  Note  
RUN-1001 : --------------------------------------------------------------
RUN-1001 :       compress_add      |   ripple   |      ripple      |        
RUN-1001 :        elf_sload        |    off     |       off        |        
RUN-1001 :       fix_undriven      |     0      |        0         |        
RUN-1001 :         flatten         |    off     |       off        |        
RUN-1001 :       gate_sharing      |     on     |        on        |        
RUN-1001 :    hdl_warning_level    |   normal   |      normal      |        
RUN-1001 :   impl_internal_tribuf  |     on     |        on        |        
RUN-1001 :      impl_set_reset     |     on     |        on        |        
RUN-1001 :        infer_gsr        |    off     |       off        |        
RUN-1001 :      keep_hierarchy     |    auto    |       auto       |        
RUN-1001 :        max_fanout       |    9999    |       9999       |        
RUN-1001 :      max_oh2bin_len     |     10     |        10        |        
RUN-1001 :       merge_equal       |     on     |        on        |        
RUN-1001 :       merge_equiv       |     on     |        on        |        
RUN-1001 :        merge_mux        |    off     |       off        |        
RUN-1001 :     min_control_set     |     8      |        8         |        
RUN-1001 :      min_ripple_len     |    auto    |       auto       |        
RUN-1001 :       oh2bin_ratio      |    0.08    |       0.08       |        
RUN-1001 :     opt_adder_fanout    |     on     |        on        |        
RUN-1001 :        opt_arith        |     on     |        on        |        
RUN-1001 :       opt_big_gate      |    off     |       off        |        
RUN-1001 :        opt_const        |     on     |        on        |        
RUN-1001 :      opt_const_mult     |     on     |        on        |        
RUN-1001 :       opt_lessthan      |     on     |        on        |        
RUN-1001 :         opt_mux         |    off     |       off        |        
RUN-1001 :         opt_ram         |    high    |       high       |        
RUN-1001 :      rtl_sim_model      |    off     |       off        |        
RUN-1001 :         seq_syn         |     on     |        on        |        
RUN-1001 : --------------------------------------------------------------
HDL-1007 : analyze verilog file ../../al_ip/SF1_MCU.v
HDL-1007 : analyze verilog file ../../al_ip/pll.v
HDL-1007 : undeclared symbol 'open', assumed default net type 'wire' in ../../al_ip/pll.v(88)
HDL-1007 : analyze verilog file ../../SF1_SOC.v
HDL-1007 : analyze verilog file ../../ahb_pwm.v
HDL-5007 WARNING: identifier 'ahb_return_data' is used before its declaration in ../../ahb_pwm.v(235)
HDL-1007 : analyze verilog file ../../gpio_controler.v
RUN-1001 : Project manager successfully analyzed 5 source files.
RUN-1002 : start command "import_device sf1_6.db -package SF1S60CG121I"
ARC-1001 : Device Initialization.
ARC-1001 : -------------------------------------------------
ARC-1001 :       OPTION       |      IO       |   SETTING   
ARC-1001 : -------------------------------------------------
ARC-1001 :        done        |      B4       |    gpio    
ARC-1001 :        initn       |      A5       |    gpio    
ARC-1001 :       jtagen       |      B7       |    gpio    
ARC-1001 :      programn      |      B5       |  dedicate  
ARC-1001 :   tdi/tms/tck/tdo  |  C4/A6/A7/C5  |  dedicate  
ARC-1001 : -------------------------------------------------
ARC-1004 : Device setting, marked 5 dedicate IOs in total.
RUN-1002 : start command "import_db ../syn_1/pwm_demo_gate.db"
RUN-1001 : Importing database generated by Tang Dynasty, V5.6.59063.
RUN-1001 : Database version number 46140.
RUN-1001 : Import flow parameters
RUN-1001 : Import timing constraints
RUN-1001 : Import IO constraints
RUN-1001 : Import Inst constraints
RUN-1001 : Import design success TD_VERSION=5.6.59063 , DB_VERSION=46140
RUN-1002 : start command "read_sdc"
USR-1002 : read_sdc file_name -help -h -eco
USR-1009 : NO module with IP_SDC ...
RUN-1104 : Import SDC file  finished, there are 0 nets kept by constraints.
RUN-1002 : start command "place"
RUN-1001 : Open license file D:/XILINX_EXE/TD_5.6/license/Anlogic.lic
RUN-1001 : Print Global Property
RUN-1001 : ---------------------------------------------------------------
RUN-1001 :        Parameters        |  Settings  |  Default Values  |  Note  
RUN-1001 : ---------------------------------------------------------------
RUN-1001 :          message         |  standard  |     standard     |        
RUN-1001 :   mixed_pack_place_flow  |     on     |        on        |        
RUN-1001 :        qor_monitor       |    off     |       off        |        
RUN-1001 :        syn_ip_flow       |    off     |       off        |        
RUN-1001 :          thread          |    auto    |       auto       |        
RUN-1001 : ---------------------------------------------------------------
RUN-1001 : Print Place Property
RUN-1001 : --------------------------------------------------------------
RUN-1001 :        Parameters       |  Settings  |  Default Values  |  Note  
RUN-1001 : --------------------------------------------------------------
RUN-1001 :      detailed_place     |     on     |        on        |        
RUN-1001 :          effort         |   medium   |      medium      |        
RUN-1001 :         fix_hold        |    off     |       off        |        
RUN-1001 :       legalization      |    ori     |       ori        |        
RUN-1001 :      new_spreading      |     on     |        on        |        
RUN-1001 :        opt_timing       |   medium   |      medium      |        
RUN-1001 :   post_clock_route_opt  |    off     |       off        |        
RUN-1001 :       pr_strategy       |     1      |        1         |        
RUN-1001 :        relaxation       |    1.00    |       1.00       |        
RUN-1001 :         retiming        |    off     |       off        |        
RUN-1001 : --------------------------------------------------------------
PHY-3001 : Placer runs in 8 thread(s).
RUN-1002 : start command "legalize_phy_inst"
SYN-1011 : Flatten model SF1_SOC
RUN-1002 : start command "phys_opt -simplify_lut"
SYN-4016 : Net u_ahb_pwm/I_ahb_clk driven by BUFG (664 clock/control pins, 1 other pins).
SYN-4019 : Net I_clk_25m_dup_1 is refclk of pll u_pll/pll_inst.
SYN-4020 : Net I_clk_25m_dup_1 is fbclk of pll u_pll/pll_inst.
SYN-4025 : Tag rtl::Net I_clk_25m_dup_1 as clock net
SYN-4025 : Tag rtl::Net u_ahb_pwm/I_ahb_clk as clock net
SYN-4026 : Tagged 2 rtl::Net as clock net
PHY-1001 : Populate physical database on model SF1_SOC.
RUN-1001 : There are total 1134 instances
RUN-0007 : 432 luts, 662 seqs, 0 mslices, 9 lslices, 25 pads, 0 brams, 0 dsps
RUN-1001 : There are total 1212 nets
RUN-6004 WARNING: There are 3 nets with only 1 pin.
RUN-1001 : 1045 nets have 2 pins
RUN-1001 : 91 nets have [3 - 5] pins
RUN-1001 : 6 nets have [6 - 10] pins
RUN-1001 : 37 nets have [11 - 20] pins
RUN-1001 : 25 nets have [21 - 99] pins
RUN-1001 : 5 nets have 100+ pins
RUN-1001 : Report Control nets information:
RUN-1001 : DFF Distribution
RUN-1001 : ----------------------------------
RUN-1001 :   CE   |  SSR  |  ASR  |  DFF Count  
RUN-1001 : ----------------------------------
RUN-1001 :   No   |  No   |  No   |      2      
RUN-1001 :   No   |  No   |  Yes  |     35      
RUN-1001 :   No   |  Yes  |  No   |      0      
RUN-1001 :   Yes  |  No   |  No   |      0      
RUN-1001 :   Yes  |  No   |  Yes  |     625     
RUN-1001 :   Yes  |  Yes  |  No   |      0      
RUN-1001 : ----------------------------------
RUN-0007 : Control Group Statistic
RUN-0007 : ---------------------------
RUN-0007 :   #CLK  |  #CE  |  #SSR/ASR  
RUN-0007 : ---------------------------
RUN-0007 :    1    |  21   |     2      
RUN-0007 : ---------------------------
RUN-0007 : Control Set = 22
PHY-3001 : Initial placement ...
PHY-3001 : design contains 1132 instances, 432 luts, 662 seqs, 9 slices, 1 macros(9 instances: 0 mslices 9 lslices)
PHY-0007 : Cell area utilization is 11%
PHY-3001 : Start timing update ...
RUN-1002 : start command "start_timer -report"
TMR-2505 : Start building timing graph for model SF1_SOC.
TMR-2506 : Build timing graph completely. Port num: 12, tpin num: 5631, tnet num: 1210, tinst num: 1132, tnode num: 8242, tedge num: 8980.
TMR-2508 : Levelizing timing graph completed, there are 21 levels in total.
TMR-2501 : Timing graph initialized successfully.
TMR-2503 : Start to update net delay, extr mode = 2.
TMR-2504 : Update delay of 1210 nets completely.
TMR-2502 : Annotate delay completely, extr mode = 2.
TMR-3001 : Initiate 0 clocks from SDC.
TMR-3004 : Map sdc constraints, there are 0 constraints in total.
TMR-3003 : Constraints initiated successfully.
TMR-3501 : Forward propagation: start to calculate arrival time...
TMR-3502 : Backward propagation: start to calculate required time...
TMR-3503 : Timing propagation completes.
PHY-3001 : End timing update;  0.186426s wall, 0.187500s user + 0.000000s system = 0.187500s CPU (100.6%)

PHY-3001 : Global placement ...
PHY-3001 : Initial: Len = 172536
PHY-3001 : Run with size of 3
PHY-3001 : Cell area utilization is 11%
PHY-3001 : :::0::: Try harder cell spreading with beta_ = 0
PHY-3002 : Step(1): len = 123915, overlap = 0
PHY-3002 : Step(2): len = 81383.7, overlap = 0
PHY-3002 : Step(3): len = 59522.7, overlap = 0
PHY-3002 : Step(4): len = 49308.8, overlap = 0
PHY-3002 : Step(5): len = 43050.6, overlap = 0.125
PHY-3002 : Step(6): len = 39278.2, overlap = 0.875
PHY-3002 : Step(7): len = 36973.8, overlap = 9.21875
PHY-3002 : Step(8): len = 34771.7, overlap = 24.125
PHY-3002 : Step(9): len = 31350.6, overlap = 31.5
PHY-3002 : Step(10): len = 29380, overlap = 39.5312
PHY-3002 : Step(11): len = 29300.3, overlap = 42.9062
PHY-3001 : :::1::: Try harder cell spreading with beta_ = 2.03776e-05
PHY-3002 : Step(12): len = 27478.7, overlap = 41.5312
PHY-3002 : Step(13): len = 31009.1, overlap = 24.8125
PHY-3002 : Step(14): len = 31800.2, overlap = 20.875
PHY-3002 : Step(15): len = 30509.4, overlap = 17.1875
PHY-3002 : Step(16): len = 28708.1, overlap = 15.25
PHY-3002 : Step(17): len = 29250.3, overlap = 14.8438
PHY-3002 : Step(18): len = 30019.1, overlap = 13.5
PHY-3002 : Step(19): len = 30262.7, overlap = 13.4062
PHY-3002 : Step(20): len = 29529.1, overlap = 11.2812
PHY-3002 : Step(21): len = 30420.2, overlap = 13.1562
PHY-3002 : Step(22): len = 30879.6, overlap = 15.0312
PHY-3002 : Step(23): len = 27322, overlap = 13.2188
PHY-3002 : Step(24): len = 26102.9, overlap = 14.2812
PHY-3002 : Step(25): len = 24132.4, overlap = 18.7812
PHY-3002 : Step(26): len = 23624.2, overlap = 20.7188
PHY-3002 : Step(27): len = 22714.1, overlap = 22.3438
PHY-3002 : Step(28): len = 22196, overlap = 23.625
PHY-3002 : Step(29): len = 19627.8, overlap = 23.3438
PHY-3002 : Step(30): len = 18733.4, overlap = 23.6875
PHY-3002 : Step(31): len = 18368.4, overlap = 22.875
PHY-3002 : Step(32): len = 18471.5, overlap = 22.6875
PHY-3002 : Step(33): len = 18449.6, overlap = 22.4688
PHY-3001 : :::2::: Try harder cell spreading with beta_ = 4.07551e-05
PHY-3002 : Step(34): len = 20185.4, overlap = 18.5625
PHY-3002 : Step(35): len = 20601.3, overlap = 17.6562
PHY-3002 : Step(36): len = 20498.7, overlap = 16
PHY-3001 : :::3::: Try harder cell spreading with beta_ = 8.15103e-05
PHY-3002 : Step(37): len = 20831.2, overlap = 13.8125
PHY-3002 : Step(38): len = 21075.5, overlap = 11.9062
PHY-3002 : Step(39): len = 20990, overlap = 10.1875
PHY-3001 : Legalization ...
PHY-3001 : End legalization;  0.003044s wall, 0.000000s user + 0.000000s system = 0.000000s CPU (n/a%)

PHY-3001 : Run with size of 3
PHY-3001 : Cell area utilization is 14%
PHY-3001 : Update timing in Manhattan mode ...
TMR-2503 : Start to update net delay, extr mode = 3.
TMR-2504 : Update delay of 1210 nets completely.
TMR-2502 : Annotate delay completely, extr mode = 3.
TMR-3501 : Forward propagation: start to calculate arrival time...
TMR-3502 : Backward propagation: start to calculate required time...
TMR-3503 : Timing propagation completes.
PHY-3001 : End timing update;  0.025188s wall, 0.031250s user + 0.000000s system = 0.031250s CPU (124.1%)

PHY-3001 : :::0::: Try harder cell spreading with beta_ = 5.43778e-06
PHY-3002 : Step(40): len = 19950.1, overlap = 25.5938
PHY-3002 : Step(41): len = 20211.9, overlap = 27.875
PHY-3002 : Step(42): len = 19650, overlap = 32.8125
PHY-3002 : Step(43): len = 18223.3, overlap = 35.7188
PHY-3002 : Step(44): len = 16990.1, overlap = 37.0625
PHY-3002 : Step(45): len = 16663, overlap = 36.9688
PHY-3002 : Step(46): len = 16663, overlap = 36.9688
PHY-3002 : Step(47): len = 16371.9, overlap = 37
PHY-3001 : :::1::: Try harder cell spreading with beta_ = 1.08756e-05
PHY-3002 : Step(48): len = 17440.3, overlap = 35.375
PHY-3002 : Step(49): len = 18209, overlap = 34.5938
PHY-3002 : Step(50): len = 18559.7, overlap = 32.125
PHY-3002 : Step(51): len = 18246.3, overlap = 31.7812
PHY-3002 : Step(52): len = 17677.6, overlap = 32.2188
PHY-3001 : :::2::: Try harder cell spreading with beta_ = 2.17511e-05
PHY-3002 : Step(53): len = 18646.9, overlap = 30.2812
PHY-3002 : Step(54): len = 18928.1, overlap = 29.5312
PHY-3002 : Step(55): len = 19368.6, overlap = 29.1562
PHY-3001 : :::3::: Try harder cell spreading with beta_ = 4.35022e-05
PHY-3002 : Step(56): len = 19794.3, overlap = 25.4375
PHY-3002 : Step(57): len = 19968.7, overlap = 24.9688
PHY-3002 : Step(58): len = 20069.3, overlap = 21.25
PHY-3001 : Run with size of 1
PHY-3001 : Cell area utilization is 14%
PHY-3001 : Update timing in Manhattan mode ...
TMR-2503 : Start to update net delay, extr mode = 3.
TMR-2504 : Update delay of 1210 nets completely.
TMR-2502 : Annotate delay completely, extr mode = 3.
TMR-3501 : Forward propagation: start to calculate arrival time...
TMR-3502 : Backward propagation: start to calculate required time...
TMR-3503 : Timing propagation completes.
PHY-3001 : End timing update;  0.024387s wall, 0.031250s user + 0.000000s system = 0.031250s CPU (128.1%)

PHY-3001 : :::0::: Try harder cell spreading with beta_ = 1.81919e-05
PHY-3002 : Step(59): len = 20294.1, overlap = 33.4688
PHY-3002 : Step(60): len = 20884.3, overlap = 31.2812
PHY-3002 : Step(61): len = 20270.4, overlap = 31.2188
PHY-3002 : Step(62): len = 18749.1, overlap = 27.8438
PHY-3002 : Step(63): len = 18738.3, overlap = 29
PHY-3002 : Step(64): len = 18774.3, overlap = 29.1875
PHY-3001 : :::1::: Try harder cell spreading with beta_ = 3.63838e-05
PHY-3002 : Step(65): len = 18226.2, overlap = 31.0625
PHY-3002 : Step(66): len = 18468.3, overlap = 30.9688
PHY-3002 : Step(67): len = 18550, overlap = 31.3438
PHY-3001 : :::2::: Try harder cell spreading with beta_ = 7.27675e-05
PHY-3002 : Step(68): len = 18861.5, overlap = 24.6875
PHY-3002 : Step(69): len = 19204.7, overlap = 23.7812
PHY-3002 : Step(70): len = 19290.8, overlap = 26.7812
PHY-3001 : :::3::: Try harder cell spreading with beta_ = 0.000145535
PHY-3002 : Step(71): len = 19817.5, overlap = 22.5625
PHY-3002 : Step(72): len = 20010.6, overlap = 22.4375
PHY-3002 : Step(73): len = 20445.1, overlap = 19.3438
PHY-3001 : :::4::: Try harder cell spreading with beta_ = 0.00029107
PHY-3002 : Step(74): len = 20392, overlap = 19
PHY-3002 : Step(75): len = 20465.4, overlap = 18.9688
PHY-3002 : Step(76): len = 21219, overlap = 16.6562
PHY-3002 : Step(77): len = 21642.3, overlap = 15.4688
PHY-3002 : Step(78): len = 21781.4, overlap = 14.75
OPT-1001 : Start physical optimization ...
RUN-1002 : start command "start_timer -report"
TMR-2505 : Start building timing graph for model SF1_SOC.
TMR-2506 : Build timing graph completely. Port num: 12, tpin num: 5631, tnet num: 1210, tinst num: 1132, tnode num: 8242, tedge num: 8980.
TMR-2508 : Levelizing timing graph completed, there are 21 levels in total.
TMR-2501 : Timing graph initialized successfully.
OPT-1001 : Total overflow 14.75 peak overflow 0.72
OPT-1001 : Start high-fanout net optimization ...
OPT-1001 : Update timing in global mode
PHY-1001 : Start incremental global routing, caller is place ...
RUN-1001 : Generating global routing grids ...
RUN-1001 : Building simple global routing graph ...
PHY-1001 : Generate routing nets ...
PHY-1001 : Reuse net number 0/1212.
PHY-1001 : Global iterations in 8 thread ...
PHY-1002 : len = 30768, over cnt = 176(1%), over = 647, worst = 14
PHY-1001 : End global iterations;  0.064889s wall, 0.062500s user + 0.000000s system = 0.062500s CPU (96.3%)

PHY-1001 : Congestion index: top1 = 54.24, top5 = 41.01, top10 = 31.53, top15 = 23.62.
PHY-1001 : End incremental global routing;  0.085211s wall, 0.093750s user + 0.000000s system = 0.093750s CPU (110.0%)

TMR-2503 : Start to update net delay, extr mode = 5.
TMR-2504 : Update delay of 1210 nets completely.
TMR-2502 : Annotate delay completely, extr mode = 5.
TMR-3001 : Initiate 0 clocks from SDC.
TMR-3004 : Map sdc constraints, there are 0 constraints in total.
TMR-3003 : Constraints initiated successfully.
TMR-3501 : Forward propagation: start to calculate arrival time...
TMR-3502 : Backward propagation: start to calculate required time...
TMR-3503 : Timing propagation completes.
OPT-1001 : End timing update;  0.029319s wall, 0.031250s user + 0.000000s system = 0.031250s CPU (106.6%)

OPT-1001 : 0 high-fanout net processed.
OPT-1001 : End high-fanout net optimization;  0.130789s wall, 0.140625s user + 0.000000s system = 0.140625s CPU (107.5%)

OPT-1001 : Current memory(MB): used = 145, reserve = 116, peak = 145.
OPT-1001 : Start global optimization ...
OPT-1001 : Start congestion update ...
RUN-1001 : Generating global routing grids ...
PHY-1001 : Generate routing nets ...
PHY-1001 : Reuse net number 788/1212.
PHY-1001 : Global iterations in 8 thread ...
PHY-1002 : len = 30768, over cnt = 176(1%), over = 647, worst = 14
PHY-1002 : len = 35040, over cnt = 81(0%), over = 179, worst = 9
PHY-1002 : len = 36904, over cnt = 7(0%), over = 7, worst = 1
PHY-1002 : len = 36992, over cnt = 3(0%), over = 3, worst = 1
PHY-1001 : End global iterations;  0.100857s wall, 0.109375s user + 0.000000s system = 0.109375s CPU (108.4%)

PHY-1001 : Congestion index: top1 = 51.11, top5 = 40.39, top10 = 32.76, top15 = 25.33.
OPT-1001 : End congestion update;  0.117596s wall, 0.109375s user + 0.000000s system = 0.109375s CPU (93.0%)

OPT-1001 : Update timing in Manhattan mode
TMR-2503 : Start to update net delay, extr mode = 3.
TMR-2504 : Update delay of 1210 nets completely.
TMR-2502 : Annotate delay completely, extr mode = 3.
TMR-3501 : Forward propagation: start to calculate arrival time...
TMR-3502 : Backward propagation: start to calculate required time...
TMR-3503 : Timing propagation completes.
OPT-1001 : End timing update;  0.024565s wall, 0.031250s user + 0.000000s system = 0.031250s CPU (127.2%)

OPT-0007 : Start: WNS 2147483647 TNS 0 NUM_FEPS 0
OPT-1001 : End global optimization;  0.142242s wall, 0.140625s user + 0.000000s system = 0.140625s CPU (98.9%)

OPT-1001 : Current memory(MB): used = 146, reserve = 117, peak = 146.
OPT-1001 : End physical optimization;  0.450435s wall, 0.453125s user + 0.000000s system = 0.453125s CPU (100.6%)

PHY-3001 : Start packing ...
SYN-4007 : Packing 0 MUX to BLE ...
SYN-4008 : Packed 0 MUX and 0 SEQ to BLE.
SYN-4007 : Packing 432 LUT to BLE ...
SYN-4008 : Packed 432 LUT and 35 SEQ to BLE.
SYN-4003 : Packing 627 remaining SEQ's ...
SYN-4005 : Packed 399 SEQ with LUT/SLICE
SYN-4006 : 0 single LUT's are left
SYN-4006 : 228 single SEQ's are left
SYN-4011 : Packing model "SF1_SOC" (AL_USER_NORMAL) with 660/770 primitive instances ...
PHY-3001 : End packing;  0.051313s wall, 0.046875s user + 0.000000s system = 0.046875s CPU (91.4%)

PHY-1001 : Populate physical database on model SF1_SOC.
RUN-1001 : There are total 425 instances
RUN-1001 : 197 mslices, 197 lslices, 25 pads, 0 brams, 0 dsps
RUN-1001 : There are total 1177 nets
RUN-6004 WARNING: There are 3 nets with only 1 pin.
RUN-1001 : 1010 nets have 2 pins
RUN-1001 : 91 nets have [3 - 5] pins
RUN-1001 : 6 nets have [6 - 10] pins
RUN-1001 : 50 nets have [11 - 20] pins
RUN-1001 : 12 nets have [21 - 99] pins
RUN-1001 : 5 nets have 100+ pins
PHY-3001 : design contains 423 instances, 394 slices, 1 macros(9 instances: 0 mslices 9 lslices)
PHY-3001 : Cell area utilization is 17%
PHY-3001 : After packing: Len = 23610.8, Over = 36.25
PHY-3001 : Run with size of 1
PHY-3001 : Cell area utilization is 17%
PHY-3001 : Update timing in Manhattan mode ...
RUN-1002 : start command "start_timer -report"
TMR-2505 : Start building timing graph for model SF1_SOC.
TMR-2506 : Build timing graph completely. Port num: 12, tpin num: 4752, tnet num: 1175, tinst num: 423, tnode num: 6550, tedge num: 7568.
TMR-2508 : Levelizing timing graph completed, there are 21 levels in total.
TMR-2501 : Timing graph initialized successfully.
TMR-2503 : Start to update net delay, extr mode = 3.
TMR-2504 : Update delay of 1175 nets completely.
TMR-2502 : Annotate delay completely, extr mode = 3.
TMR-3001 : Initiate 0 clocks from SDC.
TMR-3004 : Map sdc constraints, there are 0 constraints in total.
TMR-3003 : Constraints initiated successfully.
TMR-3501 : Forward propagation: start to calculate arrival time...
TMR-3502 : Backward propagation: start to calculate required time...
TMR-3503 : Timing propagation completes.
PHY-3001 : End timing update;  0.198791s wall, 0.203125s user + 0.000000s system = 0.203125s CPU (102.2%)

PHY-3001 : :::0::: Try harder cell spreading with beta_ = 2.4203e-05
PHY-3002 : Step(79): len = 22209, overlap = 40.25
PHY-3002 : Step(80): len = 21811.4, overlap = 43
PHY-3002 : Step(81): len = 21386.6, overlap = 44.75
PHY-3002 : Step(82): len = 20873.7, overlap = 43.25
PHY-3002 : Step(83): len = 20833.6, overlap = 42.5
PHY-3002 : Step(84): len = 20644.4, overlap = 42.5
PHY-3001 : :::1::: Try harder cell spreading with beta_ = 4.8406e-05
PHY-3002 : Step(85): len = 21291.1, overlap = 38.75
PHY-3002 : Step(86): len = 21600.8, overlap = 36.5
PHY-3002 : Step(87): len = 21606.3, overlap = 37
PHY-3001 : :::2::: Try harder cell spreading with beta_ = 8.56222e-05
PHY-3002 : Step(88): len = 22136.7, overlap = 37.25
PHY-3002 : Step(89): len = 22921, overlap = 34.5
PHY-3002 : Step(90): len = 22903.8, overlap = 33
PHY-3002 : Step(91): len = 22976.7, overlap = 33
PHY-3002 : Step(92): len = 23096.2, overlap = 33.25
PHY-3001 : :::3::: Try harder cell spreading with beta_ = 0.000138537
PHY-3002 : Step(93): len = 23433.9, overlap = 32.5
PHY-3002 : Step(94): len = 23812.3, overlap = 32
PHY-3002 : Step(95): len = 24105.4, overlap = 33
PHY-3001 : :::4::: Try harder cell spreading with beta_ = 0.000258736
PHY-3002 : Step(96): len = 24284.5, overlap = 30.5
PHY-3002 : Step(97): len = 24814.9, overlap = 28.25
PHY-3002 : Step(98): len = 25170.7, overlap = 24.5
PHY-3002 : Step(99): len = 25470.5, overlap = 25
PHY-3002 : Step(100): len = 25679.8, overlap = 24.5
PHY-3002 : Step(101): len = 25734.5, overlap = 22.75
PHY-3001 : Legalization ...
PHY-3001 : End legalization;  0.073679s wall, 0.062500s user + 0.218750s system = 0.281250s CPU (381.7%)

PHY-3001 : Trial Legalized: Len = 27873.8
PHY-3001 : Run with size of 1
PHY-3001 : Cell area utilization is 17%
PHY-3001 : Update timing in Manhattan mode ...
TMR-2503 : Start to update net delay, extr mode = 3.
TMR-2504 : Update delay of 1175 nets completely.
TMR-2502 : Annotate delay completely, extr mode = 3.
TMR-3501 : Forward propagation: start to calculate arrival time...
TMR-3502 : Backward propagation: start to calculate required time...
TMR-3503 : Timing propagation completes.
PHY-3001 : End timing update;  0.038314s wall, 0.031250s user + 0.000000s system = 0.031250s CPU (81.6%)

PHY-3001 : :::0::: Try harder cell spreading with beta_ = 9.87644e-05
PHY-3002 : Step(102): len = 25948, overlap = 13.75
PHY-3002 : Step(103): len = 25399.9, overlap = 24
PHY-3002 : Step(104): len = 25004.8, overlap = 26.75
PHY-3002 : Step(105): len = 24695.3, overlap = 28.5
PHY-3002 : Step(106): len = 24468.1, overlap = 29.25
PHY-3001 : :::1::: Try harder cell spreading with beta_ = 0.000184662
PHY-3002 : Step(107): len = 24733.9, overlap = 27.75
PHY-3002 : Step(108): len = 25006.1, overlap = 26.75
PHY-3002 : Step(109): len = 25032, overlap = 26.75
PHY-3001 : :::2::: Try harder cell spreading with beta_ = 0.000324016
PHY-3002 : Step(110): len = 25229.4, overlap = 25
PHY-3002 : Step(111): len = 25573.3, overlap = 24.5
PHY-3001 : Legalization ...
PHY-3001 : End legalization;  0.003237s wall, 0.000000s user + 0.000000s system = 0.000000s CPU (n/a%)

PHY-3001 : Legalized: Len = 27495.8, Over = 0
PHY-3001 : End spreading;  0.003104s wall, 0.000000s user + 0.000000s system = 0.000000s CPU (n/a%)

PHY-3001 : Final: Len = 27495.8, Over = 0
RUN-1003 : finish command "place" in  2.643819s wall, 4.031250s user + 1.750000s system = 5.781250s CPU (218.7%)

RUN-1004 : used memory is 134 MB, reserved memory is 106 MB, peak memory is 148 MB
RUN-1002 : start command "export_db pwm_demo_place.db"
RUN-1001 : Exported /
RUN-1001 : Exported flow parameters
RUN-1001 : Exported libs
RUN-1001 : Exported entities
RUN-1001 : Exported ports
RUN-1001 : Exported pins
RUN-1001 : Exported instances
RUN-1001 : Exported nets
RUN-1001 : Exported buses
RUN-1001 : Exported models
RUN-1001 : Exported congestions
RUN-1001 : Exported violations
RUN-1001 : Exported timing constraints
RUN-1001 : Exported IO constraints
RUN-1001 : Exported Inst constraints
RUN-1002 : start command "route"
RUN-1001 : Open license file D:/XILINX_EXE/TD_5.6/license/Anlogic.lic
RUN-1001 : Print Global Property
RUN-1001 : ---------------------------------------------------------------
RUN-1001 :        Parameters        |  Settings  |  Default Values  |  Note  
RUN-1001 : ---------------------------------------------------------------
RUN-1001 :          message         |  standard  |     standard     |        
RUN-1001 :   mixed_pack_place_flow  |     on     |        on        |        
RUN-1001 :        qor_monitor       |    off     |       off        |        
RUN-1001 :        syn_ip_flow       |    off     |       off        |        
RUN-1001 :          thread          |    auto    |       auto       |        
RUN-1001 : ---------------------------------------------------------------
RUN-1001 : Print Route Property
RUN-1001 : -------------------------------------------------------
RUN-1001 :    Parameters    |  Settings  |  Default Values  |  Note  
RUN-1001 : -------------------------------------------------------
RUN-1001 :      effort      |   medium   |      medium      |        
RUN-1001 :     fix_hold     |    off     |       off        |        
RUN-1001 :    opt_timing    |   medium   |      medium      |        
RUN-1001 :   phy_sim_model  |    off     |       off        |        
RUN-1001 :     priority     |   timing   |      timing      |        
RUN-1001 :     swap_pin     |     on     |        on        |        
RUN-1001 : -------------------------------------------------------
PHY-1001 : Route runs in 8 thread(s)
RUN-1001 : There are total 425 instances
RUN-1001 : 197 mslices, 197 lslices, 25 pads, 0 brams, 0 dsps
RUN-1001 : There are total 1177 nets
RUN-6004 WARNING: There are 3 nets with only 1 pin.
RUN-1001 : 1010 nets have 2 pins
RUN-1001 : 91 nets have [3 - 5] pins
RUN-1001 : 6 nets have [6 - 10] pins
RUN-1001 : 50 nets have [11 - 20] pins
RUN-1001 : 12 nets have [21 - 99] pins
RUN-1001 : 5 nets have 100+ pins
RUN-1002 : start command "start_timer -report"
TMR-2505 : Start building timing graph for model SF1_SOC.
TMR-2506 : Build timing graph completely. Port num: 12, tpin num: 4752, tnet num: 1175, tinst num: 423, tnode num: 6550, tedge num: 7568.
TMR-2508 : Levelizing timing graph completed, there are 21 levels in total.
TMR-2501 : Timing graph initialized successfully.
PHY-1001 : 197 mslices, 197 lslices, 25 pads, 0 brams, 0 dsps
TMR-2503 : Start to update net delay, extr mode = 3.
TMR-2504 : Update delay of 1175 nets completely.
TMR-2502 : Annotate delay completely, extr mode = 3.
TMR-3001 : Initiate 0 clocks from SDC.
TMR-3004 : Map sdc constraints, there are 0 constraints in total.
TMR-3003 : Constraints initiated successfully.
TMR-3501 : Forward propagation: start to calculate arrival time...
TMR-3502 : Backward propagation: start to calculate required time...
TMR-3503 : Timing propagation completes.
PHY-1001 : Start global routing, caller is route ...
RUN-1001 : Generating global routing grids ...
PHY-1001 : Generate routing nets ...
PHY-1001 : Global iterations in 8 thread ...
PHY-1002 : len = 37880, over cnt = 177(1%), over = 297, worst = 5
PHY-1002 : len = 39872, over cnt = 85(0%), over = 110, worst = 3
PHY-1002 : len = 41336, over cnt = 5(0%), over = 5, worst = 1
PHY-1002 : len = 41448, over cnt = 1(0%), over = 1, worst = 1
PHY-1001 : End global iterations;  0.139605s wall, 0.140625s user + 0.000000s system = 0.140625s CPU (100.7%)

PHY-1001 : Congestion index: top1 = 50.07, top5 = 41.11, top10 = 34.30, top15 = 28.17.
PHY-1001 : End global routing;  0.161561s wall, 0.171875s user + 0.000000s system = 0.171875s CPU (106.4%)

PHY-1001 : Start detail routing ...
PHY-1001 : Current memory(MB): used = 162, reserve = 133, peak = 165.
PHY-1001 : Detailed router is running in normal mode.
PHY-1001 : Generate detailed routing grids ...
PHY-1001 : Generate nets ...
PHY-1001 : net I_clk_25m_dup_1 will be routed on clock mesh
PHY-5010 WARNING: Net u_ahb_pwm/I_ahb_hsize[2] is skipped due to 0 input or output
PHY-5010 WARNING: Net u_ahb_pwm/I_ahb_hsize[1] is skipped due to 0 input or output
PHY-5010 WARNING: Net u_ahb_pwm/I_ahb_hsize[0] is skipped due to 0 input or output
PHY-1001 : clock net u_ahb_pwm/I_ahb_clk will be merged with clock u_pll/clk0_buf
PHY-5010 WARNING: Net u_ahb_pwm/I_ahb_hsize[2] is skipped due to 0 input or output
PHY-5010 WARNING: Net u_ahb_pwm/I_ahb_hsize[1] is skipped due to 0 input or output
PHY-5010 WARNING: Net u_ahb_pwm/I_ahb_hsize[0] is skipped due to 0 input or output
PHY-1001 : Current memory(MB): used = 252, reserve = 224, peak = 252.
PHY-1001 : End build detailed router design. 1.328219s wall, 1.296875s user + 0.031250s system = 1.328125s CPU (100.0%)

PHY-1001 : Detail Route ...
PHY-1001 : ===== Detail Route Phase 1 =====
PHY-1001 : Clock net routing.....
PHY-1001 : Routed 0% nets.
PHY-1022 : len = 10848, over cnt = 0(0%), over = 0, worst = 0, crit = 0
PHY-1001 : End initial clock net routed; 0.094869s wall, 0.093750s user + 0.000000s system = 0.093750s CPU (98.8%)

PHY-1001 : Current memory(MB): used = 263, reserve = 235, peak = 263.
PHY-1001 : End phase 1; 0.097280s wall, 0.093750s user + 0.000000s system = 0.093750s CPU (96.4%)

PHY-1001 : ===== Detail Route Phase 2 =====
PHY-1001 : Initial routing.....
PHY-1001 : Routed 27% nets.
PHY-1001 : Routed 29% nets.
PHY-1001 : Routed 29% nets.
PHY-1001 : Patch 803 net; 0.666265s wall, 0.671875s user + 0.000000s system = 0.671875s CPU (100.8%)

PHY-1022 : len = 73896, over cnt = 369(0%), over = 376, worst = 2, crit = 0
PHY-1001 : Current memory(MB): used = 264, reserve = 237, peak = 264.
PHY-1001 : End initial routed; 0.711810s wall, 0.703125s user + 0.000000s system = 0.703125s CPU (98.8%)

PHY-1001 : Update timing.....
PHY-1001 : 0/1153(0%) critical/total net(s).
RUN-1001 : ------------------------------------------
RUN-1001 :   Type   |    WNS(ns)    |  TNS(ns)  |  FEP  
RUN-1001 : ------------------------------------------
RUN-1001 :   Setup  |  2147483.647  |   0.000   |   0   
RUN-1001 :   Hold   |  2147483.647  |   0.000   |   0   
RUN-1001 : ------------------------------------------
PHY-1001 : End update timing; 0.229914s wall, 0.234375s user + 0.000000s system = 0.234375s CPU (101.9%)

PHY-1001 : Current memory(MB): used = 267, reserve = 239, peak = 267.
PHY-1001 : End phase 2; 0.941776s wall, 0.937500s user + 0.000000s system = 0.937500s CPU (99.5%)

PHY-1001 : ===== Detail Route Phase 3 =====
PHY-1001 : Optimize timing.....
PHY-1022 : len = 73896, over cnt = 369(0%), over = 376, worst = 2, crit = 0
PHY-1001 : End optimize timing; 0.003128s wall, 0.000000s user + 0.000000s system = 0.000000s CPU (n/a%)

PHY-1001 : Ripup-reroute.....
PHY-1001 : ===== DR Iter 1 =====
PHY-1022 : len = 72920, over cnt = 99(0%), over = 99, worst = 1, crit = 0
PHY-1001 : End DR Iter 1; 0.677435s wall, 0.671875s user + 0.015625s system = 0.687500s CPU (101.5%)

PHY-1001 : ===== DR Iter 2 =====
PHY-1022 : len = 73344, over cnt = 29(0%), over = 29, worst = 1, crit = 0
PHY-1001 : End DR Iter 2; 0.126015s wall, 0.125000s user + 0.000000s system = 0.125000s CPU (99.2%)

PHY-1001 : ===== DR Iter 3 =====
PHY-1022 : len = 73632, over cnt = 5(0%), over = 5, worst = 1, crit = 0
PHY-1001 : End DR Iter 3; 0.091959s wall, 0.093750s user + 0.000000s system = 0.093750s CPU (101.9%)

PHY-1001 : ===== DR Iter 4 =====
PHY-1022 : len = 73792, over cnt = 0(0%), over = 0, worst = 0, crit = 0
PHY-1001 : End DR Iter 4; 0.027590s wall, 0.031250s user + 0.000000s system = 0.031250s CPU (113.3%)

PHY-1001 : Update timing.....
PHY-1001 : 0/1153(0%) critical/total net(s).
RUN-1001 : ------------------------------------------
RUN-1001 :   Type   |    WNS(ns)    |  TNS(ns)  |  FEP  
RUN-1001 : ------------------------------------------
RUN-1001 :   Setup  |  2147483.647  |   0.000   |   0   
RUN-1001 :   Hold   |  2147483.647  |   0.000   |   0   
RUN-1001 : ------------------------------------------
PHY-1001 : End update timing; 0.231637s wall, 0.218750s user + 0.000000s system = 0.218750s CPU (94.4%)

PHY-1001 : Commit to database.....
PHY-5014 WARNING: Detail route doesn't find pib for u_pll/pll_inst.frac_offset_valid[0]
PHY-5014 WARNING: Detail route doesn't find pib for u_pll/pll_inst.dsm_refclk[0]
PHY-5014 WARNING: Detail route doesn't find pib for u_pll/pll_inst.dsm_rst[0]
PHY-5014 WARNING: Detail route doesn't find pib for u_pll/pll_inst.ssc_en[0]
PHY-1001 : 180 feed throughs used by 75 nets
PHY-1001 : End commit to database; 0.109489s wall, 0.093750s user + 0.015625s system = 0.109375s CPU (99.9%)

PHY-1001 : Current memory(MB): used = 277, reserve = 250, peak = 277.
PHY-1001 : End phase 3; 1.301390s wall, 1.281250s user + 0.031250s system = 1.312500s CPU (100.9%)

PHY-1003 : Routed, final wirelength = 73792
PHY-1001 : Current memory(MB): used = 277, reserve = 250, peak = 277.
PHY-1001 : End export database. 0.004352s wall, 0.015625s user + 0.000000s system = 0.015625s CPU (359.0%)

PHY-1001 : End detail routing;  3.757729s wall, 3.687500s user + 0.062500s system = 3.750000s CPU (99.8%)

RUN-1003 : finish command "route" in  4.146139s wall, 4.093750s user + 0.062500s system = 4.156250s CPU (100.2%)

RUN-1004 : used memory is 251 MB, reserved memory is 225 MB, peak memory is 278 MB
RUN-1002 : start command "report_area -io_info -file pwm_demo_phy.area"
RUN-1001 : standard
***Report Model: SF1_SOC Device: SF1S60CG121I***

IO Statistics
#IO                        19
  #input                    6
  #output                  13
  #inout                    0

Utilization Statistics
#lut                      451   out of   5824    7.74%
#reg                      662   out of   5824   11.37%
#le                       679
  #lut only                17   out of    679    2.50%
  #reg only               228   out of    679   33.58%
  #lut&reg                434   out of    679   63.92%
#dsp                        0   out of     10    0.00%
#bram                       0   out of     26    0.00%
  #bram9k                   0
  #fifo9k                   0
#hard-ip                    1
  #mcu                      1   out of      1  100.00%
  #dsc                      0   out of      1    0.00%
  #dsi                      0   out of      2    0.00%
  #psram controller         0   out of      2    0.00%
#pad                       19   out of     55   34.55%
  #ireg                     0
  #oreg                     0
  #treg                     0
#pll                        1   out of      2   50.00%
#gclk                       3   out of     16   18.75%

Clock Resource Statistics
Index     ClockNet           Type               DriverType         Driver                  Fanout
#1        u_pll/clk0_buf     GCLK               pll                u_pll/pll_inst.clkc0    389
#2        I_clk_25m_dup_1    GCLK               io                 I_clk_25m_syn_2.di      1


Detailed IO Report

     Name       Direction    Location    IOStandard    DriveStrength    PullType    PackReg  
  I_clk_25m       INPUT         D7        LVCMOS18          N/A          PULLUP      NONE    
  I_jtag_tck      INPUT         C7        LVCMOS18          N/A          PULLUP      NONE    
  I_jtag_tdi      INPUT         D5        LVCMOS18          N/A          PULLUP      NONE    
  I_jtag_tms      INPUT         D6        LVCMOS18          N/A          PULLUP      NONE    
   I_rst_n        INPUT         J2        LVCMOS18          N/A          PULLUP      NONE    
  I_uart_rx       INPUT         E4        LVCMOS18          N/A          PULLUP      NONE    
  O_jtag_tdo     OUTPUT         C6        LVCMOS18           8            NONE       NONE    
    O_led0       OUTPUT         J5        LVCMOS18           8            NONE       NONE    
    O_led1       OUTPUT         H5        LVCMOS18           8            NONE       NONE    
    O_led2       OUTPUT         G4        LVCMOS18           8            NONE       NONE    
  O_uart_tx      OUTPUT         A4        LVCMOS18           8            NONE       NONE    

Report Hierarchy Area:
+--------------------------------------------------------------------------+
|Instance    |Module  |le     |lut     |ripple  |seq     |bram    |dsp     |
+--------------------------------------------------------------------------+
|top         |SF1_SOC |679    |442     |9       |662     |0       |0       |
|  u_SF1_MCU |SF1_MCU |0      |0       |0       |0       |0       |0       |
|  u_ahb_pwm |ahb_pwm |679    |442     |9       |662     |0       |0       |
|  u_pll     |pll     |0      |0       |0       |0       |0       |0       |
+--------------------------------------------------------------------------+


DataNet Average Fanout:

   Index     Fanout     Nets  
    #1          1       999   
    #2          2        49   
    #3          3        37   
    #4          4        3    
    #5        5-10       6    
    #6        11-50      60   
    #7       51-100      2    
    #8       101-500     3    
  Average     2.73            

RUN-1002 : start command "export_db pwm_demo_pr.db"
RUN-1001 : Exported /
RUN-1001 : Exported flow parameters
RUN-1001 : Exported libs
RUN-1001 : Exported entities
RUN-1001 : Exported ports
RUN-1001 : Exported pins
RUN-1001 : Exported instances
RUN-1001 : Exported nets
RUN-1001 : Exported buses
RUN-1001 : Exported models
RUN-1001 : Exported congestions
RUN-1001 : Exported violations
RUN-1001 : Exported timing constraints
RUN-1001 : Exported IO constraints
RUN-1001 : Exported Inst constraints
RUN-1002 : start command "export_bid pwm_demo_inst.bid"
RUN-1002 : start command "bitgen -bit pwm_demo.bit"
BIT-1003 : Start to generate bitstream. 
BIT-1002 : Init instances with 8 threads.
BIT-1002 : Init instances completely, inst num: 423
BIT-1002 : Init pips with 8 threads.
BIT-1002 : Init pips completely, net num: 1177, pip num: 9667
BIT-1002 : Init feedthrough with 8 threads.
BIT-1002 : Init feedthrough completely, num: 180
BIT-1003 : Multithreading accelaration with 8 threads.
BIT-1003 : Generate bitstream completely, there are 371 valid insts, and 24603 bits set as '1'.
BIT-1004 : Generate bits file pwm_demo.bit.
RUN-1003 : finish command "bitgen -bit pwm_demo.bit" in  1.103791s wall, 5.000000s user + 0.046875s system = 5.046875s CPU (457.2%)

RUN-1004 : used memory is 248 MB, reserved memory is 220 MB, peak memory is 412 MB
RUN-1002 : start command "backup_run_log run.log ../.logs/phy_1/td_20231111_220117.log"
