============================================================
   Tang Dynasty, V5.6.59063
   Copyright (c) 2012-2022 Anlogic
   Executable = D:/XILINX_EXE/TD_5.6/bin/td.exe
   Built at =   12:45:13 Sep  6 2022
   Run by =     13456
   Run Date =   Sun Nov 12 13:09:57 2023

   Run on =     DESKTOP-1HJPLU7
============================================================
RUN-1002 : start command "open_project pwm_demo.prj"
RUN-1001 : Print Global Property
RUN-1001 : ---------------------------------------------------------------
RUN-1001 :        Parameters        |  Settings  |  Default Values  |  Note  
RUN-1001 : ---------------------------------------------------------------
RUN-1001 :          message         |  standard  |     standard     |        
RUN-1001 :   mixed_pack_place_flow  |     on     |        on        |        
RUN-1001 :        qor_monitor       |    off     |       off        |        
RUN-1001 :        syn_ip_flow       |    off     |       off        |        
RUN-1001 :          thread          |    auto    |       auto       |        
RUN-1001 : ---------------------------------------------------------------
RUN-1001 : Print Design Property
RUN-1001 : --------------------------------------------------------------
RUN-1001 :        Parameters       |  Settings  |  Default Values  |  Note  
RUN-1001 : --------------------------------------------------------------
RUN-1001 :   default_reg_initial   |    auto    |       auto       |        
RUN-1001 :        infer_add        |     on     |        on        |        
RUN-1001 :        infer_fsm        |    off     |       off        |        
RUN-1001 :        infer_mult       |     on     |        on        |        
RUN-1001 :        infer_ram        |     on     |        on        |        
RUN-1001 :        infer_reg        |     on     |        on        |        
RUN-1001 :   infer_reg_init_value  |     on     |        on        |        
RUN-1001 :        infer_rom        |     on     |        on        |        
RUN-1001 :      infer_shifter      |     on     |        on        |        
RUN-1001 : --------------------------------------------------------------
RUN-1001 : Print Rtl Property
RUN-1001 : --------------------------------------------------------------
RUN-1001 :        Parameters       |  Settings  |  Default Values  |  Note  
RUN-1001 : --------------------------------------------------------------
RUN-1001 :       compress_add      |   ripple   |      ripple      |        
RUN-1001 :        elf_sload        |    off     |       off        |        
RUN-1001 :       fix_undriven      |     0      |        0         |        
RUN-1001 :         flatten         |    off     |       off        |        
RUN-1001 :       gate_sharing      |     on     |        on        |        
RUN-1001 :    hdl_warning_level    |   normal   |      normal      |        
RUN-1001 :   impl_internal_tribuf  |     on     |        on        |        
RUN-1001 :      impl_set_reset     |     on     |        on        |        
RUN-1001 :        infer_gsr        |    off     |       off        |        
RUN-1001 :      keep_hierarchy     |    auto    |       auto       |        
RUN-1001 :        max_fanout       |    9999    |       9999       |        
RUN-1001 :      max_oh2bin_len     |     10     |        10        |        
RUN-1001 :       merge_equal       |     on     |        on        |        
RUN-1001 :       merge_equiv       |     on     |        on        |        
RUN-1001 :        merge_mux        |    off     |       off        |        
RUN-1001 :     min_control_set     |     8      |        8         |        
RUN-1001 :      min_ripple_len     |    auto    |       auto       |        
RUN-1001 :       oh2bin_ratio      |    0.08    |       0.08       |        
RUN-1001 :     opt_adder_fanout    |     on     |        on        |        
RUN-1001 :        opt_arith        |     on     |        on        |        
RUN-1001 :       opt_big_gate      |    off     |       off        |        
RUN-1001 :        opt_const        |     on     |        on        |        
RUN-1001 :      opt_const_mult     |     on     |        on        |        
RUN-1001 :       opt_lessthan      |     on     |        on        |        
RUN-1001 :         opt_mux         |    off     |       off        |        
RUN-1001 :         opt_ram         |    high    |       high       |        
RUN-1001 :      rtl_sim_model      |    off     |       off        |        
RUN-1001 :         seq_syn         |     on     |        on        |        
RUN-1001 : --------------------------------------------------------------
HDL-1007 : analyze verilog file ../../al_ip/SF1_MCU.v
HDL-1007 : analyze verilog file ../../al_ip/pll.v
HDL-1007 : undeclared symbol 'open', assumed default net type 'wire' in ../../al_ip/pll.v(88)
HDL-1007 : analyze verilog file ../../al_ip/rom_weight.v
HDL-1007 : analyze verilog file ../../SF1_SOC.v
HDL-1007 : analyze verilog file ../../ahb_pwm.v
HDL-5007 WARNING: identifier 'weight1' is used before its declaration in ../../ahb_pwm.v(361)
HDL-5007 WARNING: identifier 'fc_pipe4' is used before its declaration in ../../ahb_pwm.v(363)
HDL-5007 WARNING: identifier 'weight47' is used before its declaration in ../../ahb_pwm.v(364)
HDL-5007 WARNING: identifier 'weight46' is used before its declaration in ../../ahb_pwm.v(365)
HDL-5007 WARNING: identifier 'weight45' is used before its declaration in ../../ahb_pwm.v(366)
HDL-5007 WARNING: identifier 'weight44' is used before its declaration in ../../ahb_pwm.v(367)
HDL-5007 WARNING: identifier 'weight43' is used before its declaration in ../../ahb_pwm.v(368)
HDL-5007 WARNING: identifier 'weight42' is used before its declaration in ../../ahb_pwm.v(369)
HDL-5007 WARNING: identifier 'weight41' is used before its declaration in ../../ahb_pwm.v(370)
HDL-5007 WARNING: identifier 'weight40' is used before its declaration in ../../ahb_pwm.v(371)
HDL-5007 Similar messages will be suppressed.
HDL-1007 : analyze verilog file ../../gpio_controler.v
RUN-1001 : Project manager successfully analyzed 6 source files.
RUN-1002 : start command "import_device sf1_6.db -package SF1S60CG121I"
ARC-1001 : Device Initialization.
ARC-1001 : -------------------------------------------------
ARC-1001 :       OPTION       |      IO       |   SETTING   
ARC-1001 : -------------------------------------------------
ARC-1001 :        done        |      B4       |    gpio    
ARC-1001 :        initn       |      A5       |    gpio    
ARC-1001 :       jtagen       |      B7       |    gpio    
ARC-1001 :      programn      |      B5       |  dedicate  
ARC-1001 :   tdi/tms/tck/tdo  |  C4/A6/A7/C5  |  dedicate  
ARC-1001 : -------------------------------------------------
ARC-1004 : Device setting, marked 5 dedicate IOs in total.
RUN-1002 : start command "import_db ../syn_1/pwm_demo_gate.db"
RUN-1001 : Importing database generated by Tang Dynasty, V5.6.59063.
RUN-1001 : Database version number 46140.
RUN-1001 : Import flow parameters
RUN-1001 : Import timing constraints
RUN-1001 : Import IO constraints
RUN-1001 : Import Inst constraints
RUN-1001 : Import design success TD_VERSION=5.6.59063 , DB_VERSION=46140
RUN-1002 : start command "read_sdc"
USR-1002 : read_sdc file_name -help -h -eco
USR-1009 : NO module with IP_SDC ...
RUN-1104 : Import SDC file  finished, there are 0 nets kept by constraints.
RUN-1002 : start command "place"
RUN-1001 : Open license file D:/XILINX_EXE/TD_5.6/license/Anlogic.lic
RUN-1001 : Print Global Property
RUN-1001 : ---------------------------------------------------------------
RUN-1001 :        Parameters        |  Settings  |  Default Values  |  Note  
RUN-1001 : ---------------------------------------------------------------
RUN-1001 :          message         |  standard  |     standard     |        
RUN-1001 :   mixed_pack_place_flow  |     on     |        on        |        
RUN-1001 :        qor_monitor       |    off     |       off        |        
RUN-1001 :        syn_ip_flow       |    off     |       off        |        
RUN-1001 :          thread          |    auto    |       auto       |        
RUN-1001 : ---------------------------------------------------------------
RUN-1001 : Print Place Property
RUN-1001 : --------------------------------------------------------------
RUN-1001 :        Parameters       |  Settings  |  Default Values  |  Note  
RUN-1001 : --------------------------------------------------------------
RUN-1001 :      detailed_place     |     on     |        on        |        
RUN-1001 :          effort         |   medium   |      medium      |        
RUN-1001 :         fix_hold        |    off     |       off        |        
RUN-1001 :       legalization      |    ori     |       ori        |        
RUN-1001 :      new_spreading      |     on     |        on        |        
RUN-1001 :        opt_timing       |   medium   |      medium      |        
RUN-1001 :   post_clock_route_opt  |    off     |       off        |        
RUN-1001 :       pr_strategy       |     1      |        1         |        
RUN-1001 :        relaxation       |    1.00    |       1.00       |        
RUN-1001 :         retiming        |    off     |       off        |        
RUN-1001 : --------------------------------------------------------------
PHY-3001 : Placer runs in 8 thread(s).
RUN-1002 : start command "legalize_phy_inst"
SYN-1011 : Flatten model SF1_SOC
RUN-1002 : start command "phys_opt -simplify_lut"
SYN-4016 : Net u_ahb_pwm/I_ahb_clk driven by BUFG (1360 clock/control pins, 1 other pins).
SYN-4019 : Net I_clk_25m_dup_1 is refclk of pll u_pll/pll_inst.
SYN-4020 : Net I_clk_25m_dup_1 is fbclk of pll u_pll/pll_inst.
SYN-4025 : Tag rtl::Net I_clk_25m_dup_1 as clock net
SYN-4025 : Tag rtl::Net u_ahb_pwm/I_ahb_clk as clock net
SYN-4026 : Tagged 2 rtl::Net as clock net
PHY-1001 : Populate physical database on model SF1_SOC.
RUN-1001 : There are total 5544 instances
RUN-0007 : 3135 luts, 1313 seqs, 682 mslices, 355 lslices, 25 pads, 18 brams, 10 dsps
RUN-1001 : There are total 8518 nets
RUN-6004 WARNING: There are 3 nets with only 1 pin.
RUN-1001 : 7893 nets have 2 pins
RUN-1001 : 89 nets have [3 - 5] pins
RUN-1001 : 308 nets have [6 - 10] pins
RUN-1001 : 90 nets have [11 - 20] pins
RUN-1001 : 127 nets have [21 - 99] pins
RUN-1001 : 8 nets have 100+ pins
RUN-1001 : Report Control nets information:
RUN-1001 : DFF Distribution
RUN-1001 : ----------------------------------
RUN-1001 :   CE   |  SSR  |  ASR  |  DFF Count  
RUN-1001 : ----------------------------------
RUN-1001 :   No   |  No   |  No   |      2      
RUN-1001 :   No   |  No   |  Yes  |     163     
RUN-1001 :   No   |  Yes  |  No   |      0      
RUN-1001 :   Yes  |  No   |  No   |      0      
RUN-1001 :   Yes  |  No   |  Yes  |    1148     
RUN-1001 :   Yes  |  Yes  |  No   |      0      
RUN-1001 : ----------------------------------
RUN-0007 : Control Group Statistic
RUN-0007 : ---------------------------
RUN-0007 :   #CLK  |  #CE  |  #SSR/ASR  
RUN-0007 : ---------------------------
RUN-0007 :    1    |  43   |     2      
RUN-0007 : ---------------------------
RUN-0007 : Control Set = 44
PHY-3001 : Initial placement ...
PHY-3001 : design contains 5542 instances, 3135 luts, 1313 seqs, 1037 slices, 140 macros(1037 instances: 682 mslices 355 lslices)
PHY-3001 : Huge net I_rst_n_dup_1 with 1358 pins
PHY-0007 : Cell area utilization is 89%
PHY-3001 : Start timing update ...
RUN-1002 : start command "start_timer -report"
TMR-2505 : Start building timing graph for model SF1_SOC.
TMR-2506 : Build timing graph completely. Port num: 12, tpin num: 28208, tnet num: 8516, tinst num: 5542, tnode num: 33389, tedge num: 54481.
TMR-2508 : Levelizing timing graph completed, there are 47 levels in total.
TMR-2501 : Timing graph initialized successfully.
TMR-2503 : Start to update net delay, extr mode = 2.
TMR-2504 : Update delay of 8516 nets completely.
TMR-2502 : Annotate delay completely, extr mode = 2.
TMR-3001 : Initiate 0 clocks from SDC.
TMR-3004 : Map sdc constraints, there are 0 constraints in total.
TMR-3003 : Constraints initiated successfully.
TMR-3501 : Forward propagation: start to calculate arrival time...
TMR-3502 : Backward propagation: start to calculate required time...
TMR-3503 : Timing propagation completes.
PHY-3001 : End timing update;  0.533205s wall, 0.515625s user + 0.015625s system = 0.531250s CPU (99.6%)

PHY-3001 : Global placement ...
PHY-3001 : Initial: Len = 1.16619e+06
PHY-3001 : Run with size of 3
PHY-3001 : Cell area utilization is 89%
PHY-3001 : :::0::: Try harder cell spreading with beta_ = 0
PHY-3002 : Step(1): len = 765265, overlap = 242.5
PHY-3002 : Step(2): len = 699132, overlap = 303.562
PHY-3002 : Step(3): len = 470696, overlap = 377.531
PHY-3002 : Step(4): len = 420879, overlap = 409.812
PHY-3002 : Step(5): len = 355897, overlap = 434
PHY-3002 : Step(6): len = 338327, overlap = 448.469
PHY-3002 : Step(7): len = 287612, overlap = 466.344
PHY-3002 : Step(8): len = 259595, overlap = 494.031
PHY-3002 : Step(9): len = 216918, overlap = 513.969
PHY-3002 : Step(10): len = 205473, overlap = 528.875
PHY-3002 : Step(11): len = 182956, overlap = 552.25
PHY-3002 : Step(12): len = 172191, overlap = 561.625
PHY-3002 : Step(13): len = 156435, overlap = 572.438
PHY-3002 : Step(14): len = 130905, overlap = 591.625
PHY-3002 : Step(15): len = 131606, overlap = 592.875
PHY-3002 : Step(16): len = 125018, overlap = 600.906
PHY-3001 : :::1::: Try harder cell spreading with beta_ = 1.92438e-06
PHY-3002 : Step(17): len = 123931, overlap = 595.344
PHY-3002 : Step(18): len = 125073, overlap = 590
PHY-3002 : Step(19): len = 129968, overlap = 563.719
PHY-3002 : Step(20): len = 134334, overlap = 559.281
PHY-3002 : Step(21): len = 131911, overlap = 561.844
PHY-3002 : Step(22): len = 133457, overlap = 562.719
PHY-3002 : Step(23): len = 135510, overlap = 563.344
PHY-3002 : Step(24): len = 130273, overlap = 573.531
PHY-3002 : Step(25): len = 129474, overlap = 581.844
PHY-3002 : Step(26): len = 124974, overlap = 580.625
PHY-3002 : Step(27): len = 121831, overlap = 584.844
PHY-3002 : Step(28): len = 120722, overlap = 586.812
PHY-3002 : Step(29): len = 116348, overlap = 589.344
PHY-3002 : Step(30): len = 114345, overlap = 591.469
PHY-3002 : Step(31): len = 114416, overlap = 585.344
PHY-3002 : Step(32): len = 112466, overlap = 589.719
PHY-3002 : Step(33): len = 112573, overlap = 589.531
PHY-3002 : Step(34): len = 112626, overlap = 589.469
PHY-3001 : :::2::: Try harder cell spreading with beta_ = 3.84875e-06
PHY-3002 : Step(35): len = 113764, overlap = 583.469
PHY-3002 : Step(36): len = 114250, overlap = 582.844
PHY-3002 : Step(37): len = 117819, overlap = 577.344
PHY-3001 : :::3::: Try harder cell spreading with beta_ = 6.47497e-06
PHY-3002 : Step(38): len = 119341, overlap = 571.75
PHY-3002 : Step(39): len = 121214, overlap = 563.062
PHY-3002 : Step(40): len = 139344, overlap = 522.656
PHY-3002 : Step(41): len = 156478, overlap = 488.188
PHY-3002 : Step(42): len = 155047, overlap = 479.25
PHY-3002 : Step(43): len = 155451, overlap = 474.781
PHY-3002 : Step(44): len = 156998, overlap = 471.688
PHY-3002 : Step(45): len = 155381, overlap = 467.094
PHY-3002 : Step(46): len = 155062, overlap = 460.125
PHY-3002 : Step(47): len = 155910, overlap = 448.906
PHY-3002 : Step(48): len = 156181, overlap = 447.531
PHY-3002 : Step(49): len = 154553, overlap = 448.906
PHY-3002 : Step(50): len = 154686, overlap = 449.594
PHY-3002 : Step(51): len = 153997, overlap = 447.906
PHY-3001 : :::4::: Try harder cell spreading with beta_ = 1.29499e-05
PHY-3002 : Step(52): len = 159292, overlap = 422.906
PHY-3002 : Step(53): len = 160033, overlap = 424.344
PHY-3002 : Step(54): len = 162639, overlap = 405.75
PHY-3002 : Step(55): len = 164082, overlap = 404.719
PHY-3002 : Step(56): len = 171882, overlap = 371.469
PHY-3002 : Step(57): len = 177438, overlap = 352.844
PHY-3002 : Step(58): len = 178878, overlap = 349.094
PHY-3002 : Step(59): len = 179595, overlap = 343.75
PHY-3002 : Step(60): len = 180883, overlap = 334.969
PHY-3002 : Step(61): len = 181772, overlap = 332.812
PHY-3002 : Step(62): len = 181747, overlap = 329.156
PHY-3002 : Step(63): len = 181725, overlap = 325.625
PHY-3002 : Step(64): len = 181502, overlap = 324.531
PHY-3002 : Step(65): len = 181223, overlap = 325.562
PHY-3002 : Step(66): len = 180936, overlap = 318.156
PHY-3001 : :::5::: Try harder cell spreading with beta_ = 2.58999e-05
PHY-3002 : Step(67): len = 184120, overlap = 307.094
PHY-3002 : Step(68): len = 184512, overlap = 305.031
PHY-3002 : Step(69): len = 187593, overlap = 299
PHY-3002 : Step(70): len = 188403, overlap = 290.812
PHY-3002 : Step(71): len = 189658, overlap = 279.125
PHY-3002 : Step(72): len = 190269, overlap = 277.844
PHY-3002 : Step(73): len = 193370, overlap = 272.656
PHY-3001 : :::6::: Try harder cell spreading with beta_ = 4.29229e-05
PHY-3002 : Step(74): len = 195512, overlap = 275.031
PHY-3002 : Step(75): len = 196066, overlap = 275.344
PHY-3002 : Step(76): len = 202156, overlap = 255.625
PHY-3002 : Step(77): len = 207911, overlap = 235.5
PHY-3002 : Step(78): len = 209705, overlap = 230.688
PHY-3002 : Step(79): len = 210347, overlap = 225.062
PHY-3002 : Step(80): len = 211420, overlap = 213.031
PHY-3002 : Step(81): len = 213964, overlap = 207.969
PHY-3002 : Step(82): len = 215872, overlap = 200.625
PHY-3002 : Step(83): len = 215791, overlap = 193.312
PHY-3002 : Step(84): len = 215645, overlap = 191.281
PHY-3002 : Step(85): len = 215684, overlap = 184.438
PHY-3002 : Step(86): len = 215576, overlap = 183.312
PHY-3001 : :::7::: Try harder cell spreading with beta_ = 8.58459e-05
PHY-3002 : Step(87): len = 217623, overlap = 192.125
PHY-3002 : Step(88): len = 217887, overlap = 192.062
PHY-3002 : Step(89): len = 218358, overlap = 185.375
PHY-3001 : Legalization ...
PHY-3001 : End legalization;  0.031868s wall, 0.015625s user + 0.015625s system = 0.031250s CPU (98.1%)

PHY-3001 : Run with size of 3
PHY-3001 : Cell area utilization is 91%
PHY-3001 : Analyzing congestion ...
RUN-1001 : Generating global routing grids ...
RUN-1001 : Building simple global routing graph ...
PHY-1001 : Generate routing nets ...
PHY-1001 : Reuse net number 0/8518.
PHY-1001 : Global iterations in 8 thread ...
PHY-1002 : len = 273624, over cnt = 1291(11%), over = 7859, worst = 47
PHY-1001 : End global iterations;  0.374768s wall, 0.390625s user + 0.046875s system = 0.437500s CPU (116.7%)

PHY-1001 : Congestion index: top1 = 115.49, top5 = 96.79, top10 = 86.78, top15 = 80.02.
PHY-3001 : End congestion estimation;  0.462205s wall, 0.468750s user + 0.062500s system = 0.531250s CPU (114.9%)

PHY-3001 : Update density targets...
PHY-3001 : Update congestion history...
PHY-3001 : Update timing in global mode ...
TMR-2503 : Start to update net delay, extr mode = 5.
TMR-2504 : Update delay of 8516 nets completely.
TMR-2502 : Annotate delay completely, extr mode = 5.
TMR-3501 : Forward propagation: start to calculate arrival time...
TMR-3502 : Backward propagation: start to calculate required time...
TMR-3503 : Timing propagation completes.
PHY-3001 : End timing update;  0.159345s wall, 0.156250s user + 0.000000s system = 0.156250s CPU (98.1%)

PHY-3001 : :::0::: Try harder cell spreading with beta_ = 3.12239e-06
PHY-3002 : Step(90): len = 208292, overlap = 246.125
PHY-3002 : Step(91): len = 191747, overlap = 329.656
PHY-3002 : Step(92): len = 175962, overlap = 359.031
PHY-3002 : Step(93): len = 168882, overlap = 359.344
PHY-3002 : Step(94): len = 166229, overlap = 369.531
PHY-3002 : Step(95): len = 164886, overlap = 379.531
PHY-3002 : Step(96): len = 162569, overlap = 389.781
PHY-3002 : Step(97): len = 159361, overlap = 395.375
PHY-3002 : Step(98): len = 153977, overlap = 403.406
PHY-3002 : Step(99): len = 148166, overlap = 412.344
PHY-3002 : Step(100): len = 145526, overlap = 427.094
PHY-3002 : Step(101): len = 144985, overlap = 430.625
PHY-3002 : Step(102): len = 145350, overlap = 425.719
PHY-3002 : Step(103): len = 144443, overlap = 419.531
PHY-3002 : Step(104): len = 145682, overlap = 413.781
PHY-3002 : Step(105): len = 146565, overlap = 414.219
PHY-3002 : Step(106): len = 147647, overlap = 407.562
PHY-3002 : Step(107): len = 147914, overlap = 402.812
PHY-3002 : Step(108): len = 147525, overlap = 396.156
PHY-3002 : Step(109): len = 146131, overlap = 403
PHY-3002 : Step(110): len = 144989, overlap = 415.594
PHY-3002 : Step(111): len = 144202, overlap = 417.281
PHY-3001 : :::1::: Try harder cell spreading with beta_ = 6.24477e-06
PHY-3002 : Step(112): len = 152599, overlap = 381
PHY-3002 : Step(113): len = 156059, overlap = 366.5
PHY-3002 : Step(114): len = 158911, overlap = 348.625
PHY-3002 : Step(115): len = 161234, overlap = 337.594
PHY-3002 : Step(116): len = 161982, overlap = 334.281
PHY-3002 : Step(117): len = 162645, overlap = 327.906
PHY-3002 : Step(118): len = 163000, overlap = 323.188
PHY-3001 : :::2::: Try harder cell spreading with beta_ = 1.24895e-05
PHY-3002 : Step(119): len = 173769, overlap = 290.031
PHY-3002 : Step(120): len = 176974, overlap = 286.781
PHY-3002 : Step(121): len = 180959, overlap = 272.156
PHY-3002 : Step(122): len = 186170, overlap = 265.75
PHY-3002 : Step(123): len = 185957, overlap = 267.844
PHY-3002 : Step(124): len = 185864, overlap = 266.125
PHY-3002 : Step(125): len = 185860, overlap = 265.906
PHY-3001 : :::3::: Try harder cell spreading with beta_ = 2.49791e-05
PHY-3002 : Step(126): len = 194462, overlap = 249.5
PHY-3002 : Step(127): len = 200240, overlap = 234.688
PHY-3002 : Step(128): len = 204057, overlap = 227.812
PHY-3002 : Step(129): len = 205786, overlap = 218.156
PHY-3002 : Step(130): len = 205634, overlap = 209.406
PHY-3002 : Step(131): len = 204777, overlap = 195.406
PHY-3002 : Step(132): len = 202770, overlap = 179.062
PHY-3002 : Step(133): len = 201898, overlap = 175.062
PHY-3001 : :::4::: Try harder cell spreading with beta_ = 4.99582e-05
PHY-3002 : Step(134): len = 208794, overlap = 171.906
PHY-3002 : Step(135): len = 216822, overlap = 149.344
PHY-3002 : Step(136): len = 220006, overlap = 145.5
PHY-3002 : Step(137): len = 220483, overlap = 143.688
PHY-3002 : Step(138): len = 219389, overlap = 150.281
PHY-3002 : Step(139): len = 219382, overlap = 143.844
PHY-3002 : Step(140): len = 219805, overlap = 137.594
PHY-3002 : Step(141): len = 219048, overlap = 133.719
PHY-3002 : Step(142): len = 217922, overlap = 142.625
PHY-3001 : :::5::: Try harder cell spreading with beta_ = 9.99164e-05
PHY-3002 : Step(143): len = 224005, overlap = 138.094
PHY-3002 : Step(144): len = 225483, overlap = 132.406
PHY-3002 : Step(145): len = 230416, overlap = 125.656
PHY-3002 : Step(146): len = 233461, overlap = 128
PHY-3002 : Step(147): len = 234735, overlap = 122.156
PHY-3001 : :::6::: Try harder cell spreading with beta_ = 0.000199833
PHY-3002 : Step(148): len = 237207, overlap = 119
PHY-3002 : Step(149): len = 240846, overlap = 113.625
PHY-3002 : Step(150): len = 245316, overlap = 114.406
PHY-3002 : Step(151): len = 246305, overlap = 115.75
PHY-3002 : Step(152): len = 246460, overlap = 111.656
PHY-3002 : Step(153): len = 246129, overlap = 112.406
PHY-3001 : :::7::: Try harder cell spreading with beta_ = 0.000399665
PHY-3002 : Step(154): len = 248018, overlap = 112.031
PHY-3002 : Step(155): len = 250424, overlap = 113.25
PHY-3002 : Step(156): len = 252794, overlap = 110.469
PHY-3002 : Step(157): len = 254314, overlap = 111.438
PHY-3002 : Step(158): len = 255207, overlap = 107.844
PHY-3002 : Step(159): len = 254962, overlap = 108.219
PHY-3001 : :::8::: Try harder cell spreading with beta_ = 0.000799331
PHY-3002 : Step(160): len = 255726, overlap = 105.75
PHY-3002 : Step(161): len = 257210, overlap = 106.094
PHY-3002 : Step(162): len = 257707, overlap = 105.156
PHY-3001 : Run with size of 1
PHY-3001 : Cell area utilization is 91%
PHY-3001 : Analyzing congestion ...
RUN-1001 : Generating global routing grids ...
PHY-1001 : Generate routing nets ...
PHY-1001 : Reuse net number 154/8518.
PHY-1001 : Global iterations in 8 thread ...
PHY-1002 : len = 302752, over cnt = 1205(10%), over = 6964, worst = 112
PHY-1001 : End global iterations;  0.353325s wall, 0.343750s user + 0.000000s system = 0.343750s CPU (97.3%)

PHY-1001 : Congestion index: top1 = 129.31, top5 = 95.24, top10 = 81.27, top15 = 73.57.
PHY-3001 : End congestion estimation;  0.434154s wall, 0.421875s user + 0.000000s system = 0.421875s CPU (97.2%)

PHY-3001 : Update density targets...
PHY-3001 : Update congestion history...
PHY-3001 : Update timing in global mode ...
TMR-2503 : Start to update net delay, extr mode = 5.
TMR-2504 : Update delay of 8516 nets completely.
TMR-2502 : Annotate delay completely, extr mode = 5.
TMR-3501 : Forward propagation: start to calculate arrival time...
TMR-3502 : Backward propagation: start to calculate required time...
TMR-3503 : Timing propagation completes.
PHY-3001 : End timing update;  0.153882s wall, 0.156250s user + 0.000000s system = 0.156250s CPU (101.5%)

PHY-3001 : :::0::: Try harder cell spreading with beta_ = 4.47841e-05
PHY-3002 : Step(163): len = 248819, overlap = 232.5
PHY-3002 : Step(164): len = 230909, overlap = 232.156
PHY-3002 : Step(165): len = 217478, overlap = 240.25
PHY-3002 : Step(166): len = 210798, overlap = 244.875
PHY-3002 : Step(167): len = 204739, overlap = 262.938
PHY-3002 : Step(168): len = 199216, overlap = 250.062
PHY-3002 : Step(169): len = 197629, overlap = 244.375
PHY-3002 : Step(170): len = 194641, overlap = 242.594
PHY-3002 : Step(171): len = 193820, overlap = 240.281
PHY-3002 : Step(172): len = 192414, overlap = 236.719
PHY-3002 : Step(173): len = 192017, overlap = 235.375
PHY-3002 : Step(174): len = 191399, overlap = 247.438
PHY-3002 : Step(175): len = 191102, overlap = 241.156
PHY-3002 : Step(176): len = 190308, overlap = 256.062
PHY-3002 : Step(177): len = 189284, overlap = 267.031
PHY-3002 : Step(178): len = 187696, overlap = 269.719
PHY-3002 : Step(179): len = 186820, overlap = 271.188
PHY-3002 : Step(180): len = 185684, overlap = 265.969
PHY-3002 : Step(181): len = 185173, overlap = 265.312
PHY-3002 : Step(182): len = 183775, overlap = 271.938
PHY-3002 : Step(183): len = 182937, overlap = 282.906
PHY-3002 : Step(184): len = 182519, overlap = 274
PHY-3001 : :::1::: Try harder cell spreading with beta_ = 8.95682e-05
PHY-3002 : Step(185): len = 186713, overlap = 271.688
PHY-3002 : Step(186): len = 190810, overlap = 256.094
PHY-3002 : Step(187): len = 191156, overlap = 249.688
PHY-3002 : Step(188): len = 191459, overlap = 247.094
PHY-3002 : Step(189): len = 192267, overlap = 252.219
PHY-3001 : :::2::: Try harder cell spreading with beta_ = 0.000144921
PHY-3002 : Step(190): len = 195162, overlap = 243.719
PHY-3002 : Step(191): len = 197257, overlap = 235.531
PHY-3002 : Step(192): len = 200011, overlap = 227.281
PHY-3002 : Step(193): len = 202629, overlap = 217.188
PHY-3002 : Step(194): len = 204268, overlap = 202.312
PHY-3002 : Step(195): len = 204805, overlap = 207.969
PHY-3002 : Step(196): len = 204838, overlap = 201.625
PHY-3001 : :::3::: Try harder cell spreading with beta_ = 0.000288061
PHY-3002 : Step(197): len = 206556, overlap = 192.375
PHY-3002 : Step(198): len = 207905, overlap = 180.344
PHY-3002 : Step(199): len = 209598, overlap = 174.625
PHY-3002 : Step(200): len = 211024, overlap = 169.25
PHY-3002 : Step(201): len = 211584, overlap = 174.125
PHY-3002 : Step(202): len = 212187, overlap = 176.625
PHY-3002 : Step(203): len = 213224, overlap = 173.625
PHY-3001 : :::4::: Try harder cell spreading with beta_ = 0.000466083
PHY-3002 : Step(204): len = 214302, overlap = 169.375
PHY-3002 : Step(205): len = 215859, overlap = 172.969
PHY-3002 : Step(206): len = 217494, overlap = 172.531
PHY-3001 : :::5::: Try harder cell spreading with beta_ = 0.000754122
PHY-3002 : Step(207): len = 217916, overlap = 170.156
PHY-3002 : Step(208): len = 219585, overlap = 164.688
PHY-3002 : Step(209): len = 224240, overlap = 140.406
PHY-3002 : Step(210): len = 226550, overlap = 140.094
PHY-3002 : Step(211): len = 227365, overlap = 138.812
PHY-3002 : Step(212): len = 227337, overlap = 145.5
PHY-3002 : Step(213): len = 227322, overlap = 136.156
PHY-3002 : Step(214): len = 227475, overlap = 133.031
PHY-3002 : Step(215): len = 227394, overlap = 134.375
PHY-3002 : Step(216): len = 227544, overlap = 141.094
OPT-1001 : Start physical optimization ...
RUN-1002 : start command "start_timer -report"
TMR-2505 : Start building timing graph for model SF1_SOC.
TMR-2506 : Build timing graph completely. Port num: 12, tpin num: 28208, tnet num: 8516, tinst num: 5542, tnode num: 33389, tedge num: 54481.
TMR-2508 : Levelizing timing graph completed, there are 47 levels in total.
TMR-2501 : Timing graph initialized successfully.
OPT-1001 : Total overflow 141.09 peak overflow 1.50
OPT-1001 : Start high-fanout net optimization ...
OPT-1001 : Update timing in global mode
PHY-1001 : Start incremental global routing, caller is place ...
RUN-1001 : Generating global routing grids ...
PHY-1001 : Generate routing nets ...
PHY-1001 : Reuse net number 226/8518.
PHY-1001 : Global iterations in 8 thread ...
PHY-1002 : len = 281472, over cnt = 1452(13%), over = 6500, worst = 25
PHY-1001 : End global iterations;  0.345571s wall, 0.359375s user + 0.000000s system = 0.359375s CPU (104.0%)

PHY-1001 : Congestion index: top1 = 100.97, top5 = 81.06, top10 = 71.75, top15 = 66.57.
PHY-1001 : End incremental global routing;  0.421858s wall, 0.437500s user + 0.000000s system = 0.437500s CPU (103.7%)

TMR-2503 : Start to update net delay, extr mode = 5.
TMR-2504 : Update delay of 8516 nets completely.
TMR-2502 : Annotate delay completely, extr mode = 5.
TMR-3001 : Initiate 0 clocks from SDC.
TMR-3004 : Map sdc constraints, there are 0 constraints in total.
TMR-3003 : Constraints initiated successfully.
TMR-3501 : Forward propagation: start to calculate arrival time...
TMR-3502 : Backward propagation: start to calculate required time...
TMR-3503 : Timing propagation completes.
OPT-1001 : End timing update;  0.164544s wall, 0.156250s user + 0.000000s system = 0.156250s CPU (95.0%)

OPT-1001 : 0 high-fanout net processed.
OPT-1001 : End high-fanout net optimization;  0.681616s wall, 0.687500s user + 0.000000s system = 0.687500s CPU (100.9%)

OPT-1001 : Current memory(MB): used = 285, reserve = 262, peak = 291.
OPT-1001 : Start global optimization ...
OPT-1001 : Start congestion update ...
RUN-1001 : Generating global routing grids ...
PHY-1001 : Generate routing nets ...
PHY-1001 : Reuse net number 7294/8518.
PHY-1001 : Global iterations in 8 thread ...
PHY-1002 : len = 281472, over cnt = 1452(13%), over = 6500, worst = 25
PHY-1002 : len = 331696, over cnt = 1388(12%), over = 3509, worst = 21
PHY-1002 : len = 369184, over cnt = 869(7%), over = 1647, worst = 18
PHY-1002 : len = 398296, over cnt = 133(1%), over = 135, worst = 2
PHY-1002 : len = 407976, over cnt = 2(0%), over = 2, worst = 1
PHY-1001 : End global iterations;  1.228942s wall, 1.281250s user + 0.000000s system = 1.281250s CPU (104.3%)

PHY-1001 : Congestion index: top1 = 72.43, top5 = 66.88, top10 = 63.43, top15 = 61.12.
OPT-1001 : End congestion update;  1.301557s wall, 1.359375s user + 0.000000s system = 1.359375s CPU (104.4%)

OPT-1001 : Update timing in Manhattan mode
TMR-2503 : Start to update net delay, extr mode = 3.
TMR-2504 : Update delay of 8516 nets completely.
TMR-2502 : Annotate delay completely, extr mode = 3.
TMR-3501 : Forward propagation: start to calculate arrival time...
TMR-3502 : Backward propagation: start to calculate required time...
TMR-3503 : Timing propagation completes.
OPT-1001 : End timing update;  0.118476s wall, 0.109375s user + 0.000000s system = 0.109375s CPU (92.3%)

OPT-0007 : Start: WNS 2147483647 TNS 0 NUM_FEPS 0
OPT-1001 : End global optimization;  1.420196s wall, 1.468750s user + 0.000000s system = 1.468750s CPU (103.4%)

OPT-1001 : Current memory(MB): used = 287, reserve = 264, peak = 291.
OPT-1001 : End physical optimization;  2.620390s wall, 2.781250s user + 0.015625s system = 2.796875s CPU (106.7%)

PHY-3001 : Start packing ...
SYN-4007 : Packing 0 MUX to BLE ...
SYN-4008 : Packed 0 MUX and 0 SEQ to BLE.
SYN-4007 : Packing 3135 LUT to BLE ...
SYN-4008 : Packed 3135 LUT and 35 SEQ to BLE.
SYN-4003 : Packing 1278 remaining SEQ's ...
SYN-4005 : Packed 1267 SEQ with LUT/SLICE
SYN-4006 : 1893 single LUT's are left
SYN-4006 : 11 single SEQ's are left
SYN-4011 : Packing model "SF1_SOC" (AL_USER_NORMAL) with 3146/4312 primitive instances ...
PHY-3001 : End packing;  0.251585s wall, 0.250000s user + 0.000000s system = 0.250000s CPU (99.4%)

PHY-1001 : Populate physical database on model SF1_SOC.
RUN-1001 : There are total 2729 instances
RUN-1001 : 1335 mslices, 1335 lslices, 25 pads, 18 brams, 10 dsps
RUN-1001 : There are total 8483 nets
RUN-6004 WARNING: There are 3 nets with only 1 pin.
RUN-1001 : 7847 nets have 2 pins
RUN-1001 : 100 nets have [3 - 5] pins
RUN-1001 : 305 nets have [6 - 10] pins
RUN-1001 : 104 nets have [11 - 20] pins
RUN-1001 : 116 nets have [21 - 99] pins
RUN-1001 : 8 nets have 100+ pins
PHY-3001 : design contains 2727 instances, 2670 slices, 140 macros(1037 instances: 682 mslices 355 lslices)
PHY-3001 : Cell area utilization is 93%
PHY-3001 : After packing: Len = 231753, Over = 222
PHY-3001 : Run with size of 1
PHY-3001 : Cell area utilization is 93%
PHY-3001 : Analyzing congestion ...
RUN-1001 : Generating global routing grids ...
PHY-1001 : Generate routing nets ...
PHY-1001 : Reuse net number 5840/8483.
PHY-1001 : Global iterations in 8 thread ...
PHY-1002 : len = 385976, over cnt = 1077(9%), over = 1621, worst = 5
PHY-1002 : len = 379912, over cnt = 858(7%), over = 1135, worst = 5
PHY-1002 : len = 385944, over cnt = 552(5%), over = 618, worst = 3
PHY-1002 : len = 396376, over cnt = 107(0%), over = 107, worst = 1
PHY-1002 : len = 404896, over cnt = 3(0%), over = 3, worst = 1
PHY-1001 : End global iterations;  0.806000s wall, 0.796875s user + 0.000000s system = 0.796875s CPU (98.9%)

PHY-1001 : Congestion index: top1 = 73.96, top5 = 67.13, top10 = 63.23, top15 = 60.95.
PHY-3001 : End congestion estimation;  0.904597s wall, 0.906250s user + 0.000000s system = 0.906250s CPU (100.2%)

PHY-3001 : Update density targets...
PHY-3001 : Update congestion history...
PHY-3001 : Update timing in global mode ...
RUN-1002 : start command "start_timer -report"
TMR-2505 : Start building timing graph for model SF1_SOC.
TMR-2506 : Build timing graph completely. Port num: 12, tpin num: 26830, tnet num: 8481, tinst num: 2727, tnode num: 30671, tedge num: 52261.
TMR-2508 : Levelizing timing graph completed, there are 47 levels in total.
TMR-2501 : Timing graph initialized successfully.
TMR-2503 : Start to update net delay, extr mode = 5.
TMR-2504 : Update delay of 8481 nets completely.
TMR-2502 : Annotate delay completely, extr mode = 5.
TMR-3001 : Initiate 0 clocks from SDC.
TMR-3004 : Map sdc constraints, there are 0 constraints in total.
TMR-3003 : Constraints initiated successfully.
TMR-3501 : Forward propagation: start to calculate arrival time...
TMR-3502 : Backward propagation: start to calculate required time...
TMR-3503 : Timing propagation completes.
PHY-3001 : End timing update;  0.728901s wall, 0.718750s user + 0.000000s system = 0.718750s CPU (98.6%)

PHY-3001 : :::0::: Try harder cell spreading with beta_ = 2.1796e-05
PHY-3002 : Step(217): len = 209017, overlap = 255.25
PHY-3002 : Step(218): len = 203965, overlap = 271.75
PHY-3002 : Step(219): len = 196840, overlap = 272.25
PHY-3002 : Step(220): len = 194968, overlap = 287
PHY-3002 : Step(221): len = 192849, overlap = 284.5
PHY-3002 : Step(222): len = 192133, overlap = 289.25
PHY-3002 : Step(223): len = 190517, overlap = 287
PHY-3002 : Step(224): len = 190087, overlap = 287.75
PHY-3002 : Step(225): len = 188832, overlap = 287.75
PHY-3001 : :::1::: Try harder cell spreading with beta_ = 4.35919e-05
PHY-3002 : Step(226): len = 197095, overlap = 259.25
PHY-3002 : Step(227): len = 202888, overlap = 244
PHY-3002 : Step(228): len = 205479, overlap = 234.75
PHY-3002 : Step(229): len = 204566, overlap = 234.5
PHY-3002 : Step(230): len = 204210, overlap = 237.5
PHY-3001 : :::2::: Try harder cell spreading with beta_ = 8.59018e-05
PHY-3002 : Step(231): len = 209951, overlap = 228.25
PHY-3002 : Step(232): len = 216431, overlap = 224
PHY-3002 : Step(233): len = 221668, overlap = 217.25
PHY-3002 : Step(234): len = 221866, overlap = 209.5
PHY-3002 : Step(235): len = 220772, overlap = 217.25
PHY-3002 : Step(236): len = 220173, overlap = 212
PHY-3002 : Step(237): len = 220412, overlap = 209.75
PHY-3001 : :::3::: Try harder cell spreading with beta_ = 0.000149304
PHY-3002 : Step(238): len = 225797, overlap = 205
PHY-3002 : Step(239): len = 229829, overlap = 204.75
PHY-3002 : Step(240): len = 232647, overlap = 199
PHY-3002 : Step(241): len = 234339, overlap = 194
PHY-3002 : Step(242): len = 235302, overlap = 192
PHY-3002 : Step(243): len = 236160, overlap = 188.75
PHY-3002 : Step(244): len = 236582, overlap = 190.75
PHY-3001 : :::4::: Try harder cell spreading with beta_ = 0.000275575
PHY-3002 : Step(245): len = 239448, overlap = 186.5
PHY-3002 : Step(246): len = 242272, overlap = 186
PHY-3002 : Step(247): len = 243753, overlap = 180.25
PHY-3002 : Step(248): len = 245765, overlap = 174.5
PHY-3002 : Step(249): len = 247768, overlap = 172
PHY-3002 : Step(250): len = 249180, overlap = 169.25
PHY-3002 : Step(251): len = 250130, overlap = 170.5
PHY-3002 : Step(252): len = 250659, overlap = 164.75
PHY-3001 : :::5::: Try harder cell spreading with beta_ = 0.000470101
PHY-3002 : Step(253): len = 252589, overlap = 160.75
PHY-3002 : Step(254): len = 255615, overlap = 158
PHY-3002 : Step(255): len = 257010, overlap = 160.5
PHY-3002 : Step(256): len = 258565, overlap = 163
PHY-3002 : Step(257): len = 261047, overlap = 169
PHY-3002 : Step(258): len = 262719, overlap = 169
PHY-3002 : Step(259): len = 263934, overlap = 169.5
PHY-3002 : Step(260): len = 264733, overlap = 167.5
PHY-3001 : :::6::: Try harder cell spreading with beta_ = 0.000801689
PHY-3002 : Step(261): len = 266060, overlap = 170.25
PHY-3002 : Step(262): len = 269648, overlap = 164.75
PHY-3002 : Step(263): len = 274425, overlap = 157.25
PHY-3002 : Step(264): len = 276770, overlap = 161.5
PHY-3002 : Step(265): len = 278040, overlap = 160.75
PHY-3002 : Step(266): len = 278899, overlap = 163.75
PHY-3002 : Step(267): len = 279925, overlap = 170
PHY-3002 : Step(268): len = 281457, overlap = 177.5
PHY-3002 : Step(269): len = 282584, overlap = 177.5
PHY-3002 : Step(270): len = 283693, overlap = 179.25
PHY-3002 : Step(271): len = 284574, overlap = 177.25
PHY-3001 : :::7::: Try harder cell spreading with beta_ = 0.0013824
PHY-3002 : Step(272): len = 285606, overlap = 177.25
PHY-3002 : Step(273): len = 288346, overlap = 173.5
PHY-3002 : Step(274): len = 290832, overlap = 167.5
PHY-3002 : Step(275): len = 292328, overlap = 167
PHY-3002 : Step(276): len = 293753, overlap = 167
PHY-3002 : Step(277): len = 295424, overlap = 166.25
PHY-3002 : Step(278): len = 296887, overlap = 161
PHY-3002 : Step(279): len = 297972, overlap = 156.25
PHY-3002 : Step(280): len = 298758, overlap = 154.25
PHY-3001 : :::8::: Try harder cell spreading with beta_ = 0.00224857
PHY-3002 : Step(281): len = 299175, overlap = 155
PHY-3002 : Step(282): len = 301505, overlap = 152.5
PHY-3002 : Step(283): len = 304772, overlap = 148.5
PHY-3002 : Step(284): len = 305461, overlap = 144.25
PHY-3002 : Step(285): len = 305615, overlap = 142.75
PHY-3002 : Step(286): len = 306084, overlap = 145.25
PHY-3001 : Legalization ...
PHY-3001 : End legalization;  0.181815s wall, 0.203125s user + 0.312500s system = 0.515625s CPU (283.6%)

PHY-3001 : Trial Legalized: Len = 349777
PHY-3001 : Run with size of 1
PHY-3001 : Cell area utilization is 92%
PHY-3001 : Analyzing congestion ...
RUN-1001 : Generating global routing grids ...
PHY-1001 : Generate routing nets ...
PHY-1001 : Reuse net number 231/8483.
PHY-1001 : Global iterations in 8 thread ...
PHY-1002 : len = 434168, over cnt = 1673(15%), over = 3176, worst = 8
PHY-1002 : len = 450760, over cnt = 1222(11%), over = 1743, worst = 6
PHY-1002 : len = 466064, over cnt = 754(6%), over = 972, worst = 5
PHY-1002 : len = 489544, over cnt = 85(0%), over = 85, worst = 1
PHY-1002 : len = 496176, over cnt = 0(0%), over = 0, worst = 0
PHY-1001 : End global iterations;  1.502461s wall, 1.625000s user + 0.093750s system = 1.718750s CPU (114.4%)

PHY-1001 : Congestion index: top1 = 67.99, top5 = 64.35, top10 = 62.33, top15 = 61.05.
PHY-3001 : End congestion estimation;  1.623595s wall, 1.750000s user + 0.093750s system = 1.843750s CPU (113.6%)

PHY-3001 : Update density targets...
PHY-3001 : Update congestion history...
PHY-3001 : Update timing in global mode ...
TMR-2503 : Start to update net delay, extr mode = 5.
TMR-2504 : Update delay of 8481 nets completely.
TMR-2502 : Annotate delay completely, extr mode = 5.
TMR-3501 : Forward propagation: start to calculate arrival time...
TMR-3502 : Backward propagation: start to calculate required time...
TMR-3503 : Timing propagation completes.
PHY-3001 : End timing update;  0.168368s wall, 0.171875s user + 0.000000s system = 0.171875s CPU (102.1%)

PHY-3001 : :::0::: Try harder cell spreading with beta_ = 0.000238444
PHY-3002 : Step(287): len = 335135, overlap = 60.75
PHY-3002 : Step(288): len = 316350, overlap = 141.75
PHY-3002 : Step(289): len = 310510, overlap = 146
PHY-3002 : Step(290): len = 307603, overlap = 141.5
PHY-3002 : Step(291): len = 304894, overlap = 133.75
PHY-3002 : Step(292): len = 301728, overlap = 132
PHY-3002 : Step(293): len = 298511, overlap = 128.75
PHY-3002 : Step(294): len = 295619, overlap = 133
PHY-3002 : Step(295): len = 293550, overlap = 132
PHY-3002 : Step(296): len = 292171, overlap = 129.25
PHY-3002 : Step(297): len = 290690, overlap = 127.25
PHY-3002 : Step(298): len = 289721, overlap = 129.75
PHY-3002 : Step(299): len = 288887, overlap = 132.25
PHY-3002 : Step(300): len = 288389, overlap = 130.25
PHY-3002 : Step(301): len = 287591, overlap = 130.5
PHY-3001 : :::1::: Try harder cell spreading with beta_ = 0.000445472
PHY-3002 : Step(302): len = 289021, overlap = 125.5
PHY-3002 : Step(303): len = 290764, overlap = 124
PHY-3002 : Step(304): len = 291178, overlap = 125.75
PHY-3001 : :::2::: Try harder cell spreading with beta_ = 0.000785473
PHY-3002 : Step(305): len = 291853, overlap = 123.75
PHY-3002 : Step(306): len = 294191, overlap = 121.25
PHY-3002 : Step(307): len = 295378, overlap = 118.5
PHY-3002 : Step(308): len = 296035, overlap = 118
PHY-3002 : Step(309): len = 296893, overlap = 117.75
PHY-3002 : Step(310): len = 298090, overlap = 117.5
PHY-3002 : Step(311): len = 299156, overlap = 114.25
PHY-3002 : Step(312): len = 299609, overlap = 115.5
PHY-3001 : Legalization ...
PHY-3001 : End legalization;  0.055515s wall, 0.046875s user + 0.000000s system = 0.046875s CPU (84.4%)

PHY-3001 : Legalized: Len = 331100, Over = 0
PHY-3001 : End spreading;  0.012184s wall, 0.000000s user + 0.000000s system = 0.000000s CPU (n/a%)

PHY-3001 : Final: Len = 331100, Over = 0
RUN-1003 : finish command "place" in  16.287985s wall, 33.578125s user + 6.078125s system = 39.656250s CPU (243.5%)

RUN-1004 : used memory is 274 MB, reserved memory is 257 MB, peak memory is 310 MB
RUN-1002 : start command "export_db pwm_demo_place.db"
RUN-1001 : Exported /
RUN-1001 : Exported flow parameters
RUN-1001 : Exported libs
RUN-1001 : Exported entities
RUN-1001 : Exported ports
RUN-1001 : Exported pins
RUN-1001 : Exported instances
RUN-1001 : Exported nets
RUN-1001 : Exported buses
RUN-1001 : Exported models
RUN-1001 : Exported congestions
RUN-1001 : Exported violations
RUN-1001 : Exported timing constraints
RUN-1001 : Exported IO constraints
RUN-1001 : Exported Inst constraints
RUN-1002 : start command "backup_run_log run.log ../.logs/phy_1/td_20231112_130957.log"
