============================================================
   Tang Dynasty, V5.6.59063
   Copyright (c) 2012-2022 Anlogic
   Executable = D:/XILINX_EXE/TD_5.6/bin/td.exe
   Built at =   12:45:13 Sep  6 2022
   Run by =     13456
   Run Date =   Sun Nov 12 16:24:10 2023

   Run on =     DESKTOP-1HJPLU7
============================================================
RUN-1002 : start command "open_project pwm_demo.prj"
RUN-1001 : Print Global Property
RUN-1001 : ---------------------------------------------------------------
RUN-1001 :        Parameters        |  Settings  |  Default Values  |  Note  
RUN-1001 : ---------------------------------------------------------------
RUN-1001 :          message         |  standard  |     standard     |        
RUN-1001 :   mixed_pack_place_flow  |     on     |        on        |        
RUN-1001 :        qor_monitor       |    off     |       off        |        
RUN-1001 :        syn_ip_flow       |    off     |       off        |        
RUN-1001 :          thread          |    auto    |       auto       |        
RUN-1001 : ---------------------------------------------------------------
RUN-1001 : Print Design Property
RUN-1001 : --------------------------------------------------------------
RUN-1001 :        Parameters       |  Settings  |  Default Values  |  Note  
RUN-1001 : --------------------------------------------------------------
RUN-1001 :   default_reg_initial   |    auto    |       auto       |        
RUN-1001 :        infer_add        |     on     |        on        |        
RUN-1001 :        infer_fsm        |    off     |       off        |        
RUN-1001 :        infer_mult       |     on     |        on        |        
RUN-1001 :        infer_ram        |     on     |        on        |        
RUN-1001 :        infer_reg        |     on     |        on        |        
RUN-1001 :   infer_reg_init_value  |     on     |        on        |        
RUN-1001 :        infer_rom        |     on     |        on        |        
RUN-1001 :      infer_shifter      |     on     |        on        |        
RUN-1001 : --------------------------------------------------------------
RUN-1001 : Print Rtl Property
RUN-1001 : --------------------------------------------------------------
RUN-1001 :        Parameters       |  Settings  |  Default Values  |  Note  
RUN-1001 : --------------------------------------------------------------
RUN-1001 :       compress_add      |   ripple   |      ripple      |        
RUN-1001 :        elf_sload        |    off     |       off        |        
RUN-1001 :       fix_undriven      |     0      |        0         |        
RUN-1001 :         flatten         |    off     |       off        |        
RUN-1001 :       gate_sharing      |     on     |        on        |        
RUN-1001 :    hdl_warning_level    |   normal   |      normal      |        
RUN-1001 :   impl_internal_tribuf  |     on     |        on        |        
RUN-1001 :      impl_set_reset     |     on     |        on        |        
RUN-1001 :        infer_gsr        |    off     |       off        |        
RUN-1001 :      keep_hierarchy     |    auto    |       auto       |        
RUN-1001 :        max_fanout       |    9999    |       9999       |        
RUN-1001 :      max_oh2bin_len     |     10     |        10        |        
RUN-1001 :       merge_equal       |     on     |        on        |        
RUN-1001 :       merge_equiv       |     on     |        on        |        
RUN-1001 :        merge_mux        |    off     |       off        |        
RUN-1001 :     min_control_set     |     8      |        8         |        
RUN-1001 :      min_ripple_len     |    auto    |       auto       |        
RUN-1001 :       oh2bin_ratio      |    0.08    |       0.08       |        
RUN-1001 :     opt_adder_fanout    |     on     |        on        |        
RUN-1001 :        opt_arith        |     on     |        on        |        
RUN-1001 :       opt_big_gate      |    off     |       off        |        
RUN-1001 :        opt_const        |     on     |        on        |        
RUN-1001 :      opt_const_mult     |     on     |        on        |        
RUN-1001 :       opt_lessthan      |     on     |        on        |        
RUN-1001 :         opt_mux         |    off     |       off        |        
RUN-1001 :         opt_ram         |    high    |       high       |        
RUN-1001 :      rtl_sim_model      |    off     |       off        |        
RUN-1001 :         seq_syn         |     on     |        on        |        
RUN-1001 : --------------------------------------------------------------
HDL-1007 : analyze verilog file ../../al_ip/SF1_MCU.v
HDL-1007 : analyze verilog file ../../al_ip/pll.v
HDL-1007 : undeclared symbol 'open', assumed default net type 'wire' in ../../al_ip/pll.v(88)
HDL-1007 : analyze verilog file ../../al_ip/rom_weight.v
HDL-1007 : analyze verilog file ../../SF1_SOC.v
HDL-1007 : analyze verilog file ../../ahb_pwm.v
HDL-5007 WARNING: identifier 'weight1' is used before its declaration in ../../ahb_pwm.v(361)
HDL-5007 WARNING: identifier 'ahb_return_data' is used before its declaration in ../../ahb_pwm.v(365)
HDL-5007 WARNING: identifier 'weight45' is used before its declaration in ../../ahb_pwm.v(366)
HDL-5007 WARNING: identifier 'weight44' is used before its declaration in ../../ahb_pwm.v(367)
HDL-5007 WARNING: identifier 'weight43' is used before its declaration in ../../ahb_pwm.v(368)
HDL-5007 WARNING: identifier 'weight42' is used before its declaration in ../../ahb_pwm.v(369)
HDL-5007 WARNING: identifier 'weight41' is used before its declaration in ../../ahb_pwm.v(370)
HDL-5007 WARNING: identifier 'weight40' is used before its declaration in ../../ahb_pwm.v(371)
HDL-5007 WARNING: identifier 'weight39' is used before its declaration in ../../ahb_pwm.v(372)
HDL-5007 WARNING: identifier 'weight38' is used before its declaration in ../../ahb_pwm.v(373)
HDL-5007 Similar messages will be suppressed.
HDL-1007 : analyze verilog file ../../gpio_controler.v
RUN-1001 : Project manager successfully analyzed 6 source files.
RUN-1002 : start command "import_device sf1_6.db -package SF1S60CG121I"
ARC-1001 : Device Initialization.
ARC-1001 : -------------------------------------------------
ARC-1001 :       OPTION       |      IO       |   SETTING   
ARC-1001 : -------------------------------------------------
ARC-1001 :        done        |      B4       |    gpio    
ARC-1001 :        initn       |      A5       |    gpio    
ARC-1001 :       jtagen       |      B7       |    gpio    
ARC-1001 :      programn      |      B5       |  dedicate  
ARC-1001 :   tdi/tms/tck/tdo  |  C4/A6/A7/C5  |  dedicate  
ARC-1001 : -------------------------------------------------
ARC-1004 : Device setting, marked 5 dedicate IOs in total.
RUN-1002 : start command "import_db ../syn_1/pwm_demo_gate.db"
RUN-1001 : Importing database generated by Tang Dynasty, V5.6.59063.
RUN-1001 : Database version number 46140.
RUN-1001 : Import flow parameters
RUN-1001 : Import timing constraints
RUN-1001 : Import IO constraints
RUN-1001 : Import Inst constraints
RUN-1001 : Import design success TD_VERSION=5.6.59063 , DB_VERSION=46140
RUN-1002 : start command "read_sdc"
USR-1002 : read_sdc file_name -help -h -eco
USR-1009 : NO module with IP_SDC ...
RUN-1104 : Import SDC file  finished, there are 0 nets kept by constraints.
RUN-1002 : start command "place"
RUN-1001 : Open license file D:/XILINX_EXE/TD_5.6/license/Anlogic.lic
RUN-1001 : Print Global Property
RUN-1001 : ---------------------------------------------------------------
RUN-1001 :        Parameters        |  Settings  |  Default Values  |  Note  
RUN-1001 : ---------------------------------------------------------------
RUN-1001 :          message         |  standard  |     standard     |        
RUN-1001 :   mixed_pack_place_flow  |     on     |        on        |        
RUN-1001 :        qor_monitor       |    off     |       off        |        
RUN-1001 :        syn_ip_flow       |    off     |       off        |        
RUN-1001 :          thread          |    auto    |       auto       |        
RUN-1001 : ---------------------------------------------------------------
RUN-1001 : Print Place Property
RUN-1001 : --------------------------------------------------------------
RUN-1001 :        Parameters       |  Settings  |  Default Values  |  Note  
RUN-1001 : --------------------------------------------------------------
RUN-1001 :      detailed_place     |     on     |        on        |        
RUN-1001 :          effort         |   medium   |      medium      |        
RUN-1001 :         fix_hold        |    off     |       off        |        
RUN-1001 :       legalization      |    ori     |       ori        |        
RUN-1001 :      new_spreading      |     on     |        on        |        
RUN-1001 :        opt_timing       |   medium   |      medium      |        
RUN-1001 :   post_clock_route_opt  |    off     |       off        |        
RUN-1001 :       pr_strategy       |     1      |        1         |        
RUN-1001 :        relaxation       |    1.00    |       1.00       |        
RUN-1001 :         retiming        |    off     |       off        |        
RUN-1001 : --------------------------------------------------------------
PHY-3001 : Placer runs in 8 thread(s).
RUN-1002 : start command "legalize_phy_inst"
SYN-1011 : Flatten model SF1_SOC
RUN-1002 : start command "phys_opt -simplify_lut"
SYN-4016 : Net u_ahb_pwm/I_ahb_clk driven by BUFG (1066 clock/control pins, 1 other pins).
SYN-4019 : Net I_clk_25m_dup_1 is refclk of pll u_pll/pll_inst.
SYN-4020 : Net I_clk_25m_dup_1 is fbclk of pll u_pll/pll_inst.
SYN-4025 : Tag rtl::Net I_clk_25m_dup_1 as clock net
SYN-4025 : Tag rtl::Net u_ahb_pwm/I_ahb_clk as clock net
SYN-4026 : Tagged 2 rtl::Net as clock net
PHY-1001 : Populate physical database on model SF1_SOC.
RUN-1001 : There are total 2063 instances
RUN-0007 : 964 luts, 1045 seqs, 8 mslices, 4 lslices, 25 pads, 8 brams, 3 dsps
RUN-1001 : There are total 2329 nets
RUN-6004 WARNING: There are 3 nets with only 1 pin.
RUN-1001 : 2137 nets have 2 pins
RUN-1001 : 56 nets have [3 - 5] pins
RUN-1001 : 35 nets have [6 - 10] pins
RUN-1001 : 16 nets have [11 - 20] pins
RUN-1001 : 76 nets have [21 - 99] pins
RUN-1001 : 6 nets have 100+ pins
RUN-1001 : Report Control nets information:
RUN-1001 : DFF Distribution
RUN-1001 : ----------------------------------
RUN-1001 :   CE   |  SSR  |  ASR  |  DFF Count  
RUN-1001 : ----------------------------------
RUN-1001 :   No   |  No   |  No   |      2      
RUN-1001 :   No   |  No   |  Yes  |     35      
RUN-1001 :   No   |  Yes  |  No   |      0      
RUN-1001 :   Yes  |  No   |  No   |      0      
RUN-1001 :   Yes  |  No   |  Yes  |    1008     
RUN-1001 :   Yes  |  Yes  |  No   |      0      
RUN-1001 : ----------------------------------
RUN-0007 : Control Group Statistic
RUN-0007 : ---------------------------
RUN-0007 :   #CLK  |  #CE  |  #SSR/ASR  
RUN-0007 : ---------------------------
RUN-0007 :    1    |  33   |     2      
RUN-0007 : ---------------------------
RUN-0007 : Control Set = 34
PHY-3001 : Initial placement ...
PHY-3001 : design contains 2061 instances, 964 luts, 1045 seqs, 12 slices, 2 macros(12 instances: 8 mslices 4 lslices)
PHY-3001 : Huge net I_rst_n_dup_1 with 1067 pins
PHY-0007 : Cell area utilization is 17%
PHY-3001 : Start timing update ...
RUN-1002 : start command "start_timer -report"
TMR-2505 : Start building timing graph for model SF1_SOC.
TMR-2506 : Build timing graph completely. Port num: 12, tpin num: 10596, tnet num: 2327, tinst num: 2061, tnode num: 14785, tedge num: 16794.
TMR-2508 : Levelizing timing graph completed, there are 35 levels in total.
TMR-2501 : Timing graph initialized successfully.
TMR-2503 : Start to update net delay, extr mode = 2.
TMR-2504 : Update delay of 2327 nets completely.
TMR-2502 : Annotate delay completely, extr mode = 2.
TMR-3001 : Initiate 0 clocks from SDC.
TMR-3004 : Map sdc constraints, there are 0 constraints in total.
TMR-3003 : Constraints initiated successfully.
TMR-3501 : Forward propagation: start to calculate arrival time...
TMR-3502 : Backward propagation: start to calculate required time...
TMR-3503 : Timing propagation completes.
PHY-3001 : End timing update;  0.229020s wall, 0.218750s user + 0.000000s system = 0.218750s CPU (95.5%)

PHY-3001 : Global placement ...
PHY-3001 : Initial: Len = 291177
PHY-3001 : Run with size of 3
PHY-3001 : Cell area utilization is 17%
PHY-3001 : :::0::: Try harder cell spreading with beta_ = 0
PHY-3002 : Step(1): len = 223504, overlap = 24
PHY-3002 : Step(2): len = 198828, overlap = 24
PHY-3002 : Step(3): len = 130963, overlap = 24
PHY-3002 : Step(4): len = 116078, overlap = 19.5
PHY-3002 : Step(5): len = 102607, overlap = 22
PHY-3002 : Step(6): len = 93958.2, overlap = 22
PHY-3002 : Step(7): len = 85974.7, overlap = 25.5625
PHY-3002 : Step(8): len = 74431.1, overlap = 24.9375
PHY-3002 : Step(9): len = 69250.8, overlap = 28.3438
PHY-3002 : Step(10): len = 61851.5, overlap = 34.1562
PHY-3002 : Step(11): len = 58110.6, overlap = 41.0625
PHY-3002 : Step(12): len = 54975.5, overlap = 44.8125
PHY-3002 : Step(13): len = 52105, overlap = 54.4375
PHY-3001 : :::1::: Try harder cell spreading with beta_ = 9.13501e-06
PHY-3002 : Step(14): len = 54061.8, overlap = 54.5938
PHY-3002 : Step(15): len = 54722.5, overlap = 54.6875
PHY-3002 : Step(16): len = 55548.8, overlap = 49.7188
PHY-3002 : Step(17): len = 55033.9, overlap = 46.3125
PHY-3002 : Step(18): len = 53389.4, overlap = 45.9375
PHY-3002 : Step(19): len = 51682.6, overlap = 50.2188
PHY-3002 : Step(20): len = 51065.8, overlap = 51.6562
PHY-3002 : Step(21): len = 51272.3, overlap = 46.3438
PHY-3002 : Step(22): len = 51217.6, overlap = 41.1562
PHY-3002 : Step(23): len = 51162.7, overlap = 41.6562
PHY-3002 : Step(24): len = 50165.3, overlap = 41.75
PHY-3002 : Step(25): len = 49541.5, overlap = 41.1875
PHY-3002 : Step(26): len = 49332.7, overlap = 41.1875
PHY-3002 : Step(27): len = 49255.2, overlap = 42.0312
PHY-3002 : Step(28): len = 49019.8, overlap = 42.0312
PHY-3002 : Step(29): len = 48117.6, overlap = 42.0625
PHY-3002 : Step(30): len = 48005.1, overlap = 44.5312
PHY-3002 : Step(31): len = 47940.4, overlap = 46.4688
PHY-3002 : Step(32): len = 47857.2, overlap = 44.25
PHY-3002 : Step(33): len = 47520.3, overlap = 44.5625
PHY-3002 : Step(34): len = 46346.6, overlap = 46.3438
PHY-3002 : Step(35): len = 46217.3, overlap = 47.125
PHY-3002 : Step(36): len = 46356.7, overlap = 46.75
PHY-3002 : Step(37): len = 46191.6, overlap = 48.4062
PHY-3002 : Step(38): len = 45818.6, overlap = 48.75
PHY-3001 : :::2::: Try harder cell spreading with beta_ = 1.827e-05
PHY-3002 : Step(39): len = 46291.9, overlap = 46.25
PHY-3002 : Step(40): len = 46435.7, overlap = 45.625
PHY-3002 : Step(41): len = 46525.2, overlap = 45.4688
PHY-3001 : Legalization ...
PHY-3001 : End legalization;  0.006654s wall, 0.000000s user + 0.000000s system = 0.000000s CPU (n/a%)

PHY-3001 : Run with size of 3
PHY-3001 : Cell area utilization is 22%
PHY-3001 : Update timing in Manhattan mode ...
TMR-2503 : Start to update net delay, extr mode = 3.
TMR-2504 : Update delay of 2327 nets completely.
TMR-2502 : Annotate delay completely, extr mode = 3.
TMR-3501 : Forward propagation: start to calculate arrival time...
TMR-3502 : Backward propagation: start to calculate required time...
TMR-3503 : Timing propagation completes.
PHY-3001 : End timing update;  0.046943s wall, 0.046875s user + 0.000000s system = 0.046875s CPU (99.9%)

PHY-3001 : :::0::: Try harder cell spreading with beta_ = 1.07448e-06
PHY-3002 : Step(42): len = 48838.6, overlap = 69.0312
PHY-3002 : Step(43): len = 48560.4, overlap = 70.5938
PHY-3002 : Step(44): len = 47554.8, overlap = 77.0312
PHY-3002 : Step(45): len = 46516.5, overlap = 80.5312
PHY-3002 : Step(46): len = 45783.6, overlap = 81.1562
PHY-3002 : Step(47): len = 45117.3, overlap = 80.75
PHY-3002 : Step(48): len = 43463, overlap = 86.7188
PHY-3002 : Step(49): len = 43453.9, overlap = 88.8125
PHY-3002 : Step(50): len = 42506, overlap = 94.3125
PHY-3002 : Step(51): len = 42582.6, overlap = 98.4062
PHY-3002 : Step(52): len = 42380.6, overlap = 100.844
PHY-3001 : :::1::: Try harder cell spreading with beta_ = 2.14896e-06
PHY-3002 : Step(53): len = 41727.2, overlap = 100.188
PHY-3002 : Step(54): len = 41898.5, overlap = 100.344
PHY-3002 : Step(55): len = 42252.1, overlap = 99.5312
PHY-3001 : :::2::: Try harder cell spreading with beta_ = 4.29792e-06
PHY-3002 : Step(56): len = 42812.9, overlap = 94.6562
PHY-3002 : Step(57): len = 43652.8, overlap = 93.3125
PHY-3002 : Step(58): len = 46084.2, overlap = 88.6875
PHY-3002 : Step(59): len = 47656.2, overlap = 80.5625
PHY-3002 : Step(60): len = 45000.3, overlap = 79.8125
PHY-3002 : Step(61): len = 44524.1, overlap = 79.9688
PHY-3002 : Step(62): len = 44557.4, overlap = 80.1562
PHY-3001 : :::3::: Try harder cell spreading with beta_ = 8.22224e-06
PHY-3002 : Step(63): len = 45193.2, overlap = 77.6875
PHY-3002 : Step(64): len = 45797.5, overlap = 75.2812
PHY-3002 : Step(65): len = 47391.6, overlap = 66.4688
PHY-3002 : Step(66): len = 48051.3, overlap = 61.9688
PHY-3002 : Step(67): len = 47427.2, overlap = 59.4375
PHY-3002 : Step(68): len = 47372.8, overlap = 58.5938
PHY-3002 : Step(69): len = 47073.1, overlap = 53.6875
PHY-3001 : :::4::: Try harder cell spreading with beta_ = 1.64445e-05
PHY-3002 : Step(70): len = 47679.4, overlap = 51.9688
PHY-3002 : Step(71): len = 48397.4, overlap = 50.4375
PHY-3002 : Step(72): len = 49261.7, overlap = 49.5938
PHY-3001 : :::5::: Try harder cell spreading with beta_ = 3.2889e-05
PHY-3002 : Step(73): len = 49382, overlap = 45.5625
PHY-3002 : Step(74): len = 50605.6, overlap = 41
PHY-3002 : Step(75): len = 50673.8, overlap = 36.875
PHY-3002 : Step(76): len = 50482.8, overlap = 34.9375
PHY-3002 : Step(77): len = 50829.4, overlap = 33.8438
PHY-3002 : Step(78): len = 50932.8, overlap = 33.4062
PHY-3001 : :::6::: Try harder cell spreading with beta_ = 6.57779e-05
PHY-3002 : Step(79): len = 51332.7, overlap = 31.4688
PHY-3002 : Step(80): len = 51911.6, overlap = 30.1562
PHY-3002 : Step(81): len = 52694.4, overlap = 27.4062
PHY-3001 : :::7::: Try harder cell spreading with beta_ = 0.000131556
PHY-3002 : Step(82): len = 53330.6, overlap = 25.7188
PHY-3002 : Step(83): len = 54170.2, overlap = 23.0938
PHY-3002 : Step(84): len = 54364.1, overlap = 21.0312
PHY-3002 : Step(85): len = 53117.1, overlap = 19.375
PHY-3002 : Step(86): len = 52825.3, overlap = 20.3438
PHY-3002 : Step(87): len = 52638.9, overlap = 20.6562
PHY-3001 : Run with size of 1
PHY-3001 : Cell area utilization is 22%
PHY-3001 : Update timing in Manhattan mode ...
TMR-2503 : Start to update net delay, extr mode = 3.
TMR-2504 : Update delay of 2327 nets completely.
TMR-2502 : Annotate delay completely, extr mode = 3.
TMR-3501 : Forward propagation: start to calculate arrival time...
TMR-3502 : Backward propagation: start to calculate required time...
TMR-3503 : Timing propagation completes.
PHY-3001 : End timing update;  0.043603s wall, 0.046875s user + 0.000000s system = 0.046875s CPU (107.5%)

PHY-3001 : :::0::: Try harder cell spreading with beta_ = 3.55302e-05
PHY-3002 : Step(88): len = 51869.6, overlap = 60.9375
PHY-3002 : Step(89): len = 52821.7, overlap = 57.9375
PHY-3002 : Step(90): len = 53069.5, overlap = 55.2812
PHY-3002 : Step(91): len = 51688.9, overlap = 57.0938
PHY-3002 : Step(92): len = 50025.5, overlap = 56.875
PHY-3002 : Step(93): len = 50338.8, overlap = 57.8438
PHY-3002 : Step(94): len = 50454.6, overlap = 61.4375
PHY-3002 : Step(95): len = 50430, overlap = 62.9375
PHY-3002 : Step(96): len = 48245.3, overlap = 60.6875
PHY-3002 : Step(97): len = 48052, overlap = 61.1562
PHY-3002 : Step(98): len = 47435.6, overlap = 61.1875
PHY-3001 : :::1::: Try harder cell spreading with beta_ = 7.10604e-05
PHY-3002 : Step(99): len = 48434, overlap = 62.75
PHY-3002 : Step(100): len = 48858.4, overlap = 62.4062
PHY-3002 : Step(101): len = 49975.2, overlap = 59.9688
PHY-3002 : Step(102): len = 50454, overlap = 57.2188
PHY-3002 : Step(103): len = 48891.2, overlap = 56.7812
PHY-3002 : Step(104): len = 48665.7, overlap = 55.3438
PHY-3002 : Step(105): len = 48332.2, overlap = 55.0938
PHY-3001 : :::2::: Try harder cell spreading with beta_ = 0.000142121
PHY-3002 : Step(106): len = 50034.1, overlap = 52.6875
PHY-3002 : Step(107): len = 50340.8, overlap = 52.9062
PHY-3002 : Step(108): len = 51264.8, overlap = 50.9375
PHY-3001 : :::3::: Try harder cell spreading with beta_ = 0.000284242
PHY-3002 : Step(109): len = 51340.8, overlap = 46.125
PHY-3002 : Step(110): len = 51548.2, overlap = 44.9062
PHY-3002 : Step(111): len = 51474.4, overlap = 43.3125
PHY-3002 : Step(112): len = 51826.7, overlap = 42.1562
PHY-3002 : Step(113): len = 52190.5, overlap = 38.5938
PHY-3001 : :::4::: Try harder cell spreading with beta_ = 0.000568483
PHY-3002 : Step(114): len = 52651.3, overlap = 37.7188
PHY-3002 : Step(115): len = 52887.7, overlap = 37.1562
PHY-3002 : Step(116): len = 53369.5, overlap = 36.9375
PHY-3001 : :::5::: Try harder cell spreading with beta_ = 0.000919806
PHY-3002 : Step(117): len = 53524.4, overlap = 37.5312
PHY-3002 : Step(118): len = 53739.1, overlap = 37.4062
PHY-3002 : Step(119): len = 53981.2, overlap = 37.2188
PHY-3001 : :::6::: Try harder cell spreading with beta_ = 0.00148825
PHY-3002 : Step(120): len = 54204.3, overlap = 34.875
PHY-3002 : Step(121): len = 54516.5, overlap = 35.875
PHY-3002 : Step(122): len = 54825.8, overlap = 36.1875
OPT-1001 : Start physical optimization ...
RUN-1002 : start command "start_timer -report"
TMR-2505 : Start building timing graph for model SF1_SOC.
TMR-2506 : Build timing graph completely. Port num: 12, tpin num: 10596, tnet num: 2327, tinst num: 2061, tnode num: 14785, tedge num: 16794.
TMR-2508 : Levelizing timing graph completed, there are 35 levels in total.
TMR-2501 : Timing graph initialized successfully.
OPT-1001 : Total overflow 36.19 peak overflow 1.19
OPT-1001 : Start high-fanout net optimization ...
OPT-1001 : Update timing in global mode
PHY-1001 : Start incremental global routing, caller is place ...
RUN-1001 : Generating global routing grids ...
RUN-1001 : Building simple global routing graph ...
PHY-1001 : Generate routing nets ...
PHY-1001 : Reuse net number 0/2329.
PHY-1001 : Global iterations in 8 thread ...
PHY-1002 : len = 78944, over cnt = 372(3%), over = 1272, worst = 16
PHY-1001 : End global iterations;  0.158807s wall, 0.156250s user + 0.000000s system = 0.156250s CPU (98.4%)

PHY-1001 : Congestion index: top1 = 53.12, top5 = 42.96, top10 = 38.23, top15 = 35.17.
PHY-1001 : End incremental global routing;  0.183772s wall, 0.187500s user + 0.000000s system = 0.187500s CPU (102.0%)

TMR-2503 : Start to update net delay, extr mode = 5.
TMR-2504 : Update delay of 2327 nets completely.
TMR-2502 : Annotate delay completely, extr mode = 5.
TMR-3001 : Initiate 0 clocks from SDC.
TMR-3004 : Map sdc constraints, there are 0 constraints in total.
TMR-3003 : Constraints initiated successfully.
TMR-3501 : Forward propagation: start to calculate arrival time...
TMR-3502 : Backward propagation: start to calculate required time...
TMR-3503 : Timing propagation completes.
OPT-1001 : End timing update;  0.054210s wall, 0.046875s user + 0.000000s system = 0.046875s CPU (86.5%)

OPT-1001 : 0 high-fanout net processed.
OPT-1001 : End high-fanout net optimization;  0.268177s wall, 0.265625s user + 0.000000s system = 0.265625s CPU (99.0%)

OPT-1001 : Current memory(MB): used = 177, reserve = 150, peak = 177.
OPT-1001 : Start global optimization ...
OPT-1001 : Start congestion update ...
RUN-1001 : Generating global routing grids ...
PHY-1001 : Generate routing nets ...
PHY-1001 : Reuse net number 1668/2329.
PHY-1001 : Global iterations in 8 thread ...
PHY-1002 : len = 78944, over cnt = 372(3%), over = 1272, worst = 16
PHY-1002 : len = 87208, over cnt = 215(1%), over = 450, worst = 11
PHY-1002 : len = 90568, over cnt = 20(0%), over = 43, worst = 7
PHY-1002 : len = 91136, over cnt = 0(0%), over = 0, worst = 0
PHY-1001 : End global iterations;  0.255473s wall, 0.250000s user + 0.000000s system = 0.250000s CPU (97.9%)

PHY-1001 : Congestion index: top1 = 47.36, top5 = 41.43, top10 = 38.37, top15 = 35.55.
OPT-1001 : End congestion update;  0.277783s wall, 0.281250s user + 0.000000s system = 0.281250s CPU (101.2%)

OPT-1001 : Update timing in Manhattan mode
TMR-2503 : Start to update net delay, extr mode = 3.
TMR-2504 : Update delay of 2327 nets completely.
TMR-2502 : Annotate delay completely, extr mode = 3.
TMR-3501 : Forward propagation: start to calculate arrival time...
TMR-3502 : Backward propagation: start to calculate required time...
TMR-3503 : Timing propagation completes.
OPT-1001 : End timing update;  0.040931s wall, 0.031250s user + 0.000000s system = 0.031250s CPU (76.3%)

OPT-0007 : Start: WNS 2147483647 TNS 0 NUM_FEPS 0
OPT-1001 : End global optimization;  0.318798s wall, 0.312500s user + 0.000000s system = 0.312500s CPU (98.0%)

OPT-1001 : Current memory(MB): used = 179, reserve = 152, peak = 179.
OPT-1001 : End physical optimization;  0.811667s wall, 0.796875s user + 0.015625s system = 0.812500s CPU (100.1%)

PHY-3001 : Start packing ...
SYN-4007 : Packing 0 MUX to BLE ...
SYN-4008 : Packed 0 MUX and 0 SEQ to BLE.
SYN-4007 : Packing 964 LUT to BLE ...
SYN-4008 : Packed 964 LUT and 35 SEQ to BLE.
SYN-4003 : Packing 1010 remaining SEQ's ...
SYN-4005 : Packed 843 SEQ with LUT/SLICE
SYN-4006 : 89 single LUT's are left
SYN-4006 : 167 single SEQ's are left
SYN-4011 : Packing model "SF1_SOC" (AL_USER_NORMAL) with 1131/1255 primitive instances ...
PHY-3001 : End packing;  0.111824s wall, 0.109375s user + 0.000000s system = 0.109375s CPU (97.8%)

PHY-1001 : Populate physical database on model SF1_SOC.
RUN-1001 : There are total 755 instances
RUN-1001 : 356 mslices, 357 lslices, 25 pads, 8 brams, 3 dsps
RUN-1001 : There are total 2294 nets
RUN-6004 WARNING: There are 3 nets with only 1 pin.
RUN-1001 : 2089 nets have 2 pins
RUN-1001 : 69 nets have [3 - 5] pins
RUN-1001 : 35 nets have [6 - 10] pins
RUN-1001 : 20 nets have [11 - 20] pins
RUN-1001 : 72 nets have [21 - 99] pins
RUN-1001 : 6 nets have 100+ pins
PHY-3001 : design contains 753 instances, 713 slices, 2 macros(12 instances: 8 mslices 4 lslices)
PHY-3001 : Cell area utilization is 30%
PHY-3001 : After packing: Len = 60007.8, Over = 70
PHY-3001 : Run with size of 1
PHY-3001 : Cell area utilization is 30%
PHY-3001 : Update timing in Manhattan mode ...
RUN-1002 : start command "start_timer -report"
TMR-2505 : Start building timing graph for model SF1_SOC.
TMR-2506 : Build timing graph completely. Port num: 12, tpin num: 9457, tnet num: 2292, tinst num: 753, tnode num: 12545, tedge num: 14957.
TMR-2508 : Levelizing timing graph completed, there are 33 levels in total.
TMR-2501 : Timing graph initialized successfully.
TMR-2503 : Start to update net delay, extr mode = 3.
TMR-2504 : Update delay of 2292 nets completely.
TMR-2502 : Annotate delay completely, extr mode = 3.
TMR-3001 : Initiate 0 clocks from SDC.
TMR-3004 : Map sdc constraints, there are 0 constraints in total.
TMR-3003 : Constraints initiated successfully.
TMR-3501 : Forward propagation: start to calculate arrival time...
TMR-3502 : Backward propagation: start to calculate required time...
TMR-3503 : Timing propagation completes.
PHY-3001 : End timing update;  0.279940s wall, 0.281250s user + 0.000000s system = 0.281250s CPU (100.5%)

PHY-3001 : :::0::: Try harder cell spreading with beta_ = 3.27959e-05
PHY-3002 : Step(123): len = 56760.9, overlap = 68.5
PHY-3002 : Step(124): len = 56045.6, overlap = 75.5
PHY-3002 : Step(125): len = 55066.7, overlap = 79.25
PHY-3002 : Step(126): len = 53879.9, overlap = 79
PHY-3002 : Step(127): len = 53459.2, overlap = 78.25
PHY-3002 : Step(128): len = 52935, overlap = 81.5
PHY-3001 : :::1::: Try harder cell spreading with beta_ = 6.55918e-05
PHY-3002 : Step(129): len = 54416.1, overlap = 73.5
PHY-3002 : Step(130): len = 55610, overlap = 70.5
PHY-3002 : Step(131): len = 55499, overlap = 69
PHY-3002 : Step(132): len = 55319.2, overlap = 68.25
PHY-3002 : Step(133): len = 55312.5, overlap = 68
PHY-3001 : :::2::: Try harder cell spreading with beta_ = 0.000123016
PHY-3002 : Step(134): len = 56210.1, overlap = 63
PHY-3002 : Step(135): len = 57091.3, overlap = 61.25
PHY-3002 : Step(136): len = 57825.8, overlap = 58.25
PHY-3001 : :::3::: Try harder cell spreading with beta_ = 0.000246033
PHY-3002 : Step(137): len = 57938.4, overlap = 59.25
PHY-3002 : Step(138): len = 58343.9, overlap = 59.75
PHY-3002 : Step(139): len = 58781.2, overlap = 60.25
PHY-3002 : Step(140): len = 59296.4, overlap = 57.5
PHY-3002 : Step(141): len = 59545.8, overlap = 55
PHY-3002 : Step(142): len = 59746.5, overlap = 57.5
PHY-3001 : :::4::: Try harder cell spreading with beta_ = 0.000430244
PHY-3002 : Step(143): len = 59932.3, overlap = 56.75
PHY-3002 : Step(144): len = 60489.2, overlap = 55.75
PHY-3002 : Step(145): len = 61131, overlap = 52.75
PHY-3001 : Legalization ...
PHY-3001 : End legalization;  0.216347s wall, 0.171875s user + 0.406250s system = 0.578125s CPU (267.2%)

PHY-3001 : Trial Legalized: Len = 65528.8
PHY-3001 : Run with size of 1
PHY-3001 : Cell area utilization is 30%
PHY-3001 : Update timing in Manhattan mode ...
TMR-2503 : Start to update net delay, extr mode = 3.
TMR-2504 : Update delay of 2292 nets completely.
TMR-2502 : Annotate delay completely, extr mode = 3.
TMR-3501 : Forward propagation: start to calculate arrival time...
TMR-3502 : Backward propagation: start to calculate required time...
TMR-3503 : Timing propagation completes.
PHY-3001 : End timing update;  0.066602s wall, 0.062500s user + 0.000000s system = 0.062500s CPU (93.8%)

PHY-3001 : :::0::: Try harder cell spreading with beta_ = 0.000110805
PHY-3002 : Step(146): len = 61112.1, overlap = 27.75
PHY-3002 : Step(147): len = 59436.7, overlap = 48.25
PHY-3002 : Step(148): len = 58764.3, overlap = 51
PHY-3002 : Step(149): len = 58483.6, overlap = 57
PHY-3002 : Step(150): len = 58181.9, overlap = 57.75
PHY-3001 : :::1::: Try harder cell spreading with beta_ = 0.00022161
PHY-3002 : Step(151): len = 58748.4, overlap = 55
PHY-3002 : Step(152): len = 59224.3, overlap = 52.75
PHY-3002 : Step(153): len = 59289.7, overlap = 54
PHY-3001 : :::2::: Try harder cell spreading with beta_ = 0.000388293
PHY-3002 : Step(154): len = 59674.8, overlap = 50.75
PHY-3002 : Step(155): len = 60170.1, overlap = 50
PHY-3002 : Step(156): len = 60482.7, overlap = 48
PHY-3002 : Step(157): len = 60680.6, overlap = 48
PHY-3002 : Step(158): len = 60872.8, overlap = 46.25
PHY-3001 : Legalization ...
PHY-3001 : End legalization;  0.003354s wall, 0.000000s user + 0.000000s system = 0.000000s CPU (n/a%)

PHY-3001 : Legalized: Len = 63158.8, Over = 0
PHY-3001 : End spreading;  0.004614s wall, 0.015625s user + 0.000000s system = 0.015625s CPU (338.7%)

PHY-3001 : Final: Len = 63158.8, Over = 0
RUN-1003 : finish command "place" in  4.424451s wall, 7.656250s user + 3.093750s system = 10.750000s CPU (243.0%)

RUN-1004 : used memory is 162 MB, reserved memory is 140 MB, peak memory is 184 MB
RUN-1002 : start command "export_db pwm_demo_place.db"
RUN-1001 : Exported /
RUN-1001 : Exported flow parameters
RUN-1001 : Exported libs
RUN-1001 : Exported entities
RUN-1001 : Exported ports
RUN-1001 : Exported pins
RUN-1001 : Exported instances
RUN-1001 : Exported nets
RUN-1001 : Exported buses
RUN-1001 : Exported models
RUN-1001 : Exported congestions
RUN-1001 : Exported violations
RUN-1001 : Exported timing constraints
RUN-1001 : Exported IO constraints
RUN-1001 : Exported Inst constraints
RUN-1002 : start command "route"
RUN-1001 : Open license file D:/XILINX_EXE/TD_5.6/license/Anlogic.lic
RUN-1001 : Print Global Property
RUN-1001 : ---------------------------------------------------------------
RUN-1001 :        Parameters        |  Settings  |  Default Values  |  Note  
RUN-1001 : ---------------------------------------------------------------
RUN-1001 :          message         |  standard  |     standard     |        
RUN-1001 :   mixed_pack_place_flow  |     on     |        on        |        
RUN-1001 :        qor_monitor       |    off     |       off        |        
RUN-1001 :        syn_ip_flow       |    off     |       off        |        
RUN-1001 :          thread          |    auto    |       auto       |        
RUN-1001 : ---------------------------------------------------------------
RUN-1001 : Print Route Property
RUN-1001 : -------------------------------------------------------
RUN-1001 :    Parameters    |  Settings  |  Default Values  |  Note  
RUN-1001 : -------------------------------------------------------
RUN-1001 :      effort      |   medium   |      medium      |        
RUN-1001 :     fix_hold     |    off     |       off        |        
RUN-1001 :    opt_timing    |   medium   |      medium      |        
RUN-1001 :   phy_sim_model  |    off     |       off        |        
RUN-1001 :     priority     |   timing   |      timing      |        
RUN-1001 :     swap_pin     |     on     |        on        |        
RUN-1001 : -------------------------------------------------------
PHY-1001 : Route runs in 8 thread(s)
RUN-1001 : There are total 755 instances
RUN-1001 : 356 mslices, 357 lslices, 25 pads, 8 brams, 3 dsps
RUN-1001 : There are total 2294 nets
RUN-6004 WARNING: There are 3 nets with only 1 pin.
RUN-1001 : 2089 nets have 2 pins
RUN-1001 : 69 nets have [3 - 5] pins
RUN-1001 : 35 nets have [6 - 10] pins
RUN-1001 : 20 nets have [11 - 20] pins
RUN-1001 : 72 nets have [21 - 99] pins
RUN-1001 : 6 nets have 100+ pins
RUN-1002 : start command "start_timer -report"
TMR-2505 : Start building timing graph for model SF1_SOC.
TMR-2506 : Build timing graph completely. Port num: 12, tpin num: 9457, tnet num: 2292, tinst num: 753, tnode num: 12545, tedge num: 14957.
TMR-2508 : Levelizing timing graph completed, there are 33 levels in total.
TMR-2501 : Timing graph initialized successfully.
PHY-1001 : 356 mslices, 357 lslices, 25 pads, 8 brams, 3 dsps
TMR-2503 : Start to update net delay, extr mode = 3.
TMR-2504 : Update delay of 2292 nets completely.
TMR-2502 : Annotate delay completely, extr mode = 3.
TMR-3001 : Initiate 0 clocks from SDC.
TMR-3004 : Map sdc constraints, there are 0 constraints in total.
TMR-3003 : Constraints initiated successfully.
TMR-3501 : Forward propagation: start to calculate arrival time...
TMR-3502 : Backward propagation: start to calculate required time...
TMR-3503 : Timing propagation completes.
PHY-1001 : Start global routing, caller is route ...
RUN-1001 : Generating global routing grids ...
PHY-1001 : Generate routing nets ...
PHY-1001 : Global iterations in 8 thread ...
PHY-1002 : len = 89040, over cnt = 365(3%), over = 549, worst = 7
PHY-1002 : len = 91608, over cnt = 162(1%), over = 225, worst = 5
PHY-1002 : len = 94328, over cnt = 24(0%), over = 37, worst = 5
PHY-1002 : len = 94768, over cnt = 0(0%), over = 0, worst = 0
PHY-1001 : End global iterations;  0.304288s wall, 0.312500s user + 0.015625s system = 0.328125s CPU (107.8%)

PHY-1001 : Congestion index: top1 = 43.82, top5 = 39.63, top10 = 37.08, top15 = 34.95.
PHY-1001 : End global routing;  0.341230s wall, 0.328125s user + 0.031250s system = 0.359375s CPU (105.3%)

PHY-1001 : Start detail routing ...
PHY-1001 : Current memory(MB): used = 199, reserve = 173, peak = 199.
PHY-1001 : Detailed router is running in normal mode.
PHY-1001 : Generate detailed routing grids ...
PHY-1001 : Generate nets ...
PHY-1001 : net I_clk_25m_dup_1 will be routed on clock mesh
PHY-5010 WARNING: Net u_ahb_pwm/I_ahb_hsize[2] is skipped due to 0 input or output
PHY-5010 WARNING: Net u_ahb_pwm/I_ahb_hsize[1] is skipped due to 0 input or output
PHY-5010 WARNING: Net u_ahb_pwm/I_ahb_hsize[0] is skipped due to 0 input or output
PHY-1001 : clock net u_ahb_pwm/I_ahb_clk will be merged with clock u_pll/clk0_buf
PHY-5010 WARNING: Net u_ahb_pwm/I_ahb_hsize[2] is skipped due to 0 input or output
PHY-5010 WARNING: Net u_ahb_pwm/I_ahb_hsize[1] is skipped due to 0 input or output
PHY-5010 WARNING: Net u_ahb_pwm/I_ahb_hsize[0] is skipped due to 0 input or output
PHY-1001 : Current memory(MB): used = 288, reserve = 263, peak = 288.
PHY-1001 : End build detailed router design. 1.312493s wall, 1.296875s user + 0.015625s system = 1.312500s CPU (100.0%)

PHY-1001 : Detail Route ...
PHY-1001 : ===== Detail Route Phase 1 =====
PHY-1001 : Clock net routing.....
PHY-1001 : Routed 0% nets.
PHY-1022 : len = 18096, over cnt = 0(0%), over = 0, worst = 0, crit = 0
PHY-1001 : End initial clock net routed; 0.102336s wall, 0.109375s user + 0.000000s system = 0.109375s CPU (106.9%)

PHY-1001 : Current memory(MB): used = 299, reserve = 275, peak = 299.
PHY-1001 : End phase 1; 0.104197s wall, 0.109375s user + 0.000000s system = 0.109375s CPU (105.0%)

PHY-1001 : ===== Detail Route Phase 2 =====
PHY-1001 : Initial routing.....
PHY-1001 : Routed 17% nets.
PHY-1001 : Routed 25% nets.
PHY-1001 : Routed 34% nets.
PHY-1001 : Routed 46% nets.
PHY-1001 : Routed 62% nets.
PHY-1001 : Patch 841 net; 1.994771s wall, 2.000000s user + 0.000000s system = 2.000000s CPU (100.3%)

PHY-1022 : len = 163032, over cnt = 561(0%), over = 573, worst = 2, crit = 0
PHY-1001 : Current memory(MB): used = 301, reserve = 276, peak = 301.
PHY-1001 : End initial routed; 2.078414s wall, 2.187500s user + 0.093750s system = 2.281250s CPU (109.8%)

PHY-1001 : Update timing.....
PHY-1001 : 0/2268(0%) critical/total net(s).
RUN-1001 : ------------------------------------------
RUN-1001 :   Type   |    WNS(ns)    |  TNS(ns)  |  FEP  
RUN-1001 : ------------------------------------------
RUN-1001 :   Setup  |  2147483.647  |   0.000   |   0   
RUN-1001 :   Hold   |  2147483.647  |   0.000   |   0   
RUN-1001 : ------------------------------------------
PHY-1001 : End update timing; 0.345810s wall, 0.343750s user + 0.000000s system = 0.343750s CPU (99.4%)

PHY-1001 : Current memory(MB): used = 306, reserve = 281, peak = 306.
PHY-1001 : End phase 2; 2.424282s wall, 2.531250s user + 0.093750s system = 2.625000s CPU (108.3%)

PHY-1001 : ===== Detail Route Phase 3 =====
PHY-1001 : Optimize timing.....
PHY-1022 : len = 163032, over cnt = 561(0%), over = 573, worst = 2, crit = 0
PHY-1001 : End optimize timing; 0.006153s wall, 0.015625s user + 0.000000s system = 0.015625s CPU (254.0%)

PHY-1001 : Ripup-reroute.....
PHY-1001 : ===== DR Iter 1 =====
PHY-1022 : len = 161528, over cnt = 158(0%), over = 158, worst = 1, crit = 0
PHY-1001 : End DR Iter 1; 0.917854s wall, 0.937500s user + 0.031250s system = 0.968750s CPU (105.5%)

PHY-1001 : ===== DR Iter 2 =====
PHY-1022 : len = 162240, over cnt = 16(0%), over = 16, worst = 1, crit = 0
PHY-1001 : End DR Iter 2; 0.261359s wall, 0.265625s user + 0.000000s system = 0.265625s CPU (101.6%)

PHY-1001 : ===== DR Iter 3 =====
PHY-1022 : len = 162640, over cnt = 3(0%), over = 3, worst = 1, crit = 0
PHY-1001 : End DR Iter 3; 0.085933s wall, 0.078125s user + 0.000000s system = 0.078125s CPU (90.9%)

PHY-1001 : ===== DR Iter 4 =====
PHY-1022 : len = 162688, over cnt = 1(0%), over = 1, worst = 1, crit = 0
PHY-1001 : End DR Iter 4; 0.026553s wall, 0.031250s user + 0.000000s system = 0.031250s CPU (117.7%)

PHY-1001 : ===== DR Iter 5 =====
PHY-1022 : len = 162704, over cnt = 0(0%), over = 0, worst = 0, crit = 0
PHY-1001 : End DR Iter 5; 0.021358s wall, 0.031250s user + 0.000000s system = 0.031250s CPU (146.3%)

PHY-1001 : Update timing.....
PHY-1001 : 0/2268(0%) critical/total net(s).
RUN-1001 : ------------------------------------------
RUN-1001 :   Type   |    WNS(ns)    |  TNS(ns)  |  FEP  
RUN-1001 : ------------------------------------------
RUN-1001 :   Setup  |  2147483.647  |   0.000   |   0   
RUN-1001 :   Hold   |  2147483.647  |   0.000   |   0   
RUN-1001 : ------------------------------------------
PHY-1001 : End update timing; 0.344249s wall, 0.343750s user + 0.000000s system = 0.343750s CPU (99.9%)

PHY-1001 : Commit to database.....
PHY-5014 WARNING: Detail route doesn't find pib for u_pll/pll_inst.ssc_en[0]
PHY-5014 WARNING: Detail route doesn't find pib for u_pll/pll_inst.dsm_rst[0]
PHY-5014 WARNING: Detail route doesn't find pib for u_pll/pll_inst.frac_offset_valid[0]
PHY-5014 WARNING: Detail route doesn't find pib for u_pll/pll_inst.dsm_refclk[0]
PHY-1001 : 314 feed throughs used by 103 nets
PHY-1001 : End commit to database; 0.218999s wall, 0.218750s user + 0.000000s system = 0.218750s CPU (99.9%)

PHY-1001 : Current memory(MB): used = 321, reserve = 297, peak = 321.
PHY-1001 : End phase 3; 1.917991s wall, 1.937500s user + 0.031250s system = 1.968750s CPU (102.6%)

PHY-1003 : Routed, final wirelength = 162704
PHY-1001 : Current memory(MB): used = 321, reserve = 297, peak = 321.
PHY-1001 : End export database. 0.007921s wall, 0.015625s user + 0.000000s system = 0.015625s CPU (197.3%)

PHY-1001 : End detail routing;  5.845022s wall, 5.953125s user + 0.140625s system = 6.093750s CPU (104.3%)

RUN-1003 : finish command "route" in  6.505313s wall, 6.609375s user + 0.171875s system = 6.781250s CPU (104.2%)

RUN-1004 : used memory is 290 MB, reserved memory is 269 MB, peak memory is 322 MB
RUN-1002 : start command "report_area -io_info -file pwm_demo_phy.area"
RUN-1001 : standard
***Report Model: SF1_SOC Device: SF1S60CG121I***

IO Statistics
#IO                        19
  #input                    6
  #output                  13
  #inout                    0

Utilization Statistics
#lut                      996   out of   5824   17.10%
#reg                     1045   out of   5824   17.94%
#le                      1163
  #lut only               118   out of   1163   10.15%
  #reg only               167   out of   1163   14.36%
  #lut&reg                878   out of   1163   75.49%
#dsp                        3   out of     10   30.00%
#bram                       8   out of     26   30.77%
  #bram9k                   8
  #fifo9k                   0
#hard-ip                    1
  #mcu                      1   out of      1  100.00%
  #dsc                      0   out of      1    0.00%
  #dsi                      0   out of      2    0.00%
  #psram controller         0   out of      2    0.00%
#pad                       19   out of     55   34.55%
  #ireg                     0
  #oreg                     0
  #treg                     0
#pll                        1   out of      2   50.00%
#gclk                       3   out of     16   18.75%

Clock Resource Statistics
Index     ClockNet           Type               DriverType         Driver                  Fanout
#1        u_pll/clk0_buf     GCLK               pll                u_pll/pll_inst.clkc0    696
#2        I_clk_25m_dup_1    GCLK               io                 I_clk_25m_syn_2.di      1


Detailed IO Report

     Name       Direction    Location    IOStandard    DriveStrength    PullType    PackReg  
  I_clk_25m       INPUT         D7        LVCMOS18          N/A          PULLUP      NONE    
  I_jtag_tck      INPUT         C7        LVCMOS18          N/A          PULLUP      NONE    
  I_jtag_tdi      INPUT         D5        LVCMOS18          N/A          PULLUP      NONE    
  I_jtag_tms      INPUT         D6        LVCMOS18          N/A          PULLUP      NONE    
   I_rst_n        INPUT         J2        LVCMOS18          N/A          PULLUP      NONE    
  I_uart_rx       INPUT         E4        LVCMOS18          N/A          PULLUP      NONE    
  O_jtag_tdo     OUTPUT         C6        LVCMOS18           8            NONE       NONE    
    O_led0       OUTPUT         J5        LVCMOS18           8            NONE       NONE    
    O_led1       OUTPUT         H5        LVCMOS18           8            NONE       NONE    
    O_led2       OUTPUT         G4        LVCMOS18           8            NONE       NONE    
  O_uart_tx      OUTPUT         A4        LVCMOS18           8            NONE       NONE    

Report Hierarchy Area:
+-----------------------------------------------------------------------------+
|Instance    |Module     |le     |lut     |ripple  |seq     |bram    |dsp     |
+-----------------------------------------------------------------------------+
|top         |SF1_SOC    |1163   |984     |12      |1045    |8       |3       |
|  u_SF1_MCU |SF1_MCU    |0      |0       |0       |0       |0       |0       |
|  u_ahb_pwm |ahb_pwm    |1163   |984     |12      |1045    |8       |3       |
|    uut     |rom_weight |0      |0       |0       |0       |8       |0       |
|  u_pll     |pll        |0      |0       |0       |0       |0       |0       |
+-----------------------------------------------------------------------------+


DataNet Average Fanout:

   Index     Fanout     Nets  
    #1          1       2078  
    #2          2        29   
    #3          3        25   
    #4          4        14   
    #5        5-10       39   
    #6        11-50      85   
    #7       51-100      2    
    #8       101-500     3    
    #9        >500       1    
  Average     2.83            

RUN-1002 : start command "export_db pwm_demo_pr.db"
RUN-1001 : Exported /
RUN-1001 : Exported flow parameters
RUN-1001 : Exported libs
RUN-1001 : Exported entities
RUN-1001 : Exported ports
RUN-1001 : Exported pins
RUN-1001 : Exported instances
RUN-1001 : Exported nets
RUN-1001 : Exported buses
RUN-1001 : Exported models
RUN-1001 : Exported congestions
RUN-1001 : Exported violations
RUN-1001 : Exported timing constraints
RUN-1001 : Exported IO constraints
RUN-1001 : Exported Inst constraints
RUN-1002 : start command "export_bid pwm_demo_inst.bid"
RUN-1002 : start command "bitgen -bit pwm_demo.bit"
BIT-1003 : Start to generate bitstream. 
BIT-1002 : Init instances with 8 threads.
BIT-1002 : Init instances completely, inst num: 753
BIT-1002 : Init pips with 8 threads.
BIT-1002 : Init pips completely, net num: 2294, pip num: 20421
BIT-1002 : Init feedthrough with 8 threads.
BIT-1002 : Init feedthrough completely, num: 314
BIT-1003 : Multithreading accelaration with 8 threads.
BIT-1003 : Generate bitstream completely, there are 664 valid insts, and 51315 bits set as '1'.
BIT-1004 : the usercode register value: 00000000011110010000000000000000
BIT-1004 : Generate bits file pwm_demo.bit.
RUN-1003 : finish command "bitgen -bit pwm_demo.bit" in  1.906374s wall, 10.671875s user + 0.031250s system = 10.703125s CPU (561.4%)

RUN-1004 : used memory is 298 MB, reserved memory is 275 MB, peak memory is 448 MB
RUN-1002 : start command "backup_run_log run.log ../.logs/phy_1/td_20231112_162410.log"
