============================================================
   Tang Dynasty, V5.6.59063
   Copyright (c) 2012-2022 Anlogic
   Executable = D:/XILINX_EXE/TD_5.6/bin/td.exe
   Built at =   12:45:13 Sep  6 2022
   Run by =     13456
   Run Date =   Sun Nov 12 11:32:14 2023

   Run on =     DESKTOP-1HJPLU7
============================================================
RUN-1002 : start command "open_project pwm_demo.prj"
RUN-1001 : Print Global Property
RUN-1001 : ---------------------------------------------------------------
RUN-1001 :        Parameters        |  Settings  |  Default Values  |  Note  
RUN-1001 : ---------------------------------------------------------------
RUN-1001 :          message         |  standard  |     standard     |        
RUN-1001 :   mixed_pack_place_flow  |     on     |        on        |        
RUN-1001 :        qor_monitor       |    off     |       off        |        
RUN-1001 :        syn_ip_flow       |    off     |       off        |        
RUN-1001 :          thread          |    auto    |       auto       |        
RUN-1001 : ---------------------------------------------------------------
RUN-1001 : Print Design Property
RUN-1001 : --------------------------------------------------------------
RUN-1001 :        Parameters       |  Settings  |  Default Values  |  Note  
RUN-1001 : --------------------------------------------------------------
RUN-1001 :   default_reg_initial   |    auto    |       auto       |        
RUN-1001 :        infer_add        |     on     |        on        |        
RUN-1001 :        infer_fsm        |    off     |       off        |        
RUN-1001 :        infer_mult       |     on     |        on        |        
RUN-1001 :        infer_ram        |     on     |        on        |        
RUN-1001 :        infer_reg        |     on     |        on        |        
RUN-1001 :   infer_reg_init_value  |     on     |        on        |        
RUN-1001 :        infer_rom        |     on     |        on        |        
RUN-1001 :      infer_shifter      |     on     |        on        |        
RUN-1001 : --------------------------------------------------------------
RUN-1001 : Print Rtl Property
RUN-1001 : --------------------------------------------------------------
RUN-1001 :        Parameters       |  Settings  |  Default Values  |  Note  
RUN-1001 : --------------------------------------------------------------
RUN-1001 :       compress_add      |   ripple   |      ripple      |        
RUN-1001 :        elf_sload        |    off     |       off        |        
RUN-1001 :       fix_undriven      |     0      |        0         |        
RUN-1001 :         flatten         |    off     |       off        |        
RUN-1001 :       gate_sharing      |     on     |        on        |        
RUN-1001 :    hdl_warning_level    |   normal   |      normal      |        
RUN-1001 :   impl_internal_tribuf  |     on     |        on        |        
RUN-1001 :      impl_set_reset     |     on     |        on        |        
RUN-1001 :        infer_gsr        |    off     |       off        |        
RUN-1001 :      keep_hierarchy     |    auto    |       auto       |        
RUN-1001 :        max_fanout       |    9999    |       9999       |        
RUN-1001 :      max_oh2bin_len     |     10     |        10        |        
RUN-1001 :       merge_equal       |     on     |        on        |        
RUN-1001 :       merge_equiv       |     on     |        on        |        
RUN-1001 :        merge_mux        |    off     |       off        |        
RUN-1001 :     min_control_set     |     8      |        8         |        
RUN-1001 :      min_ripple_len     |    auto    |       auto       |        
RUN-1001 :       oh2bin_ratio      |    0.08    |       0.08       |        
RUN-1001 :     opt_adder_fanout    |     on     |        on        |        
RUN-1001 :        opt_arith        |     on     |        on        |        
RUN-1001 :       opt_big_gate      |    off     |       off        |        
RUN-1001 :        opt_const        |     on     |        on        |        
RUN-1001 :      opt_const_mult     |     on     |        on        |        
RUN-1001 :       opt_lessthan      |     on     |        on        |        
RUN-1001 :         opt_mux         |    off     |       off        |        
RUN-1001 :         opt_ram         |    high    |       high       |        
RUN-1001 :      rtl_sim_model      |    off     |       off        |        
RUN-1001 :         seq_syn         |     on     |        on        |        
RUN-1001 : --------------------------------------------------------------
HDL-1007 : analyze verilog file ../../al_ip/SF1_MCU.v
HDL-1007 : analyze verilog file ../../al_ip/pll.v
HDL-1007 : undeclared symbol 'open', assumed default net type 'wire' in ../../al_ip/pll.v(88)
HDL-1007 : analyze verilog file ../../al_ip/rom_weight.v
HDL-1007 : analyze verilog file ../../SF1_SOC.v
HDL-1007 : analyze verilog file ../../ahb_pwm.v
HDL-5007 WARNING: identifier 'weight1' is used before its declaration in ../../ahb_pwm.v(360)
HDL-5007 WARNING: identifier 'weight1' is used before its declaration in ../../ahb_pwm.v(361)
HDL-5007 WARNING: identifier 'weight48' is used before its declaration in ../../ahb_pwm.v(362)
HDL-5007 WARNING: identifier 'weight47' is used before its declaration in ../../ahb_pwm.v(363)
HDL-5007 WARNING: identifier 'weight46' is used before its declaration in ../../ahb_pwm.v(364)
HDL-5007 WARNING: identifier 'weight45' is used before its declaration in ../../ahb_pwm.v(365)
HDL-5007 WARNING: identifier 'weight44' is used before its declaration in ../../ahb_pwm.v(366)
HDL-5007 WARNING: identifier 'weight43' is used before its declaration in ../../ahb_pwm.v(367)
HDL-5007 WARNING: identifier 'weight42' is used before its declaration in ../../ahb_pwm.v(368)
HDL-5007 WARNING: identifier 'weight41' is used before its declaration in ../../ahb_pwm.v(369)
HDL-5007 Similar messages will be suppressed.
HDL-1007 : analyze verilog file ../../gpio_controler.v
RUN-1001 : Project manager successfully analyzed 6 source files.
RUN-1002 : start command "import_device sf1_6.db -package SF1S60CG121I"
ARC-1001 : Device Initialization.
ARC-1001 : -------------------------------------------------
ARC-1001 :       OPTION       |      IO       |   SETTING   
ARC-1001 : -------------------------------------------------
ARC-1001 :        done        |      B4       |    gpio    
ARC-1001 :        initn       |      A5       |    gpio    
ARC-1001 :       jtagen       |      B7       |    gpio    
ARC-1001 :      programn      |      B5       |  dedicate  
ARC-1001 :   tdi/tms/tck/tdo  |  C4/A6/A7/C5  |  dedicate  
ARC-1001 : -------------------------------------------------
ARC-1004 : Device setting, marked 5 dedicate IOs in total.
RUN-1002 : start command "import_db ../syn_1/pwm_demo_gate.db"
RUN-1001 : Importing database generated by Tang Dynasty, V5.6.59063.
RUN-1001 : Database version number 46140.
RUN-1001 : Import flow parameters
RUN-1001 : Import timing constraints
RUN-1001 : Import IO constraints
RUN-1001 : Import Inst constraints
RUN-1001 : Import design success TD_VERSION=5.6.59063 , DB_VERSION=46140
RUN-1002 : start command "read_sdc"
USR-1002 : read_sdc file_name -help -h -eco
USR-1009 : NO module with IP_SDC ...
RUN-1104 : Import SDC file  finished, there are 0 nets kept by constraints.
RUN-1002 : start command "place"
RUN-1001 : Open license file D:/XILINX_EXE/TD_5.6/license/Anlogic.lic
RUN-1001 : Print Global Property
RUN-1001 : ---------------------------------------------------------------
RUN-1001 :        Parameters        |  Settings  |  Default Values  |  Note  
RUN-1001 : ---------------------------------------------------------------
RUN-1001 :          message         |  standard  |     standard     |        
RUN-1001 :   mixed_pack_place_flow  |     on     |        on        |        
RUN-1001 :        qor_monitor       |    off     |       off        |        
RUN-1001 :        syn_ip_flow       |    off     |       off        |        
RUN-1001 :          thread          |    auto    |       auto       |        
RUN-1001 : ---------------------------------------------------------------
RUN-1001 : Print Place Property
RUN-1001 : --------------------------------------------------------------
RUN-1001 :        Parameters       |  Settings  |  Default Values  |  Note  
RUN-1001 : --------------------------------------------------------------
RUN-1001 :      detailed_place     |     on     |        on        |        
RUN-1001 :          effort         |   medium   |      medium      |        
RUN-1001 :         fix_hold        |    off     |       off        |        
RUN-1001 :       legalization      |    ori     |       ori        |        
RUN-1001 :      new_spreading      |     on     |        on        |        
RUN-1001 :        opt_timing       |   medium   |      medium      |        
RUN-1001 :   post_clock_route_opt  |    off     |       off        |        
RUN-1001 :       pr_strategy       |     1      |        1         |        
RUN-1001 :        relaxation       |    1.00    |       1.00       |        
RUN-1001 :         retiming        |    off     |       off        |        
RUN-1001 : --------------------------------------------------------------
PHY-3001 : Placer runs in 8 thread(s).
RUN-1002 : start command "legalize_phy_inst"
SYN-1011 : Flatten model SF1_SOC
RUN-1002 : start command "phys_opt -simplify_lut"
SYN-4016 : Net u_ahb_pwm/I_ahb_clk driven by BUFG (878 clock/control pins, 1 other pins).
SYN-4019 : Net I_clk_25m_dup_1 is refclk of pll u_pll/pll_inst.
SYN-4020 : Net I_clk_25m_dup_1 is fbclk of pll u_pll/pll_inst.
SYN-4025 : Tag rtl::Net I_clk_25m_dup_1 as clock net
SYN-4025 : Tag rtl::Net u_ahb_pwm/I_ahb_clk as clock net
SYN-4026 : Tagged 2 rtl::Net as clock net
PHY-1001 : Populate physical database on model SF1_SOC.
RUN-1001 : There are total 1622 instances
RUN-0007 : 726 luts, 853 seqs, 0 mslices, 0 lslices, 25 pads, 12 brams, 0 dsps
RUN-1001 : There are total 1857 nets
RUN-6004 WARNING: There are 3 nets with only 1 pin.
RUN-1001 : 1712 nets have 2 pins
RUN-1001 : 58 nets have [3 - 5] pins
RUN-1001 : 11 nets have [6 - 10] pins
RUN-1001 : 1 nets have [11 - 20] pins
RUN-1001 : 66 nets have [21 - 99] pins
RUN-1001 : 6 nets have 100+ pins
RUN-1001 : Report Control nets information:
RUN-1001 : DFF Distribution
RUN-1001 : ----------------------------------
RUN-1001 :   CE   |  SSR  |  ASR  |  DFF Count  
RUN-1001 : ----------------------------------
RUN-1001 :   No   |  No   |  No   |      2      
RUN-1001 :   No   |  No   |  Yes  |     35      
RUN-1001 :   No   |  Yes  |  No   |      0      
RUN-1001 :   Yes  |  No   |  No   |      0      
RUN-1001 :   Yes  |  No   |  Yes  |     816     
RUN-1001 :   Yes  |  Yes  |  No   |      0      
RUN-1001 : ----------------------------------
RUN-0007 : Control Group Statistic
RUN-0007 : ---------------------------
RUN-0007 :   #CLK  |  #CE  |  #SSR/ASR  
RUN-0007 : ---------------------------
RUN-0007 :    1    |  27   |     1      
RUN-0007 : ---------------------------
RUN-0007 : Control Set = 28
PHY-3001 : Initial placement ...
PHY-3001 : design contains 1620 instances, 726 luts, 853 seqs, 0 slices, 0 macros(0 instances: 0 mslices 0 lslices)
PHY-0007 : Cell area utilization is 14%
PHY-3001 : Start timing update ...
RUN-1002 : start command "start_timer -report"
TMR-2505 : Start building timing graph for model SF1_SOC.
TMR-2506 : Build timing graph completely. Port num: 12, tpin num: 8273, tnet num: 1855, tinst num: 1620, tnode num: 11684, tedge num: 12964.
TMR-2508 : Levelizing timing graph completed, there are 17 levels in total.
TMR-2501 : Timing graph initialized successfully.
TMR-2503 : Start to update net delay, extr mode = 2.
TMR-2504 : Update delay of 1855 nets completely.
TMR-2502 : Annotate delay completely, extr mode = 2.
TMR-3001 : Initiate 0 clocks from SDC.
TMR-3004 : Map sdc constraints, there are 0 constraints in total.
TMR-3003 : Constraints initiated successfully.
TMR-3501 : Forward propagation: start to calculate arrival time...
TMR-3502 : Backward propagation: start to calculate required time...
TMR-3503 : Timing propagation completes.
PHY-3001 : End timing update;  0.212632s wall, 0.218750s user + 0.000000s system = 0.218750s CPU (102.9%)

PHY-3001 : Global placement ...
PHY-3001 : Initial: Len = 244126
PHY-3001 : Run with size of 3
PHY-3001 : Cell area utilization is 14%
PHY-3001 : :::0::: Try harder cell spreading with beta_ = 0
PHY-3002 : Step(1): len = 162295, overlap = 22.5
PHY-3002 : Step(2): len = 111460, overlap = 22.5
PHY-3002 : Step(3): len = 95959.9, overlap = 24.75
PHY-3002 : Step(4): len = 75621.2, overlap = 24.8125
PHY-3002 : Step(5): len = 65472.5, overlap = 24.75
PHY-3002 : Step(6): len = 58646.9, overlap = 27.125
PHY-3002 : Step(7): len = 54973.4, overlap = 27.3125
PHY-3002 : Step(8): len = 51699.2, overlap = 28.9375
PHY-3002 : Step(9): len = 50300.7, overlap = 31.625
PHY-3002 : Step(10): len = 47630.7, overlap = 33.5
PHY-3001 : :::1::: Try harder cell spreading with beta_ = 1.16737e-05
PHY-3002 : Step(11): len = 53762.3, overlap = 31.6562
PHY-3002 : Step(12): len = 55675.3, overlap = 29.7812
PHY-3002 : Step(13): len = 55165.2, overlap = 22.9688
PHY-3002 : Step(14): len = 50231.6, overlap = 26.5938
PHY-3002 : Step(15): len = 48645.6, overlap = 25.5938
PHY-3002 : Step(16): len = 48810.3, overlap = 23.8125
PHY-3002 : Step(17): len = 49021.9, overlap = 21.7188
PHY-3002 : Step(18): len = 46074.8, overlap = 26.625
PHY-3002 : Step(19): len = 44870.2, overlap = 26.7188
PHY-3002 : Step(20): len = 44583.8, overlap = 26.5625
PHY-3002 : Step(21): len = 45047.9, overlap = 24.75
PHY-3002 : Step(22): len = 45109, overlap = 22.5625
PHY-3002 : Step(23): len = 44739.1, overlap = 20.8125
PHY-3002 : Step(24): len = 43650.8, overlap = 23.4375
PHY-3002 : Step(25): len = 42625.3, overlap = 26.2188
PHY-3002 : Step(26): len = 41782.7, overlap = 26.625
PHY-3002 : Step(27): len = 42409, overlap = 22.4688
PHY-3002 : Step(28): len = 42748.1, overlap = 18.4375
PHY-3002 : Step(29): len = 42039.9, overlap = 24.4062
PHY-3002 : Step(30): len = 40768.7, overlap = 23.3125
PHY-3002 : Step(31): len = 40282.3, overlap = 26.7812
PHY-3002 : Step(32): len = 40415.7, overlap = 25.25
PHY-3002 : Step(33): len = 40493, overlap = 23.2188
PHY-3002 : Step(34): len = 39954.9, overlap = 23.9062
PHY-3001 : :::2::: Try harder cell spreading with beta_ = 2.33473e-05
PHY-3002 : Step(35): len = 40124.6, overlap = 23.75
PHY-3002 : Step(36): len = 40167.9, overlap = 23.6875
PHY-3001 : :::3::: Try harder cell spreading with beta_ = 3.95353e-05
PHY-3002 : Step(37): len = 40298.5, overlap = 21.2812
PHY-3002 : Step(38): len = 40309.1, overlap = 21.0312
PHY-3001 : Legalization ...
PHY-3001 : End legalization;  0.009774s wall, 0.000000s user + 0.015625s system = 0.015625s CPU (159.9%)

PHY-3001 : Run with size of 3
PHY-3001 : Cell area utilization is 18%
PHY-3001 : Update timing in Manhattan mode ...
TMR-2503 : Start to update net delay, extr mode = 3.
TMR-2504 : Update delay of 1855 nets completely.
TMR-2502 : Annotate delay completely, extr mode = 3.
TMR-3501 : Forward propagation: start to calculate arrival time...
TMR-3502 : Backward propagation: start to calculate required time...
TMR-3503 : Timing propagation completes.
PHY-3001 : End timing update;  0.035772s wall, 0.046875s user + 0.000000s system = 0.046875s CPU (131.0%)

PHY-3001 : :::0::: Try harder cell spreading with beta_ = 1.34222e-06
PHY-3002 : Step(39): len = 41686.3, overlap = 46.7188
PHY-3002 : Step(40): len = 41609.2, overlap = 47.3125
PHY-3002 : Step(41): len = 40687.9, overlap = 49.4688
PHY-3002 : Step(42): len = 40321.9, overlap = 50.8438
PHY-3002 : Step(43): len = 38802.5, overlap = 55.5938
PHY-3002 : Step(44): len = 38489, overlap = 60.25
PHY-3002 : Step(45): len = 37224.6, overlap = 70.4062
PHY-3002 : Step(46): len = 36594.3, overlap = 77.3125
PHY-3002 : Step(47): len = 36329.4, overlap = 76.5625
PHY-3002 : Step(48): len = 36323.2, overlap = 74.8438
PHY-3002 : Step(49): len = 36365.7, overlap = 74.4062
PHY-3002 : Step(50): len = 36714.7, overlap = 73.5
PHY-3002 : Step(51): len = 37056.7, overlap = 72.1562
PHY-3002 : Step(52): len = 36971.5, overlap = 69.5938
PHY-3002 : Step(53): len = 36435.4, overlap = 70.0625
PHY-3002 : Step(54): len = 36155.2, overlap = 66.4062
PHY-3002 : Step(55): len = 35888.1, overlap = 64.0938
PHY-3002 : Step(56): len = 35088.6, overlap = 68.0625
PHY-3002 : Step(57): len = 34690.8, overlap = 68.3125
PHY-3002 : Step(58): len = 33611.4, overlap = 66.7812
PHY-3002 : Step(59): len = 32399.2, overlap = 59.25
PHY-3002 : Step(60): len = 31500.8, overlap = 60.5
PHY-3002 : Step(61): len = 30993.3, overlap = 61.6562
PHY-3002 : Step(62): len = 30565.7, overlap = 64.2188
PHY-3002 : Step(63): len = 29775.3, overlap = 64.9688
PHY-3002 : Step(64): len = 29185, overlap = 67.0625
PHY-3002 : Step(65): len = 28701.1, overlap = 66.625
PHY-3001 : :::1::: Try harder cell spreading with beta_ = 2.68443e-06
PHY-3002 : Step(66): len = 28212.3, overlap = 66.2188
PHY-3002 : Step(67): len = 28212.3, overlap = 66.2188
PHY-3002 : Step(68): len = 28244.5, overlap = 65.1562
PHY-3001 : :::2::: Try harder cell spreading with beta_ = 4.87342e-06
PHY-3002 : Step(69): len = 29217.5, overlap = 55.7188
PHY-3002 : Step(70): len = 29217.5, overlap = 55.7188
PHY-3002 : Step(71): len = 28785.6, overlap = 54.5
PHY-3002 : Step(72): len = 28836.6, overlap = 54.375
PHY-3002 : Step(73): len = 29042, overlap = 53.8438
PHY-3001 : :::3::: Try harder cell spreading with beta_ = 7.88519e-06
PHY-3002 : Step(74): len = 30001.4, overlap = 49.6562
PHY-3002 : Step(75): len = 30555.4, overlap = 47.75
PHY-3002 : Step(76): len = 31681.1, overlap = 29.5
PHY-3002 : Step(77): len = 30750.1, overlap = 29.125
PHY-3002 : Step(78): len = 30750.1, overlap = 29.125
PHY-3002 : Step(79): len = 30858.6, overlap = 29.0312
PHY-3001 : Run with size of 1
PHY-3001 : Cell area utilization is 18%
PHY-3001 : Update timing in Manhattan mode ...
TMR-2503 : Start to update net delay, extr mode = 3.
TMR-2504 : Update delay of 1855 nets completely.
TMR-2502 : Annotate delay completely, extr mode = 3.
TMR-3501 : Forward propagation: start to calculate arrival time...
TMR-3502 : Backward propagation: start to calculate required time...
TMR-3503 : Timing propagation completes.
PHY-3001 : End timing update;  0.034624s wall, 0.031250s user + 0.000000s system = 0.031250s CPU (90.3%)

PHY-3001 : :::0::: Try harder cell spreading with beta_ = 1.09428e-05
PHY-3002 : Step(80): len = 31350.6, overlap = 55.75
PHY-3002 : Step(81): len = 31350.6, overlap = 55.75
PHY-3002 : Step(82): len = 30632.9, overlap = 55.5312
PHY-3001 : :::1::: Try harder cell spreading with beta_ = 2.18855e-05
PHY-3002 : Step(83): len = 30925.8, overlap = 51.7188
PHY-3002 : Step(84): len = 30925.8, overlap = 51.7188
PHY-3002 : Step(85): len = 30755.8, overlap = 50.0938
PHY-3001 : :::2::: Try harder cell spreading with beta_ = 3.83207e-05
PHY-3002 : Step(86): len = 31425, overlap = 44.6562
PHY-3002 : Step(87): len = 31532.2, overlap = 44.1875
PHY-3002 : Step(88): len = 31508.5, overlap = 40.5625
PHY-3002 : Step(89): len = 31576.6, overlap = 40.625
PHY-3002 : Step(90): len = 31576.6, overlap = 40.625
PHY-3001 : :::3::: Try harder cell spreading with beta_ = 7.66414e-05
PHY-3002 : Step(91): len = 31957.8, overlap = 38.0938
PHY-3002 : Step(92): len = 31957.8, overlap = 38.0938
PHY-3002 : Step(93): len = 31897.7, overlap = 37.125
PHY-3001 : :::4::: Try harder cell spreading with beta_ = 0.000124006
PHY-3002 : Step(94): len = 32616.9, overlap = 34.1875
PHY-3002 : Step(95): len = 33128, overlap = 33.9375
PHY-3002 : Step(96): len = 33640.7, overlap = 30.5
PHY-3002 : Step(97): len = 33310.2, overlap = 30.4375
PHY-3002 : Step(98): len = 33233, overlap = 30.1562
PHY-3002 : Step(99): len = 33171.7, overlap = 29.125
PHY-3001 : :::5::: Try harder cell spreading with beta_ = 0.000200641
PHY-3002 : Step(100): len = 33230.7, overlap = 28.7812
PHY-3002 : Step(101): len = 33230.7, overlap = 28.7812
PHY-3002 : Step(102): len = 33357.8, overlap = 27.5938
PHY-3001 : :::6::: Try harder cell spreading with beta_ = 0.000324638
PHY-3002 : Step(103): len = 33746.9, overlap = 26.875
PHY-3002 : Step(104): len = 34128.1, overlap = 26.375
PHY-3002 : Step(105): len = 35492.5, overlap = 23.3438
PHY-3002 : Step(106): len = 35766.5, overlap = 21.7188
PHY-3002 : Step(107): len = 35720.5, overlap = 20.6875
PHY-3002 : Step(108): len = 35445.6, overlap = 20.875
OPT-1001 : Start physical optimization ...
RUN-1002 : start command "start_timer -report"
TMR-2505 : Start building timing graph for model SF1_SOC.
TMR-2506 : Build timing graph completely. Port num: 12, tpin num: 8273, tnet num: 1855, tinst num: 1620, tnode num: 11684, tedge num: 12964.
TMR-2508 : Levelizing timing graph completed, there are 17 levels in total.
TMR-2501 : Timing graph initialized successfully.
OPT-1001 : Total overflow 20.88 peak overflow 0.75
OPT-1001 : Start high-fanout net optimization ...
OPT-1001 : Update timing in global mode
PHY-1001 : Start incremental global routing, caller is place ...
RUN-1001 : Generating global routing grids ...
RUN-1001 : Building simple global routing graph ...
PHY-1001 : Generate routing nets ...
PHY-1001 : Reuse net number 0/1857.
PHY-1001 : Global iterations in 8 thread ...
PHY-1002 : len = 50136, over cnt = 255(2%), over = 880, worst = 13
PHY-1001 : End global iterations;  0.110343s wall, 0.140625s user + 0.015625s system = 0.156250s CPU (141.6%)

PHY-1001 : Congestion index: top1 = 53.75, top5 = 41.24, top10 = 33.81, top15 = 28.97.
PHY-1001 : End incremental global routing;  0.132996s wall, 0.171875s user + 0.015625s system = 0.187500s CPU (141.0%)

TMR-2503 : Start to update net delay, extr mode = 5.
TMR-2504 : Update delay of 1855 nets completely.
TMR-2502 : Annotate delay completely, extr mode = 5.
TMR-3001 : Initiate 0 clocks from SDC.
TMR-3004 : Map sdc constraints, there are 0 constraints in total.
TMR-3003 : Constraints initiated successfully.
TMR-3501 : Forward propagation: start to calculate arrival time...
TMR-3502 : Backward propagation: start to calculate required time...
TMR-3503 : Timing propagation completes.
OPT-1001 : End timing update;  0.043501s wall, 0.046875s user + 0.000000s system = 0.046875s CPU (107.8%)

OPT-1001 : 0 high-fanout net processed.
OPT-1001 : End high-fanout net optimization;  0.206147s wall, 0.250000s user + 0.015625s system = 0.265625s CPU (128.9%)

OPT-1001 : Current memory(MB): used = 156, reserve = 128, peak = 156.
OPT-1001 : Start global optimization ...
OPT-1001 : Start congestion update ...
RUN-1001 : Generating global routing grids ...
PHY-1001 : Generate routing nets ...
PHY-1001 : Reuse net number 1190/1857.
PHY-1001 : Global iterations in 8 thread ...
PHY-1002 : len = 50136, over cnt = 255(2%), over = 880, worst = 13
PHY-1002 : len = 53880, over cnt = 138(1%), over = 348, worst = 12
PHY-1002 : len = 57120, over cnt = 22(0%), over = 41, worst = 5
PHY-1002 : len = 57600, over cnt = 1(0%), over = 1, worst = 1
PHY-1002 : len = 57632, over cnt = 0(0%), over = 0, worst = 0
PHY-1001 : End global iterations;  0.172909s wall, 0.171875s user + 0.000000s system = 0.171875s CPU (99.4%)

PHY-1001 : Congestion index: top1 = 52.36, top5 = 40.12, top10 = 33.68, top15 = 29.37.
OPT-1001 : End congestion update;  0.193527s wall, 0.187500s user + 0.000000s system = 0.187500s CPU (96.9%)

OPT-1001 : Update timing in Manhattan mode
TMR-2503 : Start to update net delay, extr mode = 3.
TMR-2504 : Update delay of 1855 nets completely.
TMR-2502 : Annotate delay completely, extr mode = 3.
TMR-3501 : Forward propagation: start to calculate arrival time...
TMR-3502 : Backward propagation: start to calculate required time...
TMR-3503 : Timing propagation completes.
OPT-1001 : End timing update;  0.033995s wall, 0.031250s user + 0.000000s system = 0.031250s CPU (91.9%)

OPT-0007 : Start: WNS 2147483647 TNS 0 NUM_FEPS 0
OPT-1001 : End global optimization;  0.227607s wall, 0.218750s user + 0.000000s system = 0.218750s CPU (96.1%)

OPT-1001 : Current memory(MB): used = 157, reserve = 129, peak = 157.
OPT-1001 : End physical optimization;  0.639296s wall, 0.671875s user + 0.015625s system = 0.687500s CPU (107.5%)

PHY-3001 : Start packing ...
SYN-4007 : Packing 0 MUX to BLE ...
SYN-4008 : Packed 0 MUX and 0 SEQ to BLE.
SYN-4007 : Packing 726 LUT to BLE ...
SYN-4008 : Packed 726 LUT and 35 SEQ to BLE.
SYN-4003 : Packing 818 remaining SEQ's ...
SYN-4005 : Packed 577 SEQ with LUT/SLICE
SYN-4006 : 114 single LUT's are left
SYN-4006 : 241 single SEQ's are left
SYN-4011 : Packing model "SF1_SOC" (AL_USER_NORMAL) with 967/1080 primitive instances ...
PHY-3001 : End packing;  0.080004s wall, 0.078125s user + 0.000000s system = 0.078125s CPU (97.7%)

PHY-1001 : Populate physical database on model SF1_SOC.
RUN-1001 : There are total 622 instances
RUN-1001 : 290 mslices, 289 lslices, 25 pads, 12 brams, 0 dsps
RUN-1001 : There are total 1822 nets
RUN-6004 WARNING: There are 3 nets with only 1 pin.
RUN-1001 : 1621 nets have 2 pins
RUN-1001 : 114 nets have [3 - 5] pins
RUN-1001 : 11 nets have [6 - 10] pins
RUN-1001 : 16 nets have [11 - 20] pins
RUN-1001 : 51 nets have [21 - 99] pins
RUN-1001 : 6 nets have 100+ pins
PHY-3001 : design contains 620 instances, 579 slices, 0 macros(0 instances: 0 mslices 0 lslices)
PHY-3001 : Cell area utilization is 24%
PHY-3001 : After packing: Len = 39633.4, Over = 62
PHY-3001 : Run with size of 1
PHY-3001 : Cell area utilization is 24%
PHY-3001 : Update timing in Manhattan mode ...
RUN-1002 : start command "start_timer -report"
TMR-2505 : Start building timing graph for model SF1_SOC.
TMR-2506 : Build timing graph completely. Port num: 12, tpin num: 7321, tnet num: 1820, tinst num: 620, tnode num: 9734, tedge num: 11464.
TMR-2508 : Levelizing timing graph completed, there are 15 levels in total.
TMR-2501 : Timing graph initialized successfully.
TMR-2503 : Start to update net delay, extr mode = 3.
TMR-2504 : Update delay of 1820 nets completely.
TMR-2502 : Annotate delay completely, extr mode = 3.
TMR-3001 : Initiate 0 clocks from SDC.
TMR-3004 : Map sdc constraints, there are 0 constraints in total.
TMR-3003 : Constraints initiated successfully.
TMR-3501 : Forward propagation: start to calculate arrival time...
TMR-3502 : Backward propagation: start to calculate required time...
TMR-3503 : Timing propagation completes.
PHY-3001 : End timing update;  0.246468s wall, 0.250000s user + 0.000000s system = 0.250000s CPU (101.4%)

PHY-3001 : :::0::: Try harder cell spreading with beta_ = 1.94767e-05
PHY-3002 : Step(109): len = 37721.6, overlap = 62.25
PHY-3002 : Step(110): len = 37508.6, overlap = 63
PHY-3002 : Step(111): len = 36943.8, overlap = 66
PHY-3002 : Step(112): len = 36556.6, overlap = 65.5
PHY-3002 : Step(113): len = 36196, overlap = 70.5
PHY-3001 : :::1::: Try harder cell spreading with beta_ = 3.89533e-05
PHY-3002 : Step(114): len = 37009.3, overlap = 64.5
PHY-3002 : Step(115): len = 37547.1, overlap = 62
PHY-3002 : Step(116): len = 37456.4, overlap = 61.25
PHY-3001 : :::2::: Try harder cell spreading with beta_ = 7.53843e-05
PHY-3002 : Step(117): len = 38269, overlap = 59.5
PHY-3002 : Step(118): len = 38936.5, overlap = 56
PHY-3002 : Step(119): len = 38908.8, overlap = 54
PHY-3002 : Step(120): len = 38943.2, overlap = 54.25
PHY-3002 : Step(121): len = 39119, overlap = 53.25
PHY-3001 : :::3::: Try harder cell spreading with beta_ = 0.000122216
PHY-3002 : Step(122): len = 39502.7, overlap = 51.5
PHY-3002 : Step(123): len = 40155.4, overlap = 51
PHY-3002 : Step(124): len = 41027.4, overlap = 48.5
PHY-3001 : :::4::: Try harder cell spreading with beta_ = 0.000244431
PHY-3002 : Step(125): len = 41039.6, overlap = 46.25
PHY-3002 : Step(126): len = 41217.9, overlap = 47.25
PHY-3002 : Step(127): len = 41513.2, overlap = 43
PHY-3002 : Step(128): len = 42048, overlap = 42
PHY-3002 : Step(129): len = 42899, overlap = 43.5
PHY-3002 : Step(130): len = 43306.1, overlap = 43.5
PHY-3002 : Step(131): len = 43346.9, overlap = 45
PHY-3002 : Step(132): len = 43410.5, overlap = 44
PHY-3001 : :::5::: Try harder cell spreading with beta_ = 0.000399677
PHY-3002 : Step(133): len = 43586.3, overlap = 44.25
PHY-3002 : Step(134): len = 43934.7, overlap = 42.25
PHY-3001 : Legalization ...
PHY-3001 : End legalization;  0.161212s wall, 0.187500s user + 0.328125s system = 0.515625s CPU (319.8%)

PHY-3001 : Trial Legalized: Len = 47779.4
PHY-3001 : Run with size of 1
PHY-3001 : Cell area utilization is 24%
PHY-3001 : Update timing in Manhattan mode ...
TMR-2503 : Start to update net delay, extr mode = 3.
TMR-2504 : Update delay of 1820 nets completely.
TMR-2502 : Annotate delay completely, extr mode = 3.
TMR-3501 : Forward propagation: start to calculate arrival time...
TMR-3502 : Backward propagation: start to calculate required time...
TMR-3503 : Timing propagation completes.
PHY-3001 : End timing update;  0.029210s wall, 0.031250s user + 0.000000s system = 0.031250s CPU (107.0%)

PHY-3001 : :::0::: Try harder cell spreading with beta_ = 9.52146e-05
PHY-3002 : Step(135): len = 44218.8, overlap = 25
PHY-3002 : Step(136): len = 42883, overlap = 40.25
PHY-3002 : Step(137): len = 42270.8, overlap = 44.5
PHY-3002 : Step(138): len = 42014.1, overlap = 45.25
PHY-3002 : Step(139): len = 41731.8, overlap = 46.75
PHY-3001 : :::1::: Try harder cell spreading with beta_ = 0.000190429
PHY-3002 : Step(140): len = 42082.4, overlap = 46.75
PHY-3002 : Step(141): len = 42440.9, overlap = 43.75
PHY-3002 : Step(142): len = 42459.9, overlap = 44.5
PHY-3001 : :::2::: Try harder cell spreading with beta_ = 0.000341241
PHY-3002 : Step(143): len = 42883.7, overlap = 42.75
PHY-3002 : Step(144): len = 43597.8, overlap = 37.75
PHY-3002 : Step(145): len = 43661.7, overlap = 39
PHY-3002 : Step(146): len = 43638.6, overlap = 39
PHY-3002 : Step(147): len = 43696.3, overlap = 38.75
PHY-3001 : Legalization ...
PHY-3001 : End legalization;  0.003179s wall, 0.000000s user + 0.000000s system = 0.000000s CPU (n/a%)

PHY-3001 : Legalized: Len = 46325.4, Over = 0
PHY-3001 : End spreading;  0.003787s wall, 0.000000s user + 0.000000s system = 0.000000s CPU (n/a%)

PHY-3001 : Final: Len = 46325.4, Over = 0
RUN-1003 : finish command "place" in  3.729473s wall, 6.281250s user + 2.828125s system = 9.109375s CPU (244.3%)

RUN-1004 : used memory is 143 MB, reserved memory is 118 MB, peak memory is 160 MB
RUN-1002 : start command "export_db pwm_demo_place.db"
RUN-1001 : Exported /
RUN-1001 : Exported flow parameters
RUN-1001 : Exported libs
RUN-1001 : Exported entities
RUN-1001 : Exported ports
RUN-1001 : Exported pins
RUN-1001 : Exported instances
RUN-1001 : Exported nets
RUN-1001 : Exported buses
RUN-1001 : Exported models
RUN-1001 : Exported congestions
RUN-1001 : Exported violations
RUN-1001 : Exported timing constraints
RUN-1001 : Exported IO constraints
RUN-1001 : Exported Inst constraints
RUN-1002 : start command "route"
RUN-1001 : Open license file D:/XILINX_EXE/TD_5.6/license/Anlogic.lic
RUN-1001 : Print Global Property
RUN-1001 : ---------------------------------------------------------------
RUN-1001 :        Parameters        |  Settings  |  Default Values  |  Note  
RUN-1001 : ---------------------------------------------------------------
RUN-1001 :          message         |  standard  |     standard     |        
RUN-1001 :   mixed_pack_place_flow  |     on     |        on        |        
RUN-1001 :        qor_monitor       |    off     |       off        |        
RUN-1001 :        syn_ip_flow       |    off     |       off        |        
RUN-1001 :          thread          |    auto    |       auto       |        
RUN-1001 : ---------------------------------------------------------------
RUN-1001 : Print Route Property
RUN-1001 : -------------------------------------------------------
RUN-1001 :    Parameters    |  Settings  |  Default Values  |  Note  
RUN-1001 : -------------------------------------------------------
RUN-1001 :      effort      |   medium   |      medium      |        
RUN-1001 :     fix_hold     |    off     |       off        |        
RUN-1001 :    opt_timing    |   medium   |      medium      |        
RUN-1001 :   phy_sim_model  |    off     |       off        |        
RUN-1001 :     priority     |   timing   |      timing      |        
RUN-1001 :     swap_pin     |     on     |        on        |        
RUN-1001 : -------------------------------------------------------
PHY-1001 : Route runs in 8 thread(s)
RUN-1001 : There are total 622 instances
RUN-1001 : 290 mslices, 289 lslices, 25 pads, 12 brams, 0 dsps
RUN-1001 : There are total 1822 nets
RUN-6004 WARNING: There are 3 nets with only 1 pin.
RUN-1001 : 1621 nets have 2 pins
RUN-1001 : 114 nets have [3 - 5] pins
RUN-1001 : 11 nets have [6 - 10] pins
RUN-1001 : 16 nets have [11 - 20] pins
RUN-1001 : 51 nets have [21 - 99] pins
RUN-1001 : 6 nets have 100+ pins
RUN-1002 : start command "start_timer -report"
TMR-2505 : Start building timing graph for model SF1_SOC.
TMR-2506 : Build timing graph completely. Port num: 12, tpin num: 7321, tnet num: 1820, tinst num: 620, tnode num: 9734, tedge num: 11464.
TMR-2508 : Levelizing timing graph completed, there are 15 levels in total.
TMR-2501 : Timing graph initialized successfully.
PHY-1001 : 290 mslices, 289 lslices, 25 pads, 12 brams, 0 dsps
TMR-2503 : Start to update net delay, extr mode = 3.
TMR-2504 : Update delay of 1820 nets completely.
TMR-2502 : Annotate delay completely, extr mode = 3.
TMR-3001 : Initiate 0 clocks from SDC.
TMR-3004 : Map sdc constraints, there are 0 constraints in total.
TMR-3003 : Constraints initiated successfully.
TMR-3501 : Forward propagation: start to calculate arrival time...
TMR-3502 : Backward propagation: start to calculate required time...
TMR-3503 : Timing propagation completes.
PHY-1001 : Start global routing, caller is route ...
RUN-1001 : Generating global routing grids ...
PHY-1001 : Generate routing nets ...
PHY-1001 : Global iterations in 8 thread ...
PHY-1002 : len = 64240, over cnt = 245(2%), over = 367, worst = 5
PHY-1002 : len = 66648, over cnt = 74(0%), over = 92, worst = 5
PHY-1002 : len = 67320, over cnt = 37(0%), over = 42, worst = 2
PHY-1002 : len = 67824, over cnt = 0(0%), over = 0, worst = 0
PHY-1001 : End global iterations;  0.207004s wall, 0.203125s user + 0.015625s system = 0.218750s CPU (105.7%)

PHY-1001 : Congestion index: top1 = 46.11, top5 = 38.90, top10 = 34.09, top15 = 30.77.
PHY-1001 : End global routing;  0.238845s wall, 0.250000s user + 0.015625s system = 0.265625s CPU (111.2%)

PHY-1001 : Start detail routing ...
PHY-1001 : Current memory(MB): used = 175, reserve = 147, peak = 175.
PHY-1001 : Detailed router is running in normal mode.
PHY-1001 : Generate detailed routing grids ...
PHY-1001 : Generate nets ...
PHY-1001 : net I_clk_25m_dup_1 will be routed on clock mesh
PHY-5010 WARNING: Net u_ahb_pwm/I_ahb_hsize[2] is skipped due to 0 input or output
PHY-5010 WARNING: Net u_ahb_pwm/I_ahb_hsize[1] is skipped due to 0 input or output
PHY-5010 WARNING: Net u_ahb_pwm/I_ahb_hsize[0] is skipped due to 0 input or output
PHY-1001 : clock net u_ahb_pwm/I_ahb_clk will be merged with clock u_pll/clk0_buf
PHY-5010 WARNING: Net u_ahb_pwm/I_ahb_hsize[2] is skipped due to 0 input or output
PHY-5010 WARNING: Net u_ahb_pwm/I_ahb_hsize[1] is skipped due to 0 input or output
PHY-5010 WARNING: Net u_ahb_pwm/I_ahb_hsize[0] is skipped due to 0 input or output
PHY-1001 : Current memory(MB): used = 265, reserve = 238, peak = 265.
PHY-1001 : End build detailed router design. 1.371681s wall, 1.359375s user + 0.015625s system = 1.375000s CPU (100.2%)

PHY-1001 : Detail Route ...
PHY-1001 : ===== Detail Route Phase 1 =====
PHY-1001 : Clock net routing.....
PHY-1001 : Routed 0% nets.
PHY-1022 : len = 14800, over cnt = 0(0%), over = 0, worst = 0, crit = 0
PHY-1001 : End initial clock net routed; 0.102531s wall, 0.109375s user + 0.000000s system = 0.109375s CPU (106.7%)

PHY-1001 : Current memory(MB): used = 275, reserve = 249, peak = 275.
PHY-1001 : End phase 1; 0.104526s wall, 0.109375s user + 0.000000s system = 0.109375s CPU (104.6%)

PHY-1001 : ===== Detail Route Phase 2 =====
PHY-1001 : Initial routing.....
PHY-1001 : Routed 18% nets.
PHY-1001 : Routed 23% nets.
PHY-1001 : Routed 32% nets.
PHY-1001 : Routed 34% nets.
PHY-1001 : Routed 50% nets.
PHY-1001 : Patch 879 net; 1.177670s wall, 1.156250s user + 0.000000s system = 1.156250s CPU (98.2%)

PHY-1022 : len = 134424, over cnt = 428(0%), over = 442, worst = 2, crit = 0
PHY-1001 : Current memory(MB): used = 278, reserve = 252, peak = 278.
PHY-1001 : End initial routed; 1.458400s wall, 1.500000s user + 0.000000s system = 1.500000s CPU (102.9%)

PHY-1001 : Update timing.....
PHY-1001 : 0/1806(0%) critical/total net(s).
RUN-1001 : ------------------------------------------
RUN-1001 :   Type   |    WNS(ns)    |  TNS(ns)  |  FEP  
RUN-1001 : ------------------------------------------
RUN-1001 :   Setup  |  2147483.647  |   0.000   |   0   
RUN-1001 :   Hold   |  2147483.647  |   0.000   |   0   
RUN-1001 : ------------------------------------------
PHY-1001 : End update timing; 0.322769s wall, 0.328125s user + 0.000000s system = 0.328125s CPU (101.7%)

PHY-1001 : Current memory(MB): used = 280, reserve = 254, peak = 280.
PHY-1001 : End phase 2; 1.781237s wall, 1.828125s user + 0.000000s system = 1.828125s CPU (102.6%)

PHY-1001 : ===== Detail Route Phase 3 =====
PHY-1001 : Optimize timing.....
PHY-1022 : len = 134424, over cnt = 428(0%), over = 442, worst = 2, crit = 0
PHY-1001 : End optimize timing; 0.004105s wall, 0.000000s user + 0.000000s system = 0.000000s CPU (n/a%)

PHY-1001 : Ripup-reroute.....
PHY-1001 : ===== DR Iter 1 =====
PHY-1022 : len = 131424, over cnt = 98(0%), over = 98, worst = 1, crit = 0
PHY-1001 : End DR Iter 1; 0.879768s wall, 0.875000s user + 0.000000s system = 0.875000s CPU (99.5%)

PHY-1001 : ===== DR Iter 2 =====
PHY-1022 : len = 131520, over cnt = 37(0%), over = 37, worst = 1, crit = 0
PHY-1001 : End DR Iter 2; 0.173957s wall, 0.171875s user + 0.000000s system = 0.171875s CPU (98.8%)

PHY-1001 : ===== DR Iter 3 =====
PHY-1022 : len = 131760, over cnt = 3(0%), over = 3, worst = 1, crit = 0
PHY-1001 : End DR Iter 3; 0.081688s wall, 0.078125s user + 0.000000s system = 0.078125s CPU (95.6%)

PHY-1001 : ===== DR Iter 4 =====
PHY-1022 : len = 131792, over cnt = 1(0%), over = 1, worst = 1, crit = 0
PHY-1001 : End DR Iter 4; 0.030060s wall, 0.031250s user + 0.000000s system = 0.031250s CPU (104.0%)

PHY-1001 : ===== DR Iter 5 =====
PHY-1022 : len = 131816, over cnt = 0(0%), over = 0, worst = 0, crit = 0
PHY-1001 : End DR Iter 5; 0.042105s wall, 0.046875s user + 0.000000s system = 0.046875s CPU (111.3%)

PHY-1001 : Update timing.....
PHY-1001 : 0/1806(0%) critical/total net(s).
RUN-1001 : ------------------------------------------
RUN-1001 :   Type   |    WNS(ns)    |  TNS(ns)  |  FEP  
RUN-1001 : ------------------------------------------
RUN-1001 :   Setup  |  2147483.647  |   0.000   |   0   
RUN-1001 :   Hold   |  2147483.647  |   0.000   |   0   
RUN-1001 : ------------------------------------------
PHY-1001 : End update timing; 0.310925s wall, 0.312500s user + 0.000000s system = 0.312500s CPU (100.5%)

PHY-1001 : Commit to database.....
PHY-5014 WARNING: Detail route doesn't find pib for u_pll/pll_inst.dsm_refclk[0]
PHY-5014 WARNING: Detail route doesn't find pib for u_pll/pll_inst.dsm_rst[0]
PHY-5014 WARNING: Detail route doesn't find pib for u_pll/pll_inst.frac_offset_valid[0]
PHY-5014 WARNING: Detail route doesn't find pib for u_pll/pll_inst.ssc_en[0]
PHY-1001 : 235 feed throughs used by 81 nets
PHY-1001 : End commit to database; 0.175179s wall, 0.171875s user + 0.000000s system = 0.171875s CPU (98.1%)

PHY-1001 : Current memory(MB): used = 293, reserve = 268, peak = 293.
PHY-1001 : End phase 3; 1.739299s wall, 1.734375s user + 0.000000s system = 1.734375s CPU (99.7%)

PHY-1003 : Routed, final wirelength = 131816
PHY-1001 : Current memory(MB): used = 294, reserve = 268, peak = 294.
PHY-1001 : End export database. 0.005703s wall, 0.015625s user + 0.000000s system = 0.015625s CPU (274.0%)

PHY-1001 : End detail routing;  5.077537s wall, 5.109375s user + 0.015625s system = 5.125000s CPU (100.9%)

RUN-1003 : finish command "route" in  5.595003s wall, 5.609375s user + 0.046875s system = 5.656250s CPU (101.1%)

RUN-1004 : used memory is 264 MB, reserved memory is 241 MB, peak memory is 294 MB
RUN-1002 : start command "report_area -io_info -file pwm_demo_phy.area"
RUN-1001 : standard
***Report Model: SF1_SOC Device: SF1S60CG121I***

IO Statistics
#IO                        19
  #input                    6
  #output                  13
  #inout                    0

Utilization Statistics
#lut                      755   out of   5824   12.96%
#reg                      853   out of   5824   14.65%
#le                       996
  #lut only               143   out of    996   14.36%
  #reg only               241   out of    996   24.20%
  #lut&reg                612   out of    996   61.45%
#dsp                        0   out of     10    0.00%
#bram                      12   out of     26   46.15%
  #bram9k                  12
  #fifo9k                   0
#hard-ip                    1
  #mcu                      1   out of      1  100.00%
  #dsc                      0   out of      1    0.00%
  #dsi                      0   out of      2    0.00%
  #psram controller         0   out of      2    0.00%
#pad                       19   out of     55   34.55%
  #ireg                     0
  #oreg                     0
  #treg                     0
#pll                        1   out of      2   50.00%
#gclk                       3   out of     16   18.75%

Clock Resource Statistics
Index     ClockNet           Type               DriverType         Driver                  Fanout
#1        u_pll/clk0_buf     GCLK               pll                u_pll/pll_inst.clkc0    545
#2        I_clk_25m_dup_1    GCLK               io                 I_clk_25m_syn_2.di      1


Detailed IO Report

     Name       Direction    Location    IOStandard    DriveStrength    PullType    PackReg  
  I_clk_25m       INPUT         D7        LVCMOS18          N/A          PULLUP      NONE    
  I_jtag_tck      INPUT         C7        LVCMOS18          N/A          PULLUP      NONE    
  I_jtag_tdi      INPUT         D5        LVCMOS18          N/A          PULLUP      NONE    
  I_jtag_tms      INPUT         D6        LVCMOS18          N/A          PULLUP      NONE    
   I_rst_n        INPUT         J2        LVCMOS18          N/A          PULLUP      NONE    
  I_uart_rx       INPUT         E4        LVCMOS18          N/A          PULLUP      NONE    
  O_jtag_tdo     OUTPUT         C6        LVCMOS18           8            NONE       NONE    
    O_led0       OUTPUT         J5        LVCMOS18           8            NONE       NONE    
    O_led1       OUTPUT         H5        LVCMOS18           8            NONE       NONE    
    O_led2       OUTPUT         G4        LVCMOS18           8            NONE       NONE    
  O_uart_tx      OUTPUT         A4        LVCMOS18           8            NONE       NONE    

Report Hierarchy Area:
+-----------------------------------------------------------------------------+
|Instance    |Module     |le     |lut     |ripple  |seq     |bram    |dsp     |
+-----------------------------------------------------------------------------+
|top         |SF1_SOC    |996    |755     |0       |853     |12      |0       |
|  u_SF1_MCU |SF1_MCU    |0      |0       |0       |0       |0       |0       |
|  u_ahb_pwm |ahb_pwm    |996    |755     |0       |853     |12      |0       |
|    uut     |rom_weight |0      |0       |0       |0       |12      |0       |
|  u_pll     |pll        |0      |0       |0       |0       |0       |0       |
+-----------------------------------------------------------------------------+


DataNet Average Fanout:

   Index     Fanout     Nets  
    #1          1       1610  
    #2          2       100   
    #3          3        2    
    #4          4        11   
    #5        5-10       11   
    #6        11-50      62   
    #7       51-100      4    
    #8       101-500     3    
    #9        >500       1    
  Average     2.74            

RUN-1002 : start command "export_db pwm_demo_pr.db"
RUN-1001 : Exported /
RUN-1001 : Exported flow parameters
RUN-1001 : Exported libs
RUN-1001 : Exported entities
RUN-1001 : Exported ports
RUN-1001 : Exported pins
RUN-1001 : Exported instances
RUN-1001 : Exported nets
RUN-1001 : Exported buses
RUN-1001 : Exported models
RUN-1001 : Exported congestions
RUN-1001 : Exported violations
RUN-1001 : Exported timing constraints
RUN-1001 : Exported IO constraints
RUN-1001 : Exported Inst constraints
RUN-1002 : start command "export_bid pwm_demo_inst.bid"
RUN-1002 : start command "bitgen -bit pwm_demo.bit"
BIT-1003 : Start to generate bitstream. 
BIT-1002 : Init instances with 8 threads.
BIT-1002 : Init instances completely, inst num: 620
BIT-1002 : Init pips with 8 threads.
BIT-1002 : Init pips completely, net num: 1822, pip num: 15443
BIT-1002 : Init feedthrough with 8 threads.
BIT-1002 : Init feedthrough completely, num: 235
BIT-1003 : Multithreading accelaration with 8 threads.
BIT-1003 : Generate bitstream completely, there are 593 valid insts, and 40514 bits set as '1'.
BIT-1004 : the usercode register value: 00000000111110000000000000000000
BIT-1004 : Generate bits file pwm_demo.bit.
RUN-1003 : finish command "bitgen -bit pwm_demo.bit" in  1.707421s wall, 9.281250s user + 0.000000s system = 9.281250s CPU (543.6%)

RUN-1004 : used memory is 269 MB, reserved memory is 246 MB, peak memory is 425 MB
RUN-1002 : start command "backup_run_log run.log ../.logs/phy_1/td_20231112_113214.log"
