============================================================
   Tang Dynasty, V5.6.59063
   Copyright (c) 2012-2022 Anlogic
   Executable = D:/XILINX_EXE/TD_5.6/bin/td.exe
   Built at =   12:45:13 Sep  6 2022
   Run by =     13456
   Run Date =   Sun Nov 12 10:54:16 2023

   Run on =     DESKTOP-1HJPLU7
============================================================
RUN-1002 : start command "open_project pwm_demo.prj"
RUN-1001 : Print Global Property
RUN-1001 : ---------------------------------------------------------------
RUN-1001 :        Parameters        |  Settings  |  Default Values  |  Note  
RUN-1001 : ---------------------------------------------------------------
RUN-1001 :          message         |  standard  |     standard     |        
RUN-1001 :   mixed_pack_place_flow  |     on     |        on        |        
RUN-1001 :        qor_monitor       |    off     |       off        |        
RUN-1001 :        syn_ip_flow       |    off     |       off        |        
RUN-1001 :          thread          |    auto    |       auto       |        
RUN-1001 : ---------------------------------------------------------------
RUN-1001 : Print Design Property
RUN-1001 : --------------------------------------------------------------
RUN-1001 :        Parameters       |  Settings  |  Default Values  |  Note  
RUN-1001 : --------------------------------------------------------------
RUN-1001 :   default_reg_initial   |    auto    |       auto       |        
RUN-1001 :        infer_add        |     on     |        on        |        
RUN-1001 :        infer_fsm        |    off     |       off        |        
RUN-1001 :        infer_mult       |     on     |        on        |        
RUN-1001 :        infer_ram        |     on     |        on        |        
RUN-1001 :        infer_reg        |     on     |        on        |        
RUN-1001 :   infer_reg_init_value  |     on     |        on        |        
RUN-1001 :        infer_rom        |     on     |        on        |        
RUN-1001 :      infer_shifter      |     on     |        on        |        
RUN-1001 : --------------------------------------------------------------
RUN-1001 : Print Rtl Property
RUN-1001 : --------------------------------------------------------------
RUN-1001 :        Parameters       |  Settings  |  Default Values  |  Note  
RUN-1001 : --------------------------------------------------------------
RUN-1001 :       compress_add      |   ripple   |      ripple      |        
RUN-1001 :        elf_sload        |    off     |       off        |        
RUN-1001 :       fix_undriven      |     0      |        0         |        
RUN-1001 :         flatten         |    off     |       off        |        
RUN-1001 :       gate_sharing      |     on     |        on        |        
RUN-1001 :    hdl_warning_level    |   normal   |      normal      |        
RUN-1001 :   impl_internal_tribuf  |     on     |        on        |        
RUN-1001 :      impl_set_reset     |     on     |        on        |        
RUN-1001 :        infer_gsr        |    off     |       off        |        
RUN-1001 :      keep_hierarchy     |    auto    |       auto       |        
RUN-1001 :        max_fanout       |    9999    |       9999       |        
RUN-1001 :      max_oh2bin_len     |     10     |        10        |        
RUN-1001 :       merge_equal       |     on     |        on        |        
RUN-1001 :       merge_equiv       |     on     |        on        |        
RUN-1001 :        merge_mux        |    off     |       off        |        
RUN-1001 :     min_control_set     |     8      |        8         |        
RUN-1001 :      min_ripple_len     |    auto    |       auto       |        
RUN-1001 :       oh2bin_ratio      |    0.08    |       0.08       |        
RUN-1001 :     opt_adder_fanout    |     on     |        on        |        
RUN-1001 :        opt_arith        |     on     |        on        |        
RUN-1001 :       opt_big_gate      |    off     |       off        |        
RUN-1001 :        opt_const        |     on     |        on        |        
RUN-1001 :      opt_const_mult     |     on     |        on        |        
RUN-1001 :       opt_lessthan      |     on     |        on        |        
RUN-1001 :         opt_mux         |    off     |       off        |        
RUN-1001 :         opt_ram         |    high    |       high       |        
RUN-1001 :      rtl_sim_model      |    off     |       off        |        
RUN-1001 :         seq_syn         |     on     |        on        |        
RUN-1001 : --------------------------------------------------------------
HDL-1007 : analyze verilog file ../../al_ip/SF1_MCU.v
HDL-1007 : analyze verilog file ../../al_ip/pll.v
HDL-1007 : undeclared symbol 'open', assumed default net type 'wire' in ../../al_ip/pll.v(88)
HDL-1007 : analyze verilog file ../../al_ip/rom_weight.v
HDL-1007 : analyze verilog file ../../SF1_SOC.v
HDL-1007 : analyze verilog file ../../ahb_pwm.v
HDL-5007 WARNING: identifier 'weight1' is used before its declaration in ../../ahb_pwm.v(360)
HDL-5007 WARNING: identifier 'weight1' is used before its declaration in ../../ahb_pwm.v(361)
HDL-5007 WARNING: identifier 'weight48' is used before its declaration in ../../ahb_pwm.v(362)
HDL-5007 WARNING: identifier 'weight47' is used before its declaration in ../../ahb_pwm.v(363)
HDL-5007 WARNING: identifier 'weight46' is used before its declaration in ../../ahb_pwm.v(364)
HDL-5007 WARNING: identifier 'weight45' is used before its declaration in ../../ahb_pwm.v(365)
HDL-5007 WARNING: identifier 'weight44' is used before its declaration in ../../ahb_pwm.v(366)
HDL-5007 WARNING: identifier 'weight43' is used before its declaration in ../../ahb_pwm.v(367)
HDL-5007 WARNING: identifier 'weight6' is used before its declaration in ../../ahb_pwm.v(368)
HDL-5007 WARNING: identifier 'weight7' is used before its declaration in ../../ahb_pwm.v(369)
HDL-5007 Similar messages will be suppressed.
HDL-1007 : analyze verilog file ../../gpio_controler.v
RUN-1001 : Project manager successfully analyzed 6 source files.
RUN-1002 : start command "import_device sf1_6.db -package SF1S60CG121I"
ARC-1001 : Device Initialization.
ARC-1001 : -------------------------------------------------
ARC-1001 :       OPTION       |      IO       |   SETTING   
ARC-1001 : -------------------------------------------------
ARC-1001 :        done        |      B4       |    gpio    
ARC-1001 :        initn       |      A5       |    gpio    
ARC-1001 :       jtagen       |      B7       |    gpio    
ARC-1001 :      programn      |      B5       |  dedicate  
ARC-1001 :   tdi/tms/tck/tdo  |  C4/A6/A7/C5  |  dedicate  
ARC-1001 : -------------------------------------------------
ARC-1004 : Device setting, marked 5 dedicate IOs in total.
RUN-1002 : start command "import_db ../syn_1/pwm_demo_gate.db"
RUN-1001 : Importing database generated by Tang Dynasty, V5.6.59063.
RUN-1001 : Database version number 46140.
RUN-1001 : Import flow parameters
RUN-1001 : Import timing constraints
RUN-1001 : Import IO constraints
RUN-1001 : Import Inst constraints
RUN-1001 : Import design success TD_VERSION=5.6.59063 , DB_VERSION=46140
RUN-1002 : start command "read_sdc"
USR-1002 : read_sdc file_name -help -h -eco
USR-1009 : NO module with IP_SDC ...
RUN-1104 : Import SDC file  finished, there are 0 nets kept by constraints.
RUN-1002 : start command "place"
RUN-1001 : Open license file D:/XILINX_EXE/TD_5.6/license/Anlogic.lic
RUN-1001 : Print Global Property
RUN-1001 : ---------------------------------------------------------------
RUN-1001 :        Parameters        |  Settings  |  Default Values  |  Note  
RUN-1001 : ---------------------------------------------------------------
RUN-1001 :          message         |  standard  |     standard     |        
RUN-1001 :   mixed_pack_place_flow  |     on     |        on        |        
RUN-1001 :        qor_monitor       |    off     |       off        |        
RUN-1001 :        syn_ip_flow       |    off     |       off        |        
RUN-1001 :          thread          |    auto    |       auto       |        
RUN-1001 : ---------------------------------------------------------------
RUN-1001 : Print Place Property
RUN-1001 : --------------------------------------------------------------
RUN-1001 :        Parameters       |  Settings  |  Default Values  |  Note  
RUN-1001 : --------------------------------------------------------------
RUN-1001 :      detailed_place     |     on     |        on        |        
RUN-1001 :          effort         |   medium   |      medium      |        
RUN-1001 :         fix_hold        |    off     |       off        |        
RUN-1001 :       legalization      |    ori     |       ori        |        
RUN-1001 :      new_spreading      |     on     |        on        |        
RUN-1001 :        opt_timing       |   medium   |      medium      |        
RUN-1001 :   post_clock_route_opt  |    off     |       off        |        
RUN-1001 :       pr_strategy       |     1      |        1         |        
RUN-1001 :        relaxation       |    1.00    |       1.00       |        
RUN-1001 :         retiming        |    off     |       off        |        
RUN-1001 : --------------------------------------------------------------
PHY-3001 : Placer runs in 8 thread(s).
RUN-1002 : start command "legalize_phy_inst"
SYN-1011 : Flatten model SF1_SOC
RUN-1002 : start command "phys_opt -simplify_lut"
SYN-4016 : Net u_ahb_pwm/I_ahb_clk driven by BUFG (1158 clock/control pins, 1 other pins).
SYN-4019 : Net I_clk_25m_dup_1 is refclk of pll u_pll/pll_inst.
SYN-4020 : Net I_clk_25m_dup_1 is fbclk of pll u_pll/pll_inst.
SYN-4025 : Tag rtl::Net I_clk_25m_dup_1 as clock net
SYN-4025 : Tag rtl::Net u_ahb_pwm/I_ahb_clk as clock net
SYN-4026 : Tagged 2 rtl::Net as clock net
PHY-1001 : Populate physical database on model SF1_SOC.
RUN-1001 : There are total 2055 instances
RUN-0007 : 875 luts, 1141 seqs, 0 mslices, 0 lslices, 25 pads, 8 brams, 0 dsps
RUN-1001 : There are total 2222 nets
RUN-6004 WARNING: There are 3 nets with only 1 pin.
RUN-1001 : 2065 nets have 2 pins
RUN-1001 : 59 nets have [3 - 5] pins
RUN-1001 : 9 nets have [6 - 10] pins
RUN-1001 : 2 nets have [11 - 20] pins
RUN-1001 : 77 nets have [21 - 99] pins
RUN-1001 : 7 nets have 100+ pins
RUN-1001 : Report Control nets information:
RUN-1001 : DFF Distribution
RUN-1001 : ----------------------------------
RUN-1001 :   CE   |  SSR  |  ASR  |  DFF Count  
RUN-1001 : ----------------------------------
RUN-1001 :   No   |  No   |  No   |      2      
RUN-1001 :   No   |  No   |  Yes  |     35      
RUN-1001 :   No   |  Yes  |  No   |      0      
RUN-1001 :   Yes  |  No   |  No   |      0      
RUN-1001 :   Yes  |  No   |  Yes  |    1104     
RUN-1001 :   Yes  |  Yes  |  No   |      0      
RUN-1001 : ----------------------------------
RUN-0007 : Control Group Statistic
RUN-0007 : ---------------------------
RUN-0007 :   #CLK  |  #CE  |  #SSR/ASR  
RUN-0007 : ---------------------------
RUN-0007 :    1    |  36   |     1      
RUN-0007 : ---------------------------
RUN-0007 : Control Set = 37
PHY-3001 : Initial placement ...
PHY-3001 : design contains 2053 instances, 875 luts, 1141 seqs, 0 slices, 0 macros(0 instances: 0 mslices 0 lslices)
PHY-3001 : Huge net I_rst_n_dup_1 with 1156 pins
PHY-0007 : Cell area utilization is 19%
PHY-3001 : Start timing update ...
RUN-1002 : start command "start_timer -report"
TMR-2505 : Start building timing graph for model SF1_SOC.
TMR-2506 : Build timing graph completely. Port num: 12, tpin num: 10365, tnet num: 2220, tinst num: 2053, tnode num: 14916, tedge num: 16354.
TMR-2508 : Levelizing timing graph completed, there are 17 levels in total.
TMR-2501 : Timing graph initialized successfully.
TMR-2503 : Start to update net delay, extr mode = 2.
TMR-2504 : Update delay of 2220 nets completely.
TMR-2502 : Annotate delay completely, extr mode = 2.
TMR-3001 : Initiate 0 clocks from SDC.
TMR-3004 : Map sdc constraints, there are 0 constraints in total.
TMR-3003 : Constraints initiated successfully.
TMR-3501 : Forward propagation: start to calculate arrival time...
TMR-3502 : Backward propagation: start to calculate required time...
TMR-3503 : Timing propagation completes.
PHY-3001 : End timing update;  0.230317s wall, 0.234375s user + 0.000000s system = 0.234375s CPU (101.8%)

PHY-3001 : Global placement ...
PHY-3001 : Initial: Len = 275929
PHY-3001 : Run with size of 3
PHY-3001 : Cell area utilization is 19%
PHY-3001 : :::0::: Try harder cell spreading with beta_ = 0
PHY-3002 : Step(1): len = 186834, overlap = 18
PHY-3002 : Step(2): len = 154877, overlap = 18
PHY-3002 : Step(3): len = 104258, overlap = 18
PHY-3002 : Step(4): len = 85436.5, overlap = 18
PHY-3002 : Step(5): len = 76050, overlap = 18.125
PHY-3002 : Step(6): len = 70256.1, overlap = 17.625
PHY-3002 : Step(7): len = 62169.2, overlap = 22.875
PHY-3002 : Step(8): len = 56113.5, overlap = 28.1875
PHY-3002 : Step(9): len = 53930.7, overlap = 31.4375
PHY-3002 : Step(10): len = 51832.6, overlap = 35.875
PHY-3002 : Step(11): len = 50161.3, overlap = 41.4688
PHY-3002 : Step(12): len = 49014.8, overlap = 49.375
PHY-3001 : :::1::: Try harder cell spreading with beta_ = 1.0622e-05
PHY-3002 : Step(13): len = 50776.2, overlap = 42.4062
PHY-3002 : Step(14): len = 50968.6, overlap = 44.7188
PHY-3002 : Step(15): len = 50722, overlap = 44.125
PHY-3002 : Step(16): len = 47103.1, overlap = 47.2812
PHY-3002 : Step(17): len = 46097.6, overlap = 46.625
PHY-3002 : Step(18): len = 46408.9, overlap = 41.5
PHY-3002 : Step(19): len = 46688.9, overlap = 38.5
PHY-3002 : Step(20): len = 46953.2, overlap = 36.0625
PHY-3002 : Step(21): len = 46062.5, overlap = 35.6562
PHY-3002 : Step(22): len = 45540.1, overlap = 39.625
PHY-3002 : Step(23): len = 45156.8, overlap = 37.0312
PHY-3001 : :::2::: Try harder cell spreading with beta_ = 2.1244e-05
PHY-3002 : Step(24): len = 46473.3, overlap = 34.6562
PHY-3002 : Step(25): len = 46515.8, overlap = 34.5625
PHY-3002 : Step(26): len = 46029.8, overlap = 35.9375
PHY-3002 : Step(27): len = 46056.1, overlap = 34.8438
PHY-3002 : Step(28): len = 46953.5, overlap = 31.9062
PHY-3002 : Step(29): len = 47552, overlap = 24.3125
PHY-3002 : Step(30): len = 46404.5, overlap = 27.625
PHY-3002 : Step(31): len = 46230.8, overlap = 24.6875
PHY-3002 : Step(32): len = 46455.5, overlap = 24.5625
PHY-3001 : :::3::: Try harder cell spreading with beta_ = 4.2488e-05
PHY-3002 : Step(33): len = 47088.8, overlap = 22.125
PHY-3002 : Step(34): len = 47155.2, overlap = 19.5625
PHY-3002 : Step(35): len = 47323.3, overlap = 20.6875
PHY-3001 : Legalization ...
PHY-3001 : End legalization;  0.008363s wall, 0.000000s user + 0.000000s system = 0.000000s CPU (n/a%)

PHY-3001 : Run with size of 3
PHY-3001 : Cell area utilization is 24%
PHY-3001 : Update timing in Manhattan mode ...
TMR-2503 : Start to update net delay, extr mode = 3.
TMR-2504 : Update delay of 2220 nets completely.
TMR-2502 : Annotate delay completely, extr mode = 3.
TMR-3501 : Forward propagation: start to calculate arrival time...
TMR-3502 : Backward propagation: start to calculate required time...
TMR-3503 : Timing propagation completes.
PHY-3001 : End timing update;  0.045936s wall, 0.046875s user + 0.000000s system = 0.046875s CPU (102.0%)

PHY-3001 : :::0::: Try harder cell spreading with beta_ = 1.56034e-06
PHY-3002 : Step(36): len = 48948.8, overlap = 46.25
PHY-3002 : Step(37): len = 49136.7, overlap = 47.125
PHY-3002 : Step(38): len = 45280.9, overlap = 56.875
PHY-3002 : Step(39): len = 45345.6, overlap = 58.3438
PHY-3002 : Step(40): len = 43385.9, overlap = 77.3125
PHY-3002 : Step(41): len = 43242.5, overlap = 79.5938
PHY-3002 : Step(42): len = 39555.9, overlap = 81.8125
PHY-3002 : Step(43): len = 39873.9, overlap = 84
PHY-3002 : Step(44): len = 40348.5, overlap = 87.5625
PHY-3001 : :::1::: Try harder cell spreading with beta_ = 3.12067e-06
PHY-3002 : Step(45): len = 38997.1, overlap = 87.3438
PHY-3002 : Step(46): len = 39416.2, overlap = 87.2812
PHY-3002 : Step(47): len = 41307.8, overlap = 85.6875
PHY-3002 : Step(48): len = 42371.8, overlap = 84.7812
PHY-3002 : Step(49): len = 40960.6, overlap = 70.0938
PHY-3002 : Step(50): len = 41347.8, overlap = 68.2812
PHY-3002 : Step(51): len = 41712.7, overlap = 65.1562
PHY-3002 : Step(52): len = 42448.7, overlap = 62.5938
PHY-3002 : Step(53): len = 42720.1, overlap = 61.7812
PHY-3001 : :::2::: Try harder cell spreading with beta_ = 6.24135e-06
PHY-3002 : Step(54): len = 40989.7, overlap = 60.25
PHY-3002 : Step(55): len = 40989.7, overlap = 60.25
PHY-3002 : Step(56): len = 40967.7, overlap = 58.75
PHY-3001 : :::3::: Try harder cell spreading with beta_ = 1.05762e-05
PHY-3002 : Step(57): len = 43210.9, overlap = 53
PHY-3002 : Step(58): len = 43626.5, overlap = 52.7812
PHY-3002 : Step(59): len = 42060.7, overlap = 49.5938
PHY-3002 : Step(60): len = 42386.2, overlap = 49.0312
PHY-3002 : Step(61): len = 42846.8, overlap = 47.3125
PHY-3001 : Run with size of 1
PHY-3001 : Cell area utilization is 24%
PHY-3001 : Update timing in Manhattan mode ...
TMR-2503 : Start to update net delay, extr mode = 3.
TMR-2504 : Update delay of 2220 nets completely.
TMR-2502 : Annotate delay completely, extr mode = 3.
TMR-3501 : Forward propagation: start to calculate arrival time...
TMR-3502 : Backward propagation: start to calculate required time...
TMR-3503 : Timing propagation completes.
PHY-3001 : End timing update;  0.045457s wall, 0.046875s user + 0.000000s system = 0.046875s CPU (103.1%)

PHY-3001 : :::0::: Try harder cell spreading with beta_ = 1.31852e-05
PHY-3002 : Step(62): len = 43842.1, overlap = 79.5312
PHY-3002 : Step(63): len = 44298.9, overlap = 78.3125
PHY-3002 : Step(64): len = 42828.2, overlap = 71.5
PHY-3002 : Step(65): len = 43127.5, overlap = 70.8125
PHY-3002 : Step(66): len = 43126.6, overlap = 69.5
PHY-3001 : :::1::: Try harder cell spreading with beta_ = 2.63704e-05
PHY-3002 : Step(67): len = 42192.9, overlap = 68.2188
PHY-3002 : Step(68): len = 42192.9, overlap = 68.2188
PHY-3002 : Step(69): len = 41932.4, overlap = 67.75
PHY-3001 : :::2::: Try harder cell spreading with beta_ = 5.27408e-05
PHY-3002 : Step(70): len = 43558.5, overlap = 62.9375
PHY-3002 : Step(71): len = 43927.3, overlap = 61.4062
PHY-3002 : Step(72): len = 43619.6, overlap = 58.625
PHY-3002 : Step(73): len = 43526.6, overlap = 56.4688
PHY-3002 : Step(74): len = 43594.3, overlap = 56.7812
PHY-3001 : :::3::: Try harder cell spreading with beta_ = 0.000105482
PHY-3002 : Step(75): len = 44358.4, overlap = 55.9062
PHY-3002 : Step(76): len = 44559.4, overlap = 55.4375
PHY-3002 : Step(77): len = 45379.2, overlap = 51.9062
PHY-3001 : :::4::: Try harder cell spreading with beta_ = 0.000210963
PHY-3002 : Step(78): len = 45026.4, overlap = 47.7812
PHY-3002 : Step(79): len = 45157.9, overlap = 47.75
PHY-3002 : Step(80): len = 46164.4, overlap = 43.1875
PHY-3002 : Step(81): len = 46631.7, overlap = 42.2812
PHY-3002 : Step(82): len = 46501.2, overlap = 41.3125
PHY-3002 : Step(83): len = 46313.6, overlap = 40.75
PHY-3002 : Step(84): len = 46259.1, overlap = 40.6875
PHY-3001 : :::5::: Try harder cell spreading with beta_ = 0.000421927
PHY-3002 : Step(85): len = 46678.6, overlap = 40.625
PHY-3002 : Step(86): len = 46767.9, overlap = 40.3438
PHY-3001 : :::6::: Try harder cell spreading with beta_ = 0.000682677
PHY-3002 : Step(87): len = 47225.5, overlap = 41.6875
PHY-3002 : Step(88): len = 47291, overlap = 41.8438
PHY-3002 : Step(89): len = 48048.6, overlap = 38.125
PHY-3002 : Step(90): len = 48374.5, overlap = 37.9375
PHY-3002 : Step(91): len = 49083, overlap = 37.3438
PHY-3001 : :::7::: Try harder cell spreading with beta_ = 0.00111731
PHY-3002 : Step(92): len = 48986.8, overlap = 36.3125
PHY-3002 : Step(93): len = 48976.2, overlap = 36.4688
PHY-3002 : Step(94): len = 48968.5, overlap = 35.7188
OPT-1001 : Start physical optimization ...
RUN-1002 : start command "start_timer -report"
TMR-2505 : Start building timing graph for model SF1_SOC.
TMR-2506 : Build timing graph completely. Port num: 12, tpin num: 10365, tnet num: 2220, tinst num: 2053, tnode num: 14916, tedge num: 16354.
TMR-2508 : Levelizing timing graph completed, there are 17 levels in total.
TMR-2501 : Timing graph initialized successfully.
OPT-1001 : Total overflow 35.72 peak overflow 1.00
OPT-1001 : Start high-fanout net optimization ...
OPT-1001 : Update timing in global mode
PHY-1001 : Start incremental global routing, caller is place ...
RUN-1001 : Generating global routing grids ...
RUN-1001 : Building simple global routing graph ...
PHY-1001 : Generate routing nets ...
PHY-1001 : Reuse net number 0/2222.
PHY-1001 : Global iterations in 8 thread ...
PHY-1002 : len = 72384, over cnt = 335(3%), over = 1049, worst = 13
PHY-1001 : End global iterations;  0.170103s wall, 0.171875s user + 0.015625s system = 0.187500s CPU (110.2%)

PHY-1001 : Congestion index: top1 = 42.29, top5 = 36.71, top10 = 33.55, top15 = 31.00.
PHY-1001 : End incremental global routing;  0.194776s wall, 0.203125s user + 0.015625s system = 0.218750s CPU (112.3%)

TMR-2503 : Start to update net delay, extr mode = 5.
TMR-2504 : Update delay of 2220 nets completely.
TMR-2502 : Annotate delay completely, extr mode = 5.
TMR-3001 : Initiate 0 clocks from SDC.
TMR-3004 : Map sdc constraints, there are 0 constraints in total.
TMR-3003 : Constraints initiated successfully.
TMR-3501 : Forward propagation: start to calculate arrival time...
TMR-3502 : Backward propagation: start to calculate required time...
TMR-3503 : Timing propagation completes.
OPT-1001 : End timing update;  0.152643s wall, 0.156250s user + 0.000000s system = 0.156250s CPU (102.4%)

OPT-1001 : 0 high-fanout net processed.
OPT-1001 : End high-fanout net optimization;  0.379200s wall, 0.390625s user + 0.015625s system = 0.406250s CPU (107.1%)

OPT-1001 : Current memory(MB): used = 163, reserve = 135, peak = 163.
OPT-1001 : Start global optimization ...
OPT-1001 : Start congestion update ...
RUN-1001 : Generating global routing grids ...
PHY-1001 : Generate routing nets ...
PHY-1001 : Reuse net number 1479/2222.
PHY-1001 : Global iterations in 8 thread ...
PHY-1002 : len = 72384, over cnt = 335(3%), over = 1049, worst = 13
PHY-1002 : len = 76808, over cnt = 205(1%), over = 496, worst = 9
PHY-1002 : len = 81008, over cnt = 15(0%), over = 25, worst = 4
PHY-1002 : len = 81216, over cnt = 1(0%), over = 1, worst = 1
PHY-1002 : len = 81248, over cnt = 0(0%), over = 0, worst = 0
PHY-1001 : End global iterations;  0.220648s wall, 0.218750s user + 0.000000s system = 0.218750s CPU (99.1%)

PHY-1001 : Congestion index: top1 = 38.75, top5 = 34.93, top10 = 32.39, top15 = 30.50.
OPT-1001 : End congestion update;  0.243053s wall, 0.218750s user + 0.015625s system = 0.234375s CPU (96.4%)

OPT-1001 : Update timing in Manhattan mode
TMR-2503 : Start to update net delay, extr mode = 3.
TMR-2504 : Update delay of 2220 nets completely.
TMR-2502 : Annotate delay completely, extr mode = 3.
TMR-3501 : Forward propagation: start to calculate arrival time...
TMR-3502 : Backward propagation: start to calculate required time...
TMR-3503 : Timing propagation completes.
OPT-1001 : End timing update;  0.043803s wall, 0.046875s user + 0.000000s system = 0.046875s CPU (107.0%)

OPT-0007 : Start: WNS 2147483647 TNS 0 NUM_FEPS 0
OPT-1001 : End global optimization;  0.286945s wall, 0.265625s user + 0.015625s system = 0.281250s CPU (98.0%)

OPT-1001 : Current memory(MB): used = 165, reserve = 137, peak = 165.
OPT-1001 : End physical optimization;  0.895813s wall, 0.968750s user + 0.046875s system = 1.015625s CPU (113.4%)

PHY-3001 : Start packing ...
SYN-4007 : Packing 0 MUX to BLE ...
SYN-4008 : Packed 0 MUX and 0 SEQ to BLE.
SYN-4007 : Packing 875 LUT to BLE ...
SYN-4008 : Packed 875 LUT and 35 SEQ to BLE.
SYN-4003 : Packing 1106 remaining SEQ's ...
SYN-4005 : Packed 789 SEQ with LUT/SLICE
SYN-4006 : 51 single LUT's are left
SYN-4006 : 317 single SEQ's are left
SYN-4011 : Packing model "SF1_SOC" (AL_USER_NORMAL) with 1192/1301 primitive instances ...
PHY-3001 : End packing;  0.108280s wall, 0.109375s user + 0.000000s system = 0.109375s CPU (101.0%)

PHY-1001 : Populate physical database on model SF1_SOC.
RUN-1001 : There are total 823 instances
RUN-1001 : 392 mslices, 392 lslices, 25 pads, 8 brams, 0 dsps
RUN-1001 : There are total 2187 nets
RUN-6004 WARNING: There are 3 nets with only 1 pin.
RUN-1001 : 1986 nets have 2 pins
RUN-1001 : 103 nets have [3 - 5] pins
RUN-1001 : 9 nets have [6 - 10] pins
RUN-1001 : 5 nets have [11 - 20] pins
RUN-1001 : 74 nets have [21 - 99] pins
RUN-1001 : 7 nets have 100+ pins
PHY-3001 : design contains 821 instances, 784 slices, 0 macros(0 instances: 0 mslices 0 lslices)
PHY-3001 : Cell area utilization is 32%
PHY-3001 : After packing: Len = 54192.4, Over = 75.25
PHY-3001 : Run with size of 1
PHY-3001 : Cell area utilization is 32%
PHY-3001 : Update timing in Manhattan mode ...
RUN-1002 : start command "start_timer -report"
TMR-2505 : Start building timing graph for model SF1_SOC.
TMR-2506 : Build timing graph completely. Port num: 12, tpin num: 9246, tnet num: 2185, tinst num: 821, tnode num: 12660, tedge num: 14567.
TMR-2508 : Levelizing timing graph completed, there are 15 levels in total.
TMR-2501 : Timing graph initialized successfully.
TMR-2503 : Start to update net delay, extr mode = 3.
TMR-2504 : Update delay of 2185 nets completely.
TMR-2502 : Annotate delay completely, extr mode = 3.
TMR-3001 : Initiate 0 clocks from SDC.
TMR-3004 : Map sdc constraints, there are 0 constraints in total.
TMR-3003 : Constraints initiated successfully.
TMR-3501 : Forward propagation: start to calculate arrival time...
TMR-3502 : Backward propagation: start to calculate required time...
TMR-3503 : Timing propagation completes.
PHY-3001 : End timing update;  0.281199s wall, 0.281250s user + 0.000000s system = 0.281250s CPU (100.0%)

PHY-3001 : :::0::: Try harder cell spreading with beta_ = 2.50708e-05
PHY-3002 : Step(95): len = 51566.3, overlap = 77.75
PHY-3002 : Step(96): len = 51425.5, overlap = 78.75
PHY-3002 : Step(97): len = 50733.7, overlap = 78.5
PHY-3002 : Step(98): len = 49677.5, overlap = 84.75
PHY-3002 : Step(99): len = 49018.3, overlap = 91.5
PHY-3002 : Step(100): len = 48257.7, overlap = 91.5
PHY-3002 : Step(101): len = 47944.5, overlap = 94.25
PHY-3002 : Step(102): len = 47868, overlap = 93
PHY-3001 : :::1::: Try harder cell spreading with beta_ = 5.01415e-05
PHY-3002 : Step(103): len = 49321, overlap = 87.5
PHY-3002 : Step(104): len = 50329.7, overlap = 84.25
PHY-3002 : Step(105): len = 50084.5, overlap = 78.5
PHY-3002 : Step(106): len = 50044.6, overlap = 74.5
PHY-3002 : Step(107): len = 50188.2, overlap = 72.5
PHY-3001 : :::2::: Try harder cell spreading with beta_ = 0.000100283
PHY-3002 : Step(108): len = 50975.3, overlap = 70.75
PHY-3002 : Step(109): len = 51464.8, overlap = 73
PHY-3002 : Step(110): len = 52062.9, overlap = 69
PHY-3002 : Step(111): len = 52409, overlap = 65.5
PHY-3002 : Step(112): len = 52371.5, overlap = 66.25
PHY-3001 : Legalization ...
PHY-3001 : End legalization;  0.103907s wall, 0.093750s user + 0.203125s system = 0.296875s CPU (285.7%)

PHY-3001 : Trial Legalized: Len = 60136.4
PHY-3001 : Run with size of 1
PHY-3001 : Cell area utilization is 32%
PHY-3001 : Update timing in Manhattan mode ...
TMR-2503 : Start to update net delay, extr mode = 3.
TMR-2504 : Update delay of 2185 nets completely.
TMR-2502 : Annotate delay completely, extr mode = 3.
TMR-3501 : Forward propagation: start to calculate arrival time...
TMR-3502 : Backward propagation: start to calculate required time...
TMR-3503 : Timing propagation completes.
PHY-3001 : End timing update;  0.043746s wall, 0.046875s user + 0.000000s system = 0.046875s CPU (107.2%)

PHY-3001 : :::0::: Try harder cell spreading with beta_ = 9.63444e-05
PHY-3002 : Step(113): len = 54962.7, overlap = 38
PHY-3002 : Step(114): len = 54109, overlap = 51.5
PHY-3002 : Step(115): len = 53374.4, overlap = 58.75
PHY-3002 : Step(116): len = 52743, overlap = 60
PHY-3002 : Step(117): len = 52637.9, overlap = 60.5
PHY-3002 : Step(118): len = 52353, overlap = 62.75
PHY-3001 : :::1::: Try harder cell spreading with beta_ = 0.000188914
PHY-3002 : Step(119): len = 52837, overlap = 60.25
PHY-3002 : Step(120): len = 53270.8, overlap = 60.5
PHY-3002 : Step(121): len = 53770.2, overlap = 56
PHY-3002 : Step(122): len = 53934.5, overlap = 54.5
PHY-3002 : Step(123): len = 53928.2, overlap = 53.5
PHY-3001 : :::2::: Try harder cell spreading with beta_ = 0.000357031
PHY-3002 : Step(124): len = 54218.9, overlap = 52.25
PHY-3002 : Step(125): len = 54561.9, overlap = 51.5
PHY-3001 : :::3::: Try harder cell spreading with beta_ = 0.000577676
PHY-3002 : Step(126): len = 54565.4, overlap = 51.5
PHY-3002 : Step(127): len = 54998.7, overlap = 47.5
PHY-3002 : Step(128): len = 55851.7, overlap = 45.25
PHY-3002 : Step(129): len = 56009.5, overlap = 42.75
PHY-3002 : Step(130): len = 56011.9, overlap = 44.75
PHY-3002 : Step(131): len = 55953.9, overlap = 46.25
PHY-3001 : Legalization ...
PHY-3001 : End legalization;  0.003647s wall, 0.000000s user + 0.000000s system = 0.000000s CPU (n/a%)

PHY-3001 : Legalized: Len = 58290.4, Over = 0
PHY-3001 : End spreading;  0.004932s wall, 0.015625s user + 0.000000s system = 0.015625s CPU (316.8%)

PHY-3001 : Final: Len = 58290.4, Over = 0
RUN-1003 : finish command "place" in  3.951573s wall, 6.421875s user + 2.562500s system = 8.984375s CPU (227.4%)

RUN-1004 : used memory is 146 MB, reserved memory is 124 MB, peak memory is 169 MB
RUN-1002 : start command "export_db pwm_demo_place.db"
RUN-1001 : Exported /
RUN-1001 : Exported flow parameters
RUN-1001 : Exported libs
RUN-1001 : Exported entities
RUN-1001 : Exported ports
RUN-1001 : Exported pins
RUN-1001 : Exported instances
RUN-1001 : Exported nets
RUN-1001 : Exported buses
RUN-1001 : Exported models
RUN-1001 : Exported congestions
RUN-1001 : Exported violations
RUN-1001 : Exported timing constraints
RUN-1001 : Exported IO constraints
RUN-1001 : Exported Inst constraints
RUN-1002 : start command "route"
RUN-1001 : Open license file D:/XILINX_EXE/TD_5.6/license/Anlogic.lic
RUN-1001 : Print Global Property
RUN-1001 : ---------------------------------------------------------------
RUN-1001 :        Parameters        |  Settings  |  Default Values  |  Note  
RUN-1001 : ---------------------------------------------------------------
RUN-1001 :          message         |  standard  |     standard     |        
RUN-1001 :   mixed_pack_place_flow  |     on     |        on        |        
RUN-1001 :        qor_monitor       |    off     |       off        |        
RUN-1001 :        syn_ip_flow       |    off     |       off        |        
RUN-1001 :          thread          |    auto    |       auto       |        
RUN-1001 : ---------------------------------------------------------------
RUN-1001 : Print Route Property
RUN-1001 : -------------------------------------------------------
RUN-1001 :    Parameters    |  Settings  |  Default Values  |  Note  
RUN-1001 : -------------------------------------------------------
RUN-1001 :      effort      |   medium   |      medium      |        
RUN-1001 :     fix_hold     |    off     |       off        |        
RUN-1001 :    opt_timing    |   medium   |      medium      |        
RUN-1001 :   phy_sim_model  |    off     |       off        |        
RUN-1001 :     priority     |   timing   |      timing      |        
RUN-1001 :     swap_pin     |     on     |        on        |        
RUN-1001 : -------------------------------------------------------
PHY-1001 : Route runs in 8 thread(s)
RUN-1001 : There are total 823 instances
RUN-1001 : 392 mslices, 392 lslices, 25 pads, 8 brams, 0 dsps
RUN-1001 : There are total 2187 nets
RUN-6004 WARNING: There are 3 nets with only 1 pin.
RUN-1001 : 1986 nets have 2 pins
RUN-1001 : 103 nets have [3 - 5] pins
RUN-1001 : 9 nets have [6 - 10] pins
RUN-1001 : 5 nets have [11 - 20] pins
RUN-1001 : 74 nets have [21 - 99] pins
RUN-1001 : 7 nets have 100+ pins
RUN-1002 : start command "start_timer -report"
TMR-2505 : Start building timing graph for model SF1_SOC.
TMR-2506 : Build timing graph completely. Port num: 12, tpin num: 9246, tnet num: 2185, tinst num: 821, tnode num: 12660, tedge num: 14567.
TMR-2508 : Levelizing timing graph completed, there are 15 levels in total.
TMR-2501 : Timing graph initialized successfully.
PHY-1001 : 392 mslices, 392 lslices, 25 pads, 8 brams, 0 dsps
TMR-2503 : Start to update net delay, extr mode = 3.
TMR-2504 : Update delay of 2185 nets completely.
TMR-2502 : Annotate delay completely, extr mode = 3.
TMR-3001 : Initiate 0 clocks from SDC.
TMR-3004 : Map sdc constraints, there are 0 constraints in total.
TMR-3003 : Constraints initiated successfully.
TMR-3501 : Forward propagation: start to calculate arrival time...
TMR-3502 : Backward propagation: start to calculate required time...
TMR-3503 : Timing propagation completes.
PHY-1001 : Start global routing, caller is route ...
RUN-1001 : Generating global routing grids ...
PHY-1001 : Generate routing nets ...
PHY-1001 : Global iterations in 8 thread ...
PHY-1002 : len = 83968, over cnt = 283(2%), over = 388, worst = 4
PHY-1002 : len = 85832, over cnt = 98(0%), over = 111, worst = 3
PHY-1002 : len = 87152, over cnt = 11(0%), over = 13, worst = 2
PHY-1002 : len = 87328, over cnt = 0(0%), over = 0, worst = 0
PHY-1001 : End global iterations;  0.269408s wall, 0.265625s user + 0.000000s system = 0.265625s CPU (98.6%)

PHY-1001 : Congestion index: top1 = 40.62, top5 = 34.58, top10 = 31.80, top15 = 29.83.
PHY-1001 : End global routing;  0.304701s wall, 0.281250s user + 0.000000s system = 0.281250s CPU (92.3%)

PHY-1001 : Start detail routing ...
PHY-1001 : Current memory(MB): used = 184, reserve = 157, peak = 184.
PHY-1001 : Detailed router is running in normal mode.
PHY-1001 : Generate detailed routing grids ...
PHY-1001 : Generate nets ...
PHY-1001 : net I_clk_25m_dup_1 will be routed on clock mesh
PHY-5010 WARNING: Net u_ahb_pwm/I_ahb_hsize[2] is skipped due to 0 input or output
PHY-5010 WARNING: Net u_ahb_pwm/I_ahb_hsize[1] is skipped due to 0 input or output
PHY-5010 WARNING: Net u_ahb_pwm/I_ahb_hsize[0] is skipped due to 0 input or output
PHY-1001 : clock net u_ahb_pwm/I_ahb_clk will be merged with clock u_pll/clk0_buf
PHY-5010 WARNING: Net u_ahb_pwm/I_ahb_hsize[2] is skipped due to 0 input or output
PHY-5010 WARNING: Net u_ahb_pwm/I_ahb_hsize[1] is skipped due to 0 input or output
PHY-5010 WARNING: Net u_ahb_pwm/I_ahb_hsize[0] is skipped due to 0 input or output
PHY-1001 : Current memory(MB): used = 274, reserve = 248, peak = 274.
PHY-1001 : End build detailed router design. 1.386152s wall, 1.390625s user + 0.000000s system = 1.390625s CPU (100.3%)

PHY-1001 : Detail Route ...
PHY-1001 : ===== Detail Route Phase 1 =====
PHY-1001 : Clock net routing.....
PHY-1001 : Routed 0% nets.
PHY-1022 : len = 19672, over cnt = 0(0%), over = 0, worst = 0, crit = 0
PHY-1001 : End initial clock net routed; 0.102950s wall, 0.093750s user + 0.000000s system = 0.093750s CPU (91.1%)

PHY-1001 : Current memory(MB): used = 286, reserve = 260, peak = 286.
PHY-1001 : End phase 1; 0.104888s wall, 0.093750s user + 0.000000s system = 0.093750s CPU (89.4%)

PHY-1001 : ===== Detail Route Phase 2 =====
PHY-1001 : Initial routing.....
PHY-1001 : Routed 19% nets.
PHY-1001 : Routed 25% nets.
PHY-1001 : Routed 33% nets.
PHY-1001 : Routed 39% nets.
PHY-1001 : Routed 56% nets.
PHY-1001 : Patch 926 net; 1.922187s wall, 1.890625s user + 0.000000s system = 1.890625s CPU (98.4%)

PHY-1022 : len = 158136, over cnt = 427(0%), over = 445, worst = 2, crit = 0
PHY-1001 : Current memory(MB): used = 288, reserve = 262, peak = 288.
PHY-1001 : End initial routed; 2.064856s wall, 2.062500s user + 0.000000s system = 2.062500s CPU (99.9%)

PHY-1001 : Update timing.....
PHY-1001 : 0/2171(0%) critical/total net(s).
RUN-1001 : ------------------------------------------
RUN-1001 :   Type   |    WNS(ns)    |  TNS(ns)  |  FEP  
RUN-1001 : ------------------------------------------
RUN-1001 :   Setup  |  2147483.647  |   0.000   |   0   
RUN-1001 :   Hold   |  2147483.647  |   0.000   |   0   
RUN-1001 : ------------------------------------------
PHY-1001 : End update timing; 0.359429s wall, 0.359375s user + 0.000000s system = 0.359375s CPU (100.0%)

PHY-1001 : Current memory(MB): used = 292, reserve = 266, peak = 292.
PHY-1001 : End phase 2; 2.424342s wall, 2.421875s user + 0.000000s system = 2.421875s CPU (99.9%)

PHY-1001 : ===== Detail Route Phase 3 =====
PHY-1001 : Optimize timing.....
PHY-1022 : len = 158136, over cnt = 427(0%), over = 445, worst = 2, crit = 0
PHY-1001 : End optimize timing; 0.005549s wall, 0.000000s user + 0.000000s system = 0.000000s CPU (n/a%)

PHY-1001 : Ripup-reroute.....
PHY-1001 : ===== DR Iter 1 =====
PHY-1022 : len = 157472, over cnt = 68(0%), over = 68, worst = 1, crit = 0
PHY-1001 : End DR Iter 1; 0.825902s wall, 0.828125s user + 0.000000s system = 0.828125s CPU (100.3%)

PHY-1001 : ===== DR Iter 2 =====
PHY-1022 : len = 158144, over cnt = 3(0%), over = 3, worst = 1, crit = 0
PHY-1001 : End DR Iter 2; 0.133925s wall, 0.125000s user + 0.000000s system = 0.125000s CPU (93.3%)

PHY-1001 : ===== DR Iter 3 =====
PHY-1022 : len = 158184, over cnt = 1(0%), over = 1, worst = 1, crit = 0
PHY-1001 : End DR Iter 3; 0.029056s wall, 0.031250s user + 0.000000s system = 0.031250s CPU (107.6%)

PHY-1001 : ===== DR Iter 4 =====
PHY-1022 : len = 158192, over cnt = 0(0%), over = 0, worst = 0, crit = 0
PHY-1001 : End DR Iter 4; 0.019504s wall, 0.031250s user + 0.015625s system = 0.046875s CPU (240.3%)

PHY-1001 : Update timing.....
PHY-1001 : 0/2171(0%) critical/total net(s).
RUN-1001 : ------------------------------------------
RUN-1001 :   Type   |    WNS(ns)    |  TNS(ns)  |  FEP  
RUN-1001 : ------------------------------------------
RUN-1001 :   Setup  |  2147483.647  |   0.000   |   0   
RUN-1001 :   Hold   |  2147483.647  |   0.000   |   0   
RUN-1001 : ------------------------------------------
PHY-1001 : End update timing; 0.360178s wall, 0.359375s user + 0.000000s system = 0.359375s CPU (99.8%)

PHY-1001 : Commit to database.....
PHY-5014 WARNING: Detail route doesn't find pib for u_pll/pll_inst.ssc_en[0]
PHY-5014 WARNING: Detail route doesn't find pib for u_pll/pll_inst.dsm_rst[0]
PHY-5014 WARNING: Detail route doesn't find pib for u_pll/pll_inst.frac_offset_valid[0]
PHY-5014 WARNING: Detail route doesn't find pib for u_pll/pll_inst.dsm_refclk[0]
PHY-1001 : 229 feed throughs used by 88 nets
PHY-1001 : End commit to database; 0.216083s wall, 0.218750s user + 0.000000s system = 0.218750s CPU (101.2%)

PHY-1001 : Current memory(MB): used = 306, reserve = 281, peak = 306.
PHY-1001 : End phase 3; 1.625620s wall, 1.625000s user + 0.015625s system = 1.640625s CPU (100.9%)

PHY-1003 : Routed, final wirelength = 158192
PHY-1001 : Current memory(MB): used = 307, reserve = 282, peak = 307.
PHY-1001 : End export database. 0.006770s wall, 0.000000s user + 0.000000s system = 0.000000s CPU (n/a%)

PHY-1001 : End detail routing;  5.627609s wall, 5.625000s user + 0.015625s system = 5.640625s CPU (100.2%)

RUN-1003 : finish command "route" in  6.263332s wall, 6.218750s user + 0.015625s system = 6.234375s CPU (99.5%)

RUN-1004 : used memory is 275 MB, reserved memory is 253 MB, peak memory is 307 MB
RUN-1002 : start command "report_area -io_info -file pwm_demo_phy.area"
RUN-1001 : standard
***Report Model: SF1_SOC Device: SF1S60CG121I***

IO Statistics
#IO                        19
  #input                    6
  #output                  13
  #inout                    0

Utilization Statistics
#lut                      897   out of   5824   15.40%
#reg                     1141   out of   5824   19.59%
#le                      1214
  #lut only                73   out of   1214    6.01%
  #reg only               317   out of   1214   26.11%
  #lut&reg                824   out of   1214   67.87%
#dsp                        0   out of     10    0.00%
#bram                       8   out of     26   30.77%
  #bram9k                   8
  #fifo9k                   0
#hard-ip                    1
  #mcu                      1   out of      1  100.00%
  #dsc                      0   out of      1    0.00%
  #dsi                      0   out of      2    0.00%
  #psram controller         0   out of      2    0.00%
#pad                       19   out of     55   34.55%
  #ireg                     0
  #oreg                     0
  #treg                     0
#pll                        1   out of      2   50.00%
#gclk                       3   out of     16   18.75%

Clock Resource Statistics
Index     ClockNet           Type               DriverType         Driver                  Fanout
#1        u_pll/clk0_buf     GCLK               pll                u_pll/pll_inst.clkc0    778
#2        I_clk_25m_dup_1    GCLK               io                 I_clk_25m_syn_2.di      1


Detailed IO Report

     Name       Direction    Location    IOStandard    DriveStrength    PullType    PackReg  
  I_clk_25m       INPUT         D7        LVCMOS18          N/A          PULLUP      NONE    
  I_jtag_tck      INPUT         C7        LVCMOS18          N/A          PULLUP      NONE    
  I_jtag_tdi      INPUT         D5        LVCMOS18          N/A          PULLUP      NONE    
  I_jtag_tms      INPUT         D6        LVCMOS18          N/A          PULLUP      NONE    
   I_rst_n        INPUT         J2        LVCMOS18          N/A          PULLUP      NONE    
  I_uart_rx       INPUT         E4        LVCMOS18          N/A          PULLUP      NONE    
  O_jtag_tdo     OUTPUT         C6        LVCMOS18           8            NONE       NONE    
    O_led0       OUTPUT         J5        LVCMOS18           8            NONE       NONE    
    O_led1       OUTPUT         H5        LVCMOS18           8            NONE       NONE    
    O_led2       OUTPUT         G4        LVCMOS18           8            NONE       NONE    
  O_uart_tx      OUTPUT         A4        LVCMOS18           8            NONE       NONE    

Report Hierarchy Area:
+-----------------------------------------------------------------------------+
|Instance    |Module     |le     |lut     |ripple  |seq     |bram    |dsp     |
+-----------------------------------------------------------------------------+
|top         |SF1_SOC    |1214   |897     |0       |1141    |8       |0       |
|  u_SF1_MCU |SF1_MCU    |0      |0       |0       |0       |0       |0       |
|  u_ahb_pwm |ahb_pwm    |1214   |897     |0       |1141    |8       |0       |
|    uut     |rom_weight |0      |0       |0       |0       |8       |0       |
|  u_pll     |pll        |0      |0       |0       |0       |0       |0       |
+-----------------------------------------------------------------------------+


DataNet Average Fanout:

   Index     Fanout     Nets  
    #1          1       1975  
    #2          2        87   
    #3          3        6    
    #4          4        9    
    #5        5-10       9    
    #6        11-50      77   
    #7       51-100      1    
    #8       101-500     3    
    #9        >500       2    
  Average     2.89            

RUN-1002 : start command "export_db pwm_demo_pr.db"
RUN-1001 : Exported /
RUN-1001 : Exported flow parameters
RUN-1001 : Exported libs
RUN-1001 : Exported entities
RUN-1001 : Exported ports
RUN-1001 : Exported pins
RUN-1001 : Exported instances
RUN-1001 : Exported nets
RUN-1001 : Exported buses
RUN-1001 : Exported models
RUN-1001 : Exported congestions
RUN-1001 : Exported violations
RUN-1001 : Exported timing constraints
RUN-1001 : Exported IO constraints
RUN-1001 : Exported Inst constraints
RUN-1002 : start command "export_bid pwm_demo_inst.bid"
RUN-1002 : start command "bitgen -bit pwm_demo.bit"
BIT-1003 : Start to generate bitstream. 
BIT-1002 : Init instances with 8 threads.
BIT-1002 : Init instances completely, inst num: 821
BIT-1002 : Init pips with 8 threads.
BIT-1002 : Init pips completely, net num: 2187, pip num: 19571
BIT-1002 : Init feedthrough with 8 threads.
BIT-1002 : Init feedthrough completely, num: 229
BIT-1003 : Multithreading accelaration with 8 threads.
BIT-1003 : Generate bitstream completely, there are 667 valid insts, and 49626 bits set as '1'.
BIT-1004 : the usercode register value: 00000000000111000000000000000000
BIT-1004 : Generate bits file pwm_demo.bit.
RUN-1003 : finish command "bitgen -bit pwm_demo.bit" in  1.912113s wall, 10.703125s user + 0.031250s system = 10.734375s CPU (561.4%)

RUN-1004 : used memory is 286 MB, reserved memory is 263 MB, peak memory is 434 MB
RUN-1002 : start command "backup_run_log run.log ../.logs/phy_1/td_20231112_105416.log"
