============================================================
   Tang Dynasty, V5.6.59063
   Copyright (c) 2012-2022 Anlogic
   Executable = D:/XILINX_EXE/TD_5.6/bin/td.exe
   Built at =   12:45:13 Sep  6 2022
   Run by =     13456
   Run Date =   Sun Nov 12 17:20:58 2023

   Run on =     DESKTOP-1HJPLU7
============================================================
RUN-1002 : start command "open_project pwm_demo.prj"
RUN-1001 : Print Global Property
RUN-1001 : ---------------------------------------------------------------
RUN-1001 :        Parameters        |  Settings  |  Default Values  |  Note  
RUN-1001 : ---------------------------------------------------------------
RUN-1001 :          message         |  standard  |     standard     |        
RUN-1001 :   mixed_pack_place_flow  |     on     |        on        |        
RUN-1001 :        qor_monitor       |    off     |       off        |        
RUN-1001 :        syn_ip_flow       |    off     |       off        |        
RUN-1001 :          thread          |    auto    |       auto       |        
RUN-1001 : ---------------------------------------------------------------
RUN-1001 : Print Design Property
RUN-1001 : --------------------------------------------------------------
RUN-1001 :        Parameters       |  Settings  |  Default Values  |  Note  
RUN-1001 : --------------------------------------------------------------
RUN-1001 :   default_reg_initial   |    auto    |       auto       |        
RUN-1001 :        infer_add        |     on     |        on        |        
RUN-1001 :        infer_fsm        |    off     |       off        |        
RUN-1001 :        infer_mult       |     on     |        on        |        
RUN-1001 :        infer_ram        |     on     |        on        |        
RUN-1001 :        infer_reg        |     on     |        on        |        
RUN-1001 :   infer_reg_init_value  |     on     |        on        |        
RUN-1001 :        infer_rom        |     on     |        on        |        
RUN-1001 :      infer_shifter      |     on     |        on        |        
RUN-1001 : --------------------------------------------------------------
RUN-1001 : Print Rtl Property
RUN-1001 : --------------------------------------------------------------
RUN-1001 :        Parameters       |  Settings  |  Default Values  |  Note  
RUN-1001 : --------------------------------------------------------------
RUN-1001 :       compress_add      |   ripple   |      ripple      |        
RUN-1001 :        elf_sload        |    off     |       off        |        
RUN-1001 :       fix_undriven      |     0      |        0         |        
RUN-1001 :         flatten         |    off     |       off        |        
RUN-1001 :       gate_sharing      |     on     |        on        |        
RUN-1001 :    hdl_warning_level    |   normal   |      normal      |        
RUN-1001 :   impl_internal_tribuf  |     on     |        on        |        
RUN-1001 :      impl_set_reset     |     on     |        on        |        
RUN-1001 :        infer_gsr        |    off     |       off        |        
RUN-1001 :      keep_hierarchy     |    auto    |       auto       |        
RUN-1001 :        max_fanout       |    9999    |       9999       |        
RUN-1001 :      max_oh2bin_len     |     10     |        10        |        
RUN-1001 :       merge_equal       |     on     |        on        |        
RUN-1001 :       merge_equiv       |     on     |        on        |        
RUN-1001 :        merge_mux        |    off     |       off        |        
RUN-1001 :     min_control_set     |     8      |        8         |        
RUN-1001 :      min_ripple_len     |    auto    |       auto       |        
RUN-1001 :       oh2bin_ratio      |    0.08    |       0.08       |        
RUN-1001 :     opt_adder_fanout    |     on     |        on        |        
RUN-1001 :        opt_arith        |     on     |        on        |        
RUN-1001 :       opt_big_gate      |    off     |       off        |        
RUN-1001 :        opt_const        |     on     |        on        |        
RUN-1001 :      opt_const_mult     |     on     |        on        |        
RUN-1001 :       opt_lessthan      |     on     |        on        |        
RUN-1001 :         opt_mux         |    off     |       off        |        
RUN-1001 :         opt_ram         |    high    |       high       |        
RUN-1001 :      rtl_sim_model      |    off     |       off        |        
RUN-1001 :         seq_syn         |     on     |        on        |        
RUN-1001 : --------------------------------------------------------------
HDL-1007 : analyze verilog file ../../al_ip/SF1_MCU.v
HDL-1007 : analyze verilog file ../../al_ip/pll.v
HDL-1007 : undeclared symbol 'open', assumed default net type 'wire' in ../../al_ip/pll.v(88)
HDL-1007 : analyze verilog file ../../al_ip/rom_weight.v
HDL-1007 : analyze verilog file ../../SF1_SOC.v
HDL-1007 : analyze verilog file ../../ahb_pwm.v
HDL-5007 WARNING: identifier 'weight' is used before its declaration in ../../ahb_pwm.v(874)
HDL-5007 WARNING: identifier 'c' is used before its declaration in ../../ahb_pwm.v(875)
HDL-1007 : analyze verilog file ../../gpio_controler.v
RUN-1001 : Project manager successfully analyzed 6 source files.
RUN-1002 : start command "import_device sf1_6.db -package SF1S60CG121I"
ARC-1001 : Device Initialization.
ARC-1001 : -------------------------------------------------
ARC-1001 :       OPTION       |      IO       |   SETTING   
ARC-1001 : -------------------------------------------------
ARC-1001 :        done        |      B4       |    gpio    
ARC-1001 :        initn       |      A5       |    gpio    
ARC-1001 :       jtagen       |      B7       |    gpio    
ARC-1001 :      programn      |      B5       |  dedicate  
ARC-1001 :   tdi/tms/tck/tdo  |  C4/A6/A7/C5  |  dedicate  
ARC-1001 : -------------------------------------------------
ARC-1004 : Device setting, marked 5 dedicate IOs in total.
RUN-1002 : start command "import_db ../syn_1/pwm_demo_gate.db"
RUN-1001 : Importing database generated by Tang Dynasty, V5.6.59063.
RUN-1001 : Database version number 46140.
RUN-1001 : Import flow parameters
RUN-1001 : Import timing constraints
RUN-1001 : Import IO constraints
RUN-1001 : Import Inst constraints
RUN-1001 : Import design success TD_VERSION=5.6.59063 , DB_VERSION=46140
RUN-1002 : start command "read_sdc"
USR-1002 : read_sdc file_name -help -h -eco
USR-1009 : NO module with IP_SDC ...
RUN-1104 : Import SDC file  finished, there are 0 nets kept by constraints.
RUN-1002 : start command "place"
RUN-1001 : Open license file D:/XILINX_EXE/TD_5.6/license/Anlogic.lic
RUN-1001 : Print Global Property
RUN-1001 : ---------------------------------------------------------------
RUN-1001 :        Parameters        |  Settings  |  Default Values  |  Note  
RUN-1001 : ---------------------------------------------------------------
RUN-1001 :          message         |  standard  |     standard     |        
RUN-1001 :   mixed_pack_place_flow  |     on     |        on        |        
RUN-1001 :        qor_monitor       |    off     |       off        |        
RUN-1001 :        syn_ip_flow       |    off     |       off        |        
RUN-1001 :          thread          |    auto    |       auto       |        
RUN-1001 : ---------------------------------------------------------------
RUN-1001 : Print Place Property
RUN-1001 : --------------------------------------------------------------
RUN-1001 :        Parameters       |  Settings  |  Default Values  |  Note  
RUN-1001 : --------------------------------------------------------------
RUN-1001 :      detailed_place     |     on     |        on        |        
RUN-1001 :          effort         |   medium   |      medium      |        
RUN-1001 :         fix_hold        |    off     |       off        |        
RUN-1001 :       legalization      |    ori     |       ori        |        
RUN-1001 :      new_spreading      |     on     |        on        |        
RUN-1001 :        opt_timing       |   medium   |      medium      |        
RUN-1001 :   post_clock_route_opt  |    off     |       off        |        
RUN-1001 :       pr_strategy       |     1      |        1         |        
RUN-1001 :        relaxation       |    1.00    |       1.00       |        
RUN-1001 :         retiming        |    off     |       off        |        
RUN-1001 : --------------------------------------------------------------
PHY-3001 : Placer runs in 8 thread(s).
RUN-1002 : start command "legalize_phy_inst"
SYN-1011 : Flatten model SF1_SOC
RUN-1002 : start command "phys_opt -simplify_lut"
SYN-4016 : Net u_ahb_pwm/I_ahb_clk driven by BUFG (587 clock/control pins, 1 other pins).
SYN-4019 : Net I_clk_25m_dup_1 is refclk of pll u_pll/pll_inst.
SYN-4020 : Net I_clk_25m_dup_1 is fbclk of pll u_pll/pll_inst.
SYN-4025 : Tag rtl::Net I_clk_25m_dup_1 as clock net
SYN-4025 : Tag rtl::Net u_ahb_pwm/I_ahb_clk as clock net
SYN-4026 : Tagged 2 rtl::Net as clock net
PHY-1001 : Populate physical database on model SF1_SOC.
RUN-1001 : There are total 1052 instances
RUN-0007 : 432 luts, 582 seqs, 0 mslices, 4 lslices, 25 pads, 1 brams, 2 dsps
RUN-1001 : There are total 1158 nets
RUN-6004 WARNING: There are 3 nets with only 1 pin.
RUN-1001 : 1012 nets have 2 pins
RUN-1001 : 65 nets have [3 - 5] pins
RUN-1001 : 13 nets have [6 - 10] pins
RUN-1001 : 37 nets have [11 - 20] pins
RUN-1001 : 23 nets have [21 - 99] pins
RUN-1001 : 5 nets have 100+ pins
RUN-1001 : Report Control nets information:
RUN-1001 : DFF Distribution
RUN-1001 : ----------------------------------
RUN-1001 :   CE   |  SSR  |  ASR  |  DFF Count  
RUN-1001 : ----------------------------------
RUN-1001 :   No   |  No   |  No   |      2      
RUN-1001 :   No   |  No   |  Yes  |     35      
RUN-1001 :   No   |  Yes  |  No   |      0      
RUN-1001 :   Yes  |  No   |  No   |      0      
RUN-1001 :   Yes  |  No   |  Yes  |     545     
RUN-1001 :   Yes  |  Yes  |  No   |      0      
RUN-1001 : ----------------------------------
RUN-0007 : Control Group Statistic
RUN-0007 : ---------------------------
RUN-0007 :   #CLK  |  #CE  |  #SSR/ASR  
RUN-0007 : ---------------------------
RUN-0007 :    1    |  20   |     2      
RUN-0007 : ---------------------------
RUN-0007 : Control Set = 21
PHY-3001 : Initial placement ...
PHY-3001 : design contains 1050 instances, 432 luts, 582 seqs, 4 slices, 1 macros(4 instances: 0 mslices 4 lslices)
PHY-0007 : Cell area utilization is 9%
PHY-3001 : Start timing update ...
RUN-1002 : start command "start_timer -report"
TMR-2505 : Start building timing graph for model SF1_SOC.
TMR-2506 : Build timing graph completely. Port num: 12, tpin num: 5322, tnet num: 1156, tinst num: 1050, tnode num: 7625, tedge num: 8655.
TMR-2508 : Levelizing timing graph completed, there are 23 levels in total.
TMR-2501 : Timing graph initialized successfully.
TMR-2503 : Start to update net delay, extr mode = 2.
TMR-2504 : Update delay of 1156 nets completely.
TMR-2502 : Annotate delay completely, extr mode = 2.
TMR-3001 : Initiate 0 clocks from SDC.
TMR-3004 : Map sdc constraints, there are 0 constraints in total.
TMR-3003 : Constraints initiated successfully.
TMR-3501 : Forward propagation: start to calculate arrival time...
TMR-3502 : Backward propagation: start to calculate required time...
TMR-3503 : Timing propagation completes.
PHY-3001 : End timing update;  0.204299s wall, 0.203125s user + 0.000000s system = 0.203125s CPU (99.4%)

PHY-3001 : Global placement ...
PHY-3001 : Initial: Len = 162791
PHY-3001 : Run with size of 3
PHY-3001 : Cell area utilization is 9%
PHY-3001 : :::0::: Try harder cell spreading with beta_ = 0
PHY-3002 : Step(1): len = 128381, overlap = 6.25
PHY-3002 : Step(2): len = 114418, overlap = 6.25
PHY-3002 : Step(3): len = 79396.5, overlap = 6.25
PHY-3002 : Step(4): len = 77602.2, overlap = 6.25
PHY-3002 : Step(5): len = 60147.8, overlap = 6.25
PHY-3002 : Step(6): len = 56060.8, overlap = 6.25
PHY-3002 : Step(7): len = 52455.4, overlap = 6.25
PHY-3002 : Step(8): len = 49376.4, overlap = 5
PHY-3002 : Step(9): len = 45568.9, overlap = 5.5625
PHY-3002 : Step(10): len = 41377, overlap = 4.75
PHY-3002 : Step(11): len = 37910.2, overlap = 11.2188
PHY-3002 : Step(12): len = 35186.1, overlap = 15.6562
PHY-3002 : Step(13): len = 33589.8, overlap = 15.6562
PHY-3002 : Step(14): len = 33156.8, overlap = 18.7812
PHY-3001 : :::1::: Try harder cell spreading with beta_ = 6.11672e-05
PHY-3002 : Step(15): len = 32375.2, overlap = 18.375
PHY-3002 : Step(16): len = 32444.1, overlap = 18.3125
PHY-3002 : Step(17): len = 32225.1, overlap = 17.6875
PHY-3002 : Step(18): len = 32219.6, overlap = 17.625
PHY-3002 : Step(19): len = 32143.1, overlap = 17.3438
PHY-3002 : Step(20): len = 32195.3, overlap = 17.2188
PHY-3002 : Step(21): len = 32237, overlap = 13.3438
PHY-3002 : Step(22): len = 32308.7, overlap = 11.625
PHY-3002 : Step(23): len = 31485.7, overlap = 10.9688
PHY-3002 : Step(24): len = 31679.3, overlap = 9.53125
PHY-3002 : Step(25): len = 31767.9, overlap = 3.78125
PHY-3002 : Step(26): len = 31332.1, overlap = 5.9375
PHY-3002 : Step(27): len = 31115.1, overlap = 6.875
PHY-3002 : Step(28): len = 31036.5, overlap = 7.09375
PHY-3002 : Step(29): len = 31035.5, overlap = 7.15625
PHY-3001 : :::2::: Try harder cell spreading with beta_ = 0.000122334
PHY-3002 : Step(30): len = 30898.6, overlap = 4.96875
PHY-3002 : Step(31): len = 30875.8, overlap = 5.03125
PHY-3001 : :::3::: Try harder cell spreading with beta_ = 0.000244669
PHY-3002 : Step(32): len = 30982.4, overlap = 4.90625
PHY-3002 : Step(33): len = 31020.8, overlap = 4.875
PHY-3001 : Legalization ...
PHY-3001 : End legalization;  0.002798s wall, 0.000000s user + 0.000000s system = 0.000000s CPU (n/a%)

PHY-3001 : Run with size of 3
PHY-3001 : Cell area utilization is 12%
PHY-3001 : Update timing in Manhattan mode ...
TMR-2503 : Start to update net delay, extr mode = 3.
TMR-2504 : Update delay of 1156 nets completely.
TMR-2502 : Annotate delay completely, extr mode = 3.
TMR-3501 : Forward propagation: start to calculate arrival time...
TMR-3502 : Backward propagation: start to calculate required time...
TMR-3503 : Timing propagation completes.
PHY-3001 : End timing update;  0.025261s wall, 0.031250s user + 0.000000s system = 0.031250s CPU (123.7%)

PHY-3001 : :::0::: Try harder cell spreading with beta_ = 3.19307e-06
PHY-3002 : Step(34): len = 30920.9, overlap = 17.9375
PHY-3002 : Step(35): len = 30903.8, overlap = 18.5312
PHY-3002 : Step(36): len = 30274.7, overlap = 26
PHY-3002 : Step(37): len = 30615.8, overlap = 29.3438
PHY-3002 : Step(38): len = 28373.3, overlap = 35
PHY-3002 : Step(39): len = 28459, overlap = 43.875
PHY-3002 : Step(40): len = 29203.2, overlap = 44.9688
PHY-3002 : Step(41): len = 26801.6, overlap = 45
PHY-3002 : Step(42): len = 26139.6, overlap = 47.125
PHY-3002 : Step(43): len = 26618.3, overlap = 45.5625
PHY-3002 : Step(44): len = 27241.6, overlap = 46.3125
PHY-3002 : Step(45): len = 27853.2, overlap = 49.4375
PHY-3002 : Step(46): len = 27555, overlap = 49.0938
PHY-3002 : Step(47): len = 25928.3, overlap = 44.7812
PHY-3002 : Step(48): len = 25947.2, overlap = 43.375
PHY-3002 : Step(49): len = 26348.2, overlap = 41.0625
PHY-3002 : Step(50): len = 25824.8, overlap = 39
PHY-3002 : Step(51): len = 24909.2, overlap = 39.4688
PHY-3002 : Step(52): len = 24918.6, overlap = 38.875
PHY-3002 : Step(53): len = 24683.3, overlap = 40.3438
PHY-3002 : Step(54): len = 24633.6, overlap = 41.4375
PHY-3002 : Step(55): len = 24617.6, overlap = 41.7188
PHY-3001 : :::1::: Try harder cell spreading with beta_ = 6.38615e-06
PHY-3002 : Step(56): len = 23881.3, overlap = 41.75
PHY-3002 : Step(57): len = 23836.4, overlap = 41.375
PHY-3002 : Step(58): len = 23862.5, overlap = 41.75
PHY-3001 : :::2::: Try harder cell spreading with beta_ = 1.27723e-05
PHY-3002 : Step(59): len = 23734.4, overlap = 40.1875
PHY-3002 : Step(60): len = 23825.2, overlap = 39.0938
PHY-3002 : Step(61): len = 24683.3, overlap = 27.7188
PHY-3002 : Step(62): len = 24954.8, overlap = 25.2188
PHY-3002 : Step(63): len = 23966.3, overlap = 24.1562
PHY-3002 : Step(64): len = 24194.4, overlap = 23.9688
PHY-3002 : Step(65): len = 24194.4, overlap = 23.9688
PHY-3001 : Run with size of 1
PHY-3001 : Cell area utilization is 12%
PHY-3001 : Update timing in Manhattan mode ...
TMR-2503 : Start to update net delay, extr mode = 3.
TMR-2504 : Update delay of 1156 nets completely.
TMR-2502 : Annotate delay completely, extr mode = 3.
TMR-3501 : Forward propagation: start to calculate arrival time...
TMR-3502 : Backward propagation: start to calculate required time...
TMR-3503 : Timing propagation completes.
PHY-3001 : End timing update;  0.021241s wall, 0.015625s user + 0.000000s system = 0.015625s CPU (73.6%)

PHY-3001 : :::0::: Try harder cell spreading with beta_ = 1.43466e-05
PHY-3002 : Step(66): len = 24629.8, overlap = 40.625
PHY-3002 : Step(67): len = 24729.5, overlap = 40.5938
PHY-3002 : Step(68): len = 24446.8, overlap = 39.8438
PHY-3002 : Step(69): len = 24485.6, overlap = 37.875
PHY-3002 : Step(70): len = 24485.6, overlap = 37.875
PHY-3001 : :::1::: Try harder cell spreading with beta_ = 2.86931e-05
PHY-3002 : Step(71): len = 24600.9, overlap = 36.9688
PHY-3002 : Step(72): len = 24644.3, overlap = 36.7812
PHY-3002 : Step(73): len = 24499.1, overlap = 37.1562
PHY-3002 : Step(74): len = 24502.3, overlap = 35.875
PHY-3002 : Step(75): len = 24507, overlap = 34.7188
PHY-3001 : :::2::: Try harder cell spreading with beta_ = 5.73862e-05
PHY-3002 : Step(76): len = 24702.5, overlap = 31.3125
PHY-3002 : Step(77): len = 24747.1, overlap = 30.4688
PHY-3002 : Step(78): len = 24814.9, overlap = 27.5
PHY-3001 : :::3::: Try harder cell spreading with beta_ = 0.000114772
PHY-3002 : Step(79): len = 24915, overlap = 25.875
PHY-3002 : Step(80): len = 24950.1, overlap = 25.75
PHY-3002 : Step(81): len = 25170, overlap = 25.7188
PHY-3001 : :::4::: Try harder cell spreading with beta_ = 0.000229545
PHY-3002 : Step(82): len = 25384.5, overlap = 22.9375
PHY-3002 : Step(83): len = 25472, overlap = 22.5625
PHY-3002 : Step(84): len = 25617.4, overlap = 20.4688
OPT-1001 : Start physical optimization ...
RUN-1002 : start command "start_timer -report"
TMR-2505 : Start building timing graph for model SF1_SOC.
TMR-2506 : Build timing graph completely. Port num: 12, tpin num: 5322, tnet num: 1156, tinst num: 1050, tnode num: 7625, tedge num: 8655.
TMR-2508 : Levelizing timing graph completed, there are 23 levels in total.
TMR-2501 : Timing graph initialized successfully.
OPT-1001 : Total overflow 20.47 peak overflow 0.97
OPT-1001 : Start high-fanout net optimization ...
OPT-1001 : Update timing in global mode
PHY-1001 : Start incremental global routing, caller is place ...
RUN-1001 : Generating global routing grids ...
RUN-1001 : Building simple global routing graph ...
PHY-1001 : Generate routing nets ...
PHY-1001 : Reuse net number 0/1158.
PHY-1001 : Global iterations in 8 thread ...
PHY-1002 : len = 33360, over cnt = 160(1%), over = 584, worst = 20
PHY-1001 : End global iterations;  0.065078s wall, 0.062500s user + 0.000000s system = 0.062500s CPU (96.0%)

PHY-1001 : Congestion index: top1 = 47.08, top5 = 35.73, top10 = 29.14, top15 = 23.77.
PHY-1001 : End incremental global routing;  0.085166s wall, 0.093750s user + 0.000000s system = 0.093750s CPU (110.1%)

TMR-2503 : Start to update net delay, extr mode = 5.
TMR-2504 : Update delay of 1156 nets completely.
TMR-2502 : Annotate delay completely, extr mode = 5.
TMR-3001 : Initiate 0 clocks from SDC.
TMR-3004 : Map sdc constraints, there are 0 constraints in total.
TMR-3003 : Constraints initiated successfully.
TMR-3501 : Forward propagation: start to calculate arrival time...
TMR-3502 : Backward propagation: start to calculate required time...
TMR-3503 : Timing propagation completes.
OPT-1001 : End timing update;  0.026602s wall, 0.031250s user + 0.000000s system = 0.031250s CPU (117.5%)

OPT-1001 : 0 high-fanout net processed.
OPT-1001 : End high-fanout net optimization;  0.126272s wall, 0.125000s user + 0.000000s system = 0.125000s CPU (99.0%)

OPT-1001 : Current memory(MB): used = 156, reserve = 128, peak = 156.
OPT-1001 : Start global optimization ...
OPT-1001 : Start congestion update ...
RUN-1001 : Generating global routing grids ...
PHY-1001 : Generate routing nets ...
PHY-1001 : Reuse net number 732/1158.
PHY-1001 : Global iterations in 8 thread ...
PHY-1002 : len = 33360, over cnt = 160(1%), over = 584, worst = 20
PHY-1002 : len = 36808, over cnt = 63(0%), over = 123, worst = 9
PHY-1002 : len = 37752, over cnt = 4(0%), over = 4, worst = 1
PHY-1002 : len = 37816, over cnt = 0(0%), over = 0, worst = 0
PHY-1001 : End global iterations;  0.080660s wall, 0.078125s user + 0.000000s system = 0.078125s CPU (96.9%)

PHY-1001 : Congestion index: top1 = 42.85, top5 = 33.06, top10 = 28.47, top15 = 24.27.
OPT-1001 : End congestion update;  0.097010s wall, 0.109375s user + 0.000000s system = 0.109375s CPU (112.7%)

OPT-1001 : Update timing in Manhattan mode
TMR-2503 : Start to update net delay, extr mode = 3.
TMR-2504 : Update delay of 1156 nets completely.
TMR-2502 : Annotate delay completely, extr mode = 3.
TMR-3501 : Forward propagation: start to calculate arrival time...
TMR-3502 : Backward propagation: start to calculate required time...
TMR-3503 : Timing propagation completes.
OPT-1001 : End timing update;  0.020169s wall, 0.015625s user + 0.000000s system = 0.015625s CPU (77.5%)

OPT-0007 : Start: WNS 2147483647 TNS 0 NUM_FEPS 0
OPT-1001 : End global optimization;  0.117250s wall, 0.125000s user + 0.000000s system = 0.125000s CPU (106.6%)

OPT-1001 : Current memory(MB): used = 157, reserve = 129, peak = 157.
OPT-1001 : End physical optimization;  0.416827s wall, 0.390625s user + 0.015625s system = 0.406250s CPU (97.5%)

PHY-3001 : Start packing ...
SYN-4007 : Packing 0 MUX to BLE ...
SYN-4008 : Packed 0 MUX and 0 SEQ to BLE.
SYN-4007 : Packing 432 LUT to BLE ...
SYN-4008 : Packed 432 LUT and 35 SEQ to BLE.
SYN-4003 : Packing 547 remaining SEQ's ...
SYN-4005 : Packed 398 SEQ with LUT/SLICE
SYN-4006 : 1 single LUT's are left
SYN-4006 : 149 single SEQ's are left
SYN-4011 : Packing model "SF1_SOC" (AL_USER_NORMAL) with 581/689 primitive instances ...
PHY-3001 : End packing;  0.049693s wall, 0.062500s user + 0.000000s system = 0.062500s CPU (125.8%)

PHY-1001 : Populate physical database on model SF1_SOC.
RUN-1001 : There are total 365 instances
RUN-1001 : 165 mslices, 166 lslices, 25 pads, 1 brams, 2 dsps
RUN-1001 : There are total 1123 nets
RUN-6004 WARNING: There are 3 nets with only 1 pin.
RUN-1001 : 977 nets have 2 pins
RUN-1001 : 65 nets have [3 - 5] pins
RUN-1001 : 13 nets have [6 - 10] pins
RUN-1001 : 49 nets have [11 - 20] pins
RUN-1001 : 11 nets have [21 - 99] pins
RUN-1001 : 5 nets have 100+ pins
PHY-3001 : design contains 363 instances, 331 slices, 1 macros(4 instances: 0 mslices 4 lslices)
PHY-3001 : Cell area utilization is 14%
PHY-3001 : After packing: Len = 27504, Over = 35
PHY-3001 : Run with size of 1
PHY-3001 : Cell area utilization is 14%
PHY-3001 : Update timing in Manhattan mode ...
RUN-1002 : start command "start_timer -report"
TMR-2505 : Start building timing graph for model SF1_SOC.
TMR-2506 : Build timing graph completely. Port num: 12, tpin num: 4507, tnet num: 1121, tinst num: 363, tnode num: 6061, tedge num: 7350.
TMR-2508 : Levelizing timing graph completed, there are 21 levels in total.
TMR-2501 : Timing graph initialized successfully.
TMR-2503 : Start to update net delay, extr mode = 3.
TMR-2504 : Update delay of 1121 nets completely.
TMR-2502 : Annotate delay completely, extr mode = 3.
TMR-3001 : Initiate 0 clocks from SDC.
TMR-3004 : Map sdc constraints, there are 0 constraints in total.
TMR-3003 : Constraints initiated successfully.
TMR-3501 : Forward propagation: start to calculate arrival time...
TMR-3502 : Backward propagation: start to calculate required time...
TMR-3503 : Timing propagation completes.
PHY-3001 : End timing update;  0.196004s wall, 0.187500s user + 0.000000s system = 0.187500s CPU (95.7%)

PHY-3001 : :::0::: Try harder cell spreading with beta_ = 2.48572e-05
PHY-3002 : Step(85): len = 26563.2, overlap = 34
PHY-3002 : Step(86): len = 26507.2, overlap = 38.5
PHY-3002 : Step(87): len = 26270.3, overlap = 37.25
PHY-3002 : Step(88): len = 25931.2, overlap = 34.5
PHY-3002 : Step(89): len = 25892.2, overlap = 34.25
PHY-3001 : :::1::: Try harder cell spreading with beta_ = 4.97144e-05
PHY-3002 : Step(90): len = 26353.1, overlap = 34.25
PHY-3002 : Step(91): len = 26514.2, overlap = 35
PHY-3002 : Step(92): len = 26444.4, overlap = 33.75
PHY-3001 : :::2::: Try harder cell spreading with beta_ = 9.94289e-05
PHY-3002 : Step(93): len = 26809.4, overlap = 33.5
PHY-3002 : Step(94): len = 27044.3, overlap = 32.25
PHY-3002 : Step(95): len = 27105.7, overlap = 27.75
PHY-3001 : :::3::: Try harder cell spreading with beta_ = 0.000198858
PHY-3002 : Step(96): len = 27306.9, overlap = 25.75
PHY-3002 : Step(97): len = 27467.8, overlap = 25.25
PHY-3002 : Step(98): len = 27523.4, overlap = 24.25
PHY-3001 : :::4::: Try harder cell spreading with beta_ = 0.00038119
PHY-3002 : Step(99): len = 27713.2, overlap = 23
PHY-3002 : Step(100): len = 27841.4, overlap = 22.75
PHY-3001 : Legalization ...
PHY-3001 : End legalization;  0.088036s wall, 0.015625s user + 0.125000s system = 0.140625s CPU (159.7%)

PHY-3001 : Trial Legalized: Len = 30306
PHY-3001 : Run with size of 1
PHY-3001 : Cell area utilization is 14%
PHY-3001 : Update timing in Manhattan mode ...
TMR-2503 : Start to update net delay, extr mode = 3.
TMR-2504 : Update delay of 1121 nets completely.
TMR-2502 : Annotate delay completely, extr mode = 3.
TMR-3501 : Forward propagation: start to calculate arrival time...
TMR-3502 : Backward propagation: start to calculate required time...
TMR-3503 : Timing propagation completes.
PHY-3001 : End timing update;  0.017601s wall, 0.015625s user + 0.000000s system = 0.015625s CPU (88.8%)

PHY-3001 : :::0::: Try harder cell spreading with beta_ = 0.000128999
PHY-3002 : Step(101): len = 28449.6, overlap = 12.5
PHY-3002 : Step(102): len = 28085.7, overlap = 18.25
PHY-3002 : Step(103): len = 27868.8, overlap = 21.5
PHY-3002 : Step(104): len = 27816.9, overlap = 22.5
PHY-3002 : Step(105): len = 27643.3, overlap = 23.75
PHY-3001 : :::1::: Try harder cell spreading with beta_ = 0.000257998
PHY-3002 : Step(106): len = 27854.6, overlap = 21.5
PHY-3002 : Step(107): len = 28036.9, overlap = 21.5
PHY-3001 : :::2::: Try harder cell spreading with beta_ = 0.000454176
PHY-3002 : Step(108): len = 28019.5, overlap = 22
PHY-3002 : Step(109): len = 28204.9, overlap = 20
PHY-3001 : Legalization ...
PHY-3001 : End legalization;  0.002708s wall, 0.000000s user + 0.000000s system = 0.000000s CPU (n/a%)

PHY-3001 : Legalized: Len = 29506, Over = 0
PHY-3001 : End spreading;  0.002598s wall, 0.000000s user + 0.000000s system = 0.000000s CPU (n/a%)

PHY-3001 : Final: Len = 29506, Over = 0
RUN-1003 : finish command "place" in  2.592252s wall, 3.453125s user + 2.046875s system = 5.500000s CPU (212.2%)

RUN-1004 : used memory is 150 MB, reserved memory is 123 MB, peak memory is 160 MB
RUN-1002 : start command "export_db pwm_demo_place.db"
RUN-1001 : Exported /
RUN-1001 : Exported flow parameters
RUN-1001 : Exported libs
RUN-1001 : Exported entities
RUN-1001 : Exported ports
RUN-1001 : Exported pins
RUN-1001 : Exported instances
RUN-1001 : Exported nets
RUN-1001 : Exported buses
RUN-1001 : Exported models
RUN-1001 : Exported congestions
RUN-1001 : Exported violations
RUN-1001 : Exported timing constraints
RUN-1001 : Exported IO constraints
RUN-1001 : Exported Inst constraints
RUN-1002 : start command "route"
RUN-1001 : Open license file D:/XILINX_EXE/TD_5.6/license/Anlogic.lic
RUN-1001 : Print Global Property
RUN-1001 : ---------------------------------------------------------------
RUN-1001 :        Parameters        |  Settings  |  Default Values  |  Note  
RUN-1001 : ---------------------------------------------------------------
RUN-1001 :          message         |  standard  |     standard     |        
RUN-1001 :   mixed_pack_place_flow  |     on     |        on        |        
RUN-1001 :        qor_monitor       |    off     |       off        |        
RUN-1001 :        syn_ip_flow       |    off     |       off        |        
RUN-1001 :          thread          |    auto    |       auto       |        
RUN-1001 : ---------------------------------------------------------------
RUN-1001 : Print Route Property
RUN-1001 : -------------------------------------------------------
RUN-1001 :    Parameters    |  Settings  |  Default Values  |  Note  
RUN-1001 : -------------------------------------------------------
RUN-1001 :      effort      |   medium   |      medium      |        
RUN-1001 :     fix_hold     |    off     |       off        |        
RUN-1001 :    opt_timing    |   medium   |      medium      |        
RUN-1001 :   phy_sim_model  |    off     |       off        |        
RUN-1001 :     priority     |   timing   |      timing      |        
RUN-1001 :     swap_pin     |     on     |        on        |        
RUN-1001 : -------------------------------------------------------
PHY-1001 : Route runs in 8 thread(s)
RUN-1001 : There are total 365 instances
RUN-1001 : 165 mslices, 166 lslices, 25 pads, 1 brams, 2 dsps
RUN-1001 : There are total 1123 nets
RUN-6004 WARNING: There are 3 nets with only 1 pin.
RUN-1001 : 977 nets have 2 pins
RUN-1001 : 65 nets have [3 - 5] pins
RUN-1001 : 13 nets have [6 - 10] pins
RUN-1001 : 49 nets have [11 - 20] pins
RUN-1001 : 11 nets have [21 - 99] pins
RUN-1001 : 5 nets have 100+ pins
RUN-1002 : start command "start_timer -report"
TMR-2505 : Start building timing graph for model SF1_SOC.
TMR-2506 : Build timing graph completely. Port num: 12, tpin num: 4507, tnet num: 1121, tinst num: 363, tnode num: 6061, tedge num: 7350.
TMR-2508 : Levelizing timing graph completed, there are 21 levels in total.
TMR-2501 : Timing graph initialized successfully.
PHY-1001 : 165 mslices, 166 lslices, 25 pads, 1 brams, 2 dsps
TMR-2503 : Start to update net delay, extr mode = 3.
TMR-2504 : Update delay of 1121 nets completely.
TMR-2502 : Annotate delay completely, extr mode = 3.
TMR-3001 : Initiate 0 clocks from SDC.
TMR-3004 : Map sdc constraints, there are 0 constraints in total.
TMR-3003 : Constraints initiated successfully.
TMR-3501 : Forward propagation: start to calculate arrival time...
TMR-3502 : Backward propagation: start to calculate required time...
TMR-3503 : Timing propagation completes.
PHY-1001 : Start global routing, caller is route ...
RUN-1001 : Generating global routing grids ...
PHY-1001 : Generate routing nets ...
PHY-1001 : Global iterations in 8 thread ...
PHY-1002 : len = 37640, over cnt = 148(1%), over = 246, worst = 8
PHY-1002 : len = 39032, over cnt = 60(0%), over = 92, worst = 8
PHY-1002 : len = 40208, over cnt = 3(0%), over = 3, worst = 1
PHY-1002 : len = 40304, over cnt = 0(0%), over = 0, worst = 0
PHY-1001 : End global iterations;  0.109487s wall, 0.109375s user + 0.000000s system = 0.109375s CPU (99.9%)

PHY-1001 : Congestion index: top1 = 43.61, top5 = 35.69, top10 = 29.81, top15 = 25.05.
PHY-1001 : End global routing;  0.132971s wall, 0.140625s user + 0.000000s system = 0.140625s CPU (105.8%)

PHY-1001 : Start detail routing ...
PHY-1001 : Current memory(MB): used = 176, reserve = 148, peak = 176.
PHY-1001 : Detailed router is running in normal mode.
PHY-1001 : Generate detailed routing grids ...
PHY-1001 : Generate nets ...
PHY-1001 : net I_clk_25m_dup_1 will be routed on clock mesh
PHY-5010 WARNING: Net u_ahb_pwm/I_ahb_hsize[2] is skipped due to 0 input or output
PHY-5010 WARNING: Net u_ahb_pwm/I_ahb_hsize[1] is skipped due to 0 input or output
PHY-5010 WARNING: Net u_ahb_pwm/I_ahb_hsize[0] is skipped due to 0 input or output
PHY-1001 : clock net u_ahb_pwm/I_ahb_clk will be merged with clock u_pll/clk0_buf
PHY-5010 WARNING: Net u_ahb_pwm/I_ahb_hsize[2] is skipped due to 0 input or output
PHY-5010 WARNING: Net u_ahb_pwm/I_ahb_hsize[1] is skipped due to 0 input or output
PHY-5010 WARNING: Net u_ahb_pwm/I_ahb_hsize[0] is skipped due to 0 input or output
PHY-1001 : Current memory(MB): used = 264, reserve = 237, peak = 264.
PHY-1001 : End build detailed router design. 1.292928s wall, 1.281250s user + 0.015625s system = 1.296875s CPU (100.3%)

PHY-1001 : Detail Route ...
PHY-1001 : ===== Detail Route Phase 1 =====
PHY-1001 : Clock net routing.....
PHY-1001 : Routed 0% nets.
PHY-1022 : len = 11040, over cnt = 0(0%), over = 0, worst = 0, crit = 0
PHY-1001 : End initial clock net routed; 0.089929s wall, 0.078125s user + 0.015625s system = 0.093750s CPU (104.2%)

PHY-1001 : Current memory(MB): used = 275, reserve = 248, peak = 275.
PHY-1001 : End phase 1; 0.091796s wall, 0.078125s user + 0.015625s system = 0.093750s CPU (102.1%)

PHY-1001 : ===== Detail Route Phase 2 =====
PHY-1001 : Initial routing.....
PHY-1001 : Routed 21% nets.
PHY-1001 : Routed 31% nets.
PHY-1001 : Routed 31% nets.
PHY-1001 : Patch 746 net; 0.617978s wall, 0.625000s user + 0.000000s system = 0.625000s CPU (101.1%)

PHY-1022 : len = 74128, over cnt = 279(0%), over = 290, worst = 2, crit = 0
PHY-1001 : Current memory(MB): used = 276, reserve = 250, peak = 276.
PHY-1001 : End initial routed; 0.685034s wall, 0.703125s user + 0.000000s system = 0.703125s CPU (102.6%)

PHY-1001 : Update timing.....
PHY-1001 : 0/1104(0%) critical/total net(s).
RUN-1001 : ------------------------------------------
RUN-1001 :   Type   |    WNS(ns)    |  TNS(ns)  |  FEP  
RUN-1001 : ------------------------------------------
RUN-1001 :   Setup  |  2147483.647  |   0.000   |   0   
RUN-1001 :   Hold   |  2147483.647  |   0.000   |   0   
RUN-1001 : ------------------------------------------
PHY-1001 : End update timing; 0.229931s wall, 0.218750s user + 0.000000s system = 0.218750s CPU (95.1%)

PHY-1001 : Current memory(MB): used = 280, reserve = 253, peak = 280.
PHY-1001 : End phase 2; 0.915017s wall, 0.921875s user + 0.000000s system = 0.921875s CPU (100.7%)

PHY-1001 : ===== Detail Route Phase 3 =====
PHY-1001 : Optimize timing.....
PHY-1022 : len = 74128, over cnt = 279(0%), over = 290, worst = 2, crit = 0
PHY-1001 : End optimize timing; 0.002952s wall, 0.000000s user + 0.000000s system = 0.000000s CPU (n/a%)

PHY-1001 : Ripup-reroute.....
PHY-1001 : ===== DR Iter 1 =====
PHY-1022 : len = 74120, over cnt = 112(0%), over = 112, worst = 1, crit = 0
PHY-1001 : End DR Iter 1; 0.316143s wall, 0.312500s user + 0.000000s system = 0.312500s CPU (98.8%)

PHY-1001 : ===== DR Iter 2 =====
PHY-1022 : len = 74856, over cnt = 22(0%), over = 22, worst = 1, crit = 0
PHY-1001 : End DR Iter 2; 0.129811s wall, 0.140625s user + 0.000000s system = 0.140625s CPU (108.3%)

PHY-1001 : ===== DR Iter 3 =====
PHY-1022 : len = 75272, over cnt = 1(0%), over = 1, worst = 1, crit = 0
PHY-1001 : End DR Iter 3; 0.039979s wall, 0.031250s user + 0.000000s system = 0.031250s CPU (78.2%)

PHY-1001 : ===== DR Iter 4 =====
PHY-1022 : len = 75296, over cnt = 0(0%), over = 0, worst = 0, crit = 0
PHY-1001 : End DR Iter 4; 0.013518s wall, 0.015625s user + 0.015625s system = 0.031250s CPU (231.2%)

PHY-1001 : Update timing.....
PHY-1001 : 0/1104(0%) critical/total net(s).
RUN-1001 : ------------------------------------------
RUN-1001 :   Type   |    WNS(ns)    |  TNS(ns)  |  FEP  
RUN-1001 : ------------------------------------------
RUN-1001 :   Setup  |  2147483.647  |   0.000   |   0   
RUN-1001 :   Hold   |  2147483.647  |   0.000   |   0   
RUN-1001 : ------------------------------------------
PHY-1001 : End update timing; 0.226508s wall, 0.218750s user + 0.000000s system = 0.218750s CPU (96.6%)

PHY-1001 : Commit to database.....
PHY-5014 WARNING: Detail route doesn't find pib for u_pll/pll_inst.frac_offset_valid[0]
PHY-5014 WARNING: Detail route doesn't find pib for u_pll/pll_inst.dsm_rst[0]
PHY-5014 WARNING: Detail route doesn't find pib for u_pll/pll_inst.ssc_en[0]
PHY-5014 WARNING: Detail route doesn't find pib for u_pll/pll_inst.dsm_refclk[0]
PHY-1001 : 122 feed throughs used by 56 nets
PHY-1001 : End commit to database; 0.106495s wall, 0.109375s user + 0.000000s system = 0.109375s CPU (102.7%)

PHY-1001 : Current memory(MB): used = 290, reserve = 264, peak = 290.
PHY-1001 : End phase 3; 0.865408s wall, 0.859375s user + 0.015625s system = 0.875000s CPU (101.1%)

PHY-1003 : Routed, final wirelength = 75296
PHY-1001 : Current memory(MB): used = 290, reserve = 264, peak = 290.
PHY-1001 : End export database. 0.004591s wall, 0.000000s user + 0.000000s system = 0.000000s CPU (n/a%)

PHY-1001 : End detail routing;  3.243227s wall, 3.218750s user + 0.046875s system = 3.265625s CPU (100.7%)

RUN-1003 : finish command "route" in  3.596357s wall, 3.593750s user + 0.046875s system = 3.640625s CPU (101.2%)

RUN-1004 : used memory is 263 MB, reserved memory is 238 MB, peak memory is 290 MB
RUN-1002 : start command "report_area -io_info -file pwm_demo_phy.area"
RUN-1001 : standard
***Report Model: SF1_SOC Device: SF1S60CG121I***

IO Statistics
#IO                        19
  #input                    6
  #output                  13
  #inout                    0

Utilization Statistics
#lut                      441   out of   5824    7.57%
#reg                      582   out of   5824    9.99%
#le                       590
  #lut only                 8   out of    590    1.36%
  #reg only               149   out of    590   25.25%
  #lut&reg                433   out of    590   73.39%
#dsp                        2   out of     10   20.00%
#bram                       1   out of     26    3.85%
  #bram9k                   1
  #fifo9k                   0
#hard-ip                    1
  #mcu                      1   out of      1  100.00%
  #dsc                      0   out of      1    0.00%
  #dsi                      0   out of      2    0.00%
  #psram controller         0   out of      2    0.00%
#pad                       19   out of     55   34.55%
  #ireg                     0
  #oreg                     0
  #treg                     0
#pll                        1   out of      2   50.00%
#gclk                       3   out of     16   18.75%

Clock Resource Statistics
Index     ClockNet           Type               DriverType         Driver                  Fanout
#1        u_pll/clk0_buf     GCLK               pll                u_pll/pll_inst.clkc0    333
#2        I_clk_25m_dup_1    GCLK               io                 I_clk_25m_syn_2.di      1


Detailed IO Report

     Name       Direction    Location    IOStandard    DriveStrength    PullType    PackReg  
  I_clk_25m       INPUT         D7        LVCMOS18          N/A          PULLUP      NONE    
  I_jtag_tck      INPUT         C7        LVCMOS18          N/A          PULLUP      NONE    
  I_jtag_tdi      INPUT         D5        LVCMOS18          N/A          PULLUP      NONE    
  I_jtag_tms      INPUT         D6        LVCMOS18          N/A          PULLUP      NONE    
   I_rst_n        INPUT         J2        LVCMOS18          N/A          PULLUP      NONE    
  I_uart_rx       INPUT         E4        LVCMOS18          N/A          PULLUP      NONE    
  O_jtag_tdo     OUTPUT         C6        LVCMOS18           8            NONE       NONE    
    O_led0       OUTPUT         J5        LVCMOS18           8            NONE       NONE    
    O_led1       OUTPUT         H5        LVCMOS18           8            NONE       NONE    
    O_led2       OUTPUT         G4        LVCMOS18           8            NONE       NONE    
  O_uart_tx      OUTPUT         A4        LVCMOS18           8            NONE       NONE    

Report Hierarchy Area:
+-----------------------------------------------------------------------------+
|Instance    |Module     |le     |lut     |ripple  |seq     |bram    |dsp     |
+-----------------------------------------------------------------------------+
|top         |SF1_SOC    |590    |437     |4       |582     |1       |2       |
|  u_SF1_MCU |SF1_MCU    |0      |0       |0       |0       |0       |0       |
|  u_ahb_pwm |ahb_pwm    |590    |437     |4       |582     |1       |2       |
|    uut     |rom_weight |0      |0       |0       |0       |1       |0       |
|  u_pll     |pll        |0      |0       |0       |0       |0       |0       |
+-----------------------------------------------------------------------------+


DataNet Average Fanout:

   Index     Fanout     Nets  
    #1          1       966   
    #2          2        15   
    #3          3        43   
    #4          4        6    
    #5        5-10       13   
    #6        11-50      58   
    #7       51-100      1    
    #8       101-500     3    
  Average     2.74            

RUN-1002 : start command "export_db pwm_demo_pr.db"
RUN-1001 : Exported /
RUN-1001 : Exported flow parameters
RUN-1001 : Exported libs
RUN-1001 : Exported entities
RUN-1001 : Exported ports
RUN-1001 : Exported pins
RUN-1001 : Exported instances
RUN-1001 : Exported nets
RUN-1001 : Exported buses
RUN-1001 : Exported models
RUN-1001 : Exported congestions
RUN-1001 : Exported violations
RUN-1001 : Exported timing constraints
RUN-1001 : Exported IO constraints
RUN-1001 : Exported Inst constraints
RUN-1002 : start command "export_bid pwm_demo_inst.bid"
RUN-1002 : start command "bitgen -bit pwm_demo.bit"
BIT-1003 : Start to generate bitstream. 
BIT-1002 : Init instances with 8 threads.
BIT-1002 : Init instances completely, inst num: 363
BIT-1002 : Init pips with 8 threads.
BIT-1002 : Init pips completely, net num: 1123, pip num: 9468
BIT-1002 : Init feedthrough with 8 threads.
BIT-1002 : Init feedthrough completely, num: 122
BIT-1003 : Multithreading accelaration with 8 threads.
BIT-1003 : Generate bitstream completely, there are 412 valid insts, and 23676 bits set as '1'.
BIT-1004 : the usercode register value: 00000000111010010000000000000000
BIT-1004 : Generate bits file pwm_demo.bit.
RUN-1003 : finish command "bitgen -bit pwm_demo.bit" in  1.190505s wall, 5.625000s user + 0.031250s system = 5.656250s CPU (475.1%)

RUN-1004 : used memory is 266 MB, reserved memory is 244 MB, peak memory is 424 MB
RUN-1002 : start command "backup_run_log run.log ../.logs/phy_1/td_20231112_172058.log"
