============================================================
   Tang Dynasty, V5.6.59063
   Copyright (c) 2012-2022 Anlogic
   Executable = C:/Anlogic/TD5.6.59063/bin/td.exe
   Built at =   12:45:13 Sep  6 2022
   Run by =     zhang
   Run Date =   Mon Sep 19 12:41:17 2022

   Run on =     DESKTOP-DRS13TT
============================================================
RUN-1002 : start command "open_project pwm_demo.prj"
RUN-1001 : Print Global Property
RUN-1001 : ---------------------------------------------------------------
RUN-1001 :        Parameters        |  Settings  |  Default Values  |  Note  
RUN-1001 : ---------------------------------------------------------------
RUN-1001 :          message         |  standard  |     standard     |        
RUN-1001 :   mixed_pack_place_flow  |     on     |        on        |        
RUN-1001 :        qor_monitor       |    off     |       off        |        
RUN-1001 :        syn_ip_flow       |    off     |       off        |        
RUN-1001 :          thread          |    auto    |       auto       |        
RUN-1001 : ---------------------------------------------------------------
RUN-1001 : Print Design Property
RUN-1001 : --------------------------------------------------------------
RUN-1001 :        Parameters       |  Settings  |  Default Values  |  Note  
RUN-1001 : --------------------------------------------------------------
RUN-1001 :   default_reg_initial   |    auto    |       auto       |        
RUN-1001 :        infer_add        |     on     |        on        |        
RUN-1001 :        infer_fsm        |    off     |       off        |        
RUN-1001 :        infer_mult       |     on     |        on        |        
RUN-1001 :        infer_ram        |     on     |        on        |        
RUN-1001 :        infer_reg        |     on     |        on        |        
RUN-1001 :   infer_reg_init_value  |     on     |        on        |        
RUN-1001 :        infer_rom        |     on     |        on        |        
RUN-1001 :      infer_shifter      |     on     |        on        |        
RUN-1001 : --------------------------------------------------------------
RUN-1001 : Print Rtl Property
RUN-1001 : --------------------------------------------------------------
RUN-1001 :        Parameters       |  Settings  |  Default Values  |  Note  
RUN-1001 : --------------------------------------------------------------
RUN-1001 :       compress_add      |   ripple   |      ripple      |        
RUN-1001 :        elf_sload        |    off     |       off        |        
RUN-1001 :       fix_undriven      |     0      |        0         |        
RUN-1001 :         flatten         |    off     |       off        |        
RUN-1001 :       gate_sharing      |     on     |        on        |        
RUN-1001 :    hdl_warning_level    |   normal   |      normal      |        
RUN-1001 :   impl_internal_tribuf  |     on     |        on        |        
RUN-1001 :      impl_set_reset     |     on     |        on        |        
RUN-1001 :        infer_gsr        |    off     |       off        |        
RUN-1001 :      keep_hierarchy     |    auto    |       auto       |        
RUN-1001 :        max_fanout       |    9999    |       9999       |        
RUN-1001 :      max_oh2bin_len     |     10     |        10        |        
RUN-1001 :       merge_equal       |     on     |        on        |        
RUN-1001 :       merge_equiv       |     on     |        on        |        
RUN-1001 :        merge_mux        |    off     |       off        |        
RUN-1001 :     min_control_set     |     8      |        8         |        
RUN-1001 :      min_ripple_len     |    auto    |       auto       |        
RUN-1001 :       oh2bin_ratio      |    0.08    |       0.08       |        
RUN-1001 :     opt_adder_fanout    |     on     |        on        |        
RUN-1001 :        opt_arith        |     on     |        on        |        
RUN-1001 :       opt_big_gate      |    off     |       off        |        
RUN-1001 :        opt_const        |     on     |        on        |        
RUN-1001 :      opt_const_mult     |     on     |        on        |        
RUN-1001 :       opt_lessthan      |     on     |        on        |        
RUN-1001 :         opt_mux         |    off     |       off        |        
RUN-1001 :         opt_ram         |    high    |       high       |        
RUN-1001 :      rtl_sim_model      |    off     |       off        |        
RUN-1001 :         seq_syn         |     on     |        on        |        
RUN-1001 : --------------------------------------------------------------
HDL-1007 : analyze verilog file ../../al_ip/SF1_MCU.v
HDL-1007 : analyze verilog file ../../al_ip/pll.v
HDL-1007 : undeclared symbol 'open', assumed default net type 'wire' in ../../al_ip/pll.v(88)
HDL-1007 : analyze verilog file ../../SF1_SOC.v
HDL-1007 : undeclared symbol 'I_uart_tx', assumed default net type 'wire' in ../../SF1_SOC.v(93)
HDL-1007 : undeclared symbol 'O_uart_rx', assumed default net type 'wire' in ../../SF1_SOC.v(94)
HDL-1007 : analyze verilog file ../../../gpio_controler.v
HDL-1007 : analyze verilog file ../../../ahb_pwm.v
RUN-1001 : Project manager successfully analyzed 5 source files.
RUN-1002 : start command "import_device sf1_6.db -package SF1S60CG121I"
ARC-1001 : Device Initialization.
ARC-1001 : -------------------------------------------------
ARC-1001 :       OPTION       |      IO       |   SETTING   
ARC-1001 : -------------------------------------------------
ARC-1001 :        done        |      B4       |    gpio    
ARC-1001 :        initn       |      A5       |    gpio    
ARC-1001 :       jtagen       |      B7       |    gpio    
ARC-1001 :      programn      |      B5       |  dedicate  
ARC-1001 :   tdi/tms/tck/tdo  |  C4/A6/A7/C5  |  dedicate  
ARC-1001 : -------------------------------------------------
ARC-1004 : Device setting, marked 5 dedicate IOs in total.
RUN-1002 : start command "elaborate -top SF1_SOC"
RUN-1001 : Print Design Property
RUN-1001 : --------------------------------------------------------------
RUN-1001 :        Parameters       |  Settings  |  Default Values  |  Note  
RUN-1001 : --------------------------------------------------------------
RUN-1001 :   default_reg_initial   |    auto    |       auto       |        
RUN-1001 :        infer_add        |     on     |        on        |        
RUN-1001 :        infer_fsm        |    off     |       off        |        
RUN-1001 :        infer_mult       |     on     |        on        |        
RUN-1001 :        infer_ram        |     on     |        on        |        
RUN-1001 :        infer_reg        |     on     |        on        |        
RUN-1001 :   infer_reg_init_value  |     on     |        on        |        
RUN-1001 :        infer_rom        |     on     |        on        |        
RUN-1001 :      infer_shifter      |     on     |        on        |        
RUN-1001 : --------------------------------------------------------------
RUN-1001 : Print Rtl Property
RUN-1001 : --------------------------------------------------------------
RUN-1001 :        Parameters       |  Settings  |  Default Values  |  Note  
RUN-1001 : --------------------------------------------------------------
RUN-1001 :       compress_add      |   ripple   |      ripple      |        
RUN-1001 :        elf_sload        |    off     |       off        |        
RUN-1001 :       fix_undriven      |     0      |        0         |        
RUN-1001 :         flatten         |    off     |       off        |        
RUN-1001 :       gate_sharing      |     on     |        on        |        
RUN-1001 :    hdl_warning_level    |   normal   |      normal      |        
RUN-1001 :   impl_internal_tribuf  |     on     |        on        |        
RUN-1001 :      impl_set_reset     |     on     |        on        |        
RUN-1001 :        infer_gsr        |    off     |       off        |        
RUN-1001 :      keep_hierarchy     |    auto    |       auto       |        
RUN-1001 :        max_fanout       |    9999    |       9999       |        
RUN-1001 :      max_oh2bin_len     |     10     |        10        |        
RUN-1001 :       merge_equal       |     on     |        on        |        
RUN-1001 :       merge_equiv       |     on     |        on        |        
RUN-1001 :        merge_mux        |    off     |       off        |        
RUN-1001 :     min_control_set     |     8      |        8         |        
RUN-1001 :      min_ripple_len     |    auto    |       auto       |        
RUN-1001 :       oh2bin_ratio      |    0.08    |       0.08       |        
RUN-1001 :     opt_adder_fanout    |     on     |        on        |        
RUN-1001 :        opt_arith        |     on     |        on        |        
RUN-1001 :       opt_big_gate      |    off     |       off        |        
RUN-1001 :        opt_const        |     on     |        on        |        
RUN-1001 :      opt_const_mult     |     on     |        on        |        
RUN-1001 :       opt_lessthan      |     on     |        on        |        
RUN-1001 :         opt_mux         |    off     |       off        |        
RUN-1001 :         opt_ram         |    high    |       high       |        
RUN-1001 :      rtl_sim_model      |    off     |       off        |        
RUN-1001 :         seq_syn         |     on     |        on        |        
RUN-1001 : --------------------------------------------------------------
RUN-1001 : Print Global Property
RUN-1001 : ---------------------------------------------------------------
RUN-1001 :        Parameters        |  Settings  |  Default Values  |  Note  
RUN-1001 : ---------------------------------------------------------------
RUN-1001 :          message         |  standard  |     standard     |        
RUN-1001 :   mixed_pack_place_flow  |     on     |        on        |        
RUN-1001 :        qor_monitor       |    off     |       off        |        
RUN-1001 :        syn_ip_flow       |    off     |       off        |        
RUN-1001 :          thread          |    auto    |       auto       |        
RUN-1001 : ---------------------------------------------------------------
RUN-1001 : Print Design Property
RUN-1001 : --------------------------------------------------------------
RUN-1001 :        Parameters       |  Settings  |  Default Values  |  Note  
RUN-1001 : --------------------------------------------------------------
RUN-1001 :   default_reg_initial   |    auto    |       auto       |        
RUN-1001 :        infer_add        |     on     |        on        |        
RUN-1001 :        infer_fsm        |    off     |       off        |        
RUN-1001 :        infer_mult       |     on     |        on        |        
RUN-1001 :        infer_ram        |     on     |        on        |        
RUN-1001 :        infer_reg        |     on     |        on        |        
RUN-1001 :   infer_reg_init_value  |     on     |        on        |        
RUN-1001 :        infer_rom        |     on     |        on        |        
RUN-1001 :      infer_shifter      |     on     |        on        |        
RUN-1001 : --------------------------------------------------------------
HDL-5007 WARNING: port 'mtip' remains unconnected for this instance in ../../SF1_SOC.v(79)
HDL-1007 : elaborate module SF1_SOC in ../../SF1_SOC.v(1)
HDL-1007 : elaborate module pll in ../../al_ip/pll.v(22)
HDL-1007 : elaborate module SF1_LOGIC_BUFG in C:/Anlogic/TD5.6.59063/arch/sf1_macro.v(8)
HDL-1007 : elaborate module SF1_PHY_PLL(FIN="25.000",FBCLK_DIV=4,CLKC0_DIV=10,CLKC0_ENABLE="ENABLE",FEEDBK_PATH="CLKC0_EXT",STDBY_ENABLE="DISABLE",CLKC0_CPHASE=9,GMC_GAIN=2,GMC_TEST=9,ICP_CURRENT=9,KVCO=2,LPF_CAPACITOR=1,LPF_RESISTOR=8,SYNC_ENABLE="DISABLE",OFFSET_MODE="EXT",CLKC0_DUTY=0.5,CLKC0_DUTY_INT=5) in C:/Anlogic/TD5.6.59063/arch/sf1_macro.v(1374)
HDL-1007 : elaborate module gpio_controler in ../../../gpio_controler.v(1)
HDL-5007 WARNING: port 'i' is not connected on this instance in ../../al_ip/SF1_MCU.v(238)
HDL-5007 WARNING: port 'o' remains unconnected for this instance in ../../al_ip/SF1_MCU.v(238)
HDL-5007 WARNING: port 'i' is not connected on this instance in ../../al_ip/SF1_MCU.v(239)
HDL-5007 WARNING: port 'o' remains unconnected for this instance in ../../al_ip/SF1_MCU.v(239)
HDL-5007 WARNING: port 'i' is not connected on this instance in ../../al_ip/SF1_MCU.v(240)
HDL-5007 WARNING: port 'o' remains unconnected for this instance in ../../al_ip/SF1_MCU.v(240)
HDL-5007 WARNING: port 'i' is not connected on this instance in ../../al_ip/SF1_MCU.v(241)
HDL-5007 WARNING: port 'o' remains unconnected for this instance in ../../al_ip/SF1_MCU.v(241)
HDL-5007 WARNING: port 'i' is not connected on this instance in ../../al_ip/SF1_MCU.v(242)
HDL-5007 WARNING: port 'i' is not connected on this instance in ../../al_ip/SF1_MCU.v(243)
HDL-1007 : elaborate module SF1_MCU in ../../al_ip/SF1_MCU.v(14)
HDL-1007 : elaborate module SF1_LOGIC_MCU(RESET_VECTOR=32'b011100000000000000000) in C:/Anlogic/TD5.6.59063/arch/sf1_macro.v(458)
HDL-1007 : elaborate module SF1_LOGIC_MCU_JTAG in C:/Anlogic/TD5.6.59063/arch/sf1_macro.v(78)
HDL-1007 : elaborate module SF1_LOGIC_IOTRIBUF in C:/Anlogic/TD5.6.59063/arch/sf1_macro.v(589)
HDL-1007 : elaborate module SF1_LOGIC_IOBUF in C:/Anlogic/TD5.6.59063/arch/sf1_macro.v(579)
HDL-1007 : elaborate module SF1_PHY_INTFLASH in C:/Anlogic/TD5.6.59063/arch/sf1_macro.v(998)
HDL-5007 WARNING: input port 'i' is not connected on this instance in ../../al_ip/SF1_MCU.v(238)
HDL-5007 WARNING: input port 'i' is not connected on this instance in ../../al_ip/SF1_MCU.v(239)
HDL-5007 WARNING: input port 'i' is not connected on this instance in ../../al_ip/SF1_MCU.v(240)
HDL-5007 WARNING: input port 'i' is not connected on this instance in ../../al_ip/SF1_MCU.v(241)
HDL-5007 WARNING: input port 'i' is not connected on this instance in ../../al_ip/SF1_MCU.v(242)
HDL-5007 WARNING: input port 'i' is not connected on this instance in ../../al_ip/SF1_MCU.v(243)
HDL-1007 : elaborate module ahb_pwm in ../../../ahb_pwm.v(3)
HDL-1007 : elaborate module counter in ../../../ahb_pwm.v(243)
HDL-5007 WARNING: net 'period5[31]' does not have a driver in ../../../ahb_pwm.v(39)
HDL-5007 WARNING: net 'O_uart_rx' does not have a driver in ../../SF1_SOC.v(94)
HDL-5007 WARNING: input port 'nmi' remains unconnected for this instance in ../../SF1_SOC.v(79)
HDL-1200 : Current top model is SF1_SOC
HDL-1100 : Inferred 0 RAMs.
RUN-1002 : start command "export_db pwm_demo_elaborate.db"
RUN-1001 : Exported /
RUN-1001 : Exported flow parameters
RUN-1001 : Exported libs
RUN-1001 : Exported entities
RUN-1001 : Exported ports
RUN-1001 : Exported pins
RUN-1001 : Exported instances
RUN-1001 : Exported nets
RUN-1001 : Exported buses
RUN-1001 : Exported models
RUN-1001 : Exported congestions
RUN-1001 : Exported violations
RUN-1001 : Exported IO constraints
RUN-1001 : Exported Inst constraints
RUN-1002 : start command "read_adc ../../pin.adc"
RUN-1002 : start command "set_pin_assignment  I_clk_25m   LOCATION = D7; "
RUN-1002 : start command "set_pin_assignment  I_jtag_tck   LOCATION = C7; "
RUN-1002 : start command "set_pin_assignment  I_jtag_tdi   LOCATION = D5; "
RUN-1002 : start command "set_pin_assignment  I_jtag_tms   LOCATION = D6; "
RUN-1002 : start command "set_pin_assignment  I_rst_n   LOCATION = H3; "
RUN-1002 : start command "set_pin_assignment  I_uart_rx   LOCATION = E4; "
RUN-1002 : start command "set_pin_assignment  O_jtag_tdo   LOCATION = C6; "
RUN-1002 : start command "set_pin_assignment  O_led0   LOCATION = J5; "
RUN-1002 : start command "set_pin_assignment  O_led1   LOCATION = H5; "
RUN-1002 : start command "set_pin_assignment  O_led2   LOCATION = G4; "
RUN-1002 : start command "set_pin_assignment  O_pwm[0]   LOCATION = C10; "
RUN-1002 : start command "set_pin_assignment  O_pwm[1]   LOCATION = C11; "
RUN-1002 : start command "set_pin_assignment  O_pwm[2]   LOCATION = E11; "
RUN-1002 : start command "set_pin_assignment  O_pwm[3]   LOCATION = F11; "
RUN-1002 : start command "set_pin_assignment  O_pwm[4]   LOCATION = A10; "
RUN-1002 : start command "set_pin_assignment  O_pwm[5]   LOCATION = A11; "
RUN-1002 : start command "set_pin_assignment  O_pwm[6]   LOCATION = B10; "
RUN-1002 : start command "set_pin_assignment  O_pwm[7]   LOCATION = B11; "
RUN-1002 : start command "set_pin_assignment  O_uart_tx   LOCATION = A4; "
RUN-1001 : Starting of IO vref setups legality check.
RUN-1002 : start command "optimize_rtl"
RUN-1001 : Open license file C:/Anlogic/TD5.6.59063/license/Anlogic.lic
RUN-1001 : Print Global Property
RUN-1001 : ---------------------------------------------------------------
RUN-1001 :        Parameters        |  Settings  |  Default Values  |  Note  
RUN-1001 : ---------------------------------------------------------------
RUN-1001 :          message         |  standard  |     standard     |        
RUN-1001 :   mixed_pack_place_flow  |     on     |        on        |        
RUN-1001 :        qor_monitor       |    off     |       off        |        
RUN-1001 :        syn_ip_flow       |    off     |       off        |        
RUN-1001 :          thread          |    auto    |       auto       |        
RUN-1001 : ---------------------------------------------------------------
RUN-1001 : Print Rtl Property
RUN-1001 : --------------------------------------------------------------
RUN-1001 :        Parameters       |  Settings  |  Default Values  |  Note  
RUN-1001 : --------------------------------------------------------------
RUN-1001 :       compress_add      |   ripple   |      ripple      |        
RUN-1001 :        elf_sload        |    off     |       off        |        
RUN-1001 :       fix_undriven      |     0      |        0         |        
RUN-1001 :         flatten         |    off     |       off        |        
RUN-1001 :       gate_sharing      |     on     |        on        |        
RUN-1001 :    hdl_warning_level    |   normal   |      normal      |        
RUN-1001 :   impl_internal_tribuf  |     on     |        on        |        
RUN-1001 :      impl_set_reset     |     on     |        on        |        
RUN-1001 :        infer_gsr        |    off     |       off        |        
RUN-1001 :      keep_hierarchy     |    auto    |       auto       |        
RUN-1001 :        max_fanout       |    9999    |       9999       |        
RUN-1001 :      max_oh2bin_len     |     10     |        10        |        
RUN-1001 :       merge_equal       |     on     |        on        |        
RUN-1001 :       merge_equiv       |     on     |        on        |        
RUN-1001 :        merge_mux        |    off     |       off        |        
RUN-1001 :     min_control_set     |     8      |        8         |        
RUN-1001 :      min_ripple_len     |    auto    |       auto       |        
RUN-1001 :       oh2bin_ratio      |    0.08    |       0.08       |        
RUN-1001 :     opt_adder_fanout    |     on     |        on        |        
RUN-1001 :        opt_arith        |     on     |        on        |        
RUN-1001 :       opt_big_gate      |    off     |       off        |        
RUN-1001 :        opt_const        |     on     |        on        |        
RUN-1001 :      opt_const_mult     |     on     |        on        |        
RUN-1001 :       opt_lessthan      |     on     |        on        |        
RUN-1001 :         opt_mux         |    off     |       off        |        
RUN-1001 :         opt_ram         |    high    |       high       |        
RUN-1001 :      rtl_sim_model      |    off     |       off        |        
RUN-1001 :         seq_syn         |     on     |        on        |        
RUN-1001 : --------------------------------------------------------------
SYN-1012 : SanityCheck: Model "SF1_SOC"
SYN-1012 : SanityCheck: Model "gpio_controler"
SYN-1012 : SanityCheck: Model "SF1_MCU"
SYN-1012 : SanityCheck: Model "ahb_pwm"
SYN-1012 : SanityCheck: Model "counter"
SYN-1012 : SanityCheck: Model "pll"
SYN-1043 : Mark pll as IO macro for instance bufg_feedback
SYN-1043 : Mark SF1_MCU as IO macro for instance u4
SYN-1043 : Mark gpio_controler as IO macro for instance IO_gpio_i
SYN-1011 : Flatten model SF1_SOC
SYN-1032 : 3943/182 useful/useless nets, 428/2 useful/useless insts
SYN-1016 : Merged 1890 instances.
SYN-1032 : 4450/1072 useful/useless nets, 439/64 useful/useless insts
SYN-5013 WARNING: Undriven net: model "SF1_SOC" / net "u_SF1_MCU/apb_prdata_down[31]" in ../../al_ip/SF1_MCU.v(102)
SYN-5014 WARNING: the net's pin: pin "apb_prdata[31]" in ../../al_ip/SF1_MCU.v(127)
SYN-5013 WARNING: Undriven net: model "SF1_SOC" / net "u_SF1_MCU/apb_prdata_down[30]" in ../../al_ip/SF1_MCU.v(102)
SYN-5014 WARNING: the net's pin: pin "apb_prdata[30]" in ../../al_ip/SF1_MCU.v(127)
SYN-5013 WARNING: Undriven net: model "SF1_SOC" / net "u_SF1_MCU/apb_prdata_down[29]" in ../../al_ip/SF1_MCU.v(102)
SYN-5014 WARNING: the net's pin: pin "apb_prdata[29]" in ../../al_ip/SF1_MCU.v(127)
SYN-5013 WARNING: Undriven net: model "SF1_SOC" / net "u_SF1_MCU/apb_prdata_down[28]" in ../../al_ip/SF1_MCU.v(102)
SYN-5014 WARNING: the net's pin: pin "apb_prdata[28]" in ../../al_ip/SF1_MCU.v(127)
SYN-5013 WARNING: Undriven net: model "SF1_SOC" / net "u_SF1_MCU/apb_prdata_down[27]" in ../../al_ip/SF1_MCU.v(102)
SYN-5014 WARNING: the net's pin: pin "apb_prdata[27]" in ../../al_ip/SF1_MCU.v(127)
SYN-5013 WARNING: Undriven net: model "SF1_SOC" / net "u_SF1_MCU/apb_prdata_down[26]" in ../../al_ip/SF1_MCU.v(102)
SYN-5014 WARNING: the net's pin: pin "apb_prdata[26]" in ../../al_ip/SF1_MCU.v(127)
SYN-5013 WARNING: Undriven net: model "SF1_SOC" / net "u_SF1_MCU/apb_prdata_down[25]" in ../../al_ip/SF1_MCU.v(102)
SYN-5014 WARNING: the net's pin: pin "apb_prdata[25]" in ../../al_ip/SF1_MCU.v(127)
SYN-5013 WARNING: Undriven net: model "SF1_SOC" / net "u_SF1_MCU/apb_prdata_down[24]" in ../../al_ip/SF1_MCU.v(102)
SYN-5014 WARNING: the net's pin: pin "apb_prdata[24]" in ../../al_ip/SF1_MCU.v(127)
SYN-5013 WARNING: Undriven net: model "SF1_SOC" / net "u_SF1_MCU/apb_prdata_down[23]" in ../../al_ip/SF1_MCU.v(102)
SYN-5014 WARNING: the net's pin: pin "apb_prdata[23]" in ../../al_ip/SF1_MCU.v(127)
SYN-5013 WARNING: Undriven net: model "SF1_SOC" / net "u_SF1_MCU/apb_prdata_down[22]" in ../../al_ip/SF1_MCU.v(102)
SYN-5014 WARNING: the net's pin: pin "apb_prdata[22]" in ../../al_ip/SF1_MCU.v(127)
SYN-5013 WARNING: Undriven net: model "SF1_SOC" / net "u_SF1_MCU/apb_prdata_down[21]" in ../../al_ip/SF1_MCU.v(102)
SYN-5014 WARNING: the net's pin: pin "apb_prdata[21]" in ../../al_ip/SF1_MCU.v(127)
SYN-5013 WARNING: Undriven net: model "SF1_SOC" / net "u_SF1_MCU/apb_prdata_down[20]" in ../../al_ip/SF1_MCU.v(102)
SYN-5014 WARNING: the net's pin: pin "apb_prdata[20]" in ../../al_ip/SF1_MCU.v(127)
SYN-5013 WARNING: Undriven net: model "SF1_SOC" / net "u_SF1_MCU/apb_prdata_down[19]" in ../../al_ip/SF1_MCU.v(102)
SYN-5014 WARNING: the net's pin: pin "apb_prdata[19]" in ../../al_ip/SF1_MCU.v(127)
SYN-5013 WARNING: Undriven net: model "SF1_SOC" / net "u_SF1_MCU/apb_prdata_down[18]" in ../../al_ip/SF1_MCU.v(102)
SYN-5014 WARNING: the net's pin: pin "apb_prdata[18]" in ../../al_ip/SF1_MCU.v(127)
SYN-5013 WARNING: Undriven net: model "SF1_SOC" / net "u_SF1_MCU/apb_prdata_down[17]" in ../../al_ip/SF1_MCU.v(102)
SYN-5014 WARNING: the net's pin: pin "apb_prdata[17]" in ../../al_ip/SF1_MCU.v(127)
SYN-5013 WARNING: Undriven net: model "SF1_SOC" / net "u_SF1_MCU/apb_prdata_down[16]" in ../../al_ip/SF1_MCU.v(102)
SYN-5014 WARNING: the net's pin: pin "apb_prdata[16]" in ../../al_ip/SF1_MCU.v(127)
SYN-5013 WARNING: Undriven net: model "SF1_SOC" / net "u_SF1_MCU/apb_prdata_down[15]" in ../../al_ip/SF1_MCU.v(102)
SYN-5014 WARNING: the net's pin: pin "apb_prdata[15]" in ../../al_ip/SF1_MCU.v(127)
SYN-5013 WARNING: Undriven net: model "SF1_SOC" / net "u_SF1_MCU/apb_prdata_down[14]" in ../../al_ip/SF1_MCU.v(102)
SYN-5014 WARNING: the net's pin: pin "apb_prdata[14]" in ../../al_ip/SF1_MCU.v(127)
SYN-5013 WARNING: Undriven net: model "SF1_SOC" / net "u_SF1_MCU/apb_prdata_down[13]" in ../../al_ip/SF1_MCU.v(102)
SYN-5014 WARNING: the net's pin: pin "apb_prdata[13]" in ../../al_ip/SF1_MCU.v(127)
SYN-5013 WARNING: Undriven net: model "SF1_SOC" / net "u_SF1_MCU/apb_prdata_down[12]" in ../../al_ip/SF1_MCU.v(102)
SYN-5014 WARNING: the net's pin: pin "apb_prdata[12]" in ../../al_ip/SF1_MCU.v(127)
SYN-5013 WARNING: Undriven net: model "SF1_SOC" / net "u_SF1_MCU/apb_prdata_down[11]" in ../../al_ip/SF1_MCU.v(102)
SYN-5014 WARNING: the net's pin: pin "apb_prdata[11]" in ../../al_ip/SF1_MCU.v(127)
SYN-5013 WARNING: Undriven net: model "SF1_SOC" / net "u_SF1_MCU/apb_prdata_down[10]" in ../../al_ip/SF1_MCU.v(102)
SYN-5014 WARNING: the net's pin: pin "apb_prdata[10]" in ../../al_ip/SF1_MCU.v(127)
SYN-5013 WARNING: Undriven net: model "SF1_SOC" / net "u_SF1_MCU/apb_prdata_down[9]" in ../../al_ip/SF1_MCU.v(102)
SYN-5014 WARNING: the net's pin: pin "apb_prdata[9]" in ../../al_ip/SF1_MCU.v(127)
SYN-5013 WARNING: Undriven net: model "SF1_SOC" / net "u_SF1_MCU/apb_prdata_down[8]" in ../../al_ip/SF1_MCU.v(102)
SYN-5014 WARNING: the net's pin: pin "apb_prdata[8]" in ../../al_ip/SF1_MCU.v(127)
SYN-5013 WARNING: Undriven net: model "SF1_SOC" / net "u_SF1_MCU/apb_prdata_down[7]" in ../../al_ip/SF1_MCU.v(102)
SYN-5014 WARNING: the net's pin: pin "apb_prdata[7]" in ../../al_ip/SF1_MCU.v(127)
SYN-5013 WARNING: Undriven net: model "SF1_SOC" / net "u_SF1_MCU/apb_prdata_down[6]" in ../../al_ip/SF1_MCU.v(102)
SYN-5014 WARNING: the net's pin: pin "apb_prdata[6]" in ../../al_ip/SF1_MCU.v(127)
SYN-5013 WARNING: Undriven net: model "SF1_SOC" / net "u_SF1_MCU/apb_prdata_down[5]" in ../../al_ip/SF1_MCU.v(102)
SYN-5014 WARNING: the net's pin: pin "apb_prdata[5]" in ../../al_ip/SF1_MCU.v(127)
SYN-5013 WARNING: Undriven net: model "SF1_SOC" / net "u_SF1_MCU/apb_prdata_down[4]" in ../../al_ip/SF1_MCU.v(102)
SYN-5014 WARNING: the net's pin: pin "apb_prdata[4]" in ../../al_ip/SF1_MCU.v(127)
SYN-5013 WARNING: Undriven net: model "SF1_SOC" / net "u_SF1_MCU/apb_prdata_down[3]" in ../../al_ip/SF1_MCU.v(102)
SYN-5014 WARNING: the net's pin: pin "apb_prdata[3]" in ../../al_ip/SF1_MCU.v(127)
SYN-5013 WARNING: Undriven net: model "SF1_SOC" / net "u_SF1_MCU/apb_prdata_down[2]" in ../../al_ip/SF1_MCU.v(102)
SYN-5014 WARNING: the net's pin: pin "apb_prdata[2]" in ../../al_ip/SF1_MCU.v(127)
SYN-5013 WARNING: Undriven net: model "SF1_SOC" / net "u_SF1_MCU/apb_prdata_down[1]" in ../../al_ip/SF1_MCU.v(102)
SYN-5014 WARNING: the net's pin: pin "apb_prdata[1]" in ../../al_ip/SF1_MCU.v(127)
SYN-5013 WARNING: Undriven net: model "SF1_SOC" / net "u_SF1_MCU/apb_prdata_down[0]" in ../../al_ip/SF1_MCU.v(102)
SYN-5014 WARNING: the net's pin: pin "apb_prdata[0]" in ../../al_ip/SF1_MCU.v(127)
SYN-5013 WARNING: Undriven net: model "SF1_SOC" / net "u_SF1_MCU/clic_irq[15]" in ../../al_ip/SF1_MCU.v(99)
SYN-5014 WARNING: the net's pin: pin "clic_irq[15]" in ../../al_ip/SF1_MCU.v(127)
SYN-5013 WARNING: Undriven net: model "SF1_SOC" / net "u_SF1_MCU/clic_irq[14]" in ../../al_ip/SF1_MCU.v(99)
SYN-5014 WARNING: the net's pin: pin "clic_irq[14]" in ../../al_ip/SF1_MCU.v(127)
SYN-5013 WARNING: Undriven net: model "SF1_SOC" / net "u_SF1_MCU/clic_irq[13]" in ../../al_ip/SF1_MCU.v(99)
SYN-5014 WARNING: the net's pin: pin "clic_irq[13]" in ../../al_ip/SF1_MCU.v(127)
SYN-5013 WARNING: Undriven net: model "SF1_SOC" / net "u_SF1_MCU/clic_irq[12]" in ../../al_ip/SF1_MCU.v(99)
SYN-5014 WARNING: the net's pin: pin "clic_irq[12]" in ../../al_ip/SF1_MCU.v(127)
SYN-5013 WARNING: Undriven net: model "SF1_SOC" / net "u_SF1_MCU/clic_irq[11]" in ../../al_ip/SF1_MCU.v(99)
SYN-5014 WARNING: the net's pin: pin "clic_irq[11]" in ../../al_ip/SF1_MCU.v(127)
SYN-5013 WARNING: Undriven net: model "SF1_SOC" / net "u_SF1_MCU/clic_irq[10]" in ../../al_ip/SF1_MCU.v(99)
SYN-5014 WARNING: the net's pin: pin "clic_irq[10]" in ../../al_ip/SF1_MCU.v(127)
SYN-5013 WARNING: Undriven net: model "SF1_SOC" / net "u_SF1_MCU/clic_irq[9]" in ../../al_ip/SF1_MCU.v(99)
SYN-5014 WARNING: the net's pin: pin "clic_irq[9]" in ../../al_ip/SF1_MCU.v(127)
SYN-5013 WARNING: Undriven net: model "SF1_SOC" / net "u_SF1_MCU/clic_irq[8]" in ../../al_ip/SF1_MCU.v(99)
SYN-5014 WARNING: the net's pin: pin "clic_irq[8]" in ../../al_ip/SF1_MCU.v(127)
SYN-5013 WARNING: Undriven net: model "SF1_SOC" / net "u_SF1_MCU/clic_irq[7]" in ../../al_ip/SF1_MCU.v(99)
SYN-5014 WARNING: the net's pin: pin "clic_irq[7]" in ../../al_ip/SF1_MCU.v(127)
SYN-5013 WARNING: Undriven net: model "SF1_SOC" / net "u_SF1_MCU/clic_irq[6]" in ../../al_ip/SF1_MCU.v(99)
SYN-5014 WARNING: the net's pin: pin "clic_irq[6]" in ../../al_ip/SF1_MCU.v(127)
SYN-5013 WARNING: Undriven net: model "SF1_SOC" / net "u_SF1_MCU/clic_irq[5]" in ../../al_ip/SF1_MCU.v(99)
SYN-5014 WARNING: the net's pin: pin "clic_irq[5]" in ../../al_ip/SF1_MCU.v(127)
SYN-5013 WARNING: Undriven net: model "SF1_SOC" / net "u_SF1_MCU/clic_irq[4]" in ../../al_ip/SF1_MCU.v(99)
SYN-5014 WARNING: the net's pin: pin "clic_irq[4]" in ../../al_ip/SF1_MCU.v(127)
SYN-5013 WARNING: Undriven net: model "SF1_SOC" / net "u_SF1_MCU/clic_irq[3]" in ../../al_ip/SF1_MCU.v(99)
SYN-5014 WARNING: the net's pin: pin "clic_irq[3]" in ../../al_ip/SF1_MCU.v(127)
SYN-5013 WARNING: Undriven net: model "SF1_SOC" / net "u_SF1_MCU/clic_irq[2]" in ../../al_ip/SF1_MCU.v(99)
SYN-5014 WARNING: the net's pin: pin "clic_irq[2]" in ../../al_ip/SF1_MCU.v(127)
SYN-5013 WARNING: Undriven net: model "SF1_SOC" / net "u_SF1_MCU/clic_irq[1]" in ../../al_ip/SF1_MCU.v(99)
SYN-5014 WARNING: the net's pin: pin "clic_irq[1]" in ../../al_ip/SF1_MCU.v(127)
SYN-5013 WARNING: Undriven net: model "SF1_SOC" / net "u_SF1_MCU/clic_irq[0]" in ../../al_ip/SF1_MCU.v(99)
SYN-5014 WARNING: the net's pin: pin "clic_irq[0]" in ../../al_ip/SF1_MCU.v(127)
SYN-5013 WARNING: Undriven net: model "SF1_SOC" / net "u_SF1_MCU/hresp[1]" in ../../al_ip/SF1_MCU.v(81)
SYN-5014 WARNING: the net's pin: pin "hresp[1]" in ../../al_ip/SF1_MCU.v(127)
SYN-5013 WARNING: Undriven net: model "SF1_SOC" / net "u_SF1_MCU/hresp[0]" in ../../al_ip/SF1_MCU.v(81)
SYN-5014 WARNING: the net's pin: pin "hresp[0]" in ../../al_ip/SF1_MCU.v(127)
SYN-5013 WARNING: Undriven net: model "SF1_SOC" / net "u_SF1_MCU/apb_pready_down" in ../../al_ip/SF1_MCU.v(109)
SYN-5014 WARNING: the net's pin: pin "apb_pready_i" in ../../al_ip/SF1_MCU.v(127)
SYN-5013 WARNING: Undriven net: model "SF1_SOC" / net "u_SF1_MCU/apb_pslverr_down" in ../../al_ip/SF1_MCU.v(108)
SYN-5014 WARNING: the net's pin: pin "apb_pslverr_i" in ../../al_ip/SF1_MCU.v(127)
SYN-5013 WARNING: Undriven net: model "SF1_SOC" / net "u_SF1_MCU/nmi" in ../../al_ip/SF1_MCU.v(98)
SYN-5014 WARNING: the net's pin: pin "nmi" in ../../al_ip/SF1_MCU.v(127)
SYN-5013 WARNING: Undriven net: model "SF1_SOC" / net "u_SF1_MCU/uart_rx" in ../../al_ip/SF1_MCU.v(84)
SYN-5014 WARNING: the net's pin: pin "uart_rx" in ../../al_ip/SF1_MCU.v(127)
SYN-5013 WARNING: Undriven net: model "SF1_SOC" / net "u_ahb_pwm/pwm5/period[31]" in ../../../ahb_pwm.v(247)
SYN-5014 WARNING: the net's pin: pin "i0[31]" in ../../../ahb_pwm.v(283)
SYN-5013 WARNING: Undriven net: model "SF1_SOC" / net "u_ahb_pwm/pwm5/period[30]" in ../../../ahb_pwm.v(247)
SYN-5014 WARNING: the net's pin: pin "i0[30]" in ../../../ahb_pwm.v(283)
SYN-5013 WARNING: Undriven net: model "SF1_SOC" / net "u_ahb_pwm/pwm5/period[29]" in ../../../ahb_pwm.v(247)
SYN-5014 WARNING: the net's pin: pin "i0[29]" in ../../../ahb_pwm.v(283)
SYN-5013 WARNING: Undriven net: model "SF1_SOC" / net "u_ahb_pwm/pwm5/period[28]" in ../../../ahb_pwm.v(247)
SYN-5014 WARNING: the net's pin: pin "i0[28]" in ../../../ahb_pwm.v(283)
SYN-5013 WARNING: Undriven net: model "SF1_SOC" / net "u_ahb_pwm/pwm5/period[27]" in ../../../ahb_pwm.v(247)
SYN-5014 WARNING: the net's pin: pin "i0[27]" in ../../../ahb_pwm.v(283)
SYN-5013 WARNING: Undriven net: model "SF1_SOC" / net "u_ahb_pwm/pwm5/period[26]" in ../../../ahb_pwm.v(247)
SYN-5014 WARNING: the net's pin: pin "i0[26]" in ../../../ahb_pwm.v(283)
SYN-5013 WARNING: Undriven net: model "SF1_SOC" / net "u_ahb_pwm/pwm5/period[25]" in ../../../ahb_pwm.v(247)
SYN-5014 WARNING: the net's pin: pin "i0[25]" in ../../../ahb_pwm.v(283)
SYN-5013 WARNING: Undriven net: model "SF1_SOC" / net "u_ahb_pwm/pwm5/period[24]" in ../../../ahb_pwm.v(247)
SYN-5014 WARNING: the net's pin: pin "i0[24]" in ../../../ahb_pwm.v(283)
SYN-5013 WARNING: Undriven net: model "SF1_SOC" / net "u_ahb_pwm/pwm5/period[23]" in ../../../ahb_pwm.v(247)
SYN-5014 WARNING: the net's pin: pin "i0[23]" in ../../../ahb_pwm.v(283)
SYN-5013 WARNING: Undriven net: model "SF1_SOC" / net "u_ahb_pwm/pwm5/period[22]" in ../../../ahb_pwm.v(247)
SYN-5014 WARNING: the net's pin: pin "i0[22]" in ../../../ahb_pwm.v(283)
SYN-5013 WARNING: Undriven net: model "SF1_SOC" / net "u_ahb_pwm/pwm5/period[21]" in ../../../ahb_pwm.v(247)
SYN-5014 WARNING: the net's pin: pin "i0[21]" in ../../../ahb_pwm.v(283)
SYN-5013 WARNING: Undriven net: model "SF1_SOC" / net "u_ahb_pwm/pwm5/period[20]" in ../../../ahb_pwm.v(247)
SYN-5014 WARNING: the net's pin: pin "i0[20]" in ../../../ahb_pwm.v(283)
SYN-5013 WARNING: Undriven net: model "SF1_SOC" / net "u_ahb_pwm/pwm5/period[19]" in ../../../ahb_pwm.v(247)
SYN-5014 WARNING: the net's pin: pin "i0[19]" in ../../../ahb_pwm.v(283)
SYN-5013 WARNING: Undriven net: model "SF1_SOC" / net "u_ahb_pwm/pwm5/period[18]" in ../../../ahb_pwm.v(247)
SYN-5014 WARNING: the net's pin: pin "i0[18]" in ../../../ahb_pwm.v(283)
SYN-5013 WARNING: Undriven net: model "SF1_SOC" / net "u_ahb_pwm/pwm5/period[17]" in ../../../ahb_pwm.v(247)
SYN-5014 WARNING: the net's pin: pin "i0[17]" in ../../../ahb_pwm.v(283)
SYN-5013 WARNING: Undriven net: model "SF1_SOC" / net "u_ahb_pwm/pwm5/period[16]" in ../../../ahb_pwm.v(247)
SYN-5014 WARNING: the net's pin: pin "i0[16]" in ../../../ahb_pwm.v(283)
SYN-5013 WARNING: Undriven net: model "SF1_SOC" / net "u_ahb_pwm/pwm5/period[15]" in ../../../ahb_pwm.v(247)
SYN-5014 WARNING: the net's pin: pin "i0[15]" in ../../../ahb_pwm.v(283)
SYN-5013 WARNING: Undriven net: model "SF1_SOC" / net "u_ahb_pwm/pwm5/period[14]" in ../../../ahb_pwm.v(247)
SYN-5014 WARNING: the net's pin: pin "i0[14]" in ../../../ahb_pwm.v(283)
SYN-5013 WARNING: Undriven net: model "SF1_SOC" / net "u_ahb_pwm/pwm5/period[13]" in ../../../ahb_pwm.v(247)
SYN-5014 WARNING: the net's pin: pin "i0[13]" in ../../../ahb_pwm.v(283)
SYN-5013 WARNING: Undriven net: model "SF1_SOC" / net "u_ahb_pwm/pwm5/period[12]" in ../../../ahb_pwm.v(247)
SYN-5014 WARNING: the net's pin: pin "i0[12]" in ../../../ahb_pwm.v(283)
SYN-5013 WARNING: Undriven net: model "SF1_SOC" / net "u_ahb_pwm/pwm5/period[11]" in ../../../ahb_pwm.v(247)
SYN-5014 WARNING: the net's pin: pin "i0[11]" in ../../../ahb_pwm.v(283)
SYN-5013 WARNING: Undriven net: model "SF1_SOC" / net "u_ahb_pwm/pwm5/period[10]" in ../../../ahb_pwm.v(247)
SYN-5014 WARNING: the net's pin: pin "i0[10]" in ../../../ahb_pwm.v(283)
SYN-5013 WARNING: Undriven net: model "SF1_SOC" / net "u_ahb_pwm/pwm5/period[9]" in ../../../ahb_pwm.v(247)
SYN-5014 WARNING: the net's pin: pin "i0[9]" in ../../../ahb_pwm.v(283)
SYN-5013 WARNING: Undriven net: model "SF1_SOC" / net "u_ahb_pwm/pwm5/period[8]" in ../../../ahb_pwm.v(247)
SYN-5014 WARNING: the net's pin: pin "i0[8]" in ../../../ahb_pwm.v(283)
SYN-5013 WARNING: Undriven net: model "SF1_SOC" / net "u_ahb_pwm/pwm5/period[7]" in ../../../ahb_pwm.v(247)
SYN-5014 WARNING: the net's pin: pin "i0[7]" in ../../../ahb_pwm.v(283)
SYN-5013 WARNING: Undriven net: model "SF1_SOC" / net "u_ahb_pwm/pwm5/period[6]" in ../../../ahb_pwm.v(247)
SYN-5014 WARNING: the net's pin: pin "i0[6]" in ../../../ahb_pwm.v(283)
SYN-5013 WARNING: Undriven net: model "SF1_SOC" / net "u_ahb_pwm/pwm5/period[5]" in ../../../ahb_pwm.v(247)
SYN-5014 WARNING: the net's pin: pin "i0[5]" in ../../../ahb_pwm.v(283)
SYN-5013 WARNING: Undriven net: model "SF1_SOC" / net "u_ahb_pwm/pwm5/period[4]" in ../../../ahb_pwm.v(247)
SYN-5014 WARNING: the net's pin: pin "i0[4]" in ../../../ahb_pwm.v(283)
SYN-5013 WARNING: Undriven net: model "SF1_SOC" / net "u_ahb_pwm/pwm5/period[3]" in ../../../ahb_pwm.v(247)
SYN-5014 WARNING: the net's pin: pin "i0[3]" in ../../../ahb_pwm.v(283)
SYN-5013 WARNING: Undriven net: model "SF1_SOC" / net "u_ahb_pwm/pwm5/period[2]" in ../../../ahb_pwm.v(247)
SYN-5014 WARNING: the net's pin: pin "i0[2]" in ../../../ahb_pwm.v(283)
SYN-5013 WARNING: Undriven net: model "SF1_SOC" / net "u_ahb_pwm/pwm5/period[1]" in ../../../ahb_pwm.v(247)
SYN-5014 WARNING: the net's pin: pin "i0[1]" in ../../../ahb_pwm.v(283)
SYN-5013 WARNING: Undriven net: model "SF1_SOC" / net "u_ahb_pwm/pwm5/period[0]" in ../../../ahb_pwm.v(247)
SYN-5014 WARNING: the net's pin: pin "i0[0]" in ../../../ahb_pwm.v(283)
SYN-5025 WARNING: Using 0 for all undriven pins and nets
SYN-1032 : 4291/73 useful/useless nets, 3415/48 useful/useless insts
SYN-1014 : Optimize round 1
SYN-1021 : Optimized 8 onehot mux instances.
SYN-1020 : Optimized 536 distributor mux.
SYN-1016 : Merged 1030 instances.
SYN-1015 : Optimize round 1, 3082 better
SYN-1014 : Optimize round 2
SYN-1044 : Optimized 1 inv instances.
SYN-1032 : 2337/66 useful/useless nets, 1493/1081 useful/useless insts
SYN-1015 : Optimize round 2, 1114 better
SYN-1014 : Optimize round 1
SYN-1015 : Optimize round 1, 0 better
RUN-1002 : start command "report_area -file pwm_demo_rtl.area"
RUN-1001 : standard
***Report Model: SF1_SOC Device: SF1S60CG121I***

IO Statistics
#IO                        19
  #input                    6
  #output                  13
  #inout                    0

Gate Statistics
#Basic gates             1033
  #and                     68
  #nand                     0
  #or                       1
  #nor                      0
  #xor                      8
  #xnor                     0
  #buf                      0
  #not                     26
  #bufif1                   3
  #MX21                     2
  #FADD                     0
  #DFF                    925
  #LATCH                    0
#MACRO_ADD                 55
#MACRO_EQ                  18
#MACRO_MUX                304
#MACRO_OTHERS               7

Report Hierarchy Area:
+------------------------------------------------------------+
|Instance            |Module         |gates  |seq    |macros |
+------------------------------------------------------------+
|top                 |SF1_SOC        |108    |925    |80     |
|  u0_gpio_controler |gpio_controler |1      |0      |0      |
|  u1_gpio_controler |gpio_controler |1      |0      |0      |
|  u2_gpio_controler |gpio_controler |1      |0      |0      |
|  u_SF1_MCU         |SF1_MCU        |0      |0      |6      |
|  u_ahb_pwm         |ahb_pwm        |104    |925    |73     |
|    pwm0            |counter        |5      |41     |9      |
|    pwm1            |counter        |5      |41     |9      |
|    pwm2            |counter        |5      |41     |9      |
|    pwm3            |counter        |5      |41     |9      |
|    pwm4            |counter        |5      |41     |9      |
|    pwm5            |counter        |5      |41     |8      |
|    pwm6            |counter        |5      |41     |9      |
|    pwm7            |counter        |5      |41     |9      |
|  u_pll             |pll            |0      |0      |1      |
+------------------------------------------------------------+

RUN-1002 : start command "export_db pwm_demo_rtl.db"
RUN-1001 : Exported /
RUN-1001 : Exported flow parameters
RUN-1001 : Exported libs
RUN-1001 : Exported entities
RUN-1001 : Exported ports
RUN-1001 : Exported pins
RUN-1001 : Exported instances
RUN-1001 : Exported nets
RUN-1001 : Exported buses
RUN-1001 : Exported models
RUN-1001 : Exported congestions
RUN-1001 : Exported violations
RUN-1001 : Exported IO constraints
RUN-1001 : Exported Inst constraints
RUN-1002 : start command "read_sdc"
USR-1002 : read_sdc file_name -help -h -eco
USR-1009 : NO module with IP_SDC ...
RUN-1104 : Import SDC file  finished, there are 0 nets kept by constraints.
RUN-1002 : start command "optimize_gate -maparea pwm_demo_gate.area"
RUN-1001 : Open license file C:/Anlogic/TD5.6.59063/license/Anlogic.lic
RUN-1001 : Print Global Property
RUN-1001 : ---------------------------------------------------------------
RUN-1001 :        Parameters        |  Settings  |  Default Values  |  Note  
RUN-1001 : ---------------------------------------------------------------
RUN-1001 :          message         |  standard  |     standard     |        
RUN-1001 :   mixed_pack_place_flow  |     on     |        on        |        
RUN-1001 :        qor_monitor       |    off     |       off        |        
RUN-1001 :        syn_ip_flow       |    off     |       off        |        
RUN-1001 :          thread          |    auto    |       auto       |        
RUN-1001 : ---------------------------------------------------------------
RUN-1001 : Print Gate Property
RUN-1001 : ------------------------------------------------------------------
RUN-1001 :          Parameters         |  Settings  |  Default Values  |  Note  
RUN-1001 : ------------------------------------------------------------------
RUN-1001 :         cascade_dsp         |    off     |       off        |        
RUN-1001 :         cascade_eram        |    off     |       off        |        
RUN-1001 :        gate_sim_model       |    off     |       off        |        
RUN-1001 :        map_sim_model        |    off     |       off        |        
RUN-1001 :         map_strategy        |     1      |        1         |        
RUN-1001 :           opt_area          |   medium   |      medium      |        
RUN-1001 :          opt_timing         |    auto    |       auto       |        
RUN-1001 :         pack_effort         |   medium   |      medium      |        
RUN-1001 :      pack_lslice_ripple     |     on     |        on        |        
RUN-1001 :   pack_lslice_ripple_ratio  |    0.5     |       0.5        |        
RUN-1001 :        pack_seq_in_io       |    auto    |       auto       |        
RUN-1001 :        ph1_mux_ratio        |    1.0     |       1.0        |        
RUN-1001 :            report           |  standard  |     standard     |        
RUN-1001 :           retiming          |    off     |       off        |        
RUN-1001 : ------------------------------------------------------------------
SYN-2002 : SF1_PHY_INTFLASH instance u_SF1_MCU/SF1_PHY_INTFLASH_inst.
SYN-2001 : Map 25 IOs to PADs
SYN-1032 : 2348/6 useful/useless nets, 1508/5 useful/useless insts
RUN-1002 : start command "update_pll_param -module SF1_SOC"
SYN-2501 : Processed 0 LOGIC_BUF instances.
SYN-2501 : 1 BUFG to GCLK
SYN-2501 : 1 MCU_JTAG to CONFIG
SYN-2571 : Optimize after map_dsp, round 1
SYN-2571 : Optimize after map_dsp, round 1, 0 better
SYN-1001 : Throwback 56 control mux instances
SYN-2501 : Optimize round 1
SYN-2501 : Optimize round 1, 26 better
SYN-2501 : Optimize round 2
SYN-2501 : Optimize round 2, 0 better
SYN-2501 : Map 55 macro adder
SYN-1016 : Merged 39 instances.
SYN-1032 : 3900/16 useful/useless nets, 3060/0 useful/useless insts
RUN-1002 : start command "start_timer -prepack"
TMR-2505 : Start building timing graph for model SF1_SOC.
TMR-2506 : Build timing graph completely. Port num: 12, tpin num: 11815, tnet num: 3900, tinst num: 3059, tnode num: 14638, tedge num: 16887.
TMR-2508 : Levelizing timing graph completed, there are 75 levels in total.
TMR-2501 : Timing graph initialized successfully.
TMR-2503 : Start to update net delay, extr mode = 2.
TMR-2504 : Update delay of 3900 nets completely.
TMR-2502 : Annotate delay completely, extr mode = 2.
TMR-3001 : Initiate 0 clocks from SDC.
TMR-3004 : Map sdc constraints, there are 0 constraints in total.
TMR-3003 : Constraints initiated successfully.
TMR-3501 : Forward propagation: start to calculate arrival time...
TMR-3502 : Backward propagation: start to calculate required time...
TMR-3503 : Timing propagation completes.
SYN-3001 : Running gate level optimization.
SYN-2581 : Mapping with K=5, #lut = 422 (2.58), #lev = 4 (1.44)
SYN-2551 : Post LUT mapping optimization.
SYN-2581 : Mapping with K=5, #lut = 418 (2.65), #lev = 3 (1.40)
SYN-3001 : Logic optimization runtime opt =   0.02 sec, map =   0.00 sec
SYN-3001 : Mapper mapped 692 instances into 419 LUTs, name keeping = 87%.
RUN-1002 : start command "report_area -file pwm_demo_gate.area"
RUN-1001 : standard
***Report Model: SF1_SOC Device: SF1S60CG121I***

IO Statistics
#IO                        19
  #input                    6
  #output                  13
  #inout                    0

LUT Statistics
#Total_luts              1761
  #lut4                   384
  #lut5                    35
  #lut6                     0
  #lut5_mx41                0
  #lut4_alu1b            1342

Utilization Statistics
#lut                     1761   out of   5824   30.24%
#reg                      925   out of   5824   15.88%
#le                         0
#dsp                        0   out of     10    0.00%
#bram                       0   out of     26    0.00%
  #bram9k                   0
  #fifo9k                   0
#hard-ip                    1
  #mcu                      1   out of      1  100.00%
  #dsc                      0   out of      1    0.00%
  #dsi                      0   out of      2    0.00%
  #psram controller         0   out of      2    0.00%
#pad                       19   out of     55   34.55%
  #ireg                     0
  #oreg                     0
  #treg                     0
#pll                        1   out of      2   50.00%

Report Hierarchy Area:
+------------------------------------------------------------------+
|Instance    |Module  |lut     |ripple  |seq     |bram    |dsp     |
+------------------------------------------------------------------+
|top         |SF1_SOC |419     |1342    |925     |0       |0       |
|  u_SF1_MCU |SF1_MCU |0       |0       |0       |0       |0       |
|  u_ahb_pwm |ahb_pwm |419     |1342    |925     |0       |0       |
|    pwm0    |counter |49      |172     |41      |0       |0       |
|    pwm1    |counter |49      |172     |41      |0       |0       |
|    pwm2    |counter |49      |172     |41      |0       |0       |
|    pwm3    |counter |49      |172     |41      |0       |0       |
|    pwm4    |counter |49      |172     |41      |0       |0       |
|    pwm5    |counter |49      |138     |41      |0       |0       |
|    pwm6    |counter |49      |172     |41      |0       |0       |
|    pwm7    |counter |49      |172     |41      |0       |0       |
|  u_pll     |pll     |0       |0       |0       |0       |0       |
+------------------------------------------------------------------+

SYN-1001 : Packing model "SF1_SOC" ...
SYN-4010 : Pack lib has 65 rtl pack models with 28 top pack blocks
SYN-1014 : Optimize round 1
SYN-1015 : Optimize round 1, 0 better
SYN-4002 : Packing 925 DFF/LATCH to SEQ ...
SYN-4009 : Pack 20 carry chain into lslice
SYN-4007 : Packing 662 adder to BLE ...
SYN-4008 : Packed 662 adder and 8 SEQ to BLE.
SYN-4007 : Packing 0 gate4 to BLE ...
SYN-4008 : Packed 0 gate4 and 0 SEQ to BLE.
SYN-4012 : Packed 0 FxMUX
RUN-1002 : start command "legalize_phy_inst"
SYN-1011 : Flatten model SF1_SOC
SYN-5044 CRITICAL-WARNING: The net's pin: pin "apb_prdata[31]" in ../../al_ip/SF1_MCU.v(127) is connected to a constant net, which can not be set to hardwire. It will disconnect.
SYN-5044 CRITICAL-WARNING: The net's pin: pin "apb_prdata[30]" in ../../al_ip/SF1_MCU.v(127) is connected to a constant net, which can not be set to hardwire. It will disconnect.
SYN-5044 CRITICAL-WARNING: The net's pin: pin "apb_prdata[29]" in ../../al_ip/SF1_MCU.v(127) is connected to a constant net, which can not be set to hardwire. It will disconnect.
SYN-5044 CRITICAL-WARNING: The net's pin: pin "apb_prdata[28]" in ../../al_ip/SF1_MCU.v(127) is connected to a constant net, which can not be set to hardwire. It will disconnect.
SYN-5044 CRITICAL-WARNING: The net's pin: pin "apb_prdata[27]" in ../../al_ip/SF1_MCU.v(127) is connected to a constant net, which can not be set to hardwire. It will disconnect.
SYN-5044 CRITICAL-WARNING: The net's pin: pin "apb_prdata[26]" in ../../al_ip/SF1_MCU.v(127) is connected to a constant net, which can not be set to hardwire. It will disconnect.
SYN-5044 CRITICAL-WARNING: The net's pin: pin "apb_prdata[25]" in ../../al_ip/SF1_MCU.v(127) is connected to a constant net, which can not be set to hardwire. It will disconnect.
SYN-5044 CRITICAL-WARNING: The net's pin: pin "apb_prdata[24]" in ../../al_ip/SF1_MCU.v(127) is connected to a constant net, which can not be set to hardwire. It will disconnect.
SYN-5044 CRITICAL-WARNING: The net's pin: pin "apb_prdata[23]" in ../../al_ip/SF1_MCU.v(127) is connected to a constant net, which can not be set to hardwire. It will disconnect.
SYN-5044 CRITICAL-WARNING: The net's pin: pin "apb_prdata[22]" in ../../al_ip/SF1_MCU.v(127) is connected to a constant net, which can not be set to hardwire. It will disconnect.
SYN-5044 Similar messages will be suppressed.
RUN-1002 : start command "export_db pwm_demo_gate.db"
RUN-1001 : Exported /
RUN-1001 : Exported flow parameters
RUN-1001 : Exported libs
RUN-1001 : Exported entities
RUN-1001 : Exported ports
RUN-1001 : Exported pins
RUN-1001 : Exported instances
RUN-1001 : Exported nets
RUN-1001 : Exported buses
RUN-1001 : Exported models
RUN-1001 : Exported congestions
RUN-1001 : Exported violations
RUN-1001 : Exported timing constraints
RUN-1001 : Exported IO constraints
RUN-1001 : Exported Inst constraints
RUN-1002 : start command "backup_run_log run.log ../.logs/syn_1/td_20220919_124117.log"
