============================================================
   Tang Dynasty, V5.6.59063
   Copyright (c) 2012-2022 Anlogic
   Executable = D:/XILINX_EXE/TD_5.6/bin/td.exe
   Built at =   12:45:13 Sep  6 2022
   Run by =     13456
   Run Date =   Mon Nov 13 22:50:07 2023

   Run on =     DESKTOP-1HJPLU7
============================================================
RUN-1002 : start command "open_project pwm_demo.prj"
RUN-1001 : Print Global Property
RUN-1001 : ---------------------------------------------------------------
RUN-1001 :        Parameters        |  Settings  |  Default Values  |  Note  
RUN-1001 : ---------------------------------------------------------------
RUN-1001 :          message         |  standard  |     standard     |        
RUN-1001 :   mixed_pack_place_flow  |     on     |        on        |        
RUN-1001 :        qor_monitor       |    off     |       off        |        
RUN-1001 :        syn_ip_flow       |    off     |       off        |        
RUN-1001 :          thread          |    auto    |       auto       |        
RUN-1001 : ---------------------------------------------------------------
RUN-1001 : Print Design Property
RUN-1001 : --------------------------------------------------------------
RUN-1001 :        Parameters       |  Settings  |  Default Values  |  Note  
RUN-1001 : --------------------------------------------------------------
RUN-1001 :   default_reg_initial   |    auto    |       auto       |        
RUN-1001 :        infer_add        |     on     |        on        |        
RUN-1001 :        infer_fsm        |    off     |       off        |        
RUN-1001 :        infer_mult       |     on     |        on        |        
RUN-1001 :        infer_ram        |     on     |        on        |        
RUN-1001 :        infer_reg        |     on     |        on        |        
RUN-1001 :   infer_reg_init_value  |     on     |        on        |        
RUN-1001 :        infer_rom        |     on     |        on        |        
RUN-1001 :      infer_shifter      |     on     |        on        |        
RUN-1001 : --------------------------------------------------------------
RUN-1001 : Print Rtl Property
RUN-1001 : --------------------------------------------------------------
RUN-1001 :        Parameters       |  Settings  |  Default Values  |  Note  
RUN-1001 : --------------------------------------------------------------
RUN-1001 :       compress_add      |   ripple   |      ripple      |        
RUN-1001 :        elf_sload        |    off     |       off        |        
RUN-1001 :       fix_undriven      |     0      |        0         |        
RUN-1001 :         flatten         |    off     |       off        |        
RUN-1001 :       gate_sharing      |     on     |        on        |        
RUN-1001 :    hdl_warning_level    |   normal   |      normal      |        
RUN-1001 :   impl_internal_tribuf  |     on     |        on        |        
RUN-1001 :      impl_set_reset     |     on     |        on        |        
RUN-1001 :        infer_gsr        |    off     |       off        |        
RUN-1001 :      keep_hierarchy     |    auto    |       auto       |        
RUN-1001 :        max_fanout       |    9999    |       9999       |        
RUN-1001 :      max_oh2bin_len     |     10     |        10        |        
RUN-1001 :       merge_equal       |     on     |        on        |        
RUN-1001 :       merge_equiv       |     on     |        on        |        
RUN-1001 :        merge_mux        |    off     |       off        |        
RUN-1001 :     min_control_set     |     8      |        8         |        
RUN-1001 :      min_ripple_len     |    auto    |       auto       |        
RUN-1001 :       oh2bin_ratio      |    0.08    |       0.08       |        
RUN-1001 :     opt_adder_fanout    |     on     |        on        |        
RUN-1001 :        opt_arith        |     on     |        on        |        
RUN-1001 :       opt_big_gate      |    off     |       off        |        
RUN-1001 :        opt_const        |     on     |        on        |        
RUN-1001 :      opt_const_mult     |     on     |        on        |        
RUN-1001 :       opt_lessthan      |     on     |        on        |        
RUN-1001 :         opt_mux         |    off     |       off        |        
RUN-1001 :         opt_ram         |    high    |       high       |        
RUN-1001 :      rtl_sim_model      |    off     |       off        |        
RUN-1001 :         seq_syn         |     on     |        on        |        
RUN-1001 : --------------------------------------------------------------
HDL-1007 : analyze verilog file ../../al_ip/SF1_MCU.v
HDL-1007 : analyze verilog file ../../al_ip/pll.v
HDL-1007 : undeclared symbol 'open', assumed default net type 'wire' in ../../al_ip/pll.v(98)
HDL-1007 : analyze verilog file ../../al_ip/rom_weight.v
HDL-1007 : analyze verilog file ../../al_ip/ROM.v
HDL-1007 : analyze verilog file ../../SF1_SOC.v
HDL-1007 : analyze verilog file ../../ahb_pwm.v
HDL-5007 WARNING: identifier 'weight' is used before its declaration in ../../ahb_pwm.v(874)
HDL-5007 WARNING: identifier 'c' is used before its declaration in ../../ahb_pwm.v(875)
HDL-1007 : analyze verilog file ../../gpio_controler.v
HDL-1007 : analyze verilog file ../../vga_show.v
RUN-1001 : Project manager successfully analyzed 8 source files.
RUN-1002 : start command "import_device sf1_6.db -package SF1S60CG121I"
ARC-1001 : Device Initialization.
ARC-1001 : -------------------------------------------------
ARC-1001 :       OPTION       |      IO       |   SETTING   
ARC-1001 : -------------------------------------------------
ARC-1001 :        done        |      B4       |    gpio    
ARC-1001 :        initn       |      A5       |    gpio    
ARC-1001 :       jtagen       |      B7       |    gpio    
ARC-1001 :      programn      |      B5       |  dedicate  
ARC-1001 :   tdi/tms/tck/tdo  |  C4/A6/A7/C5  |  dedicate  
ARC-1001 : -------------------------------------------------
ARC-1004 : Device setting, marked 5 dedicate IOs in total.
RUN-1002 : start command "elaborate -top SF1_SOC"
RUN-1001 : Print Design Property
RUN-1001 : --------------------------------------------------------------
RUN-1001 :        Parameters       |  Settings  |  Default Values  |  Note  
RUN-1001 : --------------------------------------------------------------
RUN-1001 :   default_reg_initial   |    auto    |       auto       |        
RUN-1001 :        infer_add        |     on     |        on        |        
RUN-1001 :        infer_fsm        |    off     |       off        |        
RUN-1001 :        infer_mult       |     on     |        on        |        
RUN-1001 :        infer_ram        |     on     |        on        |        
RUN-1001 :        infer_reg        |     on     |        on        |        
RUN-1001 :   infer_reg_init_value  |     on     |        on        |        
RUN-1001 :        infer_rom        |     on     |        on        |        
RUN-1001 :      infer_shifter      |     on     |        on        |        
RUN-1001 : --------------------------------------------------------------
RUN-1001 : Print Rtl Property
RUN-1001 : --------------------------------------------------------------
RUN-1001 :        Parameters       |  Settings  |  Default Values  |  Note  
RUN-1001 : --------------------------------------------------------------
RUN-1001 :       compress_add      |   ripple   |      ripple      |        
RUN-1001 :        elf_sload        |    off     |       off        |        
RUN-1001 :       fix_undriven      |     0      |        0         |        
RUN-1001 :         flatten         |    off     |       off        |        
RUN-1001 :       gate_sharing      |     on     |        on        |        
RUN-1001 :    hdl_warning_level    |   normal   |      normal      |        
RUN-1001 :   impl_internal_tribuf  |     on     |        on        |        
RUN-1001 :      impl_set_reset     |     on     |        on        |        
RUN-1001 :        infer_gsr        |    off     |       off        |        
RUN-1001 :      keep_hierarchy     |    auto    |       auto       |        
RUN-1001 :        max_fanout       |    9999    |       9999       |        
RUN-1001 :      max_oh2bin_len     |     10     |        10        |        
RUN-1001 :       merge_equal       |     on     |        on        |        
RUN-1001 :       merge_equiv       |     on     |        on        |        
RUN-1001 :        merge_mux        |    off     |       off        |        
RUN-1001 :     min_control_set     |     8      |        8         |        
RUN-1001 :      min_ripple_len     |    auto    |       auto       |        
RUN-1001 :       oh2bin_ratio      |    0.08    |       0.08       |        
RUN-1001 :     opt_adder_fanout    |     on     |        on        |        
RUN-1001 :        opt_arith        |     on     |        on        |        
RUN-1001 :       opt_big_gate      |    off     |       off        |        
RUN-1001 :        opt_const        |     on     |        on        |        
RUN-1001 :      opt_const_mult     |     on     |        on        |        
RUN-1001 :       opt_lessthan      |     on     |        on        |        
RUN-1001 :         opt_mux         |    off     |       off        |        
RUN-1001 :         opt_ram         |    high    |       high       |        
RUN-1001 :      rtl_sim_model      |    off     |       off        |        
RUN-1001 :         seq_syn         |     on     |        on        |        
RUN-1001 : --------------------------------------------------------------
RUN-1001 : Print Global Property
RUN-1001 : ---------------------------------------------------------------
RUN-1001 :        Parameters        |  Settings  |  Default Values  |  Note  
RUN-1001 : ---------------------------------------------------------------
RUN-1001 :          message         |  standard  |     standard     |        
RUN-1001 :   mixed_pack_place_flow  |     on     |        on        |        
RUN-1001 :        qor_monitor       |    off     |       off        |        
RUN-1001 :        syn_ip_flow       |    off     |       off        |        
RUN-1001 :          thread          |    auto    |       auto       |        
RUN-1001 : ---------------------------------------------------------------
RUN-1001 : Print Design Property
RUN-1001 : --------------------------------------------------------------
RUN-1001 :        Parameters       |  Settings  |  Default Values  |  Note  
RUN-1001 : --------------------------------------------------------------
RUN-1001 :   default_reg_initial   |    auto    |       auto       |        
RUN-1001 :        infer_add        |     on     |        on        |        
RUN-1001 :        infer_fsm        |    off     |       off        |        
RUN-1001 :        infer_mult       |     on     |        on        |        
RUN-1001 :        infer_ram        |     on     |        on        |        
RUN-1001 :        infer_reg        |     on     |        on        |        
RUN-1001 :   infer_reg_init_value  |     on     |        on        |        
RUN-1001 :        infer_rom        |     on     |        on        |        
RUN-1001 :      infer_shifter      |     on     |        on        |        
RUN-1001 : --------------------------------------------------------------
HDL-5007 WARNING: port 'mtip' remains unconnected for this instance in ../../SF1_SOC.v(91)
HDL-5007 WARNING: port 'vga_frame_sync' remains unconnected for this instance in ../../SF1_SOC.v(171)
HDL-1007 : elaborate module SF1_SOC in ../../SF1_SOC.v(1)
HDL-1007 : elaborate module pll in ../../al_ip/pll.v(23)
HDL-1007 : elaborate module SF1_LOGIC_BUFG in D:/XILINX_EXE/TD_5.6/arch/sf1_macro.v(8)
HDL-1007 : elaborate module SF1_PHY_PLL(FIN="25.000",FBCLK_DIV=4,CLKC0_DIV=10,CLKC1_DIV=40,CLKC0_ENABLE="ENABLE",CLKC1_ENABLE="ENABLE",FEEDBK_PATH="CLKC0_EXT",STDBY_ENABLE="DISABLE",CLKC0_CPHASE=9,CLKC1_CPHASE=39,GMC_GAIN=2,GMC_TEST=9,ICP_CURRENT=9,KVCO=2,LPF_CAPACITOR=1,LPF_RESISTOR=8,SYNC_ENABLE="DISABLE",OFFSET_MODE="EXT",CLKC0_DUTY=0.5,CLKC1_DUTY=0.5,CLKC0_DUTY_INT=5,CLKC1_DUTY_INT=20) in D:/XILINX_EXE/TD_5.6/arch/sf1_macro.v(1374)
HDL-1007 : elaborate module gpio_controler in ../../gpio_controler.v(1)
HDL-5007 WARNING: port 'i' is not connected on this instance in ../../al_ip/SF1_MCU.v(238)
HDL-5007 WARNING: port 'o' remains unconnected for this instance in ../../al_ip/SF1_MCU.v(238)
HDL-5007 WARNING: port 'i' is not connected on this instance in ../../al_ip/SF1_MCU.v(239)
HDL-5007 WARNING: port 'o' remains unconnected for this instance in ../../al_ip/SF1_MCU.v(239)
HDL-5007 WARNING: port 'i' is not connected on this instance in ../../al_ip/SF1_MCU.v(240)
HDL-5007 WARNING: port 'o' remains unconnected for this instance in ../../al_ip/SF1_MCU.v(240)
HDL-5007 WARNING: port 'i' is not connected on this instance in ../../al_ip/SF1_MCU.v(241)
HDL-5007 WARNING: port 'o' remains unconnected for this instance in ../../al_ip/SF1_MCU.v(241)
HDL-5007 WARNING: port 'i' is not connected on this instance in ../../al_ip/SF1_MCU.v(242)
HDL-5007 WARNING: port 'i' is not connected on this instance in ../../al_ip/SF1_MCU.v(243)
HDL-1007 : elaborate module SF1_MCU in ../../al_ip/SF1_MCU.v(14)
HDL-1007 : elaborate module SF1_LOGIC_MCU(RESET_VECTOR=32'b011100000000000000000) in D:/XILINX_EXE/TD_5.6/arch/sf1_macro.v(458)
HDL-1007 : elaborate module SF1_LOGIC_MCU_JTAG in D:/XILINX_EXE/TD_5.6/arch/sf1_macro.v(78)
HDL-1007 : elaborate module SF1_LOGIC_IOTRIBUF in D:/XILINX_EXE/TD_5.6/arch/sf1_macro.v(589)
HDL-1007 : elaborate module SF1_LOGIC_IOBUF in D:/XILINX_EXE/TD_5.6/arch/sf1_macro.v(579)
HDL-1007 : elaborate module SF1_PHY_INTFLASH in D:/XILINX_EXE/TD_5.6/arch/sf1_macro.v(998)
HDL-5007 WARNING: input port 'i' is not connected on this instance in ../../al_ip/SF1_MCU.v(238)
HDL-5007 WARNING: input port 'i' is not connected on this instance in ../../al_ip/SF1_MCU.v(239)
HDL-5007 WARNING: input port 'i' is not connected on this instance in ../../al_ip/SF1_MCU.v(240)
HDL-5007 WARNING: input port 'i' is not connected on this instance in ../../al_ip/SF1_MCU.v(241)
HDL-5007 WARNING: input port 'i' is not connected on this instance in ../../al_ip/SF1_MCU.v(242)
HDL-5007 WARNING: input port 'i' is not connected on this instance in ../../al_ip/SF1_MCU.v(243)
HDL-1007 : elaborate module ahb_pwm in ../../ahb_pwm.v(673)
HDL-1007 : elaborate module rom_weight in ../../al_ip/rom_weight.v(14)
HDL-1007 : elaborate module SF1_LOGIC_BRAM(DATA_WIDTH_A=8,DATA_WIDTH_B=8,ADDR_WIDTH_A=9,ADDR_WIDTH_B=9,DATA_DEPTH_A=480,DATA_DEPTH_B=480,MODE="SP",INIT_FILE="weight.mif") in D:/XILINX_EXE/TD_5.6/arch/sf1_macro.v(1927)
HDL-5007 WARNING: actual bit length 32 differs from formal bit length 9 for port 'addra' in ../../ahb_pwm.v(900)
HDL-1007 : elaborate module vga_show in ../../vga_show.v(7)
HDL-1007 : elaborate module ROM in ../../al_ip/ROM.v(14)
HDL-1007 : elaborate module SF1_LOGIC_BRAM(DATA_WIDTH_A=8,DATA_WIDTH_B=8,ADDR_WIDTH_B=10,DATA_DEPTH_A=784,DATA_DEPTH_B=784,MODE="SP",INIT_FILE="../../../../../../../CNN/CNN_korea/python/output.mif") in D:/XILINX_EXE/TD_5.6/arch/sf1_macro.v(1927)
HDL-5007 WARNING: actual bit length 14 differs from formal bit length 10 for port 'addra' in ../../vga_show.v(249)
HDL-5007 WARNING: net 'pic_num[3]' does not have a driver in ../../vga_show.v(217)
HDL-5007 WARNING: input port 'nmi' remains unconnected for this instance in ../../SF1_SOC.v(91)
HDL-5007 WARNING: input port 'ddr_data[31]' remains unconnected for this instance in ../../SF1_SOC.v(171)
HDL-1200 : Current top model is SF1_SOC
HDL-1100 : Inferred 0 RAMs.
RUN-1002 : start command "export_db pwm_demo_elaborate.db"
RUN-1001 : Exported /
RUN-1001 : Exported flow parameters
RUN-1001 : Exported libs
RUN-1001 : Exported entities
RUN-1001 : Exported ports
RUN-1001 : Exported pins
RUN-1001 : Exported instances
RUN-1001 : Exported nets
RUN-1001 : Exported buses
RUN-1001 : Exported models
RUN-1001 : Exported congestions
RUN-1001 : Exported violations
RUN-1001 : Exported IO constraints
RUN-1001 : Exported Inst constraints
RUN-1002 : start command "read_adc ../../pin.adc"
RUN-1002 : start command "set_pin_assignment  I_clk_25m   LOCATION = D7; "
RUN-1002 : start command "set_pin_assignment  I_jtag_tck   LOCATION = C7; "
RUN-1002 : start command "set_pin_assignment  I_jtag_tdi   LOCATION = D5; "
RUN-1002 : start command "set_pin_assignment  I_jtag_tms   LOCATION = D6; "
RUN-1002 : start command "set_pin_assignment  I_rst_n   LOCATION = J2; "
RUN-1002 : start command "set_pin_assignment  I_uart_rx   LOCATION = E4; "
RUN-1002 : start command "set_pin_assignment  O_jtag_tdo   LOCATION = C6; "
RUN-1002 : start command "set_pin_assignment  O_led0   LOCATION = J5; "
RUN-1002 : start command "set_pin_assignment  O_led1   LOCATION = H5; "
RUN-1002 : start command "set_pin_assignment  O_led2   LOCATION = G4; "
RUN-1002 : start command "set_pin_assignment  O_uart_tx   LOCATION = A4; "
RUN-1002 : start command "set_pin_assignment  vga_blue[0]   LOCATION = B9; "
RUN-1002 : start command "set_pin_assignment  vga_blue[1]   LOCATION = A10; "
RUN-1002 : start command "set_pin_assignment  vga_blue[2]   LOCATION = B8; "
RUN-1002 : start command "set_pin_assignment  vga_blue[3]   LOCATION = A11; "
RUN-1002 : start command "set_pin_assignment  vga_blue[4]   LOCATION = A9; "
RUN-1002 : start command "set_pin_assignment  vga_green[0]   LOCATION = B10; "
RUN-1002 : start command "set_pin_assignment  vga_green[1]   LOCATION = A8; "
RUN-1002 : start command "set_pin_assignment  vga_green[2]   LOCATION = B11; "
RUN-1002 : start command "set_pin_assignment  vga_green[3]   LOCATION = K1; "
RUN-1002 : start command "set_pin_assignment  vga_green[4]   LOCATION = E10; "
RUN-1002 : start command "set_pin_assignment  vga_green[5]   LOCATION = L1; "
RUN-1002 : start command "set_pin_assignment  vga_vsync   LOCATION = C10; "
RUN-1002 : start command "set_pin_assignment  vga_red[0]   LOCATION = F10; "
RUN-1002 : start command "set_pin_assignment  vga_red[1]   LOCATION = K2; "
RUN-1002 : start command "set_pin_assignment  vga_red[2]   LOCATION = E9; "
RUN-1002 : start command "set_pin_assignment  vga_red[3]   LOCATION = L2; "
RUN-1002 : start command "set_pin_assignment  vga_red[4]   LOCATION = F9; "
RUN-1002 : start command "set_pin_assignment  vga_hsync   LOCATION = G3; "
RUN-1001 : Starting of IO vref setups legality check.
RUN-1002 : start command "optimize_rtl"
RUN-1001 : Open license file D:/XILINX_EXE/TD_5.6/license/Anlogic.lic
RUN-1001 : Print Global Property
RUN-1001 : ---------------------------------------------------------------
RUN-1001 :        Parameters        |  Settings  |  Default Values  |  Note  
RUN-1001 : ---------------------------------------------------------------
RUN-1001 :          message         |  standard  |     standard     |        
RUN-1001 :   mixed_pack_place_flow  |     on     |        on        |        
RUN-1001 :        qor_monitor       |    off     |       off        |        
RUN-1001 :        syn_ip_flow       |    off     |       off        |        
RUN-1001 :          thread          |    auto    |       auto       |        
RUN-1001 : ---------------------------------------------------------------
RUN-1001 : Print Rtl Property
RUN-1001 : --------------------------------------------------------------
RUN-1001 :        Parameters       |  Settings  |  Default Values  |  Note  
RUN-1001 : --------------------------------------------------------------
RUN-1001 :       compress_add      |   ripple   |      ripple      |        
RUN-1001 :        elf_sload        |    off     |       off        |        
RUN-1001 :       fix_undriven      |     0      |        0         |        
RUN-1001 :         flatten         |    off     |       off        |        
RUN-1001 :       gate_sharing      |     on     |        on        |        
RUN-1001 :    hdl_warning_level    |   normal   |      normal      |        
RUN-1001 :   impl_internal_tribuf  |     on     |        on        |        
RUN-1001 :      impl_set_reset     |     on     |        on        |        
RUN-1001 :        infer_gsr        |    off     |       off        |        
RUN-1001 :      keep_hierarchy     |    auto    |       auto       |        
RUN-1001 :        max_fanout       |    9999    |       9999       |        
RUN-1001 :      max_oh2bin_len     |     10     |        10        |        
RUN-1001 :       merge_equal       |     on     |        on        |        
RUN-1001 :       merge_equiv       |     on     |        on        |        
RUN-1001 :        merge_mux        |    off     |       off        |        
RUN-1001 :     min_control_set     |     8      |        8         |        
RUN-1001 :      min_ripple_len     |    auto    |       auto       |        
RUN-1001 :       oh2bin_ratio      |    0.08    |       0.08       |        
RUN-1001 :     opt_adder_fanout    |     on     |        on        |        
RUN-1001 :        opt_arith        |     on     |        on        |        
RUN-1001 :       opt_big_gate      |    off     |       off        |        
RUN-1001 :        opt_const        |     on     |        on        |        
RUN-1001 :      opt_const_mult     |     on     |        on        |        
RUN-1001 :       opt_lessthan      |     on     |        on        |        
RUN-1001 :         opt_mux         |    off     |       off        |        
RUN-1001 :         opt_ram         |    high    |       high       |        
RUN-1001 :      rtl_sim_model      |    off     |       off        |        
RUN-1001 :         seq_syn         |     on     |        on        |        
RUN-1001 : --------------------------------------------------------------
SYN-1012 : SanityCheck: Model "SF1_SOC"
SYN-1012 : SanityCheck: Model "gpio_controler"
SYN-1012 : SanityCheck: Model "SF1_MCU"
SYN-1012 : SanityCheck: Model "ahb_pwm"
SYN-1012 : SanityCheck: Model "rom_weight"
SYN-1012 : SanityCheck: Model "pll"
SYN-1012 : SanityCheck: Model "vga_show"
SYN-1012 : SanityCheck: Model "ROM"
SYN-1043 : Mark pll as IO macro for instance bufg_feedback
SYN-1043 : Mark SF1_MCU as IO macro for instance u4
SYN-1043 : Mark gpio_controler as IO macro for instance IO_gpio_i
SYN-1011 : Flatten model SF1_SOC
SYN-1032 : 2591/511 useful/useless nets, 353/40 useful/useless insts
SYN-1001 : Optimize 1 less-than instances
SYN-1016 : Merged 1948 instances.
SYN-1032 : 3291/1364 useful/useless nets, 334/116 useful/useless insts
SYN-1016 : Merged 227 instances.
SYN-5011 WARNING: Undriven pin: model "SF1_SOC" / inst "u_ahb_pwm/mux0_syn_10" in ../../ahb_pwm.v(857) / pin "i0"
SYN-5011 WARNING: Undriven pin: model "SF1_SOC" / inst "u_ahb_pwm/mux0_syn_10" in ../../ahb_pwm.v(857) / pin "i1"
SYN-5011 WARNING: Undriven pin: model "SF1_SOC" / inst "u_ahb_pwm/mux2_syn_10" in ../../ahb_pwm.v(752) / pin "i0"
SYN-5011 WARNING: Undriven pin: model "SF1_SOC" / inst "u_ahb_pwm/mux2_syn_10" in ../../ahb_pwm.v(752) / pin "i1"
SYN-5011 WARNING: Undriven pin: model "SF1_SOC" / inst "u_ahb_pwm/mux7_syn_10" in ../../ahb_pwm.v(792) / pin "i0"
SYN-5011 WARNING: Undriven pin: model "SF1_SOC" / inst "u_ahb_pwm/mux7_syn_10" in ../../ahb_pwm.v(792) / pin "i1"
SYN-5011 WARNING: Undriven pin: model "SF1_SOC" / inst "u_ahb_pwm/reg15_syn_11" in ../../ahb_pwm.v(769) / pin "d"
SYN-5011 WARNING: Undriven pin: model "SF1_SOC" / inst "u_ahb_pwm/sel4_syn_109" in ../../ahb_pwm.v(794) / pin "i0"
SYN-5011 WARNING: Undriven pin: model "SF1_SOC" / inst "u_ahb_pwm/sel4_syn_109" in ../../ahb_pwm.v(794) / pin "i1"
SYN-5011 WARNING: Undriven pin: model "SF1_SOC" / inst "u_ahb_pwm/sel4_syn_141" in ../../ahb_pwm.v(794) / pin "i0"
SYN-5011 Similar messages will be suppressed.
SYN-5013 WARNING: Undriven net: model "SF1_SOC" / net "u_SF1_MCU/apb_prdata_down[31]" in ../../al_ip/SF1_MCU.v(102)
SYN-5014 WARNING: the net's pin: pin "apb_prdata[31]" in ../../al_ip/SF1_MCU.v(127)
SYN-5013 WARNING: Undriven net: model "SF1_SOC" / net "u_SF1_MCU/apb_prdata_down[30]" in ../../al_ip/SF1_MCU.v(102)
SYN-5014 WARNING: the net's pin: pin "apb_prdata[30]" in ../../al_ip/SF1_MCU.v(127)
SYN-5013 WARNING: Undriven net: model "SF1_SOC" / net "u_SF1_MCU/apb_prdata_down[29]" in ../../al_ip/SF1_MCU.v(102)
SYN-5014 WARNING: the net's pin: pin "apb_prdata[29]" in ../../al_ip/SF1_MCU.v(127)
SYN-5013 WARNING: Undriven net: model "SF1_SOC" / net "u_SF1_MCU/apb_prdata_down[28]" in ../../al_ip/SF1_MCU.v(102)
SYN-5014 WARNING: the net's pin: pin "apb_prdata[28]" in ../../al_ip/SF1_MCU.v(127)
SYN-5013 WARNING: Undriven net: model "SF1_SOC" / net "u_SF1_MCU/apb_prdata_down[27]" in ../../al_ip/SF1_MCU.v(102)
SYN-5014 WARNING: the net's pin: pin "apb_prdata[27]" in ../../al_ip/SF1_MCU.v(127)
SYN-5013 WARNING: Undriven net: model "SF1_SOC" / net "u_SF1_MCU/apb_prdata_down[26]" in ../../al_ip/SF1_MCU.v(102)
SYN-5014 WARNING: the net's pin: pin "apb_prdata[26]" in ../../al_ip/SF1_MCU.v(127)
SYN-5013 WARNING: Undriven net: model "SF1_SOC" / net "u_SF1_MCU/apb_prdata_down[25]" in ../../al_ip/SF1_MCU.v(102)
SYN-5014 WARNING: the net's pin: pin "apb_prdata[25]" in ../../al_ip/SF1_MCU.v(127)
SYN-5013 WARNING: Undriven net: model "SF1_SOC" / net "u_SF1_MCU/apb_prdata_down[24]" in ../../al_ip/SF1_MCU.v(102)
SYN-5014 WARNING: the net's pin: pin "apb_prdata[24]" in ../../al_ip/SF1_MCU.v(127)
SYN-5013 WARNING: Undriven net: model "SF1_SOC" / net "u_SF1_MCU/apb_prdata_down[23]" in ../../al_ip/SF1_MCU.v(102)
SYN-5014 WARNING: the net's pin: pin "apb_prdata[23]" in ../../al_ip/SF1_MCU.v(127)
SYN-5013 WARNING: Undriven net: model "SF1_SOC" / net "u_SF1_MCU/apb_prdata_down[22]" in ../../al_ip/SF1_MCU.v(102)
SYN-5014 WARNING: the net's pin: pin "apb_prdata[22]" in ../../al_ip/SF1_MCU.v(127)
SYN-5013 WARNING: Undriven net: model "SF1_SOC" / net "u_SF1_MCU/apb_prdata_down[21]" in ../../al_ip/SF1_MCU.v(102)
SYN-5014 WARNING: the net's pin: pin "apb_prdata[21]" in ../../al_ip/SF1_MCU.v(127)
SYN-5013 WARNING: Undriven net: model "SF1_SOC" / net "u_SF1_MCU/apb_prdata_down[20]" in ../../al_ip/SF1_MCU.v(102)
SYN-5014 WARNING: the net's pin: pin "apb_prdata[20]" in ../../al_ip/SF1_MCU.v(127)
SYN-5013 WARNING: Undriven net: model "SF1_SOC" / net "u_SF1_MCU/apb_prdata_down[19]" in ../../al_ip/SF1_MCU.v(102)
SYN-5014 WARNING: the net's pin: pin "apb_prdata[19]" in ../../al_ip/SF1_MCU.v(127)
SYN-5013 WARNING: Undriven net: model "SF1_SOC" / net "u_SF1_MCU/apb_prdata_down[18]" in ../../al_ip/SF1_MCU.v(102)
SYN-5014 WARNING: the net's pin: pin "apb_prdata[18]" in ../../al_ip/SF1_MCU.v(127)
SYN-5013 WARNING: Undriven net: model "SF1_SOC" / net "u_SF1_MCU/apb_prdata_down[17]" in ../../al_ip/SF1_MCU.v(102)
SYN-5014 WARNING: the net's pin: pin "apb_prdata[17]" in ../../al_ip/SF1_MCU.v(127)
SYN-5013 WARNING: Undriven net: model "SF1_SOC" / net "u_SF1_MCU/apb_prdata_down[16]" in ../../al_ip/SF1_MCU.v(102)
SYN-5014 WARNING: the net's pin: pin "apb_prdata[16]" in ../../al_ip/SF1_MCU.v(127)
SYN-5013 WARNING: Undriven net: model "SF1_SOC" / net "u_SF1_MCU/apb_prdata_down[15]" in ../../al_ip/SF1_MCU.v(102)
SYN-5014 WARNING: the net's pin: pin "apb_prdata[15]" in ../../al_ip/SF1_MCU.v(127)
SYN-5013 WARNING: Undriven net: model "SF1_SOC" / net "u_SF1_MCU/apb_prdata_down[14]" in ../../al_ip/SF1_MCU.v(102)
SYN-5014 WARNING: the net's pin: pin "apb_prdata[14]" in ../../al_ip/SF1_MCU.v(127)
SYN-5013 WARNING: Undriven net: model "SF1_SOC" / net "u_SF1_MCU/apb_prdata_down[13]" in ../../al_ip/SF1_MCU.v(102)
SYN-5014 WARNING: the net's pin: pin "apb_prdata[13]" in ../../al_ip/SF1_MCU.v(127)
SYN-5013 WARNING: Undriven net: model "SF1_SOC" / net "u_SF1_MCU/apb_prdata_down[12]" in ../../al_ip/SF1_MCU.v(102)
SYN-5014 WARNING: the net's pin: pin "apb_prdata[12]" in ../../al_ip/SF1_MCU.v(127)
SYN-5013 WARNING: Undriven net: model "SF1_SOC" / net "u_SF1_MCU/apb_prdata_down[11]" in ../../al_ip/SF1_MCU.v(102)
SYN-5014 WARNING: the net's pin: pin "apb_prdata[11]" in ../../al_ip/SF1_MCU.v(127)
SYN-5013 WARNING: Undriven net: model "SF1_SOC" / net "u_SF1_MCU/apb_prdata_down[10]" in ../../al_ip/SF1_MCU.v(102)
SYN-5014 WARNING: the net's pin: pin "apb_prdata[10]" in ../../al_ip/SF1_MCU.v(127)
SYN-5013 WARNING: Undriven net: model "SF1_SOC" / net "u_SF1_MCU/apb_prdata_down[9]" in ../../al_ip/SF1_MCU.v(102)
SYN-5014 WARNING: the net's pin: pin "apb_prdata[9]" in ../../al_ip/SF1_MCU.v(127)
SYN-5013 WARNING: Undriven net: model "SF1_SOC" / net "u_SF1_MCU/apb_prdata_down[8]" in ../../al_ip/SF1_MCU.v(102)
SYN-5014 WARNING: the net's pin: pin "apb_prdata[8]" in ../../al_ip/SF1_MCU.v(127)
SYN-5013 WARNING: Undriven net: model "SF1_SOC" / net "u_SF1_MCU/apb_prdata_down[7]" in ../../al_ip/SF1_MCU.v(102)
SYN-5014 WARNING: the net's pin: pin "apb_prdata[7]" in ../../al_ip/SF1_MCU.v(127)
SYN-5013 WARNING: Undriven net: model "SF1_SOC" / net "u_SF1_MCU/apb_prdata_down[6]" in ../../al_ip/SF1_MCU.v(102)
SYN-5014 WARNING: the net's pin: pin "apb_prdata[6]" in ../../al_ip/SF1_MCU.v(127)
SYN-5013 WARNING: Undriven net: model "SF1_SOC" / net "u_SF1_MCU/apb_prdata_down[5]" in ../../al_ip/SF1_MCU.v(102)
SYN-5014 WARNING: the net's pin: pin "apb_prdata[5]" in ../../al_ip/SF1_MCU.v(127)
SYN-5013 WARNING: Undriven net: model "SF1_SOC" / net "u_SF1_MCU/apb_prdata_down[4]" in ../../al_ip/SF1_MCU.v(102)
SYN-5014 WARNING: the net's pin: pin "apb_prdata[4]" in ../../al_ip/SF1_MCU.v(127)
SYN-5013 WARNING: Undriven net: model "SF1_SOC" / net "u_SF1_MCU/apb_prdata_down[3]" in ../../al_ip/SF1_MCU.v(102)
SYN-5014 WARNING: the net's pin: pin "apb_prdata[3]" in ../../al_ip/SF1_MCU.v(127)
SYN-5013 WARNING: Undriven net: model "SF1_SOC" / net "u_SF1_MCU/apb_prdata_down[2]" in ../../al_ip/SF1_MCU.v(102)
SYN-5014 WARNING: the net's pin: pin "apb_prdata[2]" in ../../al_ip/SF1_MCU.v(127)
SYN-5013 WARNING: Undriven net: model "SF1_SOC" / net "u_SF1_MCU/apb_prdata_down[1]" in ../../al_ip/SF1_MCU.v(102)
SYN-5014 WARNING: the net's pin: pin "apb_prdata[1]" in ../../al_ip/SF1_MCU.v(127)
SYN-5013 WARNING: Undriven net: model "SF1_SOC" / net "u_SF1_MCU/apb_prdata_down[0]" in ../../al_ip/SF1_MCU.v(102)
SYN-5014 WARNING: the net's pin: pin "apb_prdata[0]" in ../../al_ip/SF1_MCU.v(127)
SYN-5013 WARNING: Undriven net: model "SF1_SOC" / net "u_SF1_MCU/clic_irq[15]" in ../../al_ip/SF1_MCU.v(99)
SYN-5014 WARNING: the net's pin: pin "clic_irq[15]" in ../../al_ip/SF1_MCU.v(127)
SYN-5013 WARNING: Undriven net: model "SF1_SOC" / net "u_SF1_MCU/clic_irq[14]" in ../../al_ip/SF1_MCU.v(99)
SYN-5014 WARNING: the net's pin: pin "clic_irq[14]" in ../../al_ip/SF1_MCU.v(127)
SYN-5013 WARNING: Undriven net: model "SF1_SOC" / net "u_SF1_MCU/clic_irq[13]" in ../../al_ip/SF1_MCU.v(99)
SYN-5014 WARNING: the net's pin: pin "clic_irq[13]" in ../../al_ip/SF1_MCU.v(127)
SYN-5013 WARNING: Undriven net: model "SF1_SOC" / net "u_SF1_MCU/clic_irq[12]" in ../../al_ip/SF1_MCU.v(99)
SYN-5014 WARNING: the net's pin: pin "clic_irq[12]" in ../../al_ip/SF1_MCU.v(127)
SYN-5013 WARNING: Undriven net: model "SF1_SOC" / net "u_SF1_MCU/clic_irq[11]" in ../../al_ip/SF1_MCU.v(99)
SYN-5014 WARNING: the net's pin: pin "clic_irq[11]" in ../../al_ip/SF1_MCU.v(127)
SYN-5013 WARNING: Undriven net: model "SF1_SOC" / net "u_SF1_MCU/clic_irq[10]" in ../../al_ip/SF1_MCU.v(99)
SYN-5014 WARNING: the net's pin: pin "clic_irq[10]" in ../../al_ip/SF1_MCU.v(127)
SYN-5013 WARNING: Undriven net: model "SF1_SOC" / net "u_SF1_MCU/clic_irq[9]" in ../../al_ip/SF1_MCU.v(99)
SYN-5014 WARNING: the net's pin: pin "clic_irq[9]" in ../../al_ip/SF1_MCU.v(127)
SYN-5013 WARNING: Undriven net: model "SF1_SOC" / net "u_SF1_MCU/clic_irq[8]" in ../../al_ip/SF1_MCU.v(99)
SYN-5014 WARNING: the net's pin: pin "clic_irq[8]" in ../../al_ip/SF1_MCU.v(127)
SYN-5013 WARNING: Undriven net: model "SF1_SOC" / net "u_SF1_MCU/clic_irq[7]" in ../../al_ip/SF1_MCU.v(99)
SYN-5014 WARNING: the net's pin: pin "clic_irq[7]" in ../../al_ip/SF1_MCU.v(127)
SYN-5013 WARNING: Undriven net: model "SF1_SOC" / net "u_SF1_MCU/clic_irq[6]" in ../../al_ip/SF1_MCU.v(99)
SYN-5014 WARNING: the net's pin: pin "clic_irq[6]" in ../../al_ip/SF1_MCU.v(127)
SYN-5013 WARNING: Undriven net: model "SF1_SOC" / net "u_SF1_MCU/clic_irq[5]" in ../../al_ip/SF1_MCU.v(99)
SYN-5014 WARNING: the net's pin: pin "clic_irq[5]" in ../../al_ip/SF1_MCU.v(127)
SYN-5013 WARNING: Undriven net: model "SF1_SOC" / net "u_SF1_MCU/clic_irq[4]" in ../../al_ip/SF1_MCU.v(99)
SYN-5014 WARNING: the net's pin: pin "clic_irq[4]" in ../../al_ip/SF1_MCU.v(127)
SYN-5013 WARNING: Undriven net: model "SF1_SOC" / net "u_SF1_MCU/clic_irq[3]" in ../../al_ip/SF1_MCU.v(99)
SYN-5014 WARNING: the net's pin: pin "clic_irq[3]" in ../../al_ip/SF1_MCU.v(127)
SYN-5013 WARNING: Undriven net: model "SF1_SOC" / net "u_SF1_MCU/clic_irq[2]" in ../../al_ip/SF1_MCU.v(99)
SYN-5014 WARNING: the net's pin: pin "clic_irq[2]" in ../../al_ip/SF1_MCU.v(127)
SYN-5013 WARNING: Undriven net: model "SF1_SOC" / net "u_SF1_MCU/clic_irq[1]" in ../../al_ip/SF1_MCU.v(99)
SYN-5014 WARNING: the net's pin: pin "clic_irq[1]" in ../../al_ip/SF1_MCU.v(127)
SYN-5013 WARNING: Undriven net: model "SF1_SOC" / net "u_SF1_MCU/clic_irq[0]" in ../../al_ip/SF1_MCU.v(99)
SYN-5014 WARNING: the net's pin: pin "clic_irq[0]" in ../../al_ip/SF1_MCU.v(127)
SYN-5013 WARNING: Undriven net: model "SF1_SOC" / net "u_SF1_MCU/hresp[1]" in ../../al_ip/SF1_MCU.v(81)
SYN-5014 WARNING: the net's pin: pin "hresp[1]" in ../../al_ip/SF1_MCU.v(127)
SYN-5013 WARNING: Undriven net: model "SF1_SOC" / net "u_SF1_MCU/hresp[0]" in ../../al_ip/SF1_MCU.v(81)
SYN-5014 WARNING: the net's pin: pin "hresp[0]" in ../../al_ip/SF1_MCU.v(127)
SYN-5013 WARNING: Undriven net: model "SF1_SOC" / net "u_SF1_MCU/apb_pready_down" in ../../al_ip/SF1_MCU.v(109)
SYN-5014 WARNING: the net's pin: pin "apb_pready_i" in ../../al_ip/SF1_MCU.v(127)
SYN-5013 WARNING: Undriven net: model "SF1_SOC" / net "u_SF1_MCU/apb_pslverr_down" in ../../al_ip/SF1_MCU.v(108)
SYN-5014 WARNING: the net's pin: pin "apb_pslverr_i" in ../../al_ip/SF1_MCU.v(127)
SYN-5013 WARNING: Undriven net: model "SF1_SOC" / net "u_SF1_MCU/nmi" in ../../al_ip/SF1_MCU.v(98)
SYN-5014 WARNING: the net's pin: pin "nmi" in ../../al_ip/SF1_MCU.v(127)
SYN-5013 WARNING: Undriven net: model "SF1_SOC" / net "vga_show_inst/pic_num[3]" in ../../vga_show.v(217)
SYN-5014 WARNING: the net's pin: pin "i0[3]" in ../../vga_show.v(237)
SYN-5013 WARNING: Undriven net: model "SF1_SOC" / net "vga_show_inst/pic_num[2]" in ../../vga_show.v(217)
SYN-5014 WARNING: the net's pin: pin "i0[2]" in ../../vga_show.v(237)
SYN-5013 WARNING: Undriven net: model "SF1_SOC" / net "vga_show_inst/pic_num[1]" in ../../vga_show.v(217)
SYN-5014 WARNING: the net's pin: pin "i0[1]" in ../../vga_show.v(237)
SYN-5013 WARNING: Undriven net: model "SF1_SOC" / net "vga_show_inst/pic_num[0]" in ../../vga_show.v(217)
SYN-5014 WARNING: the net's pin: pin "i0[0]" in ../../vga_show.v(237)
SYN-5025 WARNING: Using 0 for all undriven pins and nets
SYN-1032 : 3209/2 useful/useless nets, 3061/59 useful/useless insts
SYN-1014 : Optimize round 1
SYN-1032 : 3205/4 useful/useless nets, 3061/0 useful/useless insts
SYN-1021 : Optimized 40 onehot mux instances.
SYN-1020 : Optimized 530 distributor mux.
SYN-1001 : Optimize 10 less-than instances
SYN-1016 : Merged 953 instances.
SYN-1015 : Optimize round 1, 2725 better
SYN-1014 : Optimize round 2
SYN-1032 : 1632/43 useful/useless nets, 1497/1030 useful/useless insts
SYN-1015 : Optimize round 2, 1063 better
SYN-1014 : Optimize round 1
SYN-1015 : Optimize round 1, 0 better
RUN-1002 : start command "report_area -file pwm_demo_rtl.area"
RUN-1001 : standard
***Report Model: SF1_SOC Device: SF1S60CG121I***

IO Statistics
#IO                        29
  #input                    6
  #output                  23
  #inout                    0

Gate Statistics
#Basic gates              751
  #and                     62
  #nand                     0
  #or                       2
  #nor                      0
  #xor                      0
  #xnor                     0
  #buf                      0
  #not                     16
  #bufif1                   3
  #MX21                    35
  #FADD                     0
  #DFF                    633
  #LATCH                    0
#MACRO_ADD                 15
#MACRO_EQ                  23
#MACRO_MULT                 1
#MACRO_MUX                622
#MACRO_OTHERS               9

Report Hierarchy Area:
+------------------------------------------------------------+
|Instance            |Module         |gates  |seq    |macros |
+------------------------------------------------------------+
|top                 |SF1_SOC        |118    |633    |48     |
|  u0_gpio_controler |gpio_controler |1      |0      |0      |
|  u1_gpio_controler |gpio_controler |1      |0      |0      |
|  u2_gpio_controler |gpio_controler |1      |0      |0      |
|  u_SF1_MCU         |SF1_MCU        |0      |0      |6      |
|  u_ahb_pwm         |ahb_pwm        |102    |582    |14     |
|    uut             |rom_weight     |0      |0      |1      |
|  u_pll             |pll            |0      |0      |1      |
|  vga_show_inst     |vga_show       |12     |51     |27     |
|    u5              |ROM            |0      |0      |1      |
+------------------------------------------------------------+

RUN-1002 : start command "export_db pwm_demo_rtl.db"
RUN-1001 : Exported /
RUN-1001 : Exported flow parameters
RUN-1001 : Exported libs
RUN-1001 : Exported entities
RUN-1001 : Exported ports
RUN-1001 : Exported pins
RUN-1001 : Exported instances
RUN-1001 : Exported nets
RUN-1001 : Exported buses
RUN-1001 : Exported models
RUN-1001 : Exported congestions
RUN-1001 : Exported violations
RUN-1001 : Exported IO constraints
RUN-1001 : Exported Inst constraints
RUN-1002 : start command "read_sdc"
USR-1002 : read_sdc file_name -help -h -eco
USR-1009 : NO module with IP_SDC ...
RUN-1104 : Import SDC file  finished, there are 0 nets kept by constraints.
RUN-1002 : start command "optimize_gate -maparea pwm_demo_gate.area"
RUN-1001 : Open license file D:/XILINX_EXE/TD_5.6/license/Anlogic.lic
RUN-1001 : Print Global Property
RUN-1001 : ---------------------------------------------------------------
RUN-1001 :        Parameters        |  Settings  |  Default Values  |  Note  
RUN-1001 : ---------------------------------------------------------------
RUN-1001 :          message         |  standard  |     standard     |        
RUN-1001 :   mixed_pack_place_flow  |     on     |        on        |        
RUN-1001 :        qor_monitor       |    off     |       off        |        
RUN-1001 :        syn_ip_flow       |    off     |       off        |        
RUN-1001 :          thread          |    auto    |       auto       |        
RUN-1001 : ---------------------------------------------------------------
RUN-1001 : Print Gate Property
RUN-1001 : ------------------------------------------------------------------
RUN-1001 :          Parameters         |  Settings  |  Default Values  |  Note  
RUN-1001 : ------------------------------------------------------------------
RUN-1001 :         cascade_dsp         |    off     |       off        |        
RUN-1001 :         cascade_eram        |    off     |       off        |        
RUN-1001 :        gate_sim_model       |    off     |       off        |        
RUN-1001 :        map_sim_model        |    off     |       off        |        
RUN-1001 :         map_strategy        |     1      |        1         |        
RUN-1001 :           opt_area          |   medium   |      medium      |        
RUN-1001 :          opt_timing         |    auto    |       auto       |        
RUN-1001 :         pack_effort         |   medium   |      medium      |        
RUN-1001 :      pack_lslice_ripple     |     on     |        on        |        
RUN-1001 :   pack_lslice_ripple_ratio  |    0.5     |       0.5        |        
RUN-1001 :        pack_seq_in_io       |    auto    |       auto       |        
RUN-1001 :        ph1_mux_ratio        |    1.0     |       1.0        |        
RUN-1001 :            report           |  standard  |     standard     |        
RUN-1001 :           retiming          |    off     |       off        |        
RUN-1001 : ------------------------------------------------------------------
SYN-2002 : SF1_PHY_INTFLASH instance u_SF1_MCU/SF1_PHY_INTFLASH_inst.
SYN-2001 : Map 35 IOs to PADs
SYN-1032 : 1655/6 useful/useless nets, 1522/5 useful/useless insts
RUN-1002 : start command "update_pll_param -module SF1_SOC"
SYN-2501 : Processed 0 LOGIC_BUF instances.
SYN-2501 : 1 BUFG to GCLK
SYN-2501 : 1 MCU_JTAG to CONFIG
SYN-2593 : bram inst: vga_show_inst/u5/inst will be optimized to a new one with A-width 6 due to unused data out
SYN-2541 : Reading BRAM "vga_show_inst/u5/inst_dup_1" init file "F:\CNN\CNN_korea\python\output.mif"
SYN-2542 : Parsing MIF init file
SYN-8411 ERROR: wrong init value size
SYN-2501 : Optimize round 1
SYN-1016 : Merged 75 instances.
SYN-2501 : Optimize round 1, 244 better
SYN-2501 : Optimize round 2
SYN-2501 : Optimize round 2, 0 better
SYN-2501 : Map 15 macro adder
RUN-1002 : start command "backup_run_log run.log ../.logs/syn_1/td_20231113_225007.log"
