============================================================
   Tang Dynasty, V5.6.59063
   Copyright (c) 2012-2022 Anlogic
   Executable = D:/XILINX_EXE/TD_5.6/bin/td.exe
   Built at =   12:45:13 Sep  6 2022
   Run by =     13456
   Run Date =   Mon Nov 13 22:39:02 2023

   Run on =     DESKTOP-1HJPLU7
============================================================
RUN-1002 : start command "open_project pwm_demo.prj"
RUN-1001 : Print Global Property
RUN-1001 : ---------------------------------------------------------------
RUN-1001 :        Parameters        |  Settings  |  Default Values  |  Note  
RUN-1001 : ---------------------------------------------------------------
RUN-1001 :          message         |  standard  |     standard     |        
RUN-1001 :   mixed_pack_place_flow  |     on     |        on        |        
RUN-1001 :        qor_monitor       |    off     |       off        |        
RUN-1001 :        syn_ip_flow       |    off     |       off        |        
RUN-1001 :          thread          |    auto    |       auto       |        
RUN-1001 : ---------------------------------------------------------------
RUN-1001 : Print Design Property
RUN-1001 : --------------------------------------------------------------
RUN-1001 :        Parameters       |  Settings  |  Default Values  |  Note  
RUN-1001 : --------------------------------------------------------------
RUN-1001 :   default_reg_initial   |    auto    |       auto       |        
RUN-1001 :        infer_add        |     on     |        on        |        
RUN-1001 :        infer_fsm        |    off     |       off        |        
RUN-1001 :        infer_mult       |     on     |        on        |        
RUN-1001 :        infer_ram        |     on     |        on        |        
RUN-1001 :        infer_reg        |     on     |        on        |        
RUN-1001 :   infer_reg_init_value  |     on     |        on        |        
RUN-1001 :        infer_rom        |     on     |        on        |        
RUN-1001 :      infer_shifter      |     on     |        on        |        
RUN-1001 : --------------------------------------------------------------
RUN-1001 : Print Rtl Property
RUN-1001 : --------------------------------------------------------------
RUN-1001 :        Parameters       |  Settings  |  Default Values  |  Note  
RUN-1001 : --------------------------------------------------------------
RUN-1001 :       compress_add      |   ripple   |      ripple      |        
RUN-1001 :        elf_sload        |    off     |       off        |        
RUN-1001 :       fix_undriven      |     0      |        0         |        
RUN-1001 :         flatten         |    off     |       off        |        
RUN-1001 :       gate_sharing      |     on     |        on        |        
RUN-1001 :    hdl_warning_level    |   normal   |      normal      |        
RUN-1001 :   impl_internal_tribuf  |     on     |        on        |        
RUN-1001 :      impl_set_reset     |     on     |        on        |        
RUN-1001 :        infer_gsr        |    off     |       off        |        
RUN-1001 :      keep_hierarchy     |    auto    |       auto       |        
RUN-1001 :        max_fanout       |    9999    |       9999       |        
RUN-1001 :      max_oh2bin_len     |     10     |        10        |        
RUN-1001 :       merge_equal       |     on     |        on        |        
RUN-1001 :       merge_equiv       |     on     |        on        |        
RUN-1001 :        merge_mux        |    off     |       off        |        
RUN-1001 :     min_control_set     |     8      |        8         |        
RUN-1001 :      min_ripple_len     |    auto    |       auto       |        
RUN-1001 :       oh2bin_ratio      |    0.08    |       0.08       |        
RUN-1001 :     opt_adder_fanout    |     on     |        on        |        
RUN-1001 :        opt_arith        |     on     |        on        |        
RUN-1001 :       opt_big_gate      |    off     |       off        |        
RUN-1001 :        opt_const        |     on     |        on        |        
RUN-1001 :      opt_const_mult     |     on     |        on        |        
RUN-1001 :       opt_lessthan      |     on     |        on        |        
RUN-1001 :         opt_mux         |    off     |       off        |        
RUN-1001 :         opt_ram         |    high    |       high       |        
RUN-1001 :      rtl_sim_model      |    off     |       off        |        
RUN-1001 :         seq_syn         |     on     |        on        |        
RUN-1001 : --------------------------------------------------------------
HDL-1007 : analyze verilog file ../../al_ip/SF1_MCU.v
HDL-1007 : analyze verilog file ../../al_ip/pll.v
HDL-1007 : undeclared symbol 'open', assumed default net type 'wire' in ../../al_ip/pll.v(98)
HDL-1007 : analyze verilog file ../../al_ip/rom_weight.v
HDL-1007 : analyze verilog file ../../al_ip/ROM.v
HDL-1007 : analyze verilog file ../../SF1_SOC.v
HDL-1007 : analyze verilog file ../../ahb_pwm.v
HDL-5007 WARNING: identifier 'weight' is used before its declaration in ../../ahb_pwm.v(874)
HDL-5007 WARNING: identifier 'c' is used before its declaration in ../../ahb_pwm.v(875)
HDL-1007 : analyze verilog file ../../gpio_controler.v
HDL-1007 : analyze verilog file ../../vga_show.v
HDL-5007 WARNING: 'sys_rst_n' is not declared in ../../vga_show.v(242)
HDL-5007 WARNING: 'WHITE' is not declared in ../../vga_show.v(249)
HDL-5007 WARNING: 'BLACK' is not declared in ../../vga_show.v(251)
HDL-5007 WARNING: 'RED' is not declared in ../../vga_show.v(253)
HDL-5007 WARNING: 'GREEN' is not declared in ../../vga_show.v(255)
HDL-5007 WARNING: 'BLUE' is not declared in ../../vga_show.v(257)
HDL-5007 WARNING: 'sys_rst_n' is not declared in ../../vga_show.v(242)
HDL-5007 WARNING: 'WHITE' is not declared in ../../vga_show.v(249)
HDL-5007 WARNING: 'BLACK' is not declared in ../../vga_show.v(251)
HDL-5007 WARNING: 'RED' is not declared in ../../vga_show.v(253)
HDL-5007 Similar messages will be suppressed.
RUN-1001 : Project manager successfully analyzed 8 source files.
RUN-1002 : start command "import_device sf1_6.db -package SF1S60CG121I"
ARC-1001 : Device Initialization.
ARC-1001 : -------------------------------------------------
ARC-1001 :       OPTION       |      IO       |   SETTING   
ARC-1001 : -------------------------------------------------
ARC-1001 :        done        |      B4       |    gpio    
ARC-1001 :        initn       |      A5       |    gpio    
ARC-1001 :       jtagen       |      B7       |    gpio    
ARC-1001 :      programn      |      B5       |  dedicate  
ARC-1001 :   tdi/tms/tck/tdo  |  C4/A6/A7/C5  |  dedicate  
ARC-1001 : -------------------------------------------------
ARC-1004 : Device setting, marked 5 dedicate IOs in total.
RUN-1002 : start command "elaborate -top SF1_SOC"
RUN-1001 : Print Design Property
RUN-1001 : --------------------------------------------------------------
RUN-1001 :        Parameters       |  Settings  |  Default Values  |  Note  
RUN-1001 : --------------------------------------------------------------
RUN-1001 :   default_reg_initial   |    auto    |       auto       |        
RUN-1001 :        infer_add        |     on     |        on        |        
RUN-1001 :        infer_fsm        |    off     |       off        |        
RUN-1001 :        infer_mult       |     on     |        on        |        
RUN-1001 :        infer_ram        |     on     |        on        |        
RUN-1001 :        infer_reg        |     on     |        on        |        
RUN-1001 :   infer_reg_init_value  |     on     |        on        |        
RUN-1001 :        infer_rom        |     on     |        on        |        
RUN-1001 :      infer_shifter      |     on     |        on        |        
RUN-1001 : --------------------------------------------------------------
RUN-1001 : Print Rtl Property
RUN-1001 : --------------------------------------------------------------
RUN-1001 :        Parameters       |  Settings  |  Default Values  |  Note  
RUN-1001 : --------------------------------------------------------------
RUN-1001 :       compress_add      |   ripple   |      ripple      |        
RUN-1001 :        elf_sload        |    off     |       off        |        
RUN-1001 :       fix_undriven      |     0      |        0         |        
RUN-1001 :         flatten         |    off     |       off        |        
RUN-1001 :       gate_sharing      |     on     |        on        |        
RUN-1001 :    hdl_warning_level    |   normal   |      normal      |        
RUN-1001 :   impl_internal_tribuf  |     on     |        on        |        
RUN-1001 :      impl_set_reset     |     on     |        on        |        
RUN-1001 :        infer_gsr        |    off     |       off        |        
RUN-1001 :      keep_hierarchy     |    auto    |       auto       |        
RUN-1001 :        max_fanout       |    9999    |       9999       |        
RUN-1001 :      max_oh2bin_len     |     10     |        10        |        
RUN-1001 :       merge_equal       |     on     |        on        |        
RUN-1001 :       merge_equiv       |     on     |        on        |        
RUN-1001 :        merge_mux        |    off     |       off        |        
RUN-1001 :     min_control_set     |     8      |        8         |        
RUN-1001 :      min_ripple_len     |    auto    |       auto       |        
RUN-1001 :       oh2bin_ratio      |    0.08    |       0.08       |        
RUN-1001 :     opt_adder_fanout    |     on     |        on        |        
RUN-1001 :        opt_arith        |     on     |        on        |        
RUN-1001 :       opt_big_gate      |    off     |       off        |        
RUN-1001 :        opt_const        |     on     |        on        |        
RUN-1001 :      opt_const_mult     |     on     |        on        |        
RUN-1001 :       opt_lessthan      |     on     |        on        |        
RUN-1001 :         opt_mux         |    off     |       off        |        
RUN-1001 :         opt_ram         |    high    |       high       |        
RUN-1001 :      rtl_sim_model      |    off     |       off        |        
RUN-1001 :         seq_syn         |     on     |        on        |        
RUN-1001 : --------------------------------------------------------------
RUN-1001 : Print Global Property
RUN-1001 : ---------------------------------------------------------------
RUN-1001 :        Parameters        |  Settings  |  Default Values  |  Note  
RUN-1001 : ---------------------------------------------------------------
RUN-1001 :          message         |  standard  |     standard     |        
RUN-1001 :   mixed_pack_place_flow  |     on     |        on        |        
RUN-1001 :        qor_monitor       |    off     |       off        |        
RUN-1001 :        syn_ip_flow       |    off     |       off        |        
RUN-1001 :          thread          |    auto    |       auto       |        
RUN-1001 : ---------------------------------------------------------------
RUN-1001 : Print Design Property
RUN-1001 : --------------------------------------------------------------
RUN-1001 :        Parameters       |  Settings  |  Default Values  |  Note  
RUN-1001 : --------------------------------------------------------------
RUN-1001 :   default_reg_initial   |    auto    |       auto       |        
RUN-1001 :        infer_add        |     on     |        on        |        
RUN-1001 :        infer_fsm        |    off     |       off        |        
RUN-1001 :        infer_mult       |     on     |        on        |        
RUN-1001 :        infer_ram        |     on     |        on        |        
RUN-1001 :        infer_reg        |     on     |        on        |        
RUN-1001 :   infer_reg_init_value  |     on     |        on        |        
RUN-1001 :        infer_rom        |     on     |        on        |        
RUN-1001 :      infer_shifter      |     on     |        on        |        
RUN-1001 : --------------------------------------------------------------
HDL-5007 WARNING: port 'mtip' remains unconnected for this instance in ../../SF1_SOC.v(91)
HDL-5007 WARNING: port 'vga_frame_sync' remains unconnected for this instance in ../../SF1_SOC.v(171)
HDL-1007 : elaborate module SF1_SOC in ../../SF1_SOC.v(1)
HDL-1007 : elaborate module pll in ../../al_ip/pll.v(23)
HDL-1007 : elaborate module SF1_LOGIC_BUFG in D:/XILINX_EXE/TD_5.6/arch/sf1_macro.v(8)
HDL-1007 : elaborate module SF1_PHY_PLL(FIN="25.000",FBCLK_DIV=4,CLKC0_DIV=10,CLKC1_DIV=40,CLKC0_ENABLE="ENABLE",CLKC1_ENABLE="ENABLE",FEEDBK_PATH="CLKC0_EXT",STDBY_ENABLE="DISABLE",CLKC0_CPHASE=9,CLKC1_CPHASE=39,GMC_GAIN=2,GMC_TEST=9,ICP_CURRENT=9,KVCO=2,LPF_CAPACITOR=1,LPF_RESISTOR=8,SYNC_ENABLE="DISABLE",OFFSET_MODE="EXT",CLKC0_DUTY=0.5,CLKC1_DUTY=0.5,CLKC0_DUTY_INT=5,CLKC1_DUTY_INT=20) in D:/XILINX_EXE/TD_5.6/arch/sf1_macro.v(1374)
HDL-1007 : elaborate module gpio_controler in ../../gpio_controler.v(1)
HDL-5007 WARNING: port 'i' is not connected on this instance in ../../al_ip/SF1_MCU.v(238)
HDL-5007 WARNING: port 'o' remains unconnected for this instance in ../../al_ip/SF1_MCU.v(238)
HDL-5007 WARNING: port 'i' is not connected on this instance in ../../al_ip/SF1_MCU.v(239)
HDL-5007 WARNING: port 'o' remains unconnected for this instance in ../../al_ip/SF1_MCU.v(239)
HDL-5007 WARNING: port 'i' is not connected on this instance in ../../al_ip/SF1_MCU.v(240)
HDL-5007 WARNING: port 'o' remains unconnected for this instance in ../../al_ip/SF1_MCU.v(240)
HDL-5007 WARNING: port 'i' is not connected on this instance in ../../al_ip/SF1_MCU.v(241)
HDL-5007 WARNING: port 'o' remains unconnected for this instance in ../../al_ip/SF1_MCU.v(241)
HDL-5007 WARNING: port 'i' is not connected on this instance in ../../al_ip/SF1_MCU.v(242)
HDL-5007 WARNING: port 'i' is not connected on this instance in ../../al_ip/SF1_MCU.v(243)
HDL-1007 : elaborate module SF1_MCU in ../../al_ip/SF1_MCU.v(14)
HDL-1007 : elaborate module SF1_LOGIC_MCU(RESET_VECTOR=32'b011100000000000000000) in D:/XILINX_EXE/TD_5.6/arch/sf1_macro.v(458)
HDL-1007 : elaborate module SF1_LOGIC_MCU_JTAG in D:/XILINX_EXE/TD_5.6/arch/sf1_macro.v(78)
HDL-1007 : elaborate module SF1_LOGIC_IOTRIBUF in D:/XILINX_EXE/TD_5.6/arch/sf1_macro.v(589)
HDL-1007 : elaborate module SF1_LOGIC_IOBUF in D:/XILINX_EXE/TD_5.6/arch/sf1_macro.v(579)
HDL-1007 : elaborate module SF1_PHY_INTFLASH in D:/XILINX_EXE/TD_5.6/arch/sf1_macro.v(998)
HDL-5007 WARNING: input port 'i' is not connected on this instance in ../../al_ip/SF1_MCU.v(238)
HDL-5007 WARNING: input port 'i' is not connected on this instance in ../../al_ip/SF1_MCU.v(239)
HDL-5007 WARNING: input port 'i' is not connected on this instance in ../../al_ip/SF1_MCU.v(240)
HDL-5007 WARNING: input port 'i' is not connected on this instance in ../../al_ip/SF1_MCU.v(241)
HDL-5007 WARNING: input port 'i' is not connected on this instance in ../../al_ip/SF1_MCU.v(242)
HDL-5007 WARNING: input port 'i' is not connected on this instance in ../../al_ip/SF1_MCU.v(243)
HDL-1007 : elaborate module ahb_pwm in ../../ahb_pwm.v(673)
HDL-1007 : elaborate module rom_weight in ../../al_ip/rom_weight.v(14)
HDL-1007 : elaborate module SF1_LOGIC_BRAM(DATA_WIDTH_A=8,DATA_WIDTH_B=8,ADDR_WIDTH_A=9,ADDR_WIDTH_B=9,DATA_DEPTH_A=480,DATA_DEPTH_B=480,MODE="SP",INIT_FILE="weight.mif") in D:/XILINX_EXE/TD_5.6/arch/sf1_macro.v(1927)
HDL-5007 WARNING: actual bit length 32 differs from formal bit length 9 for port 'addra' in ../../ahb_pwm.v(900)
HDL-5007 WARNING: 'sys_rst_n' is not declared in ../../vga_show.v(242)
HDL-5007 WARNING: 'WHITE' is not declared in ../../vga_show.v(249)
HDL-5007 WARNING: 'BLACK' is not declared in ../../vga_show.v(251)
HDL-5007 WARNING: 'RED' is not declared in ../../vga_show.v(253)
HDL-5007 WARNING: 'GREEN' is not declared in ../../vga_show.v(255)
HDL-5007 WARNING: 'BLUE' is not declared in ../../vga_show.v(257)
HDL-1007 : elaborate module vga_show in ../../vga_show.v(7)
HDL-1007 : elaborate module ROM in ../../al_ip/ROM.v(14)
HDL-1007 : elaborate module SF1_LOGIC_BRAM(DATA_WIDTH_A=8,DATA_WIDTH_B=8,ADDR_WIDTH_B=10,DATA_DEPTH_A=784,DATA_DEPTH_B=784,MODE="SP",INIT_FILE="../../../../../../../CNN/CNN_korea/python/output.mif") in D:/XILINX_EXE/TD_5.6/arch/sf1_macro.v(1927)
HDL-5007 WARNING: actual bit length 14 differs from formal bit length 10 for port 'addra' in ../../vga_show.v(238)
HDL-8007 ERROR: external reference 'sys_rst_n' remains unresolved in ../../vga_show.v(242)
HDL-1007 : module 'vga_show' remains a black box due to errors in its contents in ../../vga_show.v(7)
HDL-5007 WARNING: input port 'nmi' remains unconnected for this instance in ../../SF1_SOC.v(91)
RUN-1002 : start command "backup_run_log run.log ../.logs/syn_1/td_20231113_223902.log"
