============================================================
   Tang Dynasty, V5.6.59063
   Copyright (c) 2012-2022 Anlogic
   Executable = C:/Anlogic/TD5.6.59063/bin/td.exe
   Built at =   12:45:13 Sep  6 2022
   Run by =     zhang
   Run Date =   Sun Sep 18 16:22:40 2022

   Run on =     DESKTOP-DRS13TT
============================================================
RUN-1002 : start command "open_project pwm_demo.prj"
RUN-1001 : Print Global Property
RUN-1001 : ---------------------------------------------------------------
RUN-1001 :        Parameters        |  Settings  |  Default Values  |  Note  
RUN-1001 : ---------------------------------------------------------------
RUN-1001 :          message         |  standard  |     standard     |        
RUN-1001 :   mixed_pack_place_flow  |     on     |        on        |        
RUN-1001 :        qor_monitor       |    off     |       off        |        
RUN-1001 :        syn_ip_flow       |    off     |       off        |        
RUN-1001 :          thread          |    auto    |       auto       |        
RUN-1001 : ---------------------------------------------------------------
RUN-1001 : Print Design Property
RUN-1001 : --------------------------------------------------------------
RUN-1001 :        Parameters       |  Settings  |  Default Values  |  Note  
RUN-1001 : --------------------------------------------------------------
RUN-1001 :   default_reg_initial   |    auto    |       auto       |        
RUN-1001 :        infer_add        |     on     |        on        |        
RUN-1001 :        infer_fsm        |    off     |       off        |        
RUN-1001 :        infer_mult       |     on     |        on        |        
RUN-1001 :        infer_ram        |     on     |        on        |        
RUN-1001 :        infer_reg        |     on     |        on        |        
RUN-1001 :   infer_reg_init_value  |     on     |        on        |        
RUN-1001 :        infer_rom        |     on     |        on        |        
RUN-1001 :      infer_shifter      |     on     |        on        |        
RUN-1001 : --------------------------------------------------------------
RUN-1001 : Print Rtl Property
RUN-1001 : --------------------------------------------------------------
RUN-1001 :        Parameters       |  Settings  |  Default Values  |  Note  
RUN-1001 : --------------------------------------------------------------
RUN-1001 :       compress_add      |   ripple   |      ripple      |        
RUN-1001 :        elf_sload        |    off     |       off        |        
RUN-1001 :       fix_undriven      |     0      |        0         |        
RUN-1001 :         flatten         |    off     |       off        |        
RUN-1001 :       gate_sharing      |     on     |        on        |        
RUN-1001 :    hdl_warning_level    |   normal   |      normal      |        
RUN-1001 :   impl_internal_tribuf  |     on     |        on        |        
RUN-1001 :      impl_set_reset     |     on     |        on        |        
RUN-1001 :        infer_gsr        |    off     |       off        |        
RUN-1001 :      keep_hierarchy     |    auto    |       auto       |        
RUN-1001 :        max_fanout       |    9999    |       9999       |        
RUN-1001 :      max_oh2bin_len     |     10     |        10        |        
RUN-1001 :       merge_equal       |     on     |        on        |        
RUN-1001 :       merge_equiv       |     on     |        on        |        
RUN-1001 :        merge_mux        |    off     |       off        |        
RUN-1001 :     min_control_set     |     8      |        8         |        
RUN-1001 :      min_ripple_len     |    auto    |       auto       |        
RUN-1001 :       oh2bin_ratio      |    0.08    |       0.08       |        
RUN-1001 :     opt_adder_fanout    |     on     |        on        |        
RUN-1001 :        opt_arith        |     on     |        on        |        
RUN-1001 :       opt_big_gate      |    off     |       off        |        
RUN-1001 :        opt_const        |     on     |        on        |        
RUN-1001 :      opt_const_mult     |     on     |        on        |        
RUN-1001 :       opt_lessthan      |     on     |        on        |        
RUN-1001 :         opt_mux         |    off     |       off        |        
RUN-1001 :         opt_ram         |    high    |       high       |        
RUN-1001 :      rtl_sim_model      |    off     |       off        |        
RUN-1001 :         seq_syn         |     on     |        on        |        
RUN-1001 : --------------------------------------------------------------
HDL-1007 : analyze verilog file ../../al_ip/SF1_MCU.v
HDL-1007 : analyze verilog file ../../al_ip/pll.v
HDL-1007 : undeclared symbol 'open', assumed default net type 'wire' in ../../al_ip/pll.v(88)
HDL-1007 : analyze verilog file ../../SF1_SOC.v
HDL-1007 : undeclared symbol 'I_uart_tx', assumed default net type 'wire' in ../../SF1_SOC.v(92)
HDL-1007 : undeclared symbol 'O_uart_rx', assumed default net type 'wire' in ../../SF1_SOC.v(93)
HDL-1007 : analyze verilog file ../../../gpio_controler.v
RUN-1001 : Project manager successfully analyzed 4 source files.
RUN-1002 : start command "import_device sf1_6.db -package SF1S60CG121I"
ARC-1001 : Device Initialization.
ARC-1001 : -------------------------------------------------
ARC-1001 :       OPTION       |      IO       |   SETTING   
ARC-1001 : -------------------------------------------------
ARC-1001 :        done        |      B4       |    gpio    
ARC-1001 :        initn       |      A5       |    gpio    
ARC-1001 :       jtagen       |      B7       |    gpio    
ARC-1001 :      programn      |      B5       |  dedicate  
ARC-1001 :   tdi/tms/tck/tdo  |  C4/A6/A7/C5  |  dedicate  
ARC-1001 : -------------------------------------------------
ARC-1004 : Device setting, marked 5 dedicate IOs in total.
RUN-1002 : start command "elaborate -top SF1_SOC"
RUN-1001 : Print Design Property
RUN-1001 : --------------------------------------------------------------
RUN-1001 :        Parameters       |  Settings  |  Default Values  |  Note  
RUN-1001 : --------------------------------------------------------------
RUN-1001 :   default_reg_initial   |    auto    |       auto       |        
RUN-1001 :        infer_add        |     on     |        on        |        
RUN-1001 :        infer_fsm        |    off     |       off        |        
RUN-1001 :        infer_mult       |     on     |        on        |        
RUN-1001 :        infer_ram        |     on     |        on        |        
RUN-1001 :        infer_reg        |     on     |        on        |        
RUN-1001 :   infer_reg_init_value  |     on     |        on        |        
RUN-1001 :        infer_rom        |     on     |        on        |        
RUN-1001 :      infer_shifter      |     on     |        on        |        
RUN-1001 : --------------------------------------------------------------
RUN-1001 : Print Rtl Property
RUN-1001 : --------------------------------------------------------------
RUN-1001 :        Parameters       |  Settings  |  Default Values  |  Note  
RUN-1001 : --------------------------------------------------------------
RUN-1001 :       compress_add      |   ripple   |      ripple      |        
RUN-1001 :        elf_sload        |    off     |       off        |        
RUN-1001 :       fix_undriven      |     0      |        0         |        
RUN-1001 :         flatten         |    off     |       off        |        
RUN-1001 :       gate_sharing      |     on     |        on        |        
RUN-1001 :    hdl_warning_level    |   normal   |      normal      |        
RUN-1001 :   impl_internal_tribuf  |     on     |        on        |        
RUN-1001 :      impl_set_reset     |     on     |        on        |        
RUN-1001 :        infer_gsr        |    off     |       off        |        
RUN-1001 :      keep_hierarchy     |    auto    |       auto       |        
RUN-1001 :        max_fanout       |    9999    |       9999       |        
RUN-1001 :      max_oh2bin_len     |     10     |        10        |        
RUN-1001 :       merge_equal       |     on     |        on        |        
RUN-1001 :       merge_equiv       |     on     |        on        |        
RUN-1001 :        merge_mux        |    off     |       off        |        
RUN-1001 :     min_control_set     |     8      |        8         |        
RUN-1001 :      min_ripple_len     |    auto    |       auto       |        
RUN-1001 :       oh2bin_ratio      |    0.08    |       0.08       |        
RUN-1001 :     opt_adder_fanout    |     on     |        on        |        
RUN-1001 :        opt_arith        |     on     |        on        |        
RUN-1001 :       opt_big_gate      |    off     |       off        |        
RUN-1001 :        opt_const        |     on     |        on        |        
RUN-1001 :      opt_const_mult     |     on     |        on        |        
RUN-1001 :       opt_lessthan      |     on     |        on        |        
RUN-1001 :         opt_mux         |    off     |       off        |        
RUN-1001 :         opt_ram         |    high    |       high       |        
RUN-1001 :      rtl_sim_model      |    off     |       off        |        
RUN-1001 :         seq_syn         |     on     |        on        |        
RUN-1001 : --------------------------------------------------------------
RUN-1001 : Print Global Property
RUN-1001 : ---------------------------------------------------------------
RUN-1001 :        Parameters        |  Settings  |  Default Values  |  Note  
RUN-1001 : ---------------------------------------------------------------
RUN-1001 :          message         |  standard  |     standard     |        
RUN-1001 :   mixed_pack_place_flow  |     on     |        on        |        
RUN-1001 :        qor_monitor       |    off     |       off        |        
RUN-1001 :        syn_ip_flow       |    off     |       off        |        
RUN-1001 :          thread          |    auto    |       auto       |        
RUN-1001 : ---------------------------------------------------------------
RUN-1001 : Print Design Property
RUN-1001 : --------------------------------------------------------------
RUN-1001 :        Parameters       |  Settings  |  Default Values  |  Note  
RUN-1001 : --------------------------------------------------------------
RUN-1001 :   default_reg_initial   |    auto    |       auto       |        
RUN-1001 :        infer_add        |     on     |        on        |        
RUN-1001 :        infer_fsm        |    off     |       off        |        
RUN-1001 :        infer_mult       |     on     |        on        |        
RUN-1001 :        infer_ram        |     on     |        on        |        
RUN-1001 :        infer_reg        |     on     |        on        |        
RUN-1001 :   infer_reg_init_value  |     on     |        on        |        
RUN-1001 :        infer_rom        |     on     |        on        |        
RUN-1001 :      infer_shifter      |     on     |        on        |        
RUN-1001 : --------------------------------------------------------------
HDL-5007 WARNING: port 'mtip' remains unconnected for this instance in ../../SF1_SOC.v(78)
HDL-1007 : elaborate module SF1_SOC in ../../SF1_SOC.v(1)
HDL-1007 : elaborate module pll in ../../al_ip/pll.v(22)
HDL-1007 : elaborate module SF1_LOGIC_BUFG in C:/Anlogic/TD5.6.59063/arch/sf1_macro.v(8)
HDL-1007 : elaborate module SF1_PHY_PLL(FIN="25.000",FBCLK_DIV=4,CLKC0_DIV=10,CLKC0_ENABLE="ENABLE",FEEDBK_PATH="CLKC0_EXT",STDBY_ENABLE="DISABLE",CLKC0_CPHASE=9,GMC_GAIN=2,GMC_TEST=9,ICP_CURRENT=9,KVCO=2,LPF_CAPACITOR=1,LPF_RESISTOR=8,SYNC_ENABLE="DISABLE",OFFSET_MODE="EXT",CLKC0_DUTY=0.5,CLKC0_DUTY_INT=5) in C:/Anlogic/TD5.6.59063/arch/sf1_macro.v(1374)
HDL-1007 : elaborate module gpio_controler in ../../../gpio_controler.v(1)
HDL-5007 WARNING: port 'i' is not connected on this instance in ../../al_ip/SF1_MCU.v(238)
HDL-5007 WARNING: port 'o' remains unconnected for this instance in ../../al_ip/SF1_MCU.v(238)
HDL-5007 WARNING: port 'i' is not connected on this instance in ../../al_ip/SF1_MCU.v(239)
HDL-5007 WARNING: port 'o' remains unconnected for this instance in ../../al_ip/SF1_MCU.v(239)
HDL-5007 WARNING: port 'i' is not connected on this instance in ../../al_ip/SF1_MCU.v(240)
HDL-5007 WARNING: port 'o' remains unconnected for this instance in ../../al_ip/SF1_MCU.v(240)
HDL-5007 WARNING: port 'i' is not connected on this instance in ../../al_ip/SF1_MCU.v(241)
HDL-5007 WARNING: port 'o' remains unconnected for this instance in ../../al_ip/SF1_MCU.v(241)
HDL-5007 WARNING: port 'i' is not connected on this instance in ../../al_ip/SF1_MCU.v(242)
HDL-5007 WARNING: port 'i' is not connected on this instance in ../../al_ip/SF1_MCU.v(243)
HDL-1007 : elaborate module SF1_MCU in ../../al_ip/SF1_MCU.v(14)
HDL-1007 : elaborate module SF1_LOGIC_MCU(RESET_VECTOR=32'b011100000000000000000) in C:/Anlogic/TD5.6.59063/arch/sf1_macro.v(458)
HDL-1007 : elaborate module SF1_LOGIC_MCU_JTAG in C:/Anlogic/TD5.6.59063/arch/sf1_macro.v(78)
HDL-1007 : elaborate module SF1_LOGIC_IOTRIBUF in C:/Anlogic/TD5.6.59063/arch/sf1_macro.v(589)
HDL-1007 : elaborate module SF1_LOGIC_IOBUF in C:/Anlogic/TD5.6.59063/arch/sf1_macro.v(579)
HDL-1007 : elaborate module SF1_PHY_INTFLASH in C:/Anlogic/TD5.6.59063/arch/sf1_macro.v(998)
HDL-5007 WARNING: input port 'i' is not connected on this instance in ../../al_ip/SF1_MCU.v(238)
HDL-5007 WARNING: input port 'i' is not connected on this instance in ../../al_ip/SF1_MCU.v(239)
HDL-5007 WARNING: input port 'i' is not connected on this instance in ../../al_ip/SF1_MCU.v(240)
HDL-5007 WARNING: input port 'i' is not connected on this instance in ../../al_ip/SF1_MCU.v(241)
HDL-5007 WARNING: input port 'i' is not connected on this instance in ../../al_ip/SF1_MCU.v(242)
HDL-5007 WARNING: input port 'i' is not connected on this instance in ../../al_ip/SF1_MCU.v(243)
HDL-5007 WARNING: net 'O_uart_rx' does not have a driver in ../../SF1_SOC.v(93)
HDL-5007 WARNING: input port 'hclk' remains unconnected for this instance in ../../SF1_SOC.v(78)
HDL-1200 : Current top model is SF1_SOC
HDL-1100 : Inferred 0 RAMs.
RUN-1002 : start command "export_db pwm_demo_elaborate.db"
RUN-1001 : Exported /
RUN-1001 : Exported flow parameters
RUN-1001 : Exported libs
RUN-1001 : Exported entities
RUN-1001 : Exported ports
RUN-1001 : Exported pins
RUN-1001 : Exported instances
RUN-1001 : Exported nets
RUN-1001 : Exported buses
RUN-1001 : Exported models
RUN-1001 : Exported congestions
RUN-1001 : Exported violations
RUN-1001 : Exported IO constraints
RUN-1001 : Exported Inst constraints
RUN-1002 : start command "read_adc"
USR-1002 : read_adc file_name -trans <string> -help
USR-6010 WARNING: ADC constraints: top model pin I_clk_25m has no constraint.
USR-6010 WARNING: ADC constraints: top model pin I_jtag_tck has no constraint.
USR-6010 WARNING: ADC constraints: top model pin I_jtag_tdi has no constraint.
USR-6010 WARNING: ADC constraints: top model pin I_jtag_tms has no constraint.
USR-6010 WARNING: ADC constraints: top model pin I_rst_n has no constraint.
USR-6010 WARNING: ADC constraints: top model pin I_uart_rx has no constraint.
USR-6010 WARNING: ADC constraints: top model pin O_jtag_tdo has no constraint.
USR-6010 WARNING: ADC constraints: top model pin O_led0 has no constraint.
USR-6010 WARNING: ADC constraints: top model pin O_led1 has no constraint.
USR-6010 WARNING: ADC constraints: top model pin O_led2 has no constraint.
USR-6010 Similar messages will be suppressed.
RUN-1002 : start command "optimize_rtl"
RUN-1001 : Open license file C:/Anlogic/TD5.6.59063/license/Anlogic.lic
RUN-1001 : Print Global Property
RUN-1001 : ---------------------------------------------------------------
RUN-1001 :        Parameters        |  Settings  |  Default Values  |  Note  
RUN-1001 : ---------------------------------------------------------------
RUN-1001 :          message         |  standard  |     standard     |        
RUN-1001 :   mixed_pack_place_flow  |     on     |        on        |        
RUN-1001 :        qor_monitor       |    off     |       off        |        
RUN-1001 :        syn_ip_flow       |    off     |       off        |        
RUN-1001 :          thread          |    auto    |       auto       |        
RUN-1001 : ---------------------------------------------------------------
RUN-1001 : Print Rtl Property
RUN-1001 : --------------------------------------------------------------
RUN-1001 :        Parameters       |  Settings  |  Default Values  |  Note  
RUN-1001 : --------------------------------------------------------------
RUN-1001 :       compress_add      |   ripple   |      ripple      |        
RUN-1001 :        elf_sload        |    off     |       off        |        
RUN-1001 :       fix_undriven      |     0      |        0         |        
RUN-1001 :         flatten         |    off     |       off        |        
RUN-1001 :       gate_sharing      |     on     |        on        |        
RUN-1001 :    hdl_warning_level    |   normal   |      normal      |        
RUN-1001 :   impl_internal_tribuf  |     on     |        on        |        
RUN-1001 :      impl_set_reset     |     on     |        on        |        
RUN-1001 :        infer_gsr        |    off     |       off        |        
RUN-1001 :      keep_hierarchy     |    auto    |       auto       |        
RUN-1001 :        max_fanout       |    9999    |       9999       |        
RUN-1001 :      max_oh2bin_len     |     10     |        10        |        
RUN-1001 :       merge_equal       |     on     |        on        |        
RUN-1001 :       merge_equiv       |     on     |        on        |        
RUN-1001 :        merge_mux        |    off     |       off        |        
RUN-1001 :     min_control_set     |     8      |        8         |        
RUN-1001 :      min_ripple_len     |    auto    |       auto       |        
RUN-1001 :       oh2bin_ratio      |    0.08    |       0.08       |        
RUN-1001 :     opt_adder_fanout    |     on     |        on        |        
RUN-1001 :        opt_arith        |     on     |        on        |        
RUN-1001 :       opt_big_gate      |    off     |       off        |        
RUN-1001 :        opt_const        |     on     |        on        |        
RUN-1001 :      opt_const_mult     |     on     |        on        |        
RUN-1001 :       opt_lessthan      |     on     |        on        |        
RUN-1001 :         opt_mux         |    off     |       off        |        
RUN-1001 :         opt_ram         |    high    |       high       |        
RUN-1001 :      rtl_sim_model      |    off     |       off        |        
RUN-1001 :         seq_syn         |     on     |        on        |        
RUN-1001 : --------------------------------------------------------------
SYN-1012 : SanityCheck: Model "SF1_SOC"
SYN-1012 : SanityCheck: Model "gpio_controler"
SYN-1012 : SanityCheck: Model "SF1_MCU"
SYN-1012 : SanityCheck: Model "pll"
SYN-1043 : Mark pll as IO macro for instance bufg_feedback
SYN-1043 : Mark SF1_MCU as IO macro for instance u4
SYN-1043 : Mark gpio_controler as IO macro for instance IO_gpio_i
SYN-1011 : Flatten model SF1_SOC
SYN-1032 : 120/258 useful/useless nets, 22/0 useful/useless insts
SYN-1016 : Merged 2 instances.
SYN-5013 WARNING: Undriven net: model "SF1_SOC" / net "u_SF1_MCU/apb_prdata_down[31]" in ../../al_ip/SF1_MCU.v(102)
SYN-5014 WARNING: the net's pin: pin "apb_prdata[31]" in ../../al_ip/SF1_MCU.v(127)
SYN-5013 WARNING: Undriven net: model "SF1_SOC" / net "u_SF1_MCU/apb_prdata_down[30]" in ../../al_ip/SF1_MCU.v(102)
SYN-5014 WARNING: the net's pin: pin "apb_prdata[30]" in ../../al_ip/SF1_MCU.v(127)
SYN-5013 WARNING: Undriven net: model "SF1_SOC" / net "u_SF1_MCU/apb_prdata_down[29]" in ../../al_ip/SF1_MCU.v(102)
SYN-5014 WARNING: the net's pin: pin "apb_prdata[29]" in ../../al_ip/SF1_MCU.v(127)
SYN-5013 WARNING: Undriven net: model "SF1_SOC" / net "u_SF1_MCU/apb_prdata_down[28]" in ../../al_ip/SF1_MCU.v(102)
SYN-5014 WARNING: the net's pin: pin "apb_prdata[28]" in ../../al_ip/SF1_MCU.v(127)
SYN-5013 WARNING: Undriven net: model "SF1_SOC" / net "u_SF1_MCU/apb_prdata_down[27]" in ../../al_ip/SF1_MCU.v(102)
SYN-5014 WARNING: the net's pin: pin "apb_prdata[27]" in ../../al_ip/SF1_MCU.v(127)
SYN-5013 WARNING: Undriven net: model "SF1_SOC" / net "u_SF1_MCU/apb_prdata_down[26]" in ../../al_ip/SF1_MCU.v(102)
SYN-5014 WARNING: the net's pin: pin "apb_prdata[26]" in ../../al_ip/SF1_MCU.v(127)
SYN-5013 WARNING: Undriven net: model "SF1_SOC" / net "u_SF1_MCU/apb_prdata_down[25]" in ../../al_ip/SF1_MCU.v(102)
SYN-5014 WARNING: the net's pin: pin "apb_prdata[25]" in ../../al_ip/SF1_MCU.v(127)
SYN-5013 WARNING: Undriven net: model "SF1_SOC" / net "u_SF1_MCU/apb_prdata_down[24]" in ../../al_ip/SF1_MCU.v(102)
SYN-5014 WARNING: the net's pin: pin "apb_prdata[24]" in ../../al_ip/SF1_MCU.v(127)
SYN-5013 WARNING: Undriven net: model "SF1_SOC" / net "u_SF1_MCU/apb_prdata_down[23]" in ../../al_ip/SF1_MCU.v(102)
SYN-5014 WARNING: the net's pin: pin "apb_prdata[23]" in ../../al_ip/SF1_MCU.v(127)
SYN-5013 WARNING: Undriven net: model "SF1_SOC" / net "u_SF1_MCU/apb_prdata_down[22]" in ../../al_ip/SF1_MCU.v(102)
SYN-5014 WARNING: the net's pin: pin "apb_prdata[22]" in ../../al_ip/SF1_MCU.v(127)
SYN-5013 WARNING: Undriven net: model "SF1_SOC" / net "u_SF1_MCU/apb_prdata_down[21]" in ../../al_ip/SF1_MCU.v(102)
SYN-5014 WARNING: the net's pin: pin "apb_prdata[21]" in ../../al_ip/SF1_MCU.v(127)
SYN-5013 WARNING: Undriven net: model "SF1_SOC" / net "u_SF1_MCU/apb_prdata_down[20]" in ../../al_ip/SF1_MCU.v(102)
SYN-5014 WARNING: the net's pin: pin "apb_prdata[20]" in ../../al_ip/SF1_MCU.v(127)
SYN-5013 WARNING: Undriven net: model "SF1_SOC" / net "u_SF1_MCU/apb_prdata_down[19]" in ../../al_ip/SF1_MCU.v(102)
SYN-5014 WARNING: the net's pin: pin "apb_prdata[19]" in ../../al_ip/SF1_MCU.v(127)
SYN-5013 WARNING: Undriven net: model "SF1_SOC" / net "u_SF1_MCU/apb_prdata_down[18]" in ../../al_ip/SF1_MCU.v(102)
SYN-5014 WARNING: the net's pin: pin "apb_prdata[18]" in ../../al_ip/SF1_MCU.v(127)
SYN-5013 WARNING: Undriven net: model "SF1_SOC" / net "u_SF1_MCU/apb_prdata_down[17]" in ../../al_ip/SF1_MCU.v(102)
SYN-5014 WARNING: the net's pin: pin "apb_prdata[17]" in ../../al_ip/SF1_MCU.v(127)
SYN-5013 WARNING: Undriven net: model "SF1_SOC" / net "u_SF1_MCU/apb_prdata_down[16]" in ../../al_ip/SF1_MCU.v(102)
SYN-5014 WARNING: the net's pin: pin "apb_prdata[16]" in ../../al_ip/SF1_MCU.v(127)
SYN-5013 WARNING: Undriven net: model "SF1_SOC" / net "u_SF1_MCU/apb_prdata_down[15]" in ../../al_ip/SF1_MCU.v(102)
SYN-5014 WARNING: the net's pin: pin "apb_prdata[15]" in ../../al_ip/SF1_MCU.v(127)
SYN-5013 WARNING: Undriven net: model "SF1_SOC" / net "u_SF1_MCU/apb_prdata_down[14]" in ../../al_ip/SF1_MCU.v(102)
SYN-5014 WARNING: the net's pin: pin "apb_prdata[14]" in ../../al_ip/SF1_MCU.v(127)
SYN-5013 WARNING: Undriven net: model "SF1_SOC" / net "u_SF1_MCU/apb_prdata_down[13]" in ../../al_ip/SF1_MCU.v(102)
SYN-5014 WARNING: the net's pin: pin "apb_prdata[13]" in ../../al_ip/SF1_MCU.v(127)
SYN-5013 WARNING: Undriven net: model "SF1_SOC" / net "u_SF1_MCU/apb_prdata_down[12]" in ../../al_ip/SF1_MCU.v(102)
SYN-5014 WARNING: the net's pin: pin "apb_prdata[12]" in ../../al_ip/SF1_MCU.v(127)
SYN-5013 WARNING: Undriven net: model "SF1_SOC" / net "u_SF1_MCU/apb_prdata_down[11]" in ../../al_ip/SF1_MCU.v(102)
SYN-5014 WARNING: the net's pin: pin "apb_prdata[11]" in ../../al_ip/SF1_MCU.v(127)
SYN-5013 WARNING: Undriven net: model "SF1_SOC" / net "u_SF1_MCU/apb_prdata_down[10]" in ../../al_ip/SF1_MCU.v(102)
SYN-5014 WARNING: the net's pin: pin "apb_prdata[10]" in ../../al_ip/SF1_MCU.v(127)
SYN-5013 WARNING: Undriven net: model "SF1_SOC" / net "u_SF1_MCU/apb_prdata_down[9]" in ../../al_ip/SF1_MCU.v(102)
SYN-5014 WARNING: the net's pin: pin "apb_prdata[9]" in ../../al_ip/SF1_MCU.v(127)
SYN-5013 WARNING: Undriven net: model "SF1_SOC" / net "u_SF1_MCU/apb_prdata_down[8]" in ../../al_ip/SF1_MCU.v(102)
SYN-5014 WARNING: the net's pin: pin "apb_prdata[8]" in ../../al_ip/SF1_MCU.v(127)
SYN-5013 WARNING: Undriven net: model "SF1_SOC" / net "u_SF1_MCU/apb_prdata_down[7]" in ../../al_ip/SF1_MCU.v(102)
SYN-5014 WARNING: the net's pin: pin "apb_prdata[7]" in ../../al_ip/SF1_MCU.v(127)
SYN-5013 WARNING: Undriven net: model "SF1_SOC" / net "u_SF1_MCU/apb_prdata_down[6]" in ../../al_ip/SF1_MCU.v(102)
SYN-5014 WARNING: the net's pin: pin "apb_prdata[6]" in ../../al_ip/SF1_MCU.v(127)
SYN-5013 WARNING: Undriven net: model "SF1_SOC" / net "u_SF1_MCU/apb_prdata_down[5]" in ../../al_ip/SF1_MCU.v(102)
SYN-5014 WARNING: the net's pin: pin "apb_prdata[5]" in ../../al_ip/SF1_MCU.v(127)
SYN-5013 WARNING: Undriven net: model "SF1_SOC" / net "u_SF1_MCU/apb_prdata_down[4]" in ../../al_ip/SF1_MCU.v(102)
SYN-5014 WARNING: the net's pin: pin "apb_prdata[4]" in ../../al_ip/SF1_MCU.v(127)
SYN-5013 WARNING: Undriven net: model "SF1_SOC" / net "u_SF1_MCU/apb_prdata_down[3]" in ../../al_ip/SF1_MCU.v(102)
SYN-5014 WARNING: the net's pin: pin "apb_prdata[3]" in ../../al_ip/SF1_MCU.v(127)
SYN-5013 WARNING: Undriven net: model "SF1_SOC" / net "u_SF1_MCU/apb_prdata_down[2]" in ../../al_ip/SF1_MCU.v(102)
SYN-5014 WARNING: the net's pin: pin "apb_prdata[2]" in ../../al_ip/SF1_MCU.v(127)
SYN-5013 WARNING: Undriven net: model "SF1_SOC" / net "u_SF1_MCU/apb_prdata_down[1]" in ../../al_ip/SF1_MCU.v(102)
SYN-5014 WARNING: the net's pin: pin "apb_prdata[1]" in ../../al_ip/SF1_MCU.v(127)
SYN-5013 WARNING: Undriven net: model "SF1_SOC" / net "u_SF1_MCU/apb_prdata_down[0]" in ../../al_ip/SF1_MCU.v(102)
SYN-5014 WARNING: the net's pin: pin "apb_prdata[0]" in ../../al_ip/SF1_MCU.v(127)
SYN-5013 WARNING: Undriven net: model "SF1_SOC" / net "u_SF1_MCU/clic_irq[15]" in ../../al_ip/SF1_MCU.v(99)
SYN-5014 WARNING: the net's pin: pin "clic_irq[15]" in ../../al_ip/SF1_MCU.v(127)
SYN-5013 WARNING: Undriven net: model "SF1_SOC" / net "u_SF1_MCU/clic_irq[14]" in ../../al_ip/SF1_MCU.v(99)
SYN-5014 WARNING: the net's pin: pin "clic_irq[14]" in ../../al_ip/SF1_MCU.v(127)
SYN-5013 WARNING: Undriven net: model "SF1_SOC" / net "u_SF1_MCU/clic_irq[13]" in ../../al_ip/SF1_MCU.v(99)
SYN-5014 WARNING: the net's pin: pin "clic_irq[13]" in ../../al_ip/SF1_MCU.v(127)
SYN-5013 WARNING: Undriven net: model "SF1_SOC" / net "u_SF1_MCU/clic_irq[12]" in ../../al_ip/SF1_MCU.v(99)
SYN-5014 WARNING: the net's pin: pin "clic_irq[12]" in ../../al_ip/SF1_MCU.v(127)
SYN-5013 WARNING: Undriven net: model "SF1_SOC" / net "u_SF1_MCU/clic_irq[11]" in ../../al_ip/SF1_MCU.v(99)
SYN-5014 WARNING: the net's pin: pin "clic_irq[11]" in ../../al_ip/SF1_MCU.v(127)
SYN-5013 WARNING: Undriven net: model "SF1_SOC" / net "u_SF1_MCU/clic_irq[10]" in ../../al_ip/SF1_MCU.v(99)
SYN-5014 WARNING: the net's pin: pin "clic_irq[10]" in ../../al_ip/SF1_MCU.v(127)
SYN-5013 WARNING: Undriven net: model "SF1_SOC" / net "u_SF1_MCU/clic_irq[9]" in ../../al_ip/SF1_MCU.v(99)
SYN-5014 WARNING: the net's pin: pin "clic_irq[9]" in ../../al_ip/SF1_MCU.v(127)
SYN-5013 WARNING: Undriven net: model "SF1_SOC" / net "u_SF1_MCU/clic_irq[8]" in ../../al_ip/SF1_MCU.v(99)
SYN-5014 WARNING: the net's pin: pin "clic_irq[8]" in ../../al_ip/SF1_MCU.v(127)
SYN-5013 WARNING: Undriven net: model "SF1_SOC" / net "u_SF1_MCU/clic_irq[7]" in ../../al_ip/SF1_MCU.v(99)
SYN-5014 WARNING: the net's pin: pin "clic_irq[7]" in ../../al_ip/SF1_MCU.v(127)
SYN-5013 WARNING: Undriven net: model "SF1_SOC" / net "u_SF1_MCU/clic_irq[6]" in ../../al_ip/SF1_MCU.v(99)
SYN-5014 WARNING: the net's pin: pin "clic_irq[6]" in ../../al_ip/SF1_MCU.v(127)
SYN-5013 WARNING: Undriven net: model "SF1_SOC" / net "u_SF1_MCU/clic_irq[5]" in ../../al_ip/SF1_MCU.v(99)
SYN-5014 WARNING: the net's pin: pin "clic_irq[5]" in ../../al_ip/SF1_MCU.v(127)
SYN-5013 WARNING: Undriven net: model "SF1_SOC" / net "u_SF1_MCU/clic_irq[4]" in ../../al_ip/SF1_MCU.v(99)
SYN-5014 WARNING: the net's pin: pin "clic_irq[4]" in ../../al_ip/SF1_MCU.v(127)
SYN-5013 WARNING: Undriven net: model "SF1_SOC" / net "u_SF1_MCU/clic_irq[3]" in ../../al_ip/SF1_MCU.v(99)
SYN-5014 WARNING: the net's pin: pin "clic_irq[3]" in ../../al_ip/SF1_MCU.v(127)
SYN-5013 WARNING: Undriven net: model "SF1_SOC" / net "u_SF1_MCU/clic_irq[2]" in ../../al_ip/SF1_MCU.v(99)
SYN-5014 WARNING: the net's pin: pin "clic_irq[2]" in ../../al_ip/SF1_MCU.v(127)
SYN-5013 WARNING: Undriven net: model "SF1_SOC" / net "u_SF1_MCU/clic_irq[1]" in ../../al_ip/SF1_MCU.v(99)
SYN-5014 WARNING: the net's pin: pin "clic_irq[1]" in ../../al_ip/SF1_MCU.v(127)
SYN-5013 WARNING: Undriven net: model "SF1_SOC" / net "u_SF1_MCU/clic_irq[0]" in ../../al_ip/SF1_MCU.v(99)
SYN-5014 WARNING: the net's pin: pin "clic_irq[0]" in ../../al_ip/SF1_MCU.v(127)
SYN-5013 WARNING: Undriven net: model "SF1_SOC" / net "u_SF1_MCU/hrdata[31]" in ../../al_ip/SF1_MCU.v(80)
SYN-5014 WARNING: the net's pin: pin "hrdata[31]" in ../../al_ip/SF1_MCU.v(127)
SYN-5013 WARNING: Undriven net: model "SF1_SOC" / net "u_SF1_MCU/hrdata[30]" in ../../al_ip/SF1_MCU.v(80)
SYN-5014 WARNING: the net's pin: pin "hrdata[30]" in ../../al_ip/SF1_MCU.v(127)
SYN-5013 WARNING: Undriven net: model "SF1_SOC" / net "u_SF1_MCU/hrdata[29]" in ../../al_ip/SF1_MCU.v(80)
SYN-5014 WARNING: the net's pin: pin "hrdata[29]" in ../../al_ip/SF1_MCU.v(127)
SYN-5013 WARNING: Undriven net: model "SF1_SOC" / net "u_SF1_MCU/hrdata[28]" in ../../al_ip/SF1_MCU.v(80)
SYN-5014 WARNING: the net's pin: pin "hrdata[28]" in ../../al_ip/SF1_MCU.v(127)
SYN-5013 WARNING: Undriven net: model "SF1_SOC" / net "u_SF1_MCU/hrdata[27]" in ../../al_ip/SF1_MCU.v(80)
SYN-5014 WARNING: the net's pin: pin "hrdata[27]" in ../../al_ip/SF1_MCU.v(127)
SYN-5013 WARNING: Undriven net: model "SF1_SOC" / net "u_SF1_MCU/hrdata[26]" in ../../al_ip/SF1_MCU.v(80)
SYN-5014 WARNING: the net's pin: pin "hrdata[26]" in ../../al_ip/SF1_MCU.v(127)
SYN-5013 WARNING: Undriven net: model "SF1_SOC" / net "u_SF1_MCU/hrdata[25]" in ../../al_ip/SF1_MCU.v(80)
SYN-5014 WARNING: the net's pin: pin "hrdata[25]" in ../../al_ip/SF1_MCU.v(127)
SYN-5013 WARNING: Undriven net: model "SF1_SOC" / net "u_SF1_MCU/hrdata[24]" in ../../al_ip/SF1_MCU.v(80)
SYN-5014 WARNING: the net's pin: pin "hrdata[24]" in ../../al_ip/SF1_MCU.v(127)
SYN-5013 WARNING: Undriven net: model "SF1_SOC" / net "u_SF1_MCU/hrdata[23]" in ../../al_ip/SF1_MCU.v(80)
SYN-5014 WARNING: the net's pin: pin "hrdata[23]" in ../../al_ip/SF1_MCU.v(127)
SYN-5013 WARNING: Undriven net: model "SF1_SOC" / net "u_SF1_MCU/hrdata[22]" in ../../al_ip/SF1_MCU.v(80)
SYN-5014 WARNING: the net's pin: pin "hrdata[22]" in ../../al_ip/SF1_MCU.v(127)
SYN-5013 WARNING: Undriven net: model "SF1_SOC" / net "u_SF1_MCU/hrdata[21]" in ../../al_ip/SF1_MCU.v(80)
SYN-5014 WARNING: the net's pin: pin "hrdata[21]" in ../../al_ip/SF1_MCU.v(127)
SYN-5013 WARNING: Undriven net: model "SF1_SOC" / net "u_SF1_MCU/hrdata[20]" in ../../al_ip/SF1_MCU.v(80)
SYN-5014 WARNING: the net's pin: pin "hrdata[20]" in ../../al_ip/SF1_MCU.v(127)
SYN-5013 WARNING: Undriven net: model "SF1_SOC" / net "u_SF1_MCU/hrdata[19]" in ../../al_ip/SF1_MCU.v(80)
SYN-5014 WARNING: the net's pin: pin "hrdata[19]" in ../../al_ip/SF1_MCU.v(127)
SYN-5013 WARNING: Undriven net: model "SF1_SOC" / net "u_SF1_MCU/hrdata[18]" in ../../al_ip/SF1_MCU.v(80)
SYN-5014 WARNING: the net's pin: pin "hrdata[18]" in ../../al_ip/SF1_MCU.v(127)
SYN-5013 WARNING: Undriven net: model "SF1_SOC" / net "u_SF1_MCU/hrdata[17]" in ../../al_ip/SF1_MCU.v(80)
SYN-5014 WARNING: the net's pin: pin "hrdata[17]" in ../../al_ip/SF1_MCU.v(127)
SYN-5013 WARNING: Undriven net: model "SF1_SOC" / net "u_SF1_MCU/hrdata[16]" in ../../al_ip/SF1_MCU.v(80)
SYN-5014 WARNING: the net's pin: pin "hrdata[16]" in ../../al_ip/SF1_MCU.v(127)
SYN-5013 WARNING: Undriven net: model "SF1_SOC" / net "u_SF1_MCU/hrdata[15]" in ../../al_ip/SF1_MCU.v(80)
SYN-5014 WARNING: the net's pin: pin "hrdata[15]" in ../../al_ip/SF1_MCU.v(127)
SYN-5013 WARNING: Undriven net: model "SF1_SOC" / net "u_SF1_MCU/hrdata[14]" in ../../al_ip/SF1_MCU.v(80)
SYN-5014 WARNING: the net's pin: pin "hrdata[14]" in ../../al_ip/SF1_MCU.v(127)
SYN-5013 WARNING: Undriven net: model "SF1_SOC" / net "u_SF1_MCU/hrdata[13]" in ../../al_ip/SF1_MCU.v(80)
SYN-5014 WARNING: the net's pin: pin "hrdata[13]" in ../../al_ip/SF1_MCU.v(127)
SYN-5013 WARNING: Undriven net: model "SF1_SOC" / net "u_SF1_MCU/hrdata[12]" in ../../al_ip/SF1_MCU.v(80)
SYN-5014 WARNING: the net's pin: pin "hrdata[12]" in ../../al_ip/SF1_MCU.v(127)
SYN-5013 WARNING: Undriven net: model "SF1_SOC" / net "u_SF1_MCU/hrdata[11]" in ../../al_ip/SF1_MCU.v(80)
SYN-5014 WARNING: the net's pin: pin "hrdata[11]" in ../../al_ip/SF1_MCU.v(127)
SYN-5013 WARNING: Undriven net: model "SF1_SOC" / net "u_SF1_MCU/hrdata[10]" in ../../al_ip/SF1_MCU.v(80)
SYN-5014 WARNING: the net's pin: pin "hrdata[10]" in ../../al_ip/SF1_MCU.v(127)
SYN-5013 WARNING: Undriven net: model "SF1_SOC" / net "u_SF1_MCU/hrdata[9]" in ../../al_ip/SF1_MCU.v(80)
SYN-5014 WARNING: the net's pin: pin "hrdata[9]" in ../../al_ip/SF1_MCU.v(127)
SYN-5013 WARNING: Undriven net: model "SF1_SOC" / net "u_SF1_MCU/hrdata[8]" in ../../al_ip/SF1_MCU.v(80)
SYN-5014 WARNING: the net's pin: pin "hrdata[8]" in ../../al_ip/SF1_MCU.v(127)
SYN-5013 WARNING: Undriven net: model "SF1_SOC" / net "u_SF1_MCU/hrdata[7]" in ../../al_ip/SF1_MCU.v(80)
SYN-5014 WARNING: the net's pin: pin "hrdata[7]" in ../../al_ip/SF1_MCU.v(127)
SYN-5013 WARNING: Undriven net: model "SF1_SOC" / net "u_SF1_MCU/hrdata[6]" in ../../al_ip/SF1_MCU.v(80)
SYN-5014 WARNING: the net's pin: pin "hrdata[6]" in ../../al_ip/SF1_MCU.v(127)
SYN-5013 WARNING: Undriven net: model "SF1_SOC" / net "u_SF1_MCU/hrdata[5]" in ../../al_ip/SF1_MCU.v(80)
SYN-5014 WARNING: the net's pin: pin "hrdata[5]" in ../../al_ip/SF1_MCU.v(127)
SYN-5013 WARNING: Undriven net: model "SF1_SOC" / net "u_SF1_MCU/hrdata[4]" in ../../al_ip/SF1_MCU.v(80)
SYN-5014 WARNING: the net's pin: pin "hrdata[4]" in ../../al_ip/SF1_MCU.v(127)
SYN-5013 WARNING: Undriven net: model "SF1_SOC" / net "u_SF1_MCU/hrdata[3]" in ../../al_ip/SF1_MCU.v(80)
SYN-5014 WARNING: the net's pin: pin "hrdata[3]" in ../../al_ip/SF1_MCU.v(127)
SYN-5013 WARNING: Undriven net: model "SF1_SOC" / net "u_SF1_MCU/hrdata[2]" in ../../al_ip/SF1_MCU.v(80)
SYN-5014 WARNING: the net's pin: pin "hrdata[2]" in ../../al_ip/SF1_MCU.v(127)
SYN-5013 WARNING: Undriven net: model "SF1_SOC" / net "u_SF1_MCU/hrdata[1]" in ../../al_ip/SF1_MCU.v(80)
SYN-5014 WARNING: the net's pin: pin "hrdata[1]" in ../../al_ip/SF1_MCU.v(127)
SYN-5013 WARNING: Undriven net: model "SF1_SOC" / net "u_SF1_MCU/hrdata[0]" in ../../al_ip/SF1_MCU.v(80)
SYN-5014 WARNING: the net's pin: pin "hrdata[0]" in ../../al_ip/SF1_MCU.v(127)
SYN-5013 WARNING: Undriven net: model "SF1_SOC" / net "u_SF1_MCU/hresp[1]" in ../../al_ip/SF1_MCU.v(81)
SYN-5014 WARNING: the net's pin: pin "hresp[1]" in ../../al_ip/SF1_MCU.v(127)
SYN-5013 WARNING: Undriven net: model "SF1_SOC" / net "u_SF1_MCU/hresp[0]" in ../../al_ip/SF1_MCU.v(81)
SYN-5014 WARNING: the net's pin: pin "hresp[0]" in ../../al_ip/SF1_MCU.v(127)
SYN-5013 WARNING: Undriven net: model "SF1_SOC" / net "u_SF1_MCU/apb_pready_down" in ../../al_ip/SF1_MCU.v(109)
SYN-5014 WARNING: the net's pin: pin "apb_pready_i" in ../../al_ip/SF1_MCU.v(127)
SYN-5013 WARNING: Undriven net: model "SF1_SOC" / net "u_SF1_MCU/apb_pslverr_down" in ../../al_ip/SF1_MCU.v(108)
SYN-5014 WARNING: the net's pin: pin "apb_pslverr_i" in ../../al_ip/SF1_MCU.v(127)
SYN-5013 WARNING: Undriven net: model "SF1_SOC" / net "u_SF1_MCU/hclk" in ../../al_ip/SF1_MCU.v(79)
SYN-5014 WARNING: the net's pin: pin "hclk" in ../../al_ip/SF1_MCU.v(127)
SYN-5013 WARNING: Undriven net: model "SF1_SOC" / net "u_SF1_MCU/hready" in ../../al_ip/SF1_MCU.v(82)
SYN-5014 WARNING: the net's pin: pin "hready" in ../../al_ip/SF1_MCU.v(127)
SYN-5013 WARNING: Undriven net: model "SF1_SOC" / net "u_SF1_MCU/nmi" in ../../al_ip/SF1_MCU.v(98)
SYN-5014 WARNING: the net's pin: pin "nmi" in ../../al_ip/SF1_MCU.v(127)
SYN-5013 WARNING: Undriven net: model "SF1_SOC" / net "u_SF1_MCU/uart_rx" in ../../al_ip/SF1_MCU.v(84)
SYN-5014 WARNING: the net's pin: pin "uart_rx" in ../../al_ip/SF1_MCU.v(127)
SYN-5025 WARNING: Using 0 for all undriven pins and nets
SYN-1032 : 26/1 useful/useless nets, 17/0 useful/useless insts
SYN-1014 : Optimize round 1
SYN-1015 : Optimize round 1, 0 better
SYN-1014 : Optimize round 1
SYN-1015 : Optimize round 1, 0 better
RUN-1002 : start command "report_area -file pwm_demo_rtl.area"
RUN-1001 : standard
***Report Model: SF1_SOC Device: SF1S60CG121I***

IO Statistics
#IO                        11
  #input                    6
  #output                   5
  #inout                    0

Gate Statistics
#Basic gates                4
  #and                      0
  #nand                     0
  #or                       0
  #nor                      0
  #xor                      0
  #xnor                     0
  #buf                      0
  #not                      1
  #bufif1                   3
  #MX21                     0
  #FADD                     0
  #DFF                      0
  #LATCH                    0
#MACRO_OTHERS               7

Report Hierarchy Area:
+------------------------------------------------------------+
|Instance            |Module         |gates  |seq    |macros |
+------------------------------------------------------------+
|top                 |SF1_SOC        |4      |0      |7      |
|  u0_gpio_controler |gpio_controler |1      |0      |0      |
|  u1_gpio_controler |gpio_controler |1      |0      |0      |
|  u2_gpio_controler |gpio_controler |1      |0      |0      |
|  u_SF1_MCU         |SF1_MCU        |0      |0      |6      |
|  u_pll             |pll            |0      |0      |1      |
+------------------------------------------------------------+

RUN-1002 : start command "export_db pwm_demo_rtl.db"
RUN-1001 : Exported /
RUN-1001 : Exported flow parameters
RUN-1001 : Exported libs
RUN-1001 : Exported entities
RUN-1001 : Exported ports
RUN-1001 : Exported pins
RUN-1001 : Exported instances
RUN-1001 : Exported nets
RUN-1001 : Exported buses
RUN-1001 : Exported models
RUN-1001 : Exported congestions
RUN-1001 : Exported violations
RUN-1001 : Exported IO constraints
RUN-1001 : Exported Inst constraints
RUN-1002 : start command "backup_run_log run.log ../.logs/syn_1/td_20220918_162240.log"
